2015-11-06 22:55:44.532 [debug] <0.54.0>@lager_handler_watcher:94 Lager installed handler {lager_file_backend,
                            "/home/windkit/basho_bench/tests/20151106_225544/error.log"} into lager_event
2015-11-06 22:55:44.532 [debug] <0.56.0>@lager_handler_watcher:94 Lager installed handler {lager_file_backend,
                            "/home/windkit/basho_bench/tests/20151106_225544/console.log"} into lager_event
2015-11-06 22:55:44.532 [debug] <0.58.0>@lager_handler_watcher:94 Lager installed handler error_logger_lager_h into error_logger
2015-11-06 22:55:44.569 [debug] <0.41.0> Supervisor gr_param_sup started gr_param:start_link(gr_lager_default_tracer_params) at pid <0.60.0>
2015-11-06 22:55:44.569 [debug] <0.40.0> Supervisor gr_counter_sup started gr_counter:start_link(gr_lager_default_tracer_counters) at pid <0.61.0>
2015-11-06 22:55:44.569 [debug] <0.42.0> Supervisor gr_manager_sup started gr_manager:start_link(gr_lager_default_tracer_params_mgr, gr_lager_default_tracer_params, []) at pid <0.62.0>
2015-11-06 22:55:44.569 [debug] <0.42.0> Supervisor gr_manager_sup started gr_manager:start_link(gr_lager_default_tracer_counters_mgr, gr_lager_default_tracer_counters, [{input,0},{filter,0},{output,0}]) at pid <0.63.0>
2015-11-06 22:55:45.007 [debug] <0.50.0>@lager_handler_watcher:94 Lager installed handler lager_backend_throttle into lager_event
2015-11-06 22:55:45.240 [info] <0.7.0> Application lager started on node nonode@nohost
2015-11-06 22:55:45.241 [notice] <0.47.0>@lager_file_backend:127 Changed loglevel of /home/windkit/basho_bench/tests/20151106_225544/console.log to debug
2015-11-06 22:55:45.254 [info] <0.2.0>@basho_bench:log_dimensions:253 Est. data size: 9765.63 GB
2015-11-06 22:55:45.315 [debug] <0.72.0> Supervisor sasl_safe_sup started alarm_handler:start_link() at pid <0.73.0>
2015-11-06 22:55:45.315 [debug] <0.72.0> Supervisor sasl_safe_sup started overload:start_link() at pid <0.74.0>
2015-11-06 22:55:45.316 [debug] <0.71.0> Supervisor sasl_sup started supervisor:start_link({local,sasl_safe_sup}, sasl, safe) at pid <0.72.0>
2015-11-06 22:55:45.329 [debug] <0.71.0> Supervisor sasl_sup started release_handler:start_link() at pid <0.75.0>
2015-11-06 22:55:45.329 [info] <0.7.0> Application sasl started on node nonode@nohost
2015-11-06 22:55:45.392 [debug] <0.80.0> Supervisor crypto_sup started crypto_server:start_link() at pid <0.81.0>
2015-11-06 22:55:45.392 [info] <0.7.0> Application crypto started on node nonode@nohost
2015-11-06 22:55:45.420 [debug] <0.90.0> Supervisor folsom_sup started folsom_sample_slide_sup:start_link() at pid <0.91.0>
2015-11-06 22:55:45.424 [debug] <0.90.0> Supervisor folsom_sup started folsom_meter_timer_server:start_link() at pid <0.92.0>
2015-11-06 22:55:45.429 [debug] <0.90.0> Supervisor folsom_sup started folsom_metrics_histogram_ets:start_link() at pid <0.93.0>
2015-11-06 22:55:45.429 [info] <0.7.0> Application folsom started on node nonode@nohost
2015-11-06 22:55:45.464 [debug] <0.85.0> Supervisor basho_bench_sup started basho_bench_stats:start_link() at pid <0.86.0>
2015-11-06 22:55:45.470 [debug] <0.95.0>@basho_bench_keygen:new:105 ID 1 generating range 0 to 2500000
2015-11-06 22:55:45.471 [info] <0.95.0>@basho_bench_valgen:init_source:88 Random source: calling crypto:rand_bytes(10485760) (override with the 'value_generator_source_size' config option
2015-11-06 22:55:45.716 [info] <0.95.0>@basho_bench_valgen:init_source:95 Random source: finished crypto:rand_bytes(10485760)
2015-11-06 22:55:45.752 [debug] <0.85.0> Supervisor basho_bench_sup started basho_bench_worker:start_link(basho_bench_worker_1, 1) at pid <0.95.0>
2015-11-06 22:55:45.753 [debug] <0.99.0>@basho_bench_keygen:new:105 ID 2 generating range 2500000 to 5000000
2015-11-06 22:55:45.755 [debug] <0.85.0> Supervisor basho_bench_sup started basho_bench_worker:start_link(basho_bench_worker_2, 2) at pid <0.99.0>
2015-11-06 22:55:45.755 [debug] <0.101.0>@basho_bench_keygen:new:105 ID 3 generating range 5000000 to 7500000
2015-11-06 22:55:45.758 [debug] <0.85.0> Supervisor basho_bench_sup started basho_bench_worker:start_link(basho_bench_worker_3, 3) at pid <0.101.0>
2015-11-06 22:55:45.758 [debug] <0.103.0>@basho_bench_keygen:new:105 ID 4 generating range 7500000 to 10000000
2015-11-06 22:55:45.761 [debug] <0.85.0> Supervisor basho_bench_sup started basho_bench_worker:start_link(basho_bench_worker_4, 4) at pid <0.103.0>
2015-11-06 22:55:45.761 [debug] <0.26.0> Supervisor kernel_safe_sup started timer:start_link() at pid <0.105.0>
2015-11-06 22:55:45.767 [info] <0.104.0>@basho_bench_worker:worker_idle_loop:237 Starting max worker: <0.104.0> on nonode@nohost
2015-11-06 22:55:45.767 [info] <0.102.0>@basho_bench_worker:worker_idle_loop:237 Starting max worker: <0.102.0> on nonode@nohost
2015-11-06 22:55:45.767 [debug] <0.106.0>@basho_bench_keygen:sequential_int_generator:250 sequential_int_gen: <0.104.0>: 0 (0%)
2015-11-06 22:55:45.768 [info] <0.100.0>@basho_bench_worker:worker_idle_loop:237 Starting max worker: <0.100.0> on nonode@nohost
2015-11-06 22:55:45.768 [debug] <0.107.0>@basho_bench_keygen:sequential_int_generator:250 sequential_int_gen: <0.102.0>: 0 (0%)
2015-11-06 22:55:45.768 [info] <0.97.0>@basho_bench_worker:worker_idle_loop:237 Starting max worker: <0.97.0> on nonode@nohost
2015-11-06 22:55:45.769 [debug] <0.108.0>@basho_bench_keygen:sequential_int_generator:250 sequential_int_gen: <0.100.0>: 0 (0%)
2015-11-06 22:55:45.769 [info] <0.7.0> Application basho_bench started on node nonode@nohost
2015-11-06 22:55:45.769 [debug] <0.109.0>@basho_bench_keygen:sequential_int_generator:250 sequential_int_gen: <0.97.0>: 0 (0%)
2015-11-06 22:55:49.475 [debug] <0.110.0>@basho_bench_keygen:sequential_int_generator:250 sequential_int_gen: <0.104.0>: 5000 (0%)
2015-11-06 22:55:49.581 [debug] <0.111.0>@basho_bench_keygen:sequential_int_generator:250 sequential_int_gen: <0.100.0>: 5000 (0%)
2015-11-06 22:55:49.598 [debug] <0.112.0>@basho_bench_keygen:sequential_int_generator:250 sequential_int_gen: <0.102.0>: 5000 (0%)
2015-11-06 22:55:49.659 [debug] <0.113.0>@basho_bench_keygen:sequential_int_generator:250 sequential_int_gen: <0.97.0>: 5000 (0%)
2015-11-06 22:55:53.252 [debug] <0.114.0>@basho_bench_keygen:sequential_int_generator:250 sequential_int_gen: <0.104.0>: 10000 (0%)
2015-11-06 22:55:53.369 [debug] <0.115.0>@basho_bench_keygen:sequential_int_generator:250 sequential_int_gen: <0.100.0>: 10000 (0%)
2015-11-06 22:55:53.388 [debug] <0.116.0>@basho_bench_keygen:sequential_int_generator:250 sequential_int_gen: <0.102.0>: 10000 (0%)
2015-11-06 22:55:53.441 [debug] <0.117.0>@basho_bench_keygen:sequential_int_generator:250 sequential_int_gen: <0.97.0>: 10000 (0%)
2015-11-06 22:55:57.029 [debug] <0.118.0>@basho_bench_keygen:sequential_int_generator:250 sequential_int_gen: <0.104.0>: 15000 (0%)
2015-11-06 22:55:57.130 [debug] <0.119.0>@basho_bench_keygen:sequential_int_generator:250 sequential_int_gen: <0.100.0>: 15000 (0%)
2015-11-06 22:55:57.136 [debug] <0.120.0>@basho_bench_keygen:sequential_int_generator:250 sequential_int_gen: <0.102.0>: 15000 (0%)
2015-11-06 22:55:57.209 [debug] <0.121.0>@basho_bench_keygen:sequential_int_generator:250 sequential_int_gen: <0.97.0>: 15000 (0%)
2015-11-06 22:56:00.754 [debug] <0.122.0>@basho_bench_keygen:sequential_int_generator:250 sequential_int_gen: <0.104.0>: 20000 (0%)
2015-11-06 22:56:00.893 [debug] <0.123.0>@basho_bench_keygen:sequential_int_generator:250 sequential_int_gen: <0.102.0>: 20000 (0%)
2015-11-06 22:56:00.929 [debug] <0.124.0>@basho_bench_keygen:sequential_int_generator:250 sequential_int_gen: <0.100.0>: 20000 (0%)
2015-11-06 22:56:00.980 [debug] <0.125.0>@basho_bench_keygen:sequential_int_generator:250 sequential_int_gen: <0.97.0>: 20000 (0%)
2015-11-06 22:56:04.567 [debug] <0.126.0>@basho_bench_keygen:sequential_int_generator:250 sequential_int_gen: <0.104.0>: 25000 (1%)
2015-11-06 22:56:04.637 [debug] <0.127.0>@basho_bench_keygen:sequential_int_generator:250 sequential_int_gen: <0.102.0>: 25000 (1%)
2015-11-06 22:56:04.792 [debug] <0.128.0>@basho_bench_keygen:sequential_int_generator:250 sequential_int_gen: <0.100.0>: 25000 (1%)
2015-11-06 22:56:04.830 [debug] <0.129.0>@basho_bench_keygen:sequential_int_generator:250 sequential_int_gen: <0.97.0>: 25000 (1%)
2015-11-06 22:56:08.299 [debug] <0.130.0>@basho_bench_keygen:sequential_int_generator:250 sequential_int_gen: <0.104.0>: 30000 (1%)
2015-11-06 22:56:08.386 [debug] <0.131.0>@basho_bench_keygen:sequential_int_generator:250 sequential_int_gen: <0.102.0>: 30000 (1%)
2015-11-06 22:56:08.595 [debug] <0.132.0>@basho_bench_keygen:sequential_int_generator:250 sequential_int_gen: <0.100.0>: 30000 (1%)
2015-11-06 22:56:08.690 [debug] <0.133.0>@basho_bench_keygen:sequential_int_generator:250 sequential_int_gen: <0.97.0>: 30000 (1%)
2015-11-06 22:56:12.090 [debug] <0.134.0>@basho_bench_keygen:sequential_int_generator:250 sequential_int_gen: <0.104.0>: 35000 (1%)
2015-11-06 22:56:12.153 [debug] <0.135.0>@basho_bench_keygen:sequential_int_generator:250 sequential_int_gen: <0.102.0>: 35000 (1%)
2015-11-06 22:56:12.341 [debug] <0.136.0>@basho_bench_keygen:sequential_int_generator:250 sequential_int_gen: <0.100.0>: 35000 (1%)
2015-11-06 22:56:12.382 [debug] <0.137.0>@basho_bench_keygen:sequential_int_generator:250 sequential_int_gen: <0.97.0>: 35000 (1%)
2015-11-06 22:56:15.943 [debug] <0.138.0>@basho_bench_keygen:sequential_int_generator:250 sequential_int_gen: <0.102.0>: 40000 (1%)
2015-11-06 22:56:15.956 [debug] <0.139.0>@basho_bench_keygen:sequential_int_generator:250 sequential_int_gen: <0.104.0>: 40000 (1%)
2015-11-06 22:56:16.132 [debug] <0.140.0>@basho_bench_keygen:sequential_int_generator:250 sequential_int_gen: <0.100.0>: 40000 (1%)
2015-11-06 22:56:16.198 [debug] <0.141.0>@basho_bench_keygen:sequential_int_generator:250 sequential_int_gen: <0.97.0>: 40000 (1%)
2015-11-06 22:56:19.638 [debug] <0.142.0>@basho_bench_keygen:sequential_int_generator:250 sequential_int_gen: <0.104.0>: 45000 (1%)
2015-11-06 22:56:19.696 [debug] <0.143.0>@basho_bench_keygen:sequential_int_generator:250 sequential_int_gen: <0.102.0>: 45000 (1%)
2015-11-06 22:56:19.859 [debug] <0.144.0>@basho_bench_keygen:sequential_int_generator:250 sequential_int_gen: <0.100.0>: 45000 (1%)
2015-11-06 22:56:19.952 [debug] <0.145.0>@basho_bench_keygen:sequential_int_generator:250 sequential_int_gen: <0.97.0>: 45000 (1%)
2015-11-06 22:56:23.283 [debug] <0.146.0>@basho_bench_keygen:sequential_int_generator:250 sequential_int_gen: <0.104.0>: 50000 (2%)
2015-11-06 22:56:23.406 [debug] <0.147.0>@basho_bench_keygen:sequential_int_generator:250 sequential_int_gen: <0.102.0>: 50000 (2%)
2015-11-06 22:56:23.595 [debug] <0.148.0>@basho_bench_keygen:sequential_int_generator:250 sequential_int_gen: <0.100.0>: 50000 (2%)
2015-11-06 22:56:23.677 [debug] <0.149.0>@basho_bench_keygen:sequential_int_generator:250 sequential_int_gen: <0.97.0>: 50000 (2%)
2015-11-06 22:56:27.033 [debug] <0.150.0>@basho_bench_keygen:sequential_int_generator:250 sequential_int_gen: <0.104.0>: 55000 (2%)
2015-11-06 22:56:27.097 [debug] <0.151.0>@basho_bench_keygen:sequential_int_generator:250 sequential_int_gen: <0.102.0>: 55000 (2%)
2015-11-06 22:56:27.315 [debug] <0.152.0>@basho_bench_keygen:sequential_int_generator:250 sequential_int_gen: <0.100.0>: 55000 (2%)
2015-11-06 22:56:27.415 [debug] <0.153.0>@basho_bench_keygen:sequential_int_generator:250 sequential_int_gen: <0.97.0>: 55000 (2%)
2015-11-06 22:56:30.759 [debug] <0.154.0>@basho_bench_keygen:sequential_int_generator:250 sequential_int_gen: <0.104.0>: 60000 (2%)
2015-11-06 22:56:30.816 [debug] <0.155.0>@basho_bench_keygen:sequential_int_generator:250 sequential_int_gen: <0.102.0>: 60000 (2%)
2015-11-06 22:56:31.023 [debug] <0.156.0>@basho_bench_keygen:sequential_int_generator:250 sequential_int_gen: <0.100.0>: 60000 (2%)
2015-11-06 22:56:31.075 [debug] <0.157.0>@basho_bench_keygen:sequential_int_generator:250 sequential_int_gen: <0.97.0>: 60000 (2%)
2015-11-06 22:56:34.490 [debug] <0.158.0>@basho_bench_keygen:sequential_int_generator:250 sequential_int_gen: <0.104.0>: 65000 (2%)
2015-11-06 22:56:34.558 [debug] <0.159.0>@basho_bench_keygen:sequential_int_generator:250 sequential_int_gen: <0.102.0>: 65000 (2%)
2015-11-06 22:56:34.787 [debug] <0.160.0>@basho_bench_keygen:sequential_int_generator:250 sequential_int_gen: <0.97.0>: 65000 (2%)
2015-11-06 22:56:34.807 [debug] <0.161.0>@basho_bench_keygen:sequential_int_generator:250 sequential_int_gen: <0.100.0>: 65000 (2%)
2015-11-06 22:56:38.241 [debug] <0.162.0>@basho_bench_keygen:sequential_int_generator:250 sequential_int_gen: <0.104.0>: 70000 (2%)
2015-11-06 22:56:38.284 [debug] <0.163.0>@basho_bench_keygen:sequential_int_generator:250 sequential_int_gen: <0.102.0>: 70000 (2%)
2015-11-06 22:56:38.524 [debug] <0.164.0>@basho_bench_keygen:sequential_int_generator:250 sequential_int_gen: <0.100.0>: 70000 (2%)
2015-11-06 22:56:38.599 [debug] <0.165.0>@basho_bench_keygen:sequential_int_generator:250 sequential_int_gen: <0.97.0>: 70000 (2%)
2015-11-06 22:56:41.995 [debug] <0.166.0>@basho_bench_keygen:sequential_int_generator:250 sequential_int_gen: <0.104.0>: 75000 (3%)
2015-11-06 22:56:42.019 [debug] <0.167.0>@basho_bench_keygen:sequential_int_generator:250 sequential_int_gen: <0.102.0>: 75000 (3%)
2015-11-06 22:56:42.300 [debug] <0.168.0>@basho_bench_keygen:sequential_int_generator:250 sequential_int_gen: <0.100.0>: 75000 (3%)
2015-11-06 22:56:42.358 [debug] <0.169.0>@basho_bench_keygen:sequential_int_generator:250 sequential_int_gen: <0.97.0>: 75000 (3%)
2015-11-06 22:56:45.723 [debug] <0.170.0>@basho_bench_keygen:sequential_int_generator:250 sequential_int_gen: <0.104.0>: 80000 (3%)
2015-11-06 22:56:45.732 [debug] <0.171.0>@basho_bench_keygen:sequential_int_generator:250 sequential_int_gen: <0.102.0>: 80000 (3%)
2015-11-06 22:56:46.041 [debug] <0.172.0>@basho_bench_keygen:sequential_int_generator:250 sequential_int_gen: <0.100.0>: 80000 (3%)
2015-11-06 22:56:46.166 [debug] <0.173.0>@basho_bench_keygen:sequential_int_generator:250 sequential_int_gen: <0.97.0>: 80000 (3%)
2015-11-06 22:56:49.510 [debug] <0.174.0>@basho_bench_keygen:sequential_int_generator:250 sequential_int_gen: <0.104.0>: 85000 (3%)
2015-11-06 22:56:49.591 [debug] <0.175.0>@basho_bench_keygen:sequential_int_generator:250 sequential_int_gen: <0.102.0>: 85000 (3%)
2015-11-06 22:56:49.852 [debug] <0.176.0>@basho_bench_keygen:sequential_int_generator:250 sequential_int_gen: <0.100.0>: 85000 (3%)
2015-11-06 22:56:49.962 [debug] <0.177.0>@basho_bench_keygen:sequential_int_generator:250 sequential_int_gen: <0.97.0>: 85000 (3%)
2015-11-06 22:56:53.266 [debug] <0.178.0>@basho_bench_keygen:sequential_int_generator:250 sequential_int_gen: <0.104.0>: 90000 (3%)
2015-11-06 22:56:53.381 [debug] <0.179.0>@basho_bench_keygen:sequential_int_generator:250 sequential_int_gen: <0.102.0>: 90000 (3%)
2015-11-06 22:56:53.638 [debug] <0.180.0>@basho_bench_keygen:sequential_int_generator:250 sequential_int_gen: <0.100.0>: 90000 (3%)
2015-11-06 22:56:53.745 [debug] <0.181.0>@basho_bench_keygen:sequential_int_generator:250 sequential_int_gen: <0.97.0>: 90000 (3%)
2015-11-06 22:56:57.061 [debug] <0.182.0>@basho_bench_keygen:sequential_int_generator:250 sequential_int_gen: <0.104.0>: 95000 (3%)
2015-11-06 22:56:57.236 [debug] <0.183.0>@basho_bench_keygen:sequential_int_generator:250 sequential_int_gen: <0.102.0>: 95000 (3%)
2015-11-06 22:56:57.483 [debug] <0.184.0>@basho_bench_keygen:sequential_int_generator:250 sequential_int_gen: <0.100.0>: 95000 (3%)
2015-11-06 22:56:57.546 [debug] <0.185.0>@basho_bench_keygen:sequential_int_generator:250 sequential_int_gen: <0.97.0>: 95000 (3%)
2015-11-06 22:57:00.877 [debug] <0.186.0>@basho_bench_keygen:sequential_int_generator:250 sequential_int_gen: <0.104.0>: 100000 (4%)
2015-11-06 22:57:01.041 [debug] <0.187.0>@basho_bench_keygen:sequential_int_generator:250 sequential_int_gen: <0.102.0>: 100000 (4%)
2015-11-06 22:57:01.302 [debug] <0.188.0>@basho_bench_keygen:sequential_int_generator:250 sequential_int_gen: <0.100.0>: 100000 (4%)
2015-11-06 22:57:01.378 [debug] <0.189.0>@basho_bench_keygen:sequential_int_generator:250 sequential_int_gen: <0.97.0>: 100000 (4%)
2015-11-06 22:57:04.679 [debug] <0.190.0>@basho_bench_keygen:sequential_int_generator:250 sequential_int_gen: <0.104.0>: 105000 (4%)
2015-11-06 22:57:04.833 [debug] <0.191.0>@basho_bench_keygen:sequential_int_generator:250 sequential_int_gen: <0.102.0>: 105000 (4%)
2015-11-06 22:57:05.117 [debug] <0.192.0>@basho_bench_keygen:sequential_int_generator:250 sequential_int_gen: <0.100.0>: 105000 (4%)
2015-11-06 22:57:05.132 [debug] <0.193.0>@basho_bench_keygen:sequential_int_generator:250 sequential_int_gen: <0.97.0>: 105000 (4%)
2015-11-06 22:57:08.389 [debug] <0.194.0>@basho_bench_keygen:sequential_int_generator:250 sequential_int_gen: <0.104.0>: 110000 (4%)
2015-11-06 22:57:08.623 [debug] <0.195.0>@basho_bench_keygen:sequential_int_generator:250 sequential_int_gen: <0.102.0>: 110000 (4%)
2015-11-06 22:57:08.896 [debug] <0.196.0>@basho_bench_keygen:sequential_int_generator:250 sequential_int_gen: <0.100.0>: 110000 (4%)
2015-11-06 22:57:08.964 [debug] <0.197.0>@basho_bench_keygen:sequential_int_generator:250 sequential_int_gen: <0.97.0>: 110000 (4%)
2015-11-06 22:57:12.203 [debug] <0.198.0>@basho_bench_keygen:sequential_int_generator:250 sequential_int_gen: <0.104.0>: 115000 (4%)
2015-11-06 22:57:12.346 [debug] <0.199.0>@basho_bench_keygen:sequential_int_generator:250 sequential_int_gen: <0.102.0>: 115000 (4%)
2015-11-06 22:57:12.630 [debug] <0.200.0>@basho_bench_keygen:sequential_int_generator:250 sequential_int_gen: <0.100.0>: 115000 (4%)
2015-11-06 22:57:12.739 [debug] <0.201.0>@basho_bench_keygen:sequential_int_generator:250 sequential_int_gen: <0.97.0>: 115000 (4%)
2015-11-06 22:57:15.979 [debug] <0.202.0>@basho_bench_keygen:sequential_int_generator:250 sequential_int_gen: <0.104.0>: 120000 (4%)
2015-11-06 22:57:16.197 [debug] <0.203.0>@basho_bench_keygen:sequential_int_generator:250 sequential_int_gen: <0.102.0>: 120000 (4%)
2015-11-06 22:57:16.433 [debug] <0.204.0>@basho_bench_keygen:sequential_int_generator:250 sequential_int_gen: <0.100.0>: 120000 (4%)
2015-11-06 22:57:16.506 [debug] <0.205.0>@basho_bench_keygen:sequential_int_generator:250 sequential_int_gen: <0.97.0>: 120000 (4%)
2015-11-06 22:57:19.750 [debug] <0.206.0>@basho_bench_keygen:sequential_int_generator:250 sequential_int_gen: <0.104.0>: 125000 (5%)
2015-11-06 22:57:19.981 [debug] <0.207.0>@basho_bench_keygen:sequential_int_generator:250 sequential_int_gen: <0.102.0>: 125000 (5%)
2015-11-06 22:57:20.248 [debug] <0.208.0>@basho_bench_keygen:sequential_int_generator:250 sequential_int_gen: <0.100.0>: 125000 (5%)
2015-11-06 22:57:20.309 [debug] <0.209.0>@basho_bench_keygen:sequential_int_generator:250 sequential_int_gen: <0.97.0>: 125000 (5%)
2015-11-06 22:57:23.497 [debug] <0.210.0>@basho_bench_keygen:sequential_int_generator:250 sequential_int_gen: <0.104.0>: 130000 (5%)
2015-11-06 22:57:23.722 [debug] <0.211.0>@basho_bench_keygen:sequential_int_generator:250 sequential_int_gen: <0.102.0>: 130000 (5%)
2015-11-06 22:57:23.980 [debug] <0.212.0>@basho_bench_keygen:sequential_int_generator:250 sequential_int_gen: <0.100.0>: 130000 (5%)
2015-11-06 22:57:24.077 [debug] <0.213.0>@basho_bench_keygen:sequential_int_generator:250 sequential_int_gen: <0.97.0>: 130000 (5%)
2015-11-06 22:57:27.293 [debug] <0.214.0>@basho_bench_keygen:sequential_int_generator:250 sequential_int_gen: <0.104.0>: 135000 (5%)
2015-11-06 22:57:27.512 [debug] <0.215.0>@basho_bench_keygen:sequential_int_generator:250 sequential_int_gen: <0.102.0>: 135000 (5%)
2015-11-06 22:57:27.787 [debug] <0.216.0>@basho_bench_keygen:sequential_int_generator:250 sequential_int_gen: <0.97.0>: 135000 (5%)
2015-11-06 22:57:27.809 [debug] <0.217.0>@basho_bench_keygen:sequential_int_generator:250 sequential_int_gen: <0.100.0>: 135000 (5%)
2015-11-06 22:57:31.077 [debug] <0.218.0>@basho_bench_keygen:sequential_int_generator:250 sequential_int_gen: <0.104.0>: 140000 (5%)
2015-11-06 22:57:31.273 [debug] <0.219.0>@basho_bench_keygen:sequential_int_generator:250 sequential_int_gen: <0.102.0>: 140000 (5%)
2015-11-06 22:57:31.533 [debug] <0.220.0>@basho_bench_keygen:sequential_int_generator:250 sequential_int_gen: <0.97.0>: 140000 (5%)
2015-11-06 22:57:31.568 [debug] <0.221.0>@basho_bench_keygen:sequential_int_generator:250 sequential_int_gen: <0.100.0>: 140000 (5%)
2015-11-06 22:57:34.816 [debug] <0.222.0>@basho_bench_keygen:sequential_int_generator:250 sequential_int_gen: <0.104.0>: 145000 (5%)
2015-11-06 22:57:35.000 [debug] <0.223.0>@basho_bench_keygen:sequential_int_generator:250 sequential_int_gen: <0.102.0>: 145000 (5%)
2015-11-06 22:57:35.250 [debug] <0.224.0>@basho_bench_keygen:sequential_int_generator:250 sequential_int_gen: <0.97.0>: 145000 (5%)
2015-11-06 22:57:35.325 [debug] <0.225.0>@basho_bench_keygen:sequential_int_generator:250 sequential_int_gen: <0.100.0>: 145000 (5%)
2015-11-06 22:57:38.629 [debug] <0.226.0>@basho_bench_keygen:sequential_int_generator:250 sequential_int_gen: <0.104.0>: 150000 (6%)
2015-11-06 22:57:38.814 [debug] <0.227.0>@basho_bench_keygen:sequential_int_generator:250 sequential_int_gen: <0.102.0>: 150000 (6%)
2015-11-06 22:57:38.960 [debug] <0.228.0>@basho_bench_keygen:sequential_int_generator:250 sequential_int_gen: <0.97.0>: 150000 (6%)
2015-11-06 22:57:39.049 [debug] <0.229.0>@basho_bench_keygen:sequential_int_generator:250 sequential_int_gen: <0.100.0>: 150000 (6%)
2015-11-06 22:57:42.428 [debug] <0.230.0>@basho_bench_keygen:sequential_int_generator:250 sequential_int_gen: <0.104.0>: 155000 (6%)
2015-11-06 22:57:42.572 [debug] <0.231.0>@basho_bench_keygen:sequential_int_generator:250 sequential_int_gen: <0.102.0>: 155000 (6%)
2015-11-06 22:57:42.769 [debug] <0.232.0>@basho_bench_keygen:sequential_int_generator:250 sequential_int_gen: <0.97.0>: 155000 (6%)
2015-11-06 22:57:42.849 [debug] <0.233.0>@basho_bench_keygen:sequential_int_generator:250 sequential_int_gen: <0.100.0>: 155000 (6%)
2015-11-06 22:57:46.212 [debug] <0.234.0>@basho_bench_keygen:sequential_int_generator:250 sequential_int_gen: <0.104.0>: 160000 (6%)
2015-11-06 22:57:46.387 [debug] <0.235.0>@basho_bench_keygen:sequential_int_generator:250 sequential_int_gen: <0.102.0>: 160000 (6%)
2015-11-06 22:57:46.595 [debug] <0.236.0>@basho_bench_keygen:sequential_int_generator:250 sequential_int_gen: <0.97.0>: 160000 (6%)
2015-11-06 22:57:46.677 [debug] <0.237.0>@basho_bench_keygen:sequential_int_generator:250 sequential_int_gen: <0.100.0>: 160000 (6%)
2015-11-06 22:57:50.026 [debug] <0.238.0>@basho_bench_keygen:sequential_int_generator:250 sequential_int_gen: <0.104.0>: 165000 (6%)
2015-11-06 22:57:50.153 [debug] <0.239.0>@basho_bench_keygen:sequential_int_generator:250 sequential_int_gen: <0.102.0>: 165000 (6%)
2015-11-06 22:57:50.369 [debug] <0.240.0>@basho_bench_keygen:sequential_int_generator:250 sequential_int_gen: <0.97.0>: 165000 (6%)
2015-11-06 22:57:50.529 [debug] <0.241.0>@basho_bench_keygen:sequential_int_generator:250 sequential_int_gen: <0.100.0>: 165000 (6%)
2015-11-06 22:57:53.774 [debug] <0.242.0>@basho_bench_keygen:sequential_int_generator:250 sequential_int_gen: <0.104.0>: 170000 (6%)
2015-11-06 22:57:53.895 [debug] <0.243.0>@basho_bench_keygen:sequential_int_generator:250 sequential_int_gen: <0.102.0>: 170000 (6%)
2015-11-06 22:57:54.158 [debug] <0.244.0>@basho_bench_keygen:sequential_int_generator:250 sequential_int_gen: <0.97.0>: 170000 (6%)
2015-11-06 22:57:54.296 [debug] <0.245.0>@basho_bench_keygen:sequential_int_generator:250 sequential_int_gen: <0.100.0>: 170000 (6%)
2015-11-06 22:57:57.583 [debug] <0.246.0>@basho_bench_keygen:sequential_int_generator:250 sequential_int_gen: <0.104.0>: 175000 (7%)
2015-11-06 22:57:57.642 [debug] <0.247.0>@basho_bench_keygen:sequential_int_generator:250 sequential_int_gen: <0.102.0>: 175000 (7%)
2015-11-06 22:57:57.918 [debug] <0.248.0>@basho_bench_keygen:sequential_int_generator:250 sequential_int_gen: <0.97.0>: 175000 (7%)
2015-11-06 22:57:58.168 [debug] <0.249.0>@basho_bench_keygen:sequential_int_generator:250 sequential_int_gen: <0.100.0>: 175000 (7%)
2015-11-06 22:58:01.357 [debug] <0.250.0>@basho_bench_keygen:sequential_int_generator:250 sequential_int_gen: <0.104.0>: 180000 (7%)
2015-11-06 22:58:01.388 [debug] <0.251.0>@basho_bench_keygen:sequential_int_generator:250 sequential_int_gen: <0.102.0>: 180000 (7%)
2015-11-06 22:58:01.711 [debug] <0.252.0>@basho_bench_keygen:sequential_int_generator:250 sequential_int_gen: <0.97.0>: 180000 (7%)
2015-11-06 22:58:01.916 [debug] <0.253.0>@basho_bench_keygen:sequential_int_generator:250 sequential_int_gen: <0.100.0>: 180000 (7%)
2015-11-06 22:58:05.104 [debug] <0.254.0>@basho_bench_keygen:sequential_int_generator:250 sequential_int_gen: <0.102.0>: 185000 (7%)
2015-11-06 22:58:05.169 [debug] <0.255.0>@basho_bench_keygen:sequential_int_generator:250 sequential_int_gen: <0.104.0>: 185000 (7%)
2015-11-06 22:58:05.526 [debug] <0.256.0>@basho_bench_keygen:sequential_int_generator:250 sequential_int_gen: <0.97.0>: 185000 (7%)
2015-11-06 22:58:05.679 [debug] <0.257.0>@basho_bench_keygen:sequential_int_generator:250 sequential_int_gen: <0.100.0>: 185000 (7%)
2015-11-06 22:58:08.906 [debug] <0.258.0>@basho_bench_keygen:sequential_int_generator:250 sequential_int_gen: <0.102.0>: 190000 (7%)
2015-11-06 22:58:08.913 [debug] <0.259.0>@basho_bench_keygen:sequential_int_generator:250 sequential_int_gen: <0.104.0>: 190000 (7%)
2015-11-06 22:58:09.235 [debug] <0.260.0>@basho_bench_keygen:sequential_int_generator:250 sequential_int_gen: <0.97.0>: 190000 (7%)
2015-11-06 22:58:09.391 [debug] <0.261.0>@basho_bench_keygen:sequential_int_generator:250 sequential_int_gen: <0.100.0>: 190000 (7%)
2015-11-06 22:58:12.584 [debug] <0.262.0>@basho_bench_keygen:sequential_int_generator:250 sequential_int_gen: <0.104.0>: 195000 (7%)
2015-11-06 22:58:12.616 [debug] <0.263.0>@basho_bench_keygen:sequential_int_generator:250 sequential_int_gen: <0.102.0>: 195000 (7%)
2015-11-06 22:58:12.967 [debug] <0.264.0>@basho_bench_keygen:sequential_int_generator:250 sequential_int_gen: <0.97.0>: 195000 (7%)
2015-11-06 22:58:13.147 [debug] <0.265.0>@basho_bench_keygen:sequential_int_generator:250 sequential_int_gen: <0.100.0>: 195000 (7%)
2015-11-06 22:58:16.321 [debug] <0.266.0>@basho_bench_keygen:sequential_int_generator:250 sequential_int_gen: <0.102.0>: 200000 (8%)
2015-11-06 22:58:16.403 [debug] <0.267.0>@basho_bench_keygen:sequential_int_generator:250 sequential_int_gen: <0.104.0>: 200000 (8%)
2015-11-06 22:58:16.692 [debug] <0.268.0>@basho_bench_keygen:sequential_int_generator:250 sequential_int_gen: <0.97.0>: 200000 (8%)
2015-11-06 22:58:16.862 [debug] <0.269.0>@basho_bench_keygen:sequential_int_generator:250 sequential_int_gen: <0.100.0>: 200000 (8%)
2015-11-06 22:58:20.077 [debug] <0.270.0>@basho_bench_keygen:sequential_int_generator:250 sequential_int_gen: <0.102.0>: 205000 (8%)
2015-11-06 22:58:20.156 [debug] <0.271.0>@basho_bench_keygen:sequential_int_generator:250 sequential_int_gen: <0.104.0>: 205000 (8%)
2015-11-06 22:58:20.446 [debug] <0.272.0>@basho_bench_keygen:sequential_int_generator:250 sequential_int_gen: <0.97.0>: 205000 (8%)
2015-11-06 22:58:20.638 [debug] <0.273.0>@basho_bench_keygen:sequential_int_generator:250 sequential_int_gen: <0.100.0>: 205000 (8%)
2015-11-06 22:58:23.856 [debug] <0.274.0>@basho_bench_keygen:sequential_int_generator:250 sequential_int_gen: <0.102.0>: 210000 (8%)
2015-11-06 22:58:23.871 [debug] <0.275.0>@basho_bench_keygen:sequential_int_generator:250 sequential_int_gen: <0.104.0>: 210000 (8%)
2015-11-06 22:58:24.221 [debug] <0.276.0>@basho_bench_keygen:sequential_int_generator:250 sequential_int_gen: <0.97.0>: 210000 (8%)
2015-11-06 22:58:24.401 [debug] <0.277.0>@basho_bench_keygen:sequential_int_generator:250 sequential_int_gen: <0.100.0>: 210000 (8%)
2015-11-06 22:58:27.692 [debug] <0.278.0>@basho_bench_keygen:sequential_int_generator:250 sequential_int_gen: <0.102.0>: 215000 (8%)
2015-11-06 22:58:27.759 [debug] <0.279.0>@basho_bench_keygen:sequential_int_generator:250 sequential_int_gen: <0.104.0>: 215000 (8%)
2015-11-06 22:58:28.028 [debug] <0.280.0>@basho_bench_keygen:sequential_int_generator:250 sequential_int_gen: <0.97.0>: 215000 (8%)
2015-11-06 22:58:28.263 [debug] <0.281.0>@basho_bench_keygen:sequential_int_generator:250 sequential_int_gen: <0.100.0>: 215000 (8%)
2015-11-06 22:58:31.489 [debug] <0.282.0>@basho_bench_keygen:sequential_int_generator:250 sequential_int_gen: <0.102.0>: 220000 (8%)
2015-11-06 22:58:31.551 [debug] <0.283.0>@basho_bench_keygen:sequential_int_generator:250 sequential_int_gen: <0.104.0>: 220000 (8%)
2015-11-06 22:58:31.811 [debug] <0.284.0>@basho_bench_keygen:sequential_int_generator:250 sequential_int_gen: <0.97.0>: 220000 (8%)
2015-11-06 22:58:32.009 [debug] <0.285.0>@basho_bench_keygen:sequential_int_generator:250 sequential_int_gen: <0.100.0>: 220000 (8%)
2015-11-06 22:58:35.237 [debug] <0.286.0>@basho_bench_keygen:sequential_int_generator:250 sequential_int_gen: <0.102.0>: 225000 (9%)
2015-11-06 22:58:35.297 [debug] <0.287.0>@basho_bench_keygen:sequential_int_generator:250 sequential_int_gen: <0.104.0>: 225000 (9%)
2015-11-06 22:58:35.609 [debug] <0.288.0>@basho_bench_keygen:sequential_int_generator:250 sequential_int_gen: <0.97.0>: 225000 (9%)
2015-11-06 22:58:35.761 [debug] <0.289.0>@basho_bench_keygen:sequential_int_generator:250 sequential_int_gen: <0.100.0>: 225000 (9%)
2015-11-06 22:58:38.954 [debug] <0.290.0>@basho_bench_keygen:sequential_int_generator:250 sequential_int_gen: <0.102.0>: 230000 (9%)
2015-11-06 22:58:39.147 [debug] <0.291.0>@basho_bench_keygen:sequential_int_generator:250 sequential_int_gen: <0.104.0>: 230000 (9%)
2015-11-06 22:58:39.328 [debug] <0.292.0>@basho_bench_keygen:sequential_int_generator:250 sequential_int_gen: <0.97.0>: 230000 (9%)
2015-11-06 22:58:39.505 [debug] <0.293.0>@basho_bench_keygen:sequential_int_generator:250 sequential_int_gen: <0.100.0>: 230000 (9%)
2015-11-06 22:58:42.724 [debug] <0.294.0>@basho_bench_keygen:sequential_int_generator:250 sequential_int_gen: <0.102.0>: 235000 (9%)
2015-11-06 22:58:42.890 [debug] <0.295.0>@basho_bench_keygen:sequential_int_generator:250 sequential_int_gen: <0.104.0>: 235000 (9%)
2015-11-06 22:58:43.092 [debug] <0.296.0>@basho_bench_keygen:sequential_int_generator:250 sequential_int_gen: <0.97.0>: 235000 (9%)
2015-11-06 22:58:43.278 [debug] <0.297.0>@basho_bench_keygen:sequential_int_generator:250 sequential_int_gen: <0.100.0>: 235000 (9%)
2015-11-06 22:58:46.528 [debug] <0.298.0>@basho_bench_keygen:sequential_int_generator:250 sequential_int_gen: <0.102.0>: 240000 (9%)
2015-11-06 22:58:46.736 [debug] <0.299.0>@basho_bench_keygen:sequential_int_generator:250 sequential_int_gen: <0.104.0>: 240000 (9%)
2015-11-06 22:58:46.883 [debug] <0.300.0>@basho_bench_keygen:sequential_int_generator:250 sequential_int_gen: <0.97.0>: 240000 (9%)
2015-11-06 22:58:47.115 [debug] <0.301.0>@basho_bench_keygen:sequential_int_generator:250 sequential_int_gen: <0.100.0>: 240000 (9%)
2015-11-06 22:58:50.272 [debug] <0.302.0>@basho_bench_keygen:sequential_int_generator:250 sequential_int_gen: <0.102.0>: 245000 (9%)
2015-11-06 22:58:50.501 [debug] <0.303.0>@basho_bench_keygen:sequential_int_generator:250 sequential_int_gen: <0.104.0>: 245000 (9%)
2015-11-06 22:58:50.626 [debug] <0.304.0>@basho_bench_keygen:sequential_int_generator:250 sequential_int_gen: <0.97.0>: 245000 (9%)
2015-11-06 22:58:50.848 [debug] <0.305.0>@basho_bench_keygen:sequential_int_generator:250 sequential_int_gen: <0.100.0>: 245000 (9%)
2015-11-06 22:58:54.009 [debug] <0.306.0>@basho_bench_keygen:sequential_int_generator:250 sequential_int_gen: <0.102.0>: 250000 (10%)
2015-11-06 22:58:54.224 [debug] <0.307.0>@basho_bench_keygen:sequential_int_generator:250 sequential_int_gen: <0.104.0>: 250000 (10%)
2015-11-06 22:58:54.365 [debug] <0.308.0>@basho_bench_keygen:sequential_int_generator:250 sequential_int_gen: <0.97.0>: 250000 (10%)
2015-11-06 22:58:54.587 [debug] <0.309.0>@basho_bench_keygen:sequential_int_generator:250 sequential_int_gen: <0.100.0>: 250000 (10%)
2015-11-06 22:58:57.741 [debug] <0.310.0>@basho_bench_keygen:sequential_int_generator:250 sequential_int_gen: <0.102.0>: 255000 (10%)
2015-11-06 22:58:57.962 [debug] <0.311.0>@basho_bench_keygen:sequential_int_generator:250 sequential_int_gen: <0.104.0>: 255000 (10%)
2015-11-06 22:58:58.137 [debug] <0.312.0>@basho_bench_keygen:sequential_int_generator:250 sequential_int_gen: <0.97.0>: 255000 (10%)
2015-11-06 22:58:58.468 [debug] <0.313.0>@basho_bench_keygen:sequential_int_generator:250 sequential_int_gen: <0.100.0>: 255000 (10%)
2015-11-06 22:59:01.534 [debug] <0.314.0>@basho_bench_keygen:sequential_int_generator:250 sequential_int_gen: <0.102.0>: 260000 (10%)
2015-11-06 22:59:01.761 [debug] <0.315.0>@basho_bench_keygen:sequential_int_generator:250 sequential_int_gen: <0.104.0>: 260000 (10%)
2015-11-06 22:59:01.890 [debug] <0.316.0>@basho_bench_keygen:sequential_int_generator:250 sequential_int_gen: <0.97.0>: 260000 (10%)
2015-11-06 22:59:02.211 [debug] <0.317.0>@basho_bench_keygen:sequential_int_generator:250 sequential_int_gen: <0.100.0>: 260000 (10%)
2015-11-06 22:59:05.286 [debug] <0.318.0>@basho_bench_keygen:sequential_int_generator:250 sequential_int_gen: <0.102.0>: 265000 (10%)
2015-11-06 22:59:05.543 [debug] <0.319.0>@basho_bench_keygen:sequential_int_generator:250 sequential_int_gen: <0.104.0>: 265000 (10%)
2015-11-06 22:59:05.691 [debug] <0.320.0>@basho_bench_keygen:sequential_int_generator:250 sequential_int_gen: <0.97.0>: 265000 (10%)
2015-11-06 22:59:06.110 [debug] <0.321.0>@basho_bench_keygen:sequential_int_generator:250 sequential_int_gen: <0.100.0>: 265000 (10%)
2015-11-06 22:59:09.035 [debug] <0.322.0>@basho_bench_keygen:sequential_int_generator:250 sequential_int_gen: <0.102.0>: 270000 (10%)
2015-11-06 22:59:09.286 [debug] <0.323.0>@basho_bench_keygen:sequential_int_generator:250 sequential_int_gen: <0.104.0>: 270000 (10%)
2015-11-06 22:59:09.387 [debug] <0.324.0>@basho_bench_keygen:sequential_int_generator:250 sequential_int_gen: <0.97.0>: 270000 (10%)
2015-11-06 22:59:09.836 [debug] <0.325.0>@basho_bench_keygen:sequential_int_generator:250 sequential_int_gen: <0.100.0>: 270000 (10%)
2015-11-06 22:59:12.830 [debug] <0.326.0>@basho_bench_keygen:sequential_int_generator:250 sequential_int_gen: <0.102.0>: 275000 (11%)
2015-11-06 22:59:13.110 [debug] <0.327.0>@basho_bench_keygen:sequential_int_generator:250 sequential_int_gen: <0.104.0>: 275000 (11%)
2015-11-06 22:59:13.194 [debug] <0.328.0>@basho_bench_keygen:sequential_int_generator:250 sequential_int_gen: <0.97.0>: 275000 (11%)
2015-11-06 22:59:13.536 [debug] <0.329.0>@basho_bench_keygen:sequential_int_generator:250 sequential_int_gen: <0.100.0>: 275000 (11%)
2015-11-06 22:59:16.577 [debug] <0.330.0>@basho_bench_keygen:sequential_int_generator:250 sequential_int_gen: <0.102.0>: 280000 (11%)
2015-11-06 22:59:16.879 [debug] <0.331.0>@basho_bench_keygen:sequential_int_generator:250 sequential_int_gen: <0.104.0>: 280000 (11%)
2015-11-06 22:59:16.925 [debug] <0.332.0>@basho_bench_keygen:sequential_int_generator:250 sequential_int_gen: <0.97.0>: 280000 (11%)
2015-11-06 22:59:17.408 [debug] <0.333.0>@basho_bench_keygen:sequential_int_generator:250 sequential_int_gen: <0.100.0>: 280000 (11%)
2015-11-06 22:59:20.367 [debug] <0.334.0>@basho_bench_keygen:sequential_int_generator:250 sequential_int_gen: <0.102.0>: 285000 (11%)
2015-11-06 22:59:20.687 [debug] <0.335.0>@basho_bench_keygen:sequential_int_generator:250 sequential_int_gen: <0.104.0>: 285000 (11%)
2015-11-06 22:59:20.709 [debug] <0.336.0>@basho_bench_keygen:sequential_int_generator:250 sequential_int_gen: <0.97.0>: 285000 (11%)
2015-11-06 22:59:21.222 [debug] <0.337.0>@basho_bench_keygen:sequential_int_generator:250 sequential_int_gen: <0.100.0>: 285000 (11%)
2015-11-06 22:59:24.201 [debug] <0.338.0>@basho_bench_keygen:sequential_int_generator:250 sequential_int_gen: <0.102.0>: 290000 (11%)
2015-11-06 22:59:24.489 [debug] <0.339.0>@basho_bench_keygen:sequential_int_generator:250 sequential_int_gen: <0.104.0>: 290000 (11%)
2015-11-06 22:59:24.533 [debug] <0.340.0>@basho_bench_keygen:sequential_int_generator:250 sequential_int_gen: <0.97.0>: 290000 (11%)
2015-11-06 22:59:25.002 [debug] <0.341.0>@basho_bench_keygen:sequential_int_generator:250 sequential_int_gen: <0.100.0>: 290000 (11%)
2015-11-06 22:59:27.945 [debug] <0.342.0>@basho_bench_keygen:sequential_int_generator:250 sequential_int_gen: <0.102.0>: 295000 (11%)
2015-11-06 22:59:28.233 [debug] <0.343.0>@basho_bench_keygen:sequential_int_generator:250 sequential_int_gen: <0.97.0>: 295000 (11%)
2015-11-06 22:59:28.269 [debug] <0.344.0>@basho_bench_keygen:sequential_int_generator:250 sequential_int_gen: <0.104.0>: 295000 (11%)
2015-11-06 22:59:28.903 [debug] <0.345.0>@basho_bench_keygen:sequential_int_generator:250 sequential_int_gen: <0.100.0>: 295000 (11%)
2015-11-06 22:59:31.734 [debug] <0.346.0>@basho_bench_keygen:sequential_int_generator:250 sequential_int_gen: <0.102.0>: 300000 (12%)
2015-11-06 22:59:32.021 [debug] <0.348.0>@basho_bench_keygen:sequential_int_generator:250 sequential_int_gen: <0.97.0>: 300000 (12%)
2015-11-06 22:59:32.021 [debug] <0.347.0>@basho_bench_keygen:sequential_int_generator:250 sequential_int_gen: <0.104.0>: 300000 (12%)
2015-11-06 22:59:32.656 [debug] <0.349.0>@basho_bench_keygen:sequential_int_generator:250 sequential_int_gen: <0.100.0>: 300000 (12%)
2015-11-06 22:59:35.507 [debug] <0.350.0>@basho_bench_keygen:sequential_int_generator:250 sequential_int_gen: <0.102.0>: 305000 (12%)
2015-11-06 22:59:35.772 [debug] <0.351.0>@basho_bench_keygen:sequential_int_generator:250 sequential_int_gen: <0.97.0>: 305000 (12%)
2015-11-06 22:59:35.838 [debug] <0.352.0>@basho_bench_keygen:sequential_int_generator:250 sequential_int_gen: <0.104.0>: 305000 (12%)
2015-11-06 22:59:36.405 [debug] <0.353.0>@basho_bench_keygen:sequential_int_generator:250 sequential_int_gen: <0.100.0>: 305000 (12%)
2015-11-06 22:59:39.337 [debug] <0.354.0>@basho_bench_keygen:sequential_int_generator:250 sequential_int_gen: <0.102.0>: 310000 (12%)
2015-11-06 22:59:39.527 [debug] <0.355.0>@basho_bench_keygen:sequential_int_generator:250 sequential_int_gen: <0.97.0>: 310000 (12%)
2015-11-06 22:59:39.615 [debug] <0.356.0>@basho_bench_keygen:sequential_int_generator:250 sequential_int_gen: <0.104.0>: 310000 (12%)
2015-11-06 22:59:40.207 [debug] <0.357.0>@basho_bench_keygen:sequential_int_generator:250 sequential_int_gen: <0.100.0>: 310000 (12%)
2015-11-06 22:59:43.184 [debug] <0.358.0>@basho_bench_keygen:sequential_int_generator:250 sequential_int_gen: <0.102.0>: 315000 (12%)
2015-11-06 22:59:43.336 [debug] <0.359.0>@basho_bench_keygen:sequential_int_generator:250 sequential_int_gen: <0.97.0>: 315000 (12%)
2015-11-06 22:59:43.423 [debug] <0.360.0>@basho_bench_keygen:sequential_int_generator:250 sequential_int_gen: <0.104.0>: 315000 (12%)
2015-11-06 22:59:43.977 [debug] <0.361.0>@basho_bench_keygen:sequential_int_generator:250 sequential_int_gen: <0.100.0>: 315000 (12%)
2015-11-06 22:59:46.987 [debug] <0.362.0>@basho_bench_keygen:sequential_int_generator:250 sequential_int_gen: <0.102.0>: 320000 (12%)
2015-11-06 22:59:47.075 [debug] <0.363.0>@basho_bench_keygen:sequential_int_generator:250 sequential_int_gen: <0.97.0>: 320000 (12%)
2015-11-06 22:59:47.179 [debug] <0.364.0>@basho_bench_keygen:sequential_int_generator:250 sequential_int_gen: <0.104.0>: 320000 (12%)
2015-11-06 22:59:47.845 [debug] <0.365.0>@basho_bench_keygen:sequential_int_generator:250 sequential_int_gen: <0.100.0>: 320000 (12%)
2015-11-06 22:59:50.711 [debug] <0.366.0>@basho_bench_keygen:sequential_int_generator:250 sequential_int_gen: <0.102.0>: 325000 (13%)
2015-11-06 22:59:50.844 [debug] <0.367.0>@basho_bench_keygen:sequential_int_generator:250 sequential_int_gen: <0.97.0>: 325000 (13%)
2015-11-06 22:59:50.939 [debug] <0.368.0>@basho_bench_keygen:sequential_int_generator:250 sequential_int_gen: <0.104.0>: 325000 (13%)
2015-11-06 22:59:51.592 [debug] <0.369.0>@basho_bench_keygen:sequential_int_generator:250 sequential_int_gen: <0.100.0>: 325000 (13%)
2015-11-06 22:59:54.459 [debug] <0.370.0>@basho_bench_keygen:sequential_int_generator:250 sequential_int_gen: <0.102.0>: 330000 (13%)
2015-11-06 22:59:54.601 [debug] <0.371.0>@basho_bench_keygen:sequential_int_generator:250 sequential_int_gen: <0.97.0>: 330000 (13%)
2015-11-06 22:59:54.723 [debug] <0.372.0>@basho_bench_keygen:sequential_int_generator:250 sequential_int_gen: <0.104.0>: 330000 (13%)
2015-11-06 22:59:55.348 [debug] <0.373.0>@basho_bench_keygen:sequential_int_generator:250 sequential_int_gen: <0.100.0>: 330000 (13%)
2015-11-06 22:59:58.203 [debug] <0.374.0>@basho_bench_keygen:sequential_int_generator:250 sequential_int_gen: <0.102.0>: 335000 (13%)
2015-11-06 22:59:58.311 [debug] <0.375.0>@basho_bench_keygen:sequential_int_generator:250 sequential_int_gen: <0.97.0>: 335000 (13%)
2015-11-06 22:59:58.493 [debug] <0.376.0>@basho_bench_keygen:sequential_int_generator:250 sequential_int_gen: <0.104.0>: 335000 (13%)
2015-11-06 22:59:59.196 [debug] <0.377.0>@basho_bench_keygen:sequential_int_generator:250 sequential_int_gen: <0.100.0>: 335000 (13%)
2015-11-06 23:00:01.976 [debug] <0.378.0>@basho_bench_keygen:sequential_int_generator:250 sequential_int_gen: <0.102.0>: 340000 (13%)
2015-11-06 23:00:02.078 [debug] <0.379.0>@basho_bench_keygen:sequential_int_generator:250 sequential_int_gen: <0.97.0>: 340000 (13%)
2015-11-06 23:00:02.291 [debug] <0.380.0>@basho_bench_keygen:sequential_int_generator:250 sequential_int_gen: <0.104.0>: 340000 (13%)
2015-11-06 23:00:02.960 [debug] <0.381.0>@basho_bench_keygen:sequential_int_generator:250 sequential_int_gen: <0.100.0>: 340000 (13%)
2015-11-06 23:00:05.776 [debug] <0.382.0>@basho_bench_keygen:sequential_int_generator:250 sequential_int_gen: <0.102.0>: 345000 (13%)
2015-11-06 23:00:05.822 [debug] <0.383.0>@basho_bench_keygen:sequential_int_generator:250 sequential_int_gen: <0.97.0>: 345000 (13%)
2015-11-06 23:00:06.179 [debug] <0.384.0>@basho_bench_keygen:sequential_int_generator:250 sequential_int_gen: <0.104.0>: 345000 (13%)
2015-11-06 23:00:06.705 [debug] <0.385.0>@basho_bench_keygen:sequential_int_generator:250 sequential_int_gen: <0.100.0>: 345000 (13%)
2015-11-06 23:00:09.492 [debug] <0.386.0>@basho_bench_keygen:sequential_int_generator:250 sequential_int_gen: <0.102.0>: 350000 (14%)
2015-11-06 23:00:09.512 [debug] <0.387.0>@basho_bench_keygen:sequential_int_generator:250 sequential_int_gen: <0.97.0>: 350000 (14%)
2015-11-06 23:00:09.964 [debug] <0.388.0>@basho_bench_keygen:sequential_int_generator:250 sequential_int_gen: <0.104.0>: 350000 (14%)
2015-11-06 23:00:10.515 [debug] <0.389.0>@basho_bench_keygen:sequential_int_generator:250 sequential_int_gen: <0.100.0>: 350000 (14%)
2015-11-06 23:00:13.262 [debug] <0.390.0>@basho_bench_keygen:sequential_int_generator:250 sequential_int_gen: <0.102.0>: 355000 (14%)
2015-11-06 23:00:13.313 [debug] <0.391.0>@basho_bench_keygen:sequential_int_generator:250 sequential_int_gen: <0.97.0>: 355000 (14%)
2015-11-06 23:00:13.701 [debug] <0.392.0>@basho_bench_keygen:sequential_int_generator:250 sequential_int_gen: <0.104.0>: 355000 (14%)
2015-11-06 23:00:14.284 [debug] <0.393.0>@basho_bench_keygen:sequential_int_generator:250 sequential_int_gen: <0.100.0>: 355000 (14%)
2015-11-06 23:00:17.019 [debug] <0.394.0>@basho_bench_keygen:sequential_int_generator:250 sequential_int_gen: <0.102.0>: 360000 (14%)
2015-11-06 23:00:17.059 [debug] <0.395.0>@basho_bench_keygen:sequential_int_generator:250 sequential_int_gen: <0.97.0>: 360000 (14%)
2015-11-06 23:00:17.493 [debug] <0.396.0>@basho_bench_keygen:sequential_int_generator:250 sequential_int_gen: <0.104.0>: 360000 (14%)
2015-11-06 23:00:18.031 [debug] <0.397.0>@basho_bench_keygen:sequential_int_generator:250 sequential_int_gen: <0.100.0>: 360000 (14%)
2015-11-06 23:00:20.764 [debug] <0.398.0>@basho_bench_keygen:sequential_int_generator:250 sequential_int_gen: <0.97.0>: 365000 (14%)
2015-11-06 23:00:20.773 [debug] <0.399.0>@basho_bench_keygen:sequential_int_generator:250 sequential_int_gen: <0.102.0>: 365000 (14%)
2015-11-06 23:00:21.181 [debug] <0.400.0>@basho_bench_keygen:sequential_int_generator:250 sequential_int_gen: <0.104.0>: 365000 (14%)
2015-11-06 23:00:21.786 [debug] <0.401.0>@basho_bench_keygen:sequential_int_generator:250 sequential_int_gen: <0.100.0>: 365000 (14%)
2015-11-06 23:00:24.474 [debug] <0.402.0>@basho_bench_keygen:sequential_int_generator:250 sequential_int_gen: <0.97.0>: 370000 (14%)
2015-11-06 23:00:24.495 [debug] <0.403.0>@basho_bench_keygen:sequential_int_generator:250 sequential_int_gen: <0.102.0>: 370000 (14%)
2015-11-06 23:00:24.866 [debug] <0.404.0>@basho_bench_keygen:sequential_int_generator:250 sequential_int_gen: <0.104.0>: 370000 (14%)
2015-11-06 23:00:25.515 [debug] <0.405.0>@basho_bench_keygen:sequential_int_generator:250 sequential_int_gen: <0.100.0>: 370000 (14%)
2015-11-06 23:00:28.183 [debug] <0.406.0>@basho_bench_keygen:sequential_int_generator:250 sequential_int_gen: <0.102.0>: 375000 (15%)
2015-11-06 23:00:28.208 [debug] <0.407.0>@basho_bench_keygen:sequential_int_generator:250 sequential_int_gen: <0.97.0>: 375000 (15%)
2015-11-06 23:00:28.652 [debug] <0.408.0>@basho_bench_keygen:sequential_int_generator:250 sequential_int_gen: <0.104.0>: 375000 (15%)
2015-11-06 23:00:29.220 [debug] <0.409.0>@basho_bench_keygen:sequential_int_generator:250 sequential_int_gen: <0.100.0>: 375000 (15%)
2015-11-06 23:00:31.887 [debug] <0.410.0>@basho_bench_keygen:sequential_int_generator:250 sequential_int_gen: <0.102.0>: 380000 (15%)
2015-11-06 23:00:31.976 [debug] <0.411.0>@basho_bench_keygen:sequential_int_generator:250 sequential_int_gen: <0.97.0>: 380000 (15%)
2015-11-06 23:00:32.415 [debug] <0.412.0>@basho_bench_keygen:sequential_int_generator:250 sequential_int_gen: <0.104.0>: 380000 (15%)
2015-11-06 23:00:32.996 [debug] <0.413.0>@basho_bench_keygen:sequential_int_generator:250 sequential_int_gen: <0.100.0>: 380000 (15%)
2015-11-06 23:00:35.653 [debug] <0.414.0>@basho_bench_keygen:sequential_int_generator:250 sequential_int_gen: <0.102.0>: 385000 (15%)
2015-11-06 23:00:35.685 [debug] <0.415.0>@basho_bench_keygen:sequential_int_generator:250 sequential_int_gen: <0.97.0>: 385000 (15%)
2015-11-06 23:00:36.158 [debug] <0.416.0>@basho_bench_keygen:sequential_int_generator:250 sequential_int_gen: <0.104.0>: 385000 (15%)
2015-11-06 23:00:36.786 [debug] <0.417.0>@basho_bench_keygen:sequential_int_generator:250 sequential_int_gen: <0.100.0>: 385000 (15%)
2015-11-06 23:00:39.397 [debug] <0.418.0>@basho_bench_keygen:sequential_int_generator:250 sequential_int_gen: <0.102.0>: 390000 (15%)
2015-11-06 23:00:39.605 [debug] <0.419.0>@basho_bench_keygen:sequential_int_generator:250 sequential_int_gen: <0.97.0>: 390000 (15%)
2015-11-06 23:00:39.922 [debug] <0.420.0>@basho_bench_keygen:sequential_int_generator:250 sequential_int_gen: <0.104.0>: 390000 (15%)
2015-11-06 23:00:40.625 [debug] <0.421.0>@basho_bench_keygen:sequential_int_generator:250 sequential_int_gen: <0.100.0>: 390000 (15%)
2015-11-06 23:00:43.192 [debug] <0.422.0>@basho_bench_keygen:sequential_int_generator:250 sequential_int_gen: <0.102.0>: 395000 (15%)
2015-11-06 23:00:43.430 [debug] <0.423.0>@basho_bench_keygen:sequential_int_generator:250 sequential_int_gen: <0.97.0>: 395000 (15%)
2015-11-06 23:00:43.758 [debug] <0.424.0>@basho_bench_keygen:sequential_int_generator:250 sequential_int_gen: <0.104.0>: 395000 (15%)
2015-11-06 23:00:44.420 [debug] <0.425.0>@basho_bench_keygen:sequential_int_generator:250 sequential_int_gen: <0.100.0>: 395000 (15%)
2015-11-06 23:00:47.030 [info] <0.86.0>@basho_bench_stats:report_total_errors:285 No Errors.
