2015-11-05 21:17:21.367 [debug] <0.54.0>@lager_handler_watcher:94 Lager installed handler {lager_file_backend,
                            "/home/windkit/basho_bench/tests/20151105_211721/error.log"} into lager_event
2015-11-05 21:17:21.367 [debug] <0.56.0>@lager_handler_watcher:94 Lager installed handler {lager_file_backend,
                            "/home/windkit/basho_bench/tests/20151105_211721/console.log"} into lager_event
2015-11-05 21:17:21.367 [debug] <0.58.0>@lager_handler_watcher:94 Lager installed handler error_logger_lager_h into error_logger
2015-11-05 21:17:21.395 [debug] <0.41.0> Supervisor gr_param_sup started gr_param:start_link(gr_lager_default_tracer_params) at pid <0.60.0>
2015-11-05 21:17:21.395 [debug] <0.40.0> Supervisor gr_counter_sup started gr_counter:start_link(gr_lager_default_tracer_counters) at pid <0.61.0>
2015-11-05 21:17:21.395 [debug] <0.42.0> Supervisor gr_manager_sup started gr_manager:start_link(gr_lager_default_tracer_params_mgr, gr_lager_default_tracer_params, []) at pid <0.62.0>
2015-11-05 21:17:21.395 [debug] <0.42.0> Supervisor gr_manager_sup started gr_manager:start_link(gr_lager_default_tracer_counters_mgr, gr_lager_default_tracer_counters, [{input,0},{filter,0},{output,0}]) at pid <0.63.0>
2015-11-05 21:17:21.801 [info] <0.7.0> Application lager started on node nonode@nohost
2015-11-05 21:17:21.802 [notice] <0.47.0>@lager_file_backend:127 Changed loglevel of /home/windkit/basho_bench/tests/20151105_211721/console.log to debug
2015-11-05 21:17:21.811 [info] <0.2.0>@basho_bench:log_dimensions:253 Est. data size: 9765.63 GB
2015-11-05 21:17:21.849 [debug] <0.50.0>@lager_handler_watcher:94 Lager installed handler lager_backend_throttle into lager_event
2015-11-05 21:17:21.852 [debug] <0.72.0> Supervisor sasl_safe_sup started alarm_handler:start_link() at pid <0.73.0>
2015-11-05 21:17:21.852 [debug] <0.72.0> Supervisor sasl_safe_sup started overload:start_link() at pid <0.74.0>
2015-11-05 21:17:21.853 [debug] <0.71.0> Supervisor sasl_sup started supervisor:start_link({local,sasl_safe_sup}, sasl, safe) at pid <0.72.0>
2015-11-05 21:17:21.863 [debug] <0.71.0> Supervisor sasl_sup started release_handler:start_link() at pid <0.75.0>
2015-11-05 21:17:21.863 [info] <0.7.0> Application sasl started on node nonode@nohost
2015-11-05 21:17:21.903 [debug] <0.80.0> Supervisor crypto_sup started crypto_server:start_link() at pid <0.81.0>
2015-11-05 21:17:21.903 [info] <0.7.0> Application crypto started on node nonode@nohost
2015-11-05 21:17:21.922 [debug] <0.90.0> Supervisor folsom_sup started folsom_sample_slide_sup:start_link() at pid <0.91.0>
2015-11-05 21:17:21.925 [debug] <0.90.0> Supervisor folsom_sup started folsom_meter_timer_server:start_link() at pid <0.92.0>
2015-11-05 21:17:21.928 [debug] <0.90.0> Supervisor folsom_sup started folsom_metrics_histogram_ets:start_link() at pid <0.93.0>
2015-11-05 21:17:21.928 [info] <0.7.0> Application folsom started on node nonode@nohost
2015-11-05 21:17:21.954 [debug] <0.85.0> Supervisor basho_bench_sup started basho_bench_stats:start_link() at pid <0.86.0>
2015-11-05 21:17:21.958 [debug] <0.95.0>@basho_bench_keygen:new:105 ID 1 generating range 0 to 2500000
2015-11-05 21:17:21.958 [info] <0.95.0>@basho_bench_valgen:init_source:88 Random source: calling crypto:rand_bytes(10485760) (override with the 'value_generator_source_size' config option
2015-11-05 21:17:22.174 [info] <0.95.0>@basho_bench_valgen:init_source:95 Random source: finished crypto:rand_bytes(10485760)
2015-11-05 21:17:22.200 [debug] <0.99.0>@basho_bench_keygen:new:105 ID 2 generating range 2500000 to 5000000
2015-11-05 21:17:22.200 [debug] <0.85.0> Supervisor basho_bench_sup started basho_bench_worker:start_link(basho_bench_worker_1, 1) at pid <0.95.0>
2015-11-05 21:17:22.202 [debug] <0.101.0>@basho_bench_keygen:new:105 ID 3 generating range 5000000 to 7500000
2015-11-05 21:17:22.202 [debug] <0.85.0> Supervisor basho_bench_sup started basho_bench_worker:start_link(basho_bench_worker_2, 2) at pid <0.99.0>
2015-11-05 21:17:22.204 [debug] <0.103.0>@basho_bench_keygen:new:105 ID 4 generating range 7500000 to 10000000
2015-11-05 21:17:22.204 [debug] <0.85.0> Supervisor basho_bench_sup started basho_bench_worker:start_link(basho_bench_worker_3, 3) at pid <0.101.0>
2015-11-05 21:17:22.207 [debug] <0.85.0> Supervisor basho_bench_sup started basho_bench_worker:start_link(basho_bench_worker_4, 4) at pid <0.103.0>
2015-11-05 21:17:22.207 [debug] <0.26.0> Supervisor kernel_safe_sup started timer:start_link() at pid <0.105.0>
2015-11-05 21:17:22.211 [info] <0.102.0>@basho_bench_worker:worker_idle_loop:237 Starting max worker: <0.102.0> on nonode@nohost
2015-11-05 21:17:22.211 [info] <0.104.0>@basho_bench_worker:worker_idle_loop:237 Starting max worker: <0.104.0> on nonode@nohost
2015-11-05 21:17:22.211 [info] <0.100.0>@basho_bench_worker:worker_idle_loop:237 Starting max worker: <0.100.0> on nonode@nohost
2015-11-05 21:17:22.212 [debug] <0.106.0>@basho_bench_keygen:sequential_int_generator:250 sequential_int_gen: <0.102.0>: 0 (0%)
2015-11-05 21:17:22.212 [info] <0.97.0>@basho_bench_worker:worker_idle_loop:237 Starting max worker: <0.97.0> on nonode@nohost
2015-11-05 21:17:22.212 [debug] <0.107.0>@basho_bench_keygen:sequential_int_generator:250 sequential_int_gen: <0.104.0>: 0 (0%)
2015-11-05 21:17:22.213 [debug] <0.109.0>@basho_bench_keygen:sequential_int_generator:250 sequential_int_gen: <0.97.0>: 0 (0%)
2015-11-05 21:17:22.213 [debug] <0.108.0>@basho_bench_keygen:sequential_int_generator:250 sequential_int_gen: <0.100.0>: 0 (0%)
2015-11-05 21:17:22.213 [info] <0.7.0> Application basho_bench started on node nonode@nohost
2015-11-05 21:17:25.449 [debug] <0.110.0>@basho_bench_keygen:sequential_int_generator:250 sequential_int_gen: <0.104.0>: 5000 (0%)
2015-11-05 21:17:25.500 [debug] <0.111.0>@basho_bench_keygen:sequential_int_generator:250 sequential_int_gen: <0.102.0>: 5000 (0%)
2015-11-05 21:17:25.596 [debug] <0.112.0>@basho_bench_keygen:sequential_int_generator:250 sequential_int_gen: <0.100.0>: 5000 (0%)
2015-11-05 21:17:25.598 [debug] <0.113.0>@basho_bench_keygen:sequential_int_generator:250 sequential_int_gen: <0.97.0>: 5000 (0%)
2015-11-05 21:17:28.703 [debug] <0.114.0>@basho_bench_keygen:sequential_int_generator:250 sequential_int_gen: <0.104.0>: 10000 (0%)
2015-11-05 21:17:28.742 [debug] <0.115.0>@basho_bench_keygen:sequential_int_generator:250 sequential_int_gen: <0.102.0>: 10000 (0%)
2015-11-05 21:17:28.834 [debug] <0.116.0>@basho_bench_keygen:sequential_int_generator:250 sequential_int_gen: <0.100.0>: 10000 (0%)
2015-11-05 21:17:28.838 [debug] <0.117.0>@basho_bench_keygen:sequential_int_generator:250 sequential_int_gen: <0.97.0>: 10000 (0%)
2015-11-05 21:17:31.840 [debug] <0.118.0>@basho_bench_keygen:sequential_int_generator:250 sequential_int_gen: <0.104.0>: 15000 (0%)
2015-11-05 21:17:31.875 [debug] <0.119.0>@basho_bench_keygen:sequential_int_generator:250 sequential_int_gen: <0.102.0>: 15000 (0%)
2015-11-05 21:17:31.977 [debug] <0.120.0>@basho_bench_keygen:sequential_int_generator:250 sequential_int_gen: <0.100.0>: 15000 (0%)
2015-11-05 21:17:31.984 [debug] <0.121.0>@basho_bench_keygen:sequential_int_generator:250 sequential_int_gen: <0.97.0>: 15000 (0%)
2015-11-05 21:17:34.979 [debug] <0.122.0>@basho_bench_keygen:sequential_int_generator:250 sequential_int_gen: <0.104.0>: 20000 (0%)
2015-11-05 21:17:35.009 [debug] <0.123.0>@basho_bench_keygen:sequential_int_generator:250 sequential_int_gen: <0.102.0>: 20000 (0%)
2015-11-05 21:17:35.106 [debug] <0.124.0>@basho_bench_keygen:sequential_int_generator:250 sequential_int_gen: <0.97.0>: 20000 (0%)
2015-11-05 21:17:35.111 [debug] <0.125.0>@basho_bench_keygen:sequential_int_generator:250 sequential_int_gen: <0.100.0>: 20000 (0%)
2015-11-05 21:17:38.131 [debug] <0.126.0>@basho_bench_keygen:sequential_int_generator:250 sequential_int_gen: <0.104.0>: 25000 (1%)
2015-11-05 21:17:38.286 [debug] <0.127.0>@basho_bench_keygen:sequential_int_generator:250 sequential_int_gen: <0.100.0>: 25000 (1%)
2015-11-05 21:17:38.289 [debug] <0.128.0>@basho_bench_keygen:sequential_int_generator:250 sequential_int_gen: <0.102.0>: 25000 (1%)
2015-11-05 21:17:38.293 [debug] <0.129.0>@basho_bench_keygen:sequential_int_generator:250 sequential_int_gen: <0.97.0>: 25000 (1%)
2015-11-05 21:17:41.416 [debug] <0.130.0>@basho_bench_keygen:sequential_int_generator:250 sequential_int_gen: <0.104.0>: 30000 (1%)
2015-11-05 21:17:41.566 [debug] <0.131.0>@basho_bench_keygen:sequential_int_generator:250 sequential_int_gen: <0.102.0>: 30000 (1%)
2015-11-05 21:17:41.567 [debug] <0.132.0>@basho_bench_keygen:sequential_int_generator:250 sequential_int_gen: <0.100.0>: 30000 (1%)
2015-11-05 21:17:41.574 [debug] <0.133.0>@basho_bench_keygen:sequential_int_generator:250 sequential_int_gen: <0.97.0>: 30000 (1%)
2015-11-05 21:17:44.523 [debug] <0.134.0>@basho_bench_keygen:sequential_int_generator:250 sequential_int_gen: <0.104.0>: 35000 (1%)
2015-11-05 21:17:44.664 [debug] <0.135.0>@basho_bench_keygen:sequential_int_generator:250 sequential_int_gen: <0.100.0>: 35000 (1%)
2015-11-05 21:17:44.667 [debug] <0.136.0>@basho_bench_keygen:sequential_int_generator:250 sequential_int_gen: <0.97.0>: 35000 (1%)
2015-11-05 21:17:44.808 [debug] <0.137.0>@basho_bench_keygen:sequential_int_generator:250 sequential_int_gen: <0.102.0>: 35000 (1%)
2015-11-05 21:17:47.658 [debug] <0.138.0>@basho_bench_keygen:sequential_int_generator:250 sequential_int_gen: <0.104.0>: 40000 (1%)
2015-11-05 21:17:47.824 [debug] <0.139.0>@basho_bench_keygen:sequential_int_generator:250 sequential_int_gen: <0.100.0>: 40000 (1%)
2015-11-05 21:17:47.824 [debug] <0.140.0>@basho_bench_keygen:sequential_int_generator:250 sequential_int_gen: <0.97.0>: 40000 (1%)
2015-11-05 21:17:47.984 [debug] <0.141.0>@basho_bench_keygen:sequential_int_generator:250 sequential_int_gen: <0.102.0>: 40000 (1%)
2015-11-05 21:17:50.967 [debug] <0.142.0>@basho_bench_keygen:sequential_int_generator:250 sequential_int_gen: <0.104.0>: 45000 (1%)
2015-11-05 21:17:51.123 [debug] <0.143.0>@basho_bench_keygen:sequential_int_generator:250 sequential_int_gen: <0.100.0>: 45000 (1%)
2015-11-05 21:17:51.131 [debug] <0.144.0>@basho_bench_keygen:sequential_int_generator:250 sequential_int_gen: <0.97.0>: 45000 (1%)
2015-11-05 21:17:51.296 [debug] <0.145.0>@basho_bench_keygen:sequential_int_generator:250 sequential_int_gen: <0.102.0>: 45000 (1%)
2015-11-05 21:17:54.144 [debug] <0.146.0>@basho_bench_keygen:sequential_int_generator:250 sequential_int_gen: <0.104.0>: 50000 (2%)
2015-11-05 21:17:54.332 [debug] <0.147.0>@basho_bench_keygen:sequential_int_generator:250 sequential_int_gen: <0.97.0>: 50000 (2%)
2015-11-05 21:17:54.445 [debug] <0.148.0>@basho_bench_keygen:sequential_int_generator:250 sequential_int_gen: <0.100.0>: 50000 (2%)
2015-11-05 21:17:54.475 [debug] <0.149.0>@basho_bench_keygen:sequential_int_generator:250 sequential_int_gen: <0.102.0>: 50000 (2%)
2015-11-05 21:17:57.374 [debug] <0.150.0>@basho_bench_keygen:sequential_int_generator:250 sequential_int_gen: <0.104.0>: 55000 (2%)
2015-11-05 21:17:57.540 [debug] <0.151.0>@basho_bench_keygen:sequential_int_generator:250 sequential_int_gen: <0.97.0>: 55000 (2%)
2015-11-05 21:17:57.636 [debug] <0.152.0>@basho_bench_keygen:sequential_int_generator:250 sequential_int_gen: <0.100.0>: 55000 (2%)
2015-11-05 21:17:57.662 [debug] <0.153.0>@basho_bench_keygen:sequential_int_generator:250 sequential_int_gen: <0.102.0>: 55000 (2%)
2015-11-05 21:18:00.467 [debug] <0.154.0>@basho_bench_keygen:sequential_int_generator:250 sequential_int_gen: <0.104.0>: 60000 (2%)
2015-11-05 21:18:00.667 [debug] <0.155.0>@basho_bench_keygen:sequential_int_generator:250 sequential_int_gen: <0.97.0>: 60000 (2%)
2015-11-05 21:18:00.767 [debug] <0.156.0>@basho_bench_keygen:sequential_int_generator:250 sequential_int_gen: <0.100.0>: 60000 (2%)
2015-11-05 21:18:00.795 [debug] <0.157.0>@basho_bench_keygen:sequential_int_generator:250 sequential_int_gen: <0.102.0>: 60000 (2%)
2015-11-05 21:18:03.767 [debug] <0.158.0>@basho_bench_keygen:sequential_int_generator:250 sequential_int_gen: <0.104.0>: 65000 (2%)
2015-11-05 21:18:04.003 [debug] <0.159.0>@basho_bench_keygen:sequential_int_generator:250 sequential_int_gen: <0.97.0>: 65000 (2%)
2015-11-05 21:18:04.065 [debug] <0.160.0>@basho_bench_keygen:sequential_int_generator:250 sequential_int_gen: <0.100.0>: 65000 (2%)
2015-11-05 21:18:04.111 [debug] <0.161.0>@basho_bench_keygen:sequential_int_generator:250 sequential_int_gen: <0.102.0>: 65000 (2%)
2015-11-05 21:18:07.057 [debug] <0.162.0>@basho_bench_keygen:sequential_int_generator:250 sequential_int_gen: <0.104.0>: 70000 (2%)
2015-11-05 21:18:07.280 [debug] <0.163.0>@basho_bench_keygen:sequential_int_generator:250 sequential_int_gen: <0.97.0>: 70000 (2%)
2015-11-05 21:18:07.357 [debug] <0.164.0>@basho_bench_keygen:sequential_int_generator:250 sequential_int_gen: <0.100.0>: 70000 (2%)
2015-11-05 21:18:07.407 [debug] <0.165.0>@basho_bench_keygen:sequential_int_generator:250 sequential_int_gen: <0.102.0>: 70000 (2%)
2015-11-05 21:18:10.374 [debug] <0.166.0>@basho_bench_keygen:sequential_int_generator:250 sequential_int_gen: <0.104.0>: 75000 (3%)
2015-11-05 21:18:10.590 [debug] <0.167.0>@basho_bench_keygen:sequential_int_generator:250 sequential_int_gen: <0.97.0>: 75000 (3%)
2015-11-05 21:18:10.671 [debug] <0.168.0>@basho_bench_keygen:sequential_int_generator:250 sequential_int_gen: <0.100.0>: 75000 (3%)
2015-11-05 21:18:10.718 [debug] <0.169.0>@basho_bench_keygen:sequential_int_generator:250 sequential_int_gen: <0.102.0>: 75000 (3%)
2015-11-05 21:18:13.631 [debug] <0.170.0>@basho_bench_keygen:sequential_int_generator:250 sequential_int_gen: <0.104.0>: 80000 (3%)
2015-11-05 21:18:13.871 [debug] <0.171.0>@basho_bench_keygen:sequential_int_generator:250 sequential_int_gen: <0.97.0>: 80000 (3%)
2015-11-05 21:18:13.952 [debug] <0.172.0>@basho_bench_keygen:sequential_int_generator:250 sequential_int_gen: <0.102.0>: 80000 (3%)
2015-11-05 21:18:14.008 [debug] <0.173.0>@basho_bench_keygen:sequential_int_generator:250 sequential_int_gen: <0.100.0>: 80000 (3%)
2015-11-05 21:18:16.779 [debug] <0.174.0>@basho_bench_keygen:sequential_int_generator:250 sequential_int_gen: <0.104.0>: 85000 (3%)
2015-11-05 21:18:16.988 [debug] <0.175.0>@basho_bench_keygen:sequential_int_generator:250 sequential_int_gen: <0.97.0>: 85000 (3%)
2015-11-05 21:18:17.069 [debug] <0.176.0>@basho_bench_keygen:sequential_int_generator:250 sequential_int_gen: <0.102.0>: 85000 (3%)
2015-11-05 21:18:17.121 [debug] <0.177.0>@basho_bench_keygen:sequential_int_generator:250 sequential_int_gen: <0.100.0>: 85000 (3%)
2015-11-05 21:18:19.759 [debug] <0.178.0>@basho_bench_keygen:sequential_int_generator:250 sequential_int_gen: <0.104.0>: 90000 (3%)
2015-11-05 21:18:20.005 [debug] <0.179.0>@basho_bench_keygen:sequential_int_generator:250 sequential_int_gen: <0.97.0>: 90000 (3%)
2015-11-05 21:18:20.091 [debug] <0.180.0>@basho_bench_keygen:sequential_int_generator:250 sequential_int_gen: <0.102.0>: 90000 (3%)
2015-11-05 21:18:20.143 [debug] <0.181.0>@basho_bench_keygen:sequential_int_generator:250 sequential_int_gen: <0.100.0>: 90000 (3%)
2015-11-05 21:18:23.017 [debug] <0.182.0>@basho_bench_keygen:sequential_int_generator:250 sequential_int_gen: <0.104.0>: 95000 (3%)
2015-11-05 21:18:23.258 [debug] <0.183.0>@basho_bench_keygen:sequential_int_generator:250 sequential_int_gen: <0.97.0>: 95000 (3%)
2015-11-05 21:18:23.264 [debug] <0.184.0>@basho_bench_keygen:sequential_int_generator:250 sequential_int_gen: <0.102.0>: 95000 (3%)
2015-11-05 21:18:23.316 [debug] <0.185.0>@basho_bench_keygen:sequential_int_generator:250 sequential_int_gen: <0.100.0>: 95000 (3%)
2015-11-05 21:18:26.248 [debug] <0.186.0>@basho_bench_keygen:sequential_int_generator:250 sequential_int_gen: <0.104.0>: 100000 (4%)
2015-11-05 21:18:26.479 [debug] <0.188.0>@basho_bench_keygen:sequential_int_generator:250 sequential_int_gen: <0.102.0>: 100000 (4%)
2015-11-05 21:18:26.480 [debug] <0.187.0>@basho_bench_keygen:sequential_int_generator:250 sequential_int_gen: <0.97.0>: 100000 (4%)
2015-11-05 21:18:26.530 [debug] <0.189.0>@basho_bench_keygen:sequential_int_generator:250 sequential_int_gen: <0.100.0>: 100000 (4%)
2015-11-05 21:18:29.250 [debug] <0.190.0>@basho_bench_keygen:sequential_int_generator:250 sequential_int_gen: <0.104.0>: 105000 (4%)
2015-11-05 21:18:29.487 [debug] <0.191.0>@basho_bench_keygen:sequential_int_generator:250 sequential_int_gen: <0.97.0>: 105000 (4%)
2015-11-05 21:18:29.493 [debug] <0.192.0>@basho_bench_keygen:sequential_int_generator:250 sequential_int_gen: <0.102.0>: 105000 (4%)
2015-11-05 21:18:29.545 [debug] <0.193.0>@basho_bench_keygen:sequential_int_generator:250 sequential_int_gen: <0.100.0>: 105000 (4%)
2015-11-05 21:18:32.650 [debug] <0.194.0>@basho_bench_keygen:sequential_int_generator:250 sequential_int_gen: <0.104.0>: 110000 (4%)
2015-11-05 21:18:32.766 [debug] <0.195.0>@basho_bench_keygen:sequential_int_generator:250 sequential_int_gen: <0.102.0>: 110000 (4%)
2015-11-05 21:18:32.775 [debug] <0.196.0>@basho_bench_keygen:sequential_int_generator:250 sequential_int_gen: <0.97.0>: 110000 (4%)
2015-11-05 21:18:32.815 [debug] <0.197.0>@basho_bench_keygen:sequential_int_generator:250 sequential_int_gen: <0.100.0>: 110000 (4%)
2015-11-05 21:18:35.827 [debug] <0.198.0>@basho_bench_keygen:sequential_int_generator:250 sequential_int_gen: <0.104.0>: 115000 (4%)
2015-11-05 21:18:35.929 [debug] <0.199.0>@basho_bench_keygen:sequential_int_generator:250 sequential_int_gen: <0.102.0>: 115000 (4%)
2015-11-05 21:18:35.934 [debug] <0.200.0>@basho_bench_keygen:sequential_int_generator:250 sequential_int_gen: <0.97.0>: 115000 (4%)
2015-11-05 21:18:35.973 [debug] <0.201.0>@basho_bench_keygen:sequential_int_generator:250 sequential_int_gen: <0.100.0>: 115000 (4%)
2015-11-05 21:18:38.924 [debug] <0.202.0>@basho_bench_keygen:sequential_int_generator:250 sequential_int_gen: <0.104.0>: 120000 (4%)
2015-11-05 21:18:39.040 [debug] <0.203.0>@basho_bench_keygen:sequential_int_generator:250 sequential_int_gen: <0.97.0>: 120000 (4%)
2015-11-05 21:18:39.041 [debug] <0.204.0>@basho_bench_keygen:sequential_int_generator:250 sequential_int_gen: <0.102.0>: 120000 (4%)
2015-11-05 21:18:39.081 [debug] <0.205.0>@basho_bench_keygen:sequential_int_generator:250 sequential_int_gen: <0.100.0>: 120000 (4%)
2015-11-05 21:18:42.113 [debug] <0.206.0>@basho_bench_keygen:sequential_int_generator:250 sequential_int_gen: <0.104.0>: 125000 (5%)
2015-11-05 21:18:42.219 [debug] <0.207.0>@basho_bench_keygen:sequential_int_generator:250 sequential_int_gen: <0.102.0>: 125000 (5%)
2015-11-05 21:18:42.222 [debug] <0.208.0>@basho_bench_keygen:sequential_int_generator:250 sequential_int_gen: <0.97.0>: 125000 (5%)
2015-11-05 21:18:42.254 [debug] <0.209.0>@basho_bench_keygen:sequential_int_generator:250 sequential_int_gen: <0.100.0>: 125000 (5%)
2015-11-05 21:18:45.370 [debug] <0.210.0>@basho_bench_keygen:sequential_int_generator:250 sequential_int_gen: <0.102.0>: 130000 (5%)
2015-11-05 21:18:45.374 [debug] <0.211.0>@basho_bench_keygen:sequential_int_generator:250 sequential_int_gen: <0.97.0>: 130000 (5%)
2015-11-05 21:18:45.411 [debug] <0.212.0>@basho_bench_keygen:sequential_int_generator:250 sequential_int_gen: <0.100.0>: 130000 (5%)
2015-11-05 21:18:45.415 [debug] <0.213.0>@basho_bench_keygen:sequential_int_generator:250 sequential_int_gen: <0.104.0>: 130000 (5%)
2015-11-05 21:18:48.348 [debug] <0.214.0>@basho_bench_keygen:sequential_int_generator:250 sequential_int_gen: <0.102.0>: 135000 (5%)
2015-11-05 21:18:48.354 [debug] <0.215.0>@basho_bench_keygen:sequential_int_generator:250 sequential_int_gen: <0.97.0>: 135000 (5%)
2015-11-05 21:18:48.386 [debug] <0.216.0>@basho_bench_keygen:sequential_int_generator:250 sequential_int_gen: <0.100.0>: 135000 (5%)
2015-11-05 21:18:48.392 [debug] <0.217.0>@basho_bench_keygen:sequential_int_generator:250 sequential_int_gen: <0.104.0>: 135000 (5%)
2015-11-05 21:18:51.330 [debug] <0.218.0>@basho_bench_keygen:sequential_int_generator:250 sequential_int_gen: <0.102.0>: 140000 (5%)
2015-11-05 21:18:51.334 [debug] <0.219.0>@basho_bench_keygen:sequential_int_generator:250 sequential_int_gen: <0.97.0>: 140000 (5%)
2015-11-05 21:18:51.365 [debug] <0.220.0>@basho_bench_keygen:sequential_int_generator:250 sequential_int_gen: <0.100.0>: 140000 (5%)
2015-11-05 21:18:51.374 [debug] <0.221.0>@basho_bench_keygen:sequential_int_generator:250 sequential_int_gen: <0.104.0>: 140000 (5%)
2015-11-05 21:18:54.302 [debug] <0.222.0>@basho_bench_keygen:sequential_int_generator:250 sequential_int_gen: <0.97.0>: 145000 (5%)
2015-11-05 21:18:54.331 [debug] <0.223.0>@basho_bench_keygen:sequential_int_generator:250 sequential_int_gen: <0.100.0>: 145000 (5%)
2015-11-05 21:18:54.338 [debug] <0.224.0>@basho_bench_keygen:sequential_int_generator:250 sequential_int_gen: <0.104.0>: 145000 (5%)
2015-11-05 21:18:54.439 [debug] <0.225.0>@basho_bench_keygen:sequential_int_generator:250 sequential_int_gen: <0.102.0>: 145000 (5%)
2015-11-05 21:18:57.233 [debug] <0.226.0>@basho_bench_keygen:sequential_int_generator:250 sequential_int_gen: <0.97.0>: 150000 (6%)
2015-11-05 21:18:57.258 [debug] <0.227.0>@basho_bench_keygen:sequential_int_generator:250 sequential_int_gen: <0.100.0>: 150000 (6%)
2015-11-05 21:18:57.266 [debug] <0.228.0>@basho_bench_keygen:sequential_int_generator:250 sequential_int_gen: <0.104.0>: 150000 (6%)
2015-11-05 21:18:57.366 [debug] <0.229.0>@basho_bench_keygen:sequential_int_generator:250 sequential_int_gen: <0.102.0>: 150000 (6%)
2015-11-05 21:19:00.330 [debug] <0.230.0>@basho_bench_keygen:sequential_int_generator:250 sequential_int_gen: <0.97.0>: 155000 (6%)
2015-11-05 21:19:00.360 [debug] <0.231.0>@basho_bench_keygen:sequential_int_generator:250 sequential_int_gen: <0.100.0>: 155000 (6%)
2015-11-05 21:19:00.366 [debug] <0.232.0>@basho_bench_keygen:sequential_int_generator:250 sequential_int_gen: <0.104.0>: 155000 (6%)
2015-11-05 21:19:00.464 [debug] <0.233.0>@basho_bench_keygen:sequential_int_generator:250 sequential_int_gen: <0.102.0>: 155000 (6%)
2015-11-05 21:19:03.487 [debug] <0.234.0>@basho_bench_keygen:sequential_int_generator:250 sequential_int_gen: <0.97.0>: 160000 (6%)
2015-11-05 21:19:03.515 [debug] <0.235.0>@basho_bench_keygen:sequential_int_generator:250 sequential_int_gen: <0.100.0>: 160000 (6%)
2015-11-05 21:19:03.524 [debug] <0.236.0>@basho_bench_keygen:sequential_int_generator:250 sequential_int_gen: <0.104.0>: 160000 (6%)
2015-11-05 21:19:03.783 [debug] <0.237.0>@basho_bench_keygen:sequential_int_generator:250 sequential_int_gen: <0.102.0>: 160000 (6%)
2015-11-05 21:19:06.632 [debug] <0.238.0>@basho_bench_keygen:sequential_int_generator:250 sequential_int_gen: <0.97.0>: 165000 (6%)
2015-11-05 21:19:06.668 [debug] <0.239.0>@basho_bench_keygen:sequential_int_generator:250 sequential_int_gen: <0.104.0>: 165000 (6%)
2015-11-05 21:19:06.670 [debug] <0.240.0>@basho_bench_keygen:sequential_int_generator:250 sequential_int_gen: <0.100.0>: 165000 (6%)
2015-11-05 21:19:06.906 [debug] <0.241.0>@basho_bench_keygen:sequential_int_generator:250 sequential_int_gen: <0.102.0>: 165000 (6%)
2015-11-05 21:19:09.677 [debug] <0.242.0>@basho_bench_keygen:sequential_int_generator:250 sequential_int_gen: <0.97.0>: 170000 (6%)
2015-11-05 21:19:09.712 [debug] <0.243.0>@basho_bench_keygen:sequential_int_generator:250 sequential_int_gen: <0.104.0>: 170000 (6%)
2015-11-05 21:19:09.718 [debug] <0.244.0>@basho_bench_keygen:sequential_int_generator:250 sequential_int_gen: <0.100.0>: 170000 (6%)
2015-11-05 21:19:09.941 [debug] <0.245.0>@basho_bench_keygen:sequential_int_generator:250 sequential_int_gen: <0.102.0>: 170000 (6%)
2015-11-05 21:19:12.739 [debug] <0.246.0>@basho_bench_keygen:sequential_int_generator:250 sequential_int_gen: <0.97.0>: 175000 (7%)
2015-11-05 21:19:12.750 [debug] <0.247.0>@basho_bench_keygen:sequential_int_generator:250 sequential_int_gen: <0.104.0>: 175000 (7%)
2015-11-05 21:19:12.750 [debug] <0.248.0>@basho_bench_keygen:sequential_int_generator:250 sequential_int_gen: <0.100.0>: 175000 (7%)
2015-11-05 21:19:13.110 [debug] <0.249.0>@basho_bench_keygen:sequential_int_generator:250 sequential_int_gen: <0.102.0>: 175000 (7%)
2015-11-05 21:19:15.803 [debug] <0.250.0>@basho_bench_keygen:sequential_int_generator:250 sequential_int_gen: <0.97.0>: 180000 (7%)
2015-11-05 21:19:15.815 [debug] <0.251.0>@basho_bench_keygen:sequential_int_generator:250 sequential_int_gen: <0.104.0>: 180000 (7%)
2015-11-05 21:19:15.816 [debug] <0.252.0>@basho_bench_keygen:sequential_int_generator:250 sequential_int_gen: <0.100.0>: 180000 (7%)
2015-11-05 21:19:16.218 [debug] <0.253.0>@basho_bench_keygen:sequential_int_generator:250 sequential_int_gen: <0.102.0>: 180000 (7%)
2015-11-05 21:19:19.059 [debug] <0.254.0>@basho_bench_keygen:sequential_int_generator:250 sequential_int_gen: <0.97.0>: 185000 (7%)
2015-11-05 21:19:19.072 [debug] <0.255.0>@basho_bench_keygen:sequential_int_generator:250 sequential_int_gen: <0.104.0>: 185000 (7%)
2015-11-05 21:19:19.073 [debug] <0.256.0>@basho_bench_keygen:sequential_int_generator:250 sequential_int_gen: <0.100.0>: 185000 (7%)
2015-11-05 21:19:19.476 [debug] <0.257.0>@basho_bench_keygen:sequential_int_generator:250 sequential_int_gen: <0.102.0>: 185000 (7%)
2015-11-05 21:19:22.187 [debug] <0.258.0>@basho_bench_keygen:sequential_int_generator:250 sequential_int_gen: <0.97.0>: 190000 (7%)
2015-11-05 21:19:22.191 [debug] <0.259.0>@basho_bench_keygen:sequential_int_generator:250 sequential_int_gen: <0.104.0>: 190000 (7%)
2015-11-05 21:19:22.192 [debug] <0.260.0>@basho_bench_keygen:sequential_int_generator:250 sequential_int_gen: <0.100.0>: 190000 (7%)
2015-11-05 21:19:22.572 [debug] <0.261.0>@basho_bench_keygen:sequential_int_generator:250 sequential_int_gen: <0.102.0>: 190000 (7%)
2015-11-05 21:19:25.427 [debug] <0.262.0>@basho_bench_keygen:sequential_int_generator:250 sequential_int_gen: <0.100.0>: 195000 (7%)
2015-11-05 21:19:25.429 [debug] <0.263.0>@basho_bench_keygen:sequential_int_generator:250 sequential_int_gen: <0.97.0>: 195000 (7%)
2015-11-05 21:19:25.585 [debug] <0.264.0>@basho_bench_keygen:sequential_int_generator:250 sequential_int_gen: <0.104.0>: 195000 (7%)
2015-11-05 21:19:25.810 [debug] <0.265.0>@basho_bench_keygen:sequential_int_generator:250 sequential_int_gen: <0.102.0>: 195000 (7%)
2015-11-05 21:19:28.460 [debug] <0.266.0>@basho_bench_keygen:sequential_int_generator:250 sequential_int_gen: <0.100.0>: 200000 (8%)
2015-11-05 21:19:28.460 [debug] <0.267.0>@basho_bench_keygen:sequential_int_generator:250 sequential_int_gen: <0.97.0>: 200000 (8%)
2015-11-05 21:19:28.608 [debug] <0.268.0>@basho_bench_keygen:sequential_int_generator:250 sequential_int_gen: <0.104.0>: 200000 (8%)
2015-11-05 21:19:28.833 [debug] <0.269.0>@basho_bench_keygen:sequential_int_generator:250 sequential_int_gen: <0.102.0>: 200000 (8%)
2015-11-05 21:19:31.492 [debug] <0.271.0>@basho_bench_keygen:sequential_int_generator:250 sequential_int_gen: <0.100.0>: 205000 (8%)
2015-11-05 21:19:31.493 [debug] <0.270.0>@basho_bench_keygen:sequential_int_generator:250 sequential_int_gen: <0.97.0>: 205000 (8%)
2015-11-05 21:19:31.641 [debug] <0.272.0>@basho_bench_keygen:sequential_int_generator:250 sequential_int_gen: <0.104.0>: 205000 (8%)
2015-11-05 21:19:31.864 [debug] <0.273.0>@basho_bench_keygen:sequential_int_generator:250 sequential_int_gen: <0.102.0>: 205000 (8%)
2015-11-05 21:19:34.496 [debug] <0.274.0>@basho_bench_keygen:sequential_int_generator:250 sequential_int_gen: <0.100.0>: 210000 (8%)
2015-11-05 21:19:34.529 [debug] <0.275.0>@basho_bench_keygen:sequential_int_generator:250 sequential_int_gen: <0.97.0>: 210000 (8%)
2015-11-05 21:19:34.758 [debug] <0.276.0>@basho_bench_keygen:sequential_int_generator:250 sequential_int_gen: <0.104.0>: 210000 (8%)
2015-11-05 21:19:34.867 [debug] <0.277.0>@basho_bench_keygen:sequential_int_generator:250 sequential_int_gen: <0.102.0>: 210000 (8%)
2015-11-05 21:19:37.583 [debug] <0.278.0>@basho_bench_keygen:sequential_int_generator:250 sequential_int_gen: <0.100.0>: 215000 (8%)
2015-11-05 21:19:37.624 [debug] <0.279.0>@basho_bench_keygen:sequential_int_generator:250 sequential_int_gen: <0.97.0>: 215000 (8%)
2015-11-05 21:19:37.848 [debug] <0.280.0>@basho_bench_keygen:sequential_int_generator:250 sequential_int_gen: <0.104.0>: 215000 (8%)
2015-11-05 21:19:37.955 [debug] <0.281.0>@basho_bench_keygen:sequential_int_generator:250 sequential_int_gen: <0.102.0>: 215000 (8%)
2015-11-05 21:19:40.636 [debug] <0.282.0>@basho_bench_keygen:sequential_int_generator:250 sequential_int_gen: <0.100.0>: 220000 (8%)
2015-11-05 21:19:40.685 [debug] <0.283.0>@basho_bench_keygen:sequential_int_generator:250 sequential_int_gen: <0.97.0>: 220000 (8%)
2015-11-05 21:19:40.924 [debug] <0.284.0>@basho_bench_keygen:sequential_int_generator:250 sequential_int_gen: <0.104.0>: 220000 (8%)
2015-11-05 21:19:41.038 [debug] <0.285.0>@basho_bench_keygen:sequential_int_generator:250 sequential_int_gen: <0.102.0>: 220000 (8%)
2015-11-05 21:19:43.777 [debug] <0.286.0>@basho_bench_keygen:sequential_int_generator:250 sequential_int_gen: <0.100.0>: 225000 (9%)
2015-11-05 21:19:43.979 [debug] <0.287.0>@basho_bench_keygen:sequential_int_generator:250 sequential_int_gen: <0.97.0>: 225000 (9%)
2015-11-05 21:19:44.050 [debug] <0.288.0>@basho_bench_keygen:sequential_int_generator:250 sequential_int_gen: <0.104.0>: 225000 (9%)
2015-11-05 21:19:44.155 [debug] <0.289.0>@basho_bench_keygen:sequential_int_generator:250 sequential_int_gen: <0.102.0>: 225000 (9%)
2015-11-05 21:19:47.014 [debug] <0.290.0>@basho_bench_keygen:sequential_int_generator:250 sequential_int_gen: <0.100.0>: 230000 (9%)
2015-11-05 21:19:47.215 [debug] <0.291.0>@basho_bench_keygen:sequential_int_generator:250 sequential_int_gen: <0.97.0>: 230000 (9%)
2015-11-05 21:19:47.292 [debug] <0.292.0>@basho_bench_keygen:sequential_int_generator:250 sequential_int_gen: <0.104.0>: 230000 (9%)
2015-11-05 21:19:47.403 [debug] <0.293.0>@basho_bench_keygen:sequential_int_generator:250 sequential_int_gen: <0.102.0>: 230000 (9%)
2015-11-05 21:19:50.248 [debug] <0.294.0>@basho_bench_keygen:sequential_int_generator:250 sequential_int_gen: <0.100.0>: 235000 (9%)
2015-11-05 21:19:50.435 [debug] <0.295.0>@basho_bench_keygen:sequential_int_generator:250 sequential_int_gen: <0.97.0>: 235000 (9%)
2015-11-05 21:19:50.511 [debug] <0.296.0>@basho_bench_keygen:sequential_int_generator:250 sequential_int_gen: <0.104.0>: 235000 (9%)
2015-11-05 21:19:50.605 [debug] <0.297.0>@basho_bench_keygen:sequential_int_generator:250 sequential_int_gen: <0.102.0>: 235000 (9%)
2015-11-05 21:19:53.262 [debug] <0.298.0>@basho_bench_keygen:sequential_int_generator:250 sequential_int_gen: <0.100.0>: 240000 (9%)
2015-11-05 21:19:53.442 [debug] <0.299.0>@basho_bench_keygen:sequential_int_generator:250 sequential_int_gen: <0.97.0>: 240000 (9%)
2015-11-05 21:19:53.600 [debug] <0.300.0>@basho_bench_keygen:sequential_int_generator:250 sequential_int_gen: <0.102.0>: 240000 (9%)
2015-11-05 21:19:53.667 [debug] <0.301.0>@basho_bench_keygen:sequential_int_generator:250 sequential_int_gen: <0.104.0>: 240000 (9%)
2015-11-05 21:19:56.382 [debug] <0.302.0>@basho_bench_keygen:sequential_int_generator:250 sequential_int_gen: <0.100.0>: 245000 (9%)
2015-11-05 21:19:56.579 [debug] <0.303.0>@basho_bench_keygen:sequential_int_generator:250 sequential_int_gen: <0.97.0>: 245000 (9%)
2015-11-05 21:19:56.759 [debug] <0.304.0>@basho_bench_keygen:sequential_int_generator:250 sequential_int_gen: <0.102.0>: 245000 (9%)
2015-11-05 21:19:56.825 [debug] <0.305.0>@basho_bench_keygen:sequential_int_generator:250 sequential_int_gen: <0.104.0>: 245000 (9%)
2015-11-05 21:19:59.606 [debug] <0.306.0>@basho_bench_keygen:sequential_int_generator:250 sequential_int_gen: <0.100.0>: 250000 (10%)
2015-11-05 21:19:59.807 [debug] <0.307.0>@basho_bench_keygen:sequential_int_generator:250 sequential_int_gen: <0.97.0>: 250000 (10%)
2015-11-05 21:19:59.968 [debug] <0.308.0>@basho_bench_keygen:sequential_int_generator:250 sequential_int_gen: <0.102.0>: 250000 (10%)
2015-11-05 21:20:00.040 [debug] <0.309.0>@basho_bench_keygen:sequential_int_generator:250 sequential_int_gen: <0.104.0>: 250000 (10%)
2015-11-05 21:20:02.610 [debug] <0.310.0>@basho_bench_keygen:sequential_int_generator:250 sequential_int_gen: <0.100.0>: 255000 (10%)
2015-11-05 21:20:02.801 [debug] <0.311.0>@basho_bench_keygen:sequential_int_generator:250 sequential_int_gen: <0.97.0>: 255000 (10%)
2015-11-05 21:20:02.980 [debug] <0.312.0>@basho_bench_keygen:sequential_int_generator:250 sequential_int_gen: <0.102.0>: 255000 (10%)
2015-11-05 21:20:03.216 [debug] <0.313.0>@basho_bench_keygen:sequential_int_generator:250 sequential_int_gen: <0.104.0>: 255000 (10%)
2015-11-05 21:20:05.704 [debug] <0.314.0>@basho_bench_keygen:sequential_int_generator:250 sequential_int_gen: <0.100.0>: 260000 (10%)
2015-11-05 21:20:05.889 [debug] <0.315.0>@basho_bench_keygen:sequential_int_generator:250 sequential_int_gen: <0.97.0>: 260000 (10%)
2015-11-05 21:20:06.056 [debug] <0.316.0>@basho_bench_keygen:sequential_int_generator:250 sequential_int_gen: <0.102.0>: 260000 (10%)
2015-11-05 21:20:06.280 [debug] <0.317.0>@basho_bench_keygen:sequential_int_generator:250 sequential_int_gen: <0.104.0>: 260000 (10%)
2015-11-05 21:20:08.711 [debug] <0.318.0>@basho_bench_keygen:sequential_int_generator:250 sequential_int_gen: <0.100.0>: 265000 (10%)
2015-11-05 21:20:08.904 [debug] <0.319.0>@basho_bench_keygen:sequential_int_generator:250 sequential_int_gen: <0.97.0>: 265000 (10%)
2015-11-05 21:20:09.075 [debug] <0.320.0>@basho_bench_keygen:sequential_int_generator:250 sequential_int_gen: <0.102.0>: 265000 (10%)
2015-11-05 21:20:09.306 [debug] <0.321.0>@basho_bench_keygen:sequential_int_generator:250 sequential_int_gen: <0.104.0>: 265000 (10%)
2015-11-05 21:20:11.747 [debug] <0.322.0>@basho_bench_keygen:sequential_int_generator:250 sequential_int_gen: <0.100.0>: 270000 (10%)
2015-11-05 21:20:11.942 [debug] <0.323.0>@basho_bench_keygen:sequential_int_generator:250 sequential_int_gen: <0.97.0>: 270000 (10%)
2015-11-05 21:20:12.111 [debug] <0.324.0>@basho_bench_keygen:sequential_int_generator:250 sequential_int_gen: <0.102.0>: 270000 (10%)
2015-11-05 21:20:12.476 [debug] <0.325.0>@basho_bench_keygen:sequential_int_generator:250 sequential_int_gen: <0.104.0>: 270000 (10%)
2015-11-05 21:20:14.835 [debug] <0.326.0>@basho_bench_keygen:sequential_int_generator:250 sequential_int_gen: <0.100.0>: 275000 (11%)
2015-11-05 21:20:15.035 [debug] <0.327.0>@basho_bench_keygen:sequential_int_generator:250 sequential_int_gen: <0.97.0>: 275000 (11%)
2015-11-05 21:20:15.205 [debug] <0.328.0>@basho_bench_keygen:sequential_int_generator:250 sequential_int_gen: <0.102.0>: 275000 (11%)
2015-11-05 21:20:15.581 [debug] <0.329.0>@basho_bench_keygen:sequential_int_generator:250 sequential_int_gen: <0.104.0>: 275000 (11%)
2015-11-05 21:20:18.002 [debug] <0.330.0>@basho_bench_keygen:sequential_int_generator:250 sequential_int_gen: <0.100.0>: 280000 (11%)
2015-11-05 21:20:18.198 [debug] <0.331.0>@basho_bench_keygen:sequential_int_generator:250 sequential_int_gen: <0.97.0>: 280000 (11%)
2015-11-05 21:20:18.370 [debug] <0.332.0>@basho_bench_keygen:sequential_int_generator:250 sequential_int_gen: <0.102.0>: 280000 (11%)
2015-11-05 21:20:18.773 [debug] <0.333.0>@basho_bench_keygen:sequential_int_generator:250 sequential_int_gen: <0.104.0>: 280000 (11%)
2015-11-05 21:20:21.143 [debug] <0.334.0>@basho_bench_keygen:sequential_int_generator:250 sequential_int_gen: <0.100.0>: 285000 (11%)
2015-11-05 21:20:21.314 [debug] <0.335.0>@basho_bench_keygen:sequential_int_generator:250 sequential_int_gen: <0.97.0>: 285000 (11%)
2015-11-05 21:20:21.486 [debug] <0.336.0>@basho_bench_keygen:sequential_int_generator:250 sequential_int_gen: <0.102.0>: 285000 (11%)
2015-11-05 21:20:21.841 [debug] <0.337.0>@basho_bench_keygen:sequential_int_generator:250 sequential_int_gen: <0.104.0>: 285000 (11%)
2015-11-05 21:20:24.301 [debug] <0.338.0>@basho_bench_keygen:sequential_int_generator:250 sequential_int_gen: <0.100.0>: 290000 (11%)
2015-11-05 21:20:24.476 [debug] <0.339.0>@basho_bench_keygen:sequential_int_generator:250 sequential_int_gen: <0.97.0>: 290000 (11%)
2015-11-05 21:20:24.582 [debug] <0.340.0>@basho_bench_keygen:sequential_int_generator:250 sequential_int_gen: <0.102.0>: 290000 (11%)
2015-11-05 21:20:24.962 [debug] <0.341.0>@basho_bench_keygen:sequential_int_generator:250 sequential_int_gen: <0.104.0>: 290000 (11%)
2015-11-05 21:20:27.319 [debug] <0.342.0>@basho_bench_keygen:sequential_int_generator:250 sequential_int_gen: <0.100.0>: 295000 (11%)
2015-11-05 21:20:27.486 [debug] <0.343.0>@basho_bench_keygen:sequential_int_generator:250 sequential_int_gen: <0.97.0>: 295000 (11%)
2015-11-05 21:20:27.590 [debug] <0.344.0>@basho_bench_keygen:sequential_int_generator:250 sequential_int_gen: <0.102.0>: 295000 (11%)
2015-11-05 21:20:27.932 [debug] <0.345.0>@basho_bench_keygen:sequential_int_generator:250 sequential_int_gen: <0.104.0>: 295000 (11%)
2015-11-05 21:20:30.247 [debug] <0.346.0>@basho_bench_keygen:sequential_int_generator:250 sequential_int_gen: <0.100.0>: 300000 (12%)
2015-11-05 21:20:30.426 [debug] <0.347.0>@basho_bench_keygen:sequential_int_generator:250 sequential_int_gen: <0.97.0>: 300000 (12%)
2015-11-05 21:20:30.538 [debug] <0.348.0>@basho_bench_keygen:sequential_int_generator:250 sequential_int_gen: <0.102.0>: 300000 (12%)
2015-11-05 21:20:30.897 [debug] <0.349.0>@basho_bench_keygen:sequential_int_generator:250 sequential_int_gen: <0.104.0>: 300000 (12%)
2015-11-05 21:20:33.591 [debug] <0.350.0>@basho_bench_keygen:sequential_int_generator:250 sequential_int_gen: <0.100.0>: 305000 (12%)
2015-11-05 21:20:33.608 [debug] <0.351.0>@basho_bench_keygen:sequential_int_generator:250 sequential_int_gen: <0.97.0>: 305000 (12%)
2015-11-05 21:20:33.722 [debug] <0.352.0>@basho_bench_keygen:sequential_int_generator:250 sequential_int_gen: <0.102.0>: 305000 (12%)
2015-11-05 21:20:34.097 [debug] <0.353.0>@basho_bench_keygen:sequential_int_generator:250 sequential_int_gen: <0.104.0>: 305000 (12%)
2015-11-05 21:20:36.816 [debug] <0.354.0>@basho_bench_keygen:sequential_int_generator:250 sequential_int_gen: <0.100.0>: 310000 (12%)
2015-11-05 21:20:36.829 [debug] <0.355.0>@basho_bench_keygen:sequential_int_generator:250 sequential_int_gen: <0.97.0>: 310000 (12%)
2015-11-05 21:20:36.947 [debug] <0.356.0>@basho_bench_keygen:sequential_int_generator:250 sequential_int_gen: <0.102.0>: 310000 (12%)
2015-11-05 21:20:37.336 [debug] <0.357.0>@basho_bench_keygen:sequential_int_generator:250 sequential_int_gen: <0.104.0>: 310000 (12%)
2015-11-05 21:20:39.875 [debug] <0.358.0>@basho_bench_keygen:sequential_int_generator:250 sequential_int_gen: <0.100.0>: 315000 (12%)
2015-11-05 21:20:39.884 [debug] <0.359.0>@basho_bench_keygen:sequential_int_generator:250 sequential_int_gen: <0.97.0>: 315000 (12%)
2015-11-05 21:20:39.991 [debug] <0.360.0>@basho_bench_keygen:sequential_int_generator:250 sequential_int_gen: <0.102.0>: 315000 (12%)
2015-11-05 21:20:40.361 [debug] <0.361.0>@basho_bench_keygen:sequential_int_generator:250 sequential_int_gen: <0.104.0>: 315000 (12%)
2015-11-05 21:20:42.955 [debug] <0.362.0>@basho_bench_keygen:sequential_int_generator:250 sequential_int_gen: <0.97.0>: 320000 (12%)
2015-11-05 21:20:43.068 [debug] <0.363.0>@basho_bench_keygen:sequential_int_generator:250 sequential_int_gen: <0.102.0>: 320000 (12%)
2015-11-05 21:20:43.096 [debug] <0.364.0>@basho_bench_keygen:sequential_int_generator:250 sequential_int_gen: <0.100.0>: 320000 (12%)
2015-11-05 21:20:43.461 [debug] <0.365.0>@basho_bench_keygen:sequential_int_generator:250 sequential_int_gen: <0.104.0>: 320000 (12%)
2015-11-05 21:20:45.999 [debug] <0.366.0>@basho_bench_keygen:sequential_int_generator:250 sequential_int_gen: <0.97.0>: 325000 (13%)
2015-11-05 21:20:46.112 [debug] <0.367.0>@basho_bench_keygen:sequential_int_generator:250 sequential_int_gen: <0.102.0>: 325000 (13%)
2015-11-05 21:20:46.139 [debug] <0.368.0>@basho_bench_keygen:sequential_int_generator:250 sequential_int_gen: <0.100.0>: 325000 (13%)
2015-11-05 21:20:46.500 [debug] <0.369.0>@basho_bench_keygen:sequential_int_generator:250 sequential_int_gen: <0.104.0>: 325000 (13%)
2015-11-05 21:20:49.156 [debug] <0.370.0>@basho_bench_keygen:sequential_int_generator:250 sequential_int_gen: <0.97.0>: 330000 (13%)
2015-11-05 21:20:49.274 [debug] <0.371.0>@basho_bench_keygen:sequential_int_generator:250 sequential_int_gen: <0.102.0>: 330000 (13%)
2015-11-05 21:20:49.275 [debug] <0.372.0>@basho_bench_keygen:sequential_int_generator:250 sequential_int_gen: <0.100.0>: 330000 (13%)
2015-11-05 21:20:49.664 [debug] <0.373.0>@basho_bench_keygen:sequential_int_generator:250 sequential_int_gen: <0.104.0>: 330000 (13%)
2015-11-05 21:20:52.306 [debug] <0.374.0>@basho_bench_keygen:sequential_int_generator:250 sequential_int_gen: <0.97.0>: 335000 (13%)
2015-11-05 21:20:52.425 [debug] <0.375.0>@basho_bench_keygen:sequential_int_generator:250 sequential_int_gen: <0.102.0>: 335000 (13%)
2015-11-05 21:20:52.572 [debug] <0.376.0>@basho_bench_keygen:sequential_int_generator:250 sequential_int_gen: <0.100.0>: 335000 (13%)
2015-11-05 21:20:52.839 [debug] <0.377.0>@basho_bench_keygen:sequential_int_generator:250 sequential_int_gen: <0.104.0>: 335000 (13%)
2015-11-05 21:20:55.528 [debug] <0.378.0>@basho_bench_keygen:sequential_int_generator:250 sequential_int_gen: <0.97.0>: 340000 (13%)
2015-11-05 21:20:55.659 [debug] <0.379.0>@basho_bench_keygen:sequential_int_generator:250 sequential_int_gen: <0.102.0>: 340000 (13%)
2015-11-05 21:20:55.777 [debug] <0.380.0>@basho_bench_keygen:sequential_int_generator:250 sequential_int_gen: <0.100.0>: 340000 (13%)
2015-11-05 21:20:56.064 [debug] <0.381.0>@basho_bench_keygen:sequential_int_generator:250 sequential_int_gen: <0.104.0>: 340000 (13%)
2015-11-05 21:20:58.665 [debug] <0.382.0>@basho_bench_keygen:sequential_int_generator:250 sequential_int_gen: <0.97.0>: 345000 (13%)
2015-11-05 21:20:58.787 [debug] <0.383.0>@basho_bench_keygen:sequential_int_generator:250 sequential_int_gen: <0.102.0>: 345000 (13%)
2015-11-05 21:20:58.895 [debug] <0.384.0>@basho_bench_keygen:sequential_int_generator:250 sequential_int_gen: <0.100.0>: 345000 (13%)
2015-11-05 21:20:59.181 [debug] <0.385.0>@basho_bench_keygen:sequential_int_generator:250 sequential_int_gen: <0.104.0>: 345000 (13%)
2015-11-05 21:21:01.814 [debug] <0.386.0>@basho_bench_keygen:sequential_int_generator:250 sequential_int_gen: <0.97.0>: 350000 (14%)
2015-11-05 21:21:01.955 [debug] <0.387.0>@basho_bench_keygen:sequential_int_generator:250 sequential_int_gen: <0.102.0>: 350000 (14%)
2015-11-05 21:21:02.061 [debug] <0.388.0>@basho_bench_keygen:sequential_int_generator:250 sequential_int_gen: <0.100.0>: 350000 (14%)
2015-11-05 21:21:02.407 [debug] <0.389.0>@basho_bench_keygen:sequential_int_generator:250 sequential_int_gen: <0.104.0>: 350000 (14%)
2015-11-05 21:21:04.884 [debug] <0.390.0>@basho_bench_keygen:sequential_int_generator:250 sequential_int_gen: <0.97.0>: 355000 (14%)
2015-11-05 21:21:05.016 [debug] <0.391.0>@basho_bench_keygen:sequential_int_generator:250 sequential_int_gen: <0.102.0>: 355000 (14%)
2015-11-05 21:21:05.196 [debug] <0.392.0>@basho_bench_keygen:sequential_int_generator:250 sequential_int_gen: <0.100.0>: 355000 (14%)
2015-11-05 21:21:05.462 [debug] <0.393.0>@basho_bench_keygen:sequential_int_generator:250 sequential_int_gen: <0.104.0>: 355000 (14%)
2015-11-05 21:21:08.024 [debug] <0.394.0>@basho_bench_keygen:sequential_int_generator:250 sequential_int_gen: <0.97.0>: 360000 (14%)
2015-11-05 21:21:08.164 [debug] <0.395.0>@basho_bench_keygen:sequential_int_generator:250 sequential_int_gen: <0.102.0>: 360000 (14%)
2015-11-05 21:21:08.359 [debug] <0.396.0>@basho_bench_keygen:sequential_int_generator:250 sequential_int_gen: <0.100.0>: 360000 (14%)
2015-11-05 21:21:08.633 [debug] <0.397.0>@basho_bench_keygen:sequential_int_generator:250 sequential_int_gen: <0.104.0>: 360000 (14%)
2015-11-05 21:21:11.221 [debug] <0.398.0>@basho_bench_keygen:sequential_int_generator:250 sequential_int_gen: <0.97.0>: 365000 (14%)
2015-11-05 21:21:11.361 [debug] <0.399.0>@basho_bench_keygen:sequential_int_generator:250 sequential_int_gen: <0.102.0>: 365000 (14%)
2015-11-05 21:21:11.552 [debug] <0.400.0>@basho_bench_keygen:sequential_int_generator:250 sequential_int_gen: <0.100.0>: 365000 (14%)
2015-11-05 21:21:11.818 [debug] <0.401.0>@basho_bench_keygen:sequential_int_generator:250 sequential_int_gen: <0.104.0>: 365000 (14%)
2015-11-05 21:21:14.401 [debug] <0.402.0>@basho_bench_keygen:sequential_int_generator:250 sequential_int_gen: <0.97.0>: 370000 (14%)
2015-11-05 21:21:14.638 [debug] <0.403.0>@basho_bench_keygen:sequential_int_generator:250 sequential_int_gen: <0.102.0>: 370000 (14%)
2015-11-05 21:21:14.740 [debug] <0.404.0>@basho_bench_keygen:sequential_int_generator:250 sequential_int_gen: <0.100.0>: 370000 (14%)
2015-11-05 21:21:15.089 [debug] <0.405.0>@basho_bench_keygen:sequential_int_generator:250 sequential_int_gen: <0.104.0>: 370000 (14%)
2015-11-05 21:21:17.426 [debug] <0.406.0>@basho_bench_keygen:sequential_int_generator:250 sequential_int_gen: <0.97.0>: 375000 (15%)
2015-11-05 21:21:17.667 [debug] <0.407.0>@basho_bench_keygen:sequential_int_generator:250 sequential_int_gen: <0.102.0>: 375000 (15%)
2015-11-05 21:21:17.761 [debug] <0.408.0>@basho_bench_keygen:sequential_int_generator:250 sequential_int_gen: <0.100.0>: 375000 (15%)
2015-11-05 21:21:18.108 [debug] <0.409.0>@basho_bench_keygen:sequential_int_generator:250 sequential_int_gen: <0.104.0>: 375000 (15%)
2015-11-05 21:21:20.615 [debug] <0.410.0>@basho_bench_keygen:sequential_int_generator:250 sequential_int_gen: <0.97.0>: 380000 (15%)
2015-11-05 21:21:20.855 [debug] <0.411.0>@basho_bench_keygen:sequential_int_generator:250 sequential_int_gen: <0.102.0>: 380000 (15%)
2015-11-05 21:21:20.949 [debug] <0.412.0>@basho_bench_keygen:sequential_int_generator:250 sequential_int_gen: <0.100.0>: 380000 (15%)
2015-11-05 21:21:21.303 [debug] <0.413.0>@basho_bench_keygen:sequential_int_generator:250 sequential_int_gen: <0.104.0>: 380000 (15%)
2015-11-05 21:21:23.801 [debug] <0.414.0>@basho_bench_keygen:sequential_int_generator:250 sequential_int_gen: <0.97.0>: 385000 (15%)
2015-11-05 21:21:24.033 [debug] <0.415.0>@basho_bench_keygen:sequential_int_generator:250 sequential_int_gen: <0.102.0>: 385000 (15%)
2015-11-05 21:21:24.292 [debug] <0.416.0>@basho_bench_keygen:sequential_int_generator:250 sequential_int_gen: <0.100.0>: 385000 (15%)
2015-11-05 21:21:24.480 [debug] <0.417.0>@basho_bench_keygen:sequential_int_generator:250 sequential_int_gen: <0.104.0>: 385000 (15%)
2015-11-05 21:21:26.991 [debug] <0.418.0>@basho_bench_keygen:sequential_int_generator:250 sequential_int_gen: <0.97.0>: 390000 (15%)
2015-11-05 21:21:27.229 [debug] <0.419.0>@basho_bench_keygen:sequential_int_generator:250 sequential_int_gen: <0.102.0>: 390000 (15%)
2015-11-05 21:21:27.472 [debug] <0.420.0>@basho_bench_keygen:sequential_int_generator:250 sequential_int_gen: <0.100.0>: 390000 (15%)
2015-11-05 21:21:27.677 [debug] <0.421.0>@basho_bench_keygen:sequential_int_generator:250 sequential_int_gen: <0.104.0>: 390000 (15%)
2015-11-05 21:21:30.090 [debug] <0.422.0>@basho_bench_keygen:sequential_int_generator:250 sequential_int_gen: <0.97.0>: 395000 (15%)
2015-11-05 21:21:30.332 [debug] <0.423.0>@basho_bench_keygen:sequential_int_generator:250 sequential_int_gen: <0.102.0>: 395000 (15%)
2015-11-05 21:21:30.570 [debug] <0.424.0>@basho_bench_keygen:sequential_int_generator:250 sequential_int_gen: <0.100.0>: 395000 (15%)
2015-11-05 21:21:30.764 [debug] <0.425.0>@basho_bench_keygen:sequential_int_generator:250 sequential_int_gen: <0.104.0>: 395000 (15%)
2015-11-05 21:21:33.355 [debug] <0.426.0>@basho_bench_keygen:sequential_int_generator:250 sequential_int_gen: <0.97.0>: 400000 (16%)
2015-11-05 21:21:33.450 [debug] <0.427.0>@basho_bench_keygen:sequential_int_generator:250 sequential_int_gen: <0.102.0>: 400000 (16%)
2015-11-05 21:21:33.691 [debug] <0.428.0>@basho_bench_keygen:sequential_int_generator:250 sequential_int_gen: <0.100.0>: 400000 (16%)
2015-11-05 21:21:33.881 [debug] <0.429.0>@basho_bench_keygen:sequential_int_generator:250 sequential_int_gen: <0.104.0>: 400000 (16%)
2015-11-05 21:21:36.492 [debug] <0.430.0>@basho_bench_keygen:sequential_int_generator:250 sequential_int_gen: <0.97.0>: 405000 (16%)
2015-11-05 21:21:36.594 [debug] <0.431.0>@basho_bench_keygen:sequential_int_generator:250 sequential_int_gen: <0.102.0>: 405000 (16%)
2015-11-05 21:21:36.830 [debug] <0.432.0>@basho_bench_keygen:sequential_int_generator:250 sequential_int_gen: <0.100.0>: 405000 (16%)
2015-11-05 21:21:37.020 [debug] <0.433.0>@basho_bench_keygen:sequential_int_generator:250 sequential_int_gen: <0.104.0>: 405000 (16%)
2015-11-05 21:21:39.599 [debug] <0.434.0>@basho_bench_keygen:sequential_int_generator:250 sequential_int_gen: <0.97.0>: 410000 (16%)
2015-11-05 21:21:39.699 [debug] <0.435.0>@basho_bench_keygen:sequential_int_generator:250 sequential_int_gen: <0.102.0>: 410000 (16%)
2015-11-05 21:21:39.926 [debug] <0.436.0>@basho_bench_keygen:sequential_int_generator:250 sequential_int_gen: <0.100.0>: 410000 (16%)
2015-11-05 21:21:40.118 [debug] <0.437.0>@basho_bench_keygen:sequential_int_generator:250 sequential_int_gen: <0.104.0>: 410000 (16%)
2015-11-05 21:21:42.787 [debug] <0.438.0>@basho_bench_keygen:sequential_int_generator:250 sequential_int_gen: <0.102.0>: 415000 (16%)
2015-11-05 21:21:42.818 [debug] <0.439.0>@basho_bench_keygen:sequential_int_generator:250 sequential_int_gen: <0.97.0>: 415000 (16%)
2015-11-05 21:21:43.064 [debug] <0.440.0>@basho_bench_keygen:sequential_int_generator:250 sequential_int_gen: <0.100.0>: 415000 (16%)
2015-11-05 21:21:43.234 [debug] <0.441.0>@basho_bench_keygen:sequential_int_generator:250 sequential_int_gen: <0.104.0>: 415000 (16%)
2015-11-05 21:21:45.969 [debug] <0.442.0>@basho_bench_keygen:sequential_int_generator:250 sequential_int_gen: <0.102.0>: 420000 (16%)
2015-11-05 21:21:45.995 [debug] <0.443.0>@basho_bench_keygen:sequential_int_generator:250 sequential_int_gen: <0.97.0>: 420000 (16%)
2015-11-05 21:21:46.248 [debug] <0.444.0>@basho_bench_keygen:sequential_int_generator:250 sequential_int_gen: <0.100.0>: 420000 (16%)
2015-11-05 21:21:46.404 [debug] <0.445.0>@basho_bench_keygen:sequential_int_generator:250 sequential_int_gen: <0.104.0>: 420000 (16%)
2015-11-05 21:21:48.986 [debug] <0.446.0>@basho_bench_keygen:sequential_int_generator:250 sequential_int_gen: <0.102.0>: 425000 (17%)
2015-11-05 21:21:48.998 [debug] <0.447.0>@basho_bench_keygen:sequential_int_generator:250 sequential_int_gen: <0.97.0>: 425000 (17%)
2015-11-05 21:21:49.254 [debug] <0.448.0>@basho_bench_keygen:sequential_int_generator:250 sequential_int_gen: <0.100.0>: 425000 (17%)
2015-11-05 21:21:49.416 [debug] <0.449.0>@basho_bench_keygen:sequential_int_generator:250 sequential_int_gen: <0.104.0>: 425000 (17%)
2015-11-05 21:21:52.170 [debug] <0.450.0>@basho_bench_keygen:sequential_int_generator:250 sequential_int_gen: <0.102.0>: 430000 (17%)
2015-11-05 21:21:52.185 [debug] <0.451.0>@basho_bench_keygen:sequential_int_generator:250 sequential_int_gen: <0.97.0>: 430000 (17%)
2015-11-05 21:21:52.442 [debug] <0.452.0>@basho_bench_keygen:sequential_int_generator:250 sequential_int_gen: <0.100.0>: 430000 (17%)
2015-11-05 21:21:52.583 [debug] <0.453.0>@basho_bench_keygen:sequential_int_generator:250 sequential_int_gen: <0.104.0>: 430000 (17%)
2015-11-05 21:21:55.312 [debug] <0.454.0>@basho_bench_keygen:sequential_int_generator:250 sequential_int_gen: <0.97.0>: 435000 (17%)
2015-11-05 21:21:55.448 [debug] <0.455.0>@basho_bench_keygen:sequential_int_generator:250 sequential_int_gen: <0.102.0>: 435000 (17%)
2015-11-05 21:21:55.605 [debug] <0.456.0>@basho_bench_keygen:sequential_int_generator:250 sequential_int_gen: <0.100.0>: 435000 (17%)
2015-11-05 21:21:55.743 [debug] <0.457.0>@basho_bench_keygen:sequential_int_generator:250 sequential_int_gen: <0.104.0>: 435000 (17%)
2015-11-05 21:21:58.521 [debug] <0.458.0>@basho_bench_keygen:sequential_int_generator:250 sequential_int_gen: <0.97.0>: 440000 (17%)
2015-11-05 21:21:58.653 [debug] <0.459.0>@basho_bench_keygen:sequential_int_generator:250 sequential_int_gen: <0.102.0>: 440000 (17%)
2015-11-05 21:21:58.806 [debug] <0.460.0>@basho_bench_keygen:sequential_int_generator:250 sequential_int_gen: <0.100.0>: 440000 (17%)
2015-11-05 21:21:58.940 [debug] <0.461.0>@basho_bench_keygen:sequential_int_generator:250 sequential_int_gen: <0.104.0>: 440000 (17%)
2015-11-05 21:22:01.524 [debug] <0.462.0>@basho_bench_keygen:sequential_int_generator:250 sequential_int_gen: <0.97.0>: 445000 (17%)
2015-11-05 21:22:01.675 [debug] <0.463.0>@basho_bench_keygen:sequential_int_generator:250 sequential_int_gen: <0.102.0>: 445000 (17%)
2015-11-05 21:22:01.826 [debug] <0.464.0>@basho_bench_keygen:sequential_int_generator:250 sequential_int_gen: <0.100.0>: 445000 (17%)
2015-11-05 21:22:01.970 [debug] <0.465.0>@basho_bench_keygen:sequential_int_generator:250 sequential_int_gen: <0.104.0>: 445000 (17%)
2015-11-05 21:22:04.713 [debug] <0.466.0>@basho_bench_keygen:sequential_int_generator:250 sequential_int_gen: <0.97.0>: 450000 (18%)
2015-11-05 21:22:04.962 [debug] <0.467.0>@basho_bench_keygen:sequential_int_generator:250 sequential_int_gen: <0.102.0>: 450000 (18%)
2015-11-05 21:22:05.113 [debug] <0.468.0>@basho_bench_keygen:sequential_int_generator:250 sequential_int_gen: <0.100.0>: 450000 (18%)
2015-11-05 21:22:05.168 [debug] <0.469.0>@basho_bench_keygen:sequential_int_generator:250 sequential_int_gen: <0.104.0>: 450000 (18%)
2015-11-05 21:22:07.870 [debug] <0.470.0>@basho_bench_keygen:sequential_int_generator:250 sequential_int_gen: <0.97.0>: 455000 (18%)
2015-11-05 21:22:08.099 [debug] <0.471.0>@basho_bench_keygen:sequential_int_generator:250 sequential_int_gen: <0.102.0>: 455000 (18%)
2015-11-05 21:22:08.239 [debug] <0.472.0>@basho_bench_keygen:sequential_int_generator:250 sequential_int_gen: <0.100.0>: 455000 (18%)
2015-11-05 21:22:08.292 [debug] <0.473.0>@basho_bench_keygen:sequential_int_generator:250 sequential_int_gen: <0.104.0>: 455000 (18%)
2015-11-05 21:22:10.985 [debug] <0.474.0>@basho_bench_keygen:sequential_int_generator:250 sequential_int_gen: <0.97.0>: 460000 (18%)
2015-11-05 21:22:11.222 [debug] <0.475.0>@basho_bench_keygen:sequential_int_generator:250 sequential_int_gen: <0.102.0>: 460000 (18%)
2015-11-05 21:22:11.368 [debug] <0.476.0>@basho_bench_keygen:sequential_int_generator:250 sequential_int_gen: <0.100.0>: 460000 (18%)
2015-11-05 21:22:11.425 [debug] <0.477.0>@basho_bench_keygen:sequential_int_generator:250 sequential_int_gen: <0.104.0>: 460000 (18%)
2015-11-05 21:22:14.192 [debug] <0.478.0>@basho_bench_keygen:sequential_int_generator:250 sequential_int_gen: <0.97.0>: 465000 (18%)
2015-11-05 21:22:14.438 [debug] <0.479.0>@basho_bench_keygen:sequential_int_generator:250 sequential_int_gen: <0.102.0>: 465000 (18%)
2015-11-05 21:22:14.582 [debug] <0.480.0>@basho_bench_keygen:sequential_int_generator:250 sequential_int_gen: <0.100.0>: 465000 (18%)
2015-11-05 21:22:14.808 [debug] <0.481.0>@basho_bench_keygen:sequential_int_generator:250 sequential_int_gen: <0.104.0>: 465000 (18%)
2015-11-05 21:22:17.416 [debug] <0.482.0>@basho_bench_keygen:sequential_int_generator:250 sequential_int_gen: <0.97.0>: 470000 (18%)
2015-11-05 21:22:17.665 [debug] <0.483.0>@basho_bench_keygen:sequential_int_generator:250 sequential_int_gen: <0.102.0>: 470000 (18%)
2015-11-05 21:22:17.808 [debug] <0.484.0>@basho_bench_keygen:sequential_int_generator:250 sequential_int_gen: <0.100.0>: 470000 (18%)
2015-11-05 21:22:18.027 [debug] <0.485.0>@basho_bench_keygen:sequential_int_generator:250 sequential_int_gen: <0.104.0>: 470000 (18%)
2015-11-05 21:22:20.613 [debug] <0.486.0>@basho_bench_keygen:sequential_int_generator:250 sequential_int_gen: <0.97.0>: 475000 (19%)
2015-11-05 21:22:20.852 [debug] <0.487.0>@basho_bench_keygen:sequential_int_generator:250 sequential_int_gen: <0.102.0>: 475000 (19%)
2015-11-05 21:22:20.987 [debug] <0.488.0>@basho_bench_keygen:sequential_int_generator:250 sequential_int_gen: <0.100.0>: 475000 (19%)
2015-11-05 21:22:21.185 [debug] <0.489.0>@basho_bench_keygen:sequential_int_generator:250 sequential_int_gen: <0.104.0>: 475000 (19%)
2015-11-05 21:22:23.441 [info] <0.86.0>@basho_bench_stats:report_total_errors:285 No Errors.
2015-11-05 21:22:23.444 [info] <0.7.0> Application basho_bench exited with reason: stopped
