2015-11-05 21:24:41.284 [debug] <0.54.0>@lager_handler_watcher:94 Lager installed handler {lager_file_backend,
                            "/home/windkit/basho_bench/tests/20151105_212441/error.log"} into lager_event
2015-11-05 21:24:41.284 [debug] <0.56.0>@lager_handler_watcher:94 Lager installed handler {lager_file_backend,
                            "/home/windkit/basho_bench/tests/20151105_212441/console.log"} into lager_event
2015-11-05 21:24:41.284 [debug] <0.58.0>@lager_handler_watcher:94 Lager installed handler error_logger_lager_h into error_logger
2015-11-05 21:24:41.310 [debug] <0.41.0> Supervisor gr_param_sup started gr_param:start_link(gr_lager_default_tracer_params) at pid <0.60.0>
2015-11-05 21:24:41.310 [debug] <0.40.0> Supervisor gr_counter_sup started gr_counter:start_link(gr_lager_default_tracer_counters) at pid <0.61.0>
2015-11-05 21:24:41.310 [debug] <0.42.0> Supervisor gr_manager_sup started gr_manager:start_link(gr_lager_default_tracer_params_mgr, gr_lager_default_tracer_params, []) at pid <0.62.0>
2015-11-05 21:24:41.310 [debug] <0.42.0> Supervisor gr_manager_sup started gr_manager:start_link(gr_lager_default_tracer_counters_mgr, gr_lager_default_tracer_counters, [{input,0},{filter,0},{output,0}]) at pid <0.63.0>
2015-11-05 21:24:41.730 [info] <0.7.0> Application lager started on node nonode@nohost
2015-11-05 21:24:41.731 [notice] <0.47.0>@lager_file_backend:127 Changed loglevel of /home/windkit/basho_bench/tests/20151105_212441/console.log to debug
2015-11-05 21:24:41.740 [info] <0.2.0>@basho_bench:log_dimensions:253 Est. data size: 9765.63 GB
2015-11-05 21:24:41.766 [debug] <0.50.0>@lager_handler_watcher:94 Lager installed handler lager_backend_throttle into lager_event
2015-11-05 21:24:41.782 [debug] <0.72.0> Supervisor sasl_safe_sup started alarm_handler:start_link() at pid <0.73.0>
2015-11-05 21:24:41.782 [debug] <0.72.0> Supervisor sasl_safe_sup started overload:start_link() at pid <0.74.0>
2015-11-05 21:24:41.782 [debug] <0.71.0> Supervisor sasl_sup started supervisor:start_link({local,sasl_safe_sup}, sasl, safe) at pid <0.72.0>
2015-11-05 21:24:41.792 [debug] <0.71.0> Supervisor sasl_sup started release_handler:start_link() at pid <0.75.0>
2015-11-05 21:24:41.792 [info] <0.7.0> Application sasl started on node nonode@nohost
2015-11-05 21:24:41.833 [debug] <0.80.0> Supervisor crypto_sup started crypto_server:start_link() at pid <0.81.0>
2015-11-05 21:24:41.833 [info] <0.7.0> Application crypto started on node nonode@nohost
2015-11-05 21:24:41.853 [debug] <0.90.0> Supervisor folsom_sup started folsom_sample_slide_sup:start_link() at pid <0.91.0>
2015-11-05 21:24:41.856 [debug] <0.90.0> Supervisor folsom_sup started folsom_meter_timer_server:start_link() at pid <0.92.0>
2015-11-05 21:24:41.859 [debug] <0.90.0> Supervisor folsom_sup started folsom_metrics_histogram_ets:start_link() at pid <0.93.0>
2015-11-05 21:24:41.859 [info] <0.7.0> Application folsom started on node nonode@nohost
2015-11-05 21:24:41.884 [debug] <0.85.0> Supervisor basho_bench_sup started basho_bench_stats:start_link() at pid <0.86.0>
2015-11-05 21:24:41.889 [debug] <0.95.0>@basho_bench_keygen:new:105 ID 1 generating range 0 to 2500000
2015-11-05 21:24:41.889 [info] <0.95.0>@basho_bench_valgen:init_source:88 Random source: calling crypto:rand_bytes(10485760) (override with the 'value_generator_source_size' config option
2015-11-05 21:24:42.108 [info] <0.95.0>@basho_bench_valgen:init_source:95 Random source: finished crypto:rand_bytes(10485760)
2015-11-05 21:24:42.132 [debug] <0.99.0>@basho_bench_keygen:new:105 ID 2 generating range 2500000 to 5000000
2015-11-05 21:24:42.132 [debug] <0.85.0> Supervisor basho_bench_sup started basho_bench_worker:start_link(basho_bench_worker_1, 1) at pid <0.95.0>
2015-11-05 21:24:42.134 [debug] <0.101.0>@basho_bench_keygen:new:105 ID 3 generating range 5000000 to 7500000
2015-11-05 21:24:42.135 [debug] <0.85.0> Supervisor basho_bench_sup started basho_bench_worker:start_link(basho_bench_worker_2, 2) at pid <0.99.0>
2015-11-05 21:24:42.136 [debug] <0.103.0>@basho_bench_keygen:new:105 ID 4 generating range 7500000 to 10000000
2015-11-05 21:24:42.137 [debug] <0.85.0> Supervisor basho_bench_sup started basho_bench_worker:start_link(basho_bench_worker_3, 3) at pid <0.101.0>
2015-11-05 21:24:42.139 [debug] <0.85.0> Supervisor basho_bench_sup started basho_bench_worker:start_link(basho_bench_worker_4, 4) at pid <0.103.0>
2015-11-05 21:24:42.139 [debug] <0.26.0> Supervisor kernel_safe_sup started timer:start_link() at pid <0.105.0>
2015-11-05 21:24:42.143 [info] <0.104.0>@basho_bench_worker:worker_idle_loop:237 Starting max worker: <0.104.0> on nonode@nohost
2015-11-05 21:24:42.143 [info] <0.102.0>@basho_bench_worker:worker_idle_loop:237 Starting max worker: <0.102.0> on nonode@nohost
2015-11-05 21:24:42.144 [info] <0.100.0>@basho_bench_worker:worker_idle_loop:237 Starting max worker: <0.100.0> on nonode@nohost
2015-11-05 21:24:42.144 [info] <0.97.0>@basho_bench_worker:worker_idle_loop:237 Starting max worker: <0.97.0> on nonode@nohost
2015-11-05 21:24:42.144 [debug] <0.106.0>@basho_bench_keygen:sequential_int_generator:250 sequential_int_gen: <0.104.0>: 0 (0%)
2015-11-05 21:24:42.144 [debug] <0.107.0>@basho_bench_keygen:sequential_int_generator:250 sequential_int_gen: <0.102.0>: 0 (0%)
2015-11-05 21:24:42.144 [info] <0.7.0> Application basho_bench started on node nonode@nohost
2015-11-05 21:24:42.144 [debug] <0.108.0>@basho_bench_keygen:sequential_int_generator:250 sequential_int_gen: <0.100.0>: 0 (0%)
2015-11-05 21:24:42.144 [debug] <0.109.0>@basho_bench_keygen:sequential_int_generator:250 sequential_int_gen: <0.97.0>: 0 (0%)
2015-11-05 21:24:44.086 [debug] <0.110.0>@basho_bench_keygen:sequential_int_generator:250 sequential_int_gen: <0.104.0>: 5000 (0%)
2015-11-05 21:24:44.101 [debug] <0.111.0>@basho_bench_keygen:sequential_int_generator:250 sequential_int_gen: <0.102.0>: 5000 (0%)
2015-11-05 21:24:44.103 [debug] <0.112.0>@basho_bench_keygen:sequential_int_generator:250 sequential_int_gen: <0.100.0>: 5000 (0%)
2015-11-05 21:24:44.105 [debug] <0.113.0>@basho_bench_keygen:sequential_int_generator:250 sequential_int_gen: <0.97.0>: 5000 (0%)
2015-11-05 21:24:45.976 [debug] <0.114.0>@basho_bench_keygen:sequential_int_generator:250 sequential_int_gen: <0.104.0>: 10000 (0%)
2015-11-05 21:24:45.991 [debug] <0.115.0>@basho_bench_keygen:sequential_int_generator:250 sequential_int_gen: <0.100.0>: 10000 (0%)
2015-11-05 21:24:45.993 [debug] <0.116.0>@basho_bench_keygen:sequential_int_generator:250 sequential_int_gen: <0.102.0>: 10000 (0%)
2015-11-05 21:24:46.000 [debug] <0.117.0>@basho_bench_keygen:sequential_int_generator:250 sequential_int_gen: <0.97.0>: 10000 (0%)
2015-11-05 21:24:47.931 [debug] <0.118.0>@basho_bench_keygen:sequential_int_generator:250 sequential_int_gen: <0.104.0>: 15000 (0%)
2015-11-05 21:24:47.950 [debug] <0.119.0>@basho_bench_keygen:sequential_int_generator:250 sequential_int_gen: <0.100.0>: 15000 (0%)
2015-11-05 21:24:47.951 [debug] <0.120.0>@basho_bench_keygen:sequential_int_generator:250 sequential_int_gen: <0.102.0>: 15000 (0%)
2015-11-05 21:24:47.962 [debug] <0.121.0>@basho_bench_keygen:sequential_int_generator:250 sequential_int_gen: <0.97.0>: 15000 (0%)
2015-11-05 21:24:49.890 [debug] <0.122.0>@basho_bench_keygen:sequential_int_generator:250 sequential_int_gen: <0.104.0>: 20000 (0%)
2015-11-05 21:24:49.910 [debug] <0.123.0>@basho_bench_keygen:sequential_int_generator:250 sequential_int_gen: <0.102.0>: 20000 (0%)
2015-11-05 21:24:49.910 [debug] <0.124.0>@basho_bench_keygen:sequential_int_generator:250 sequential_int_gen: <0.100.0>: 20000 (0%)
2015-11-05 21:24:49.921 [debug] <0.125.0>@basho_bench_keygen:sequential_int_generator:250 sequential_int_gen: <0.97.0>: 20000 (0%)
2015-11-05 21:24:51.783 [debug] <0.126.0>@basho_bench_keygen:sequential_int_generator:250 sequential_int_gen: <0.104.0>: 25000 (1%)
2015-11-05 21:24:51.798 [debug] <0.127.0>@basho_bench_keygen:sequential_int_generator:250 sequential_int_gen: <0.102.0>: 25000 (1%)
2015-11-05 21:24:51.801 [debug] <0.128.0>@basho_bench_keygen:sequential_int_generator:250 sequential_int_gen: <0.100.0>: 25000 (1%)
2015-11-05 21:24:51.811 [debug] <0.129.0>@basho_bench_keygen:sequential_int_generator:250 sequential_int_gen: <0.97.0>: 25000 (1%)
2015-11-05 21:24:53.694 [debug] <0.130.0>@basho_bench_keygen:sequential_int_generator:250 sequential_int_gen: <0.104.0>: 30000 (1%)
2015-11-05 21:24:53.706 [debug] <0.132.0>@basho_bench_keygen:sequential_int_generator:250 sequential_int_gen: <0.102.0>: 30000 (1%)
2015-11-05 21:24:53.706 [debug] <0.131.0>@basho_bench_keygen:sequential_int_generator:250 sequential_int_gen: <0.100.0>: 30000 (1%)
2015-11-05 21:24:53.755 [debug] <0.133.0>@basho_bench_keygen:sequential_int_generator:250 sequential_int_gen: <0.97.0>: 30000 (1%)
2015-11-05 21:24:55.658 [debug] <0.134.0>@basho_bench_keygen:sequential_int_generator:250 sequential_int_gen: <0.100.0>: 35000 (1%)
2015-11-05 21:24:55.680 [debug] <0.135.0>@basho_bench_keygen:sequential_int_generator:250 sequential_int_gen: <0.104.0>: 35000 (1%)
2015-11-05 21:24:55.771 [debug] <0.136.0>@basho_bench_keygen:sequential_int_generator:250 sequential_int_gen: <0.102.0>: 35000 (1%)
2015-11-05 21:24:55.802 [debug] <0.137.0>@basho_bench_keygen:sequential_int_generator:250 sequential_int_gen: <0.97.0>: 35000 (1%)
2015-11-05 21:24:57.548 [debug] <0.138.0>@basho_bench_keygen:sequential_int_generator:250 sequential_int_gen: <0.100.0>: 40000 (1%)
2015-11-05 21:24:57.578 [debug] <0.139.0>@basho_bench_keygen:sequential_int_generator:250 sequential_int_gen: <0.104.0>: 40000 (1%)
2015-11-05 21:24:57.659 [debug] <0.140.0>@basho_bench_keygen:sequential_int_generator:250 sequential_int_gen: <0.102.0>: 40000 (1%)
2015-11-05 21:24:57.703 [debug] <0.141.0>@basho_bench_keygen:sequential_int_generator:250 sequential_int_gen: <0.97.0>: 40000 (1%)
2015-11-05 21:24:59.524 [debug] <0.142.0>@basho_bench_keygen:sequential_int_generator:250 sequential_int_gen: <0.100.0>: 45000 (1%)
2015-11-05 21:24:59.559 [debug] <0.143.0>@basho_bench_keygen:sequential_int_generator:250 sequential_int_gen: <0.104.0>: 45000 (1%)
2015-11-05 21:24:59.641 [debug] <0.144.0>@basho_bench_keygen:sequential_int_generator:250 sequential_int_gen: <0.102.0>: 45000 (1%)
2015-11-05 21:24:59.690 [debug] <0.145.0>@basho_bench_keygen:sequential_int_generator:250 sequential_int_gen: <0.97.0>: 45000 (1%)
2015-11-05 21:25:01.531 [debug] <0.146.0>@basho_bench_keygen:sequential_int_generator:250 sequential_int_gen: <0.100.0>: 50000 (2%)
2015-11-05 21:25:01.565 [debug] <0.147.0>@basho_bench_keygen:sequential_int_generator:250 sequential_int_gen: <0.104.0>: 50000 (2%)
2015-11-05 21:25:01.655 [debug] <0.148.0>@basho_bench_keygen:sequential_int_generator:250 sequential_int_gen: <0.102.0>: 50000 (2%)
2015-11-05 21:25:01.706 [debug] <0.149.0>@basho_bench_keygen:sequential_int_generator:250 sequential_int_gen: <0.97.0>: 50000 (2%)
2015-11-05 21:25:03.464 [debug] <0.150.0>@basho_bench_keygen:sequential_int_generator:250 sequential_int_gen: <0.100.0>: 55000 (2%)
2015-11-05 21:25:03.623 [debug] <0.151.0>@basho_bench_keygen:sequential_int_generator:250 sequential_int_gen: <0.104.0>: 55000 (2%)
2015-11-05 21:25:03.640 [debug] <0.152.0>@basho_bench_keygen:sequential_int_generator:250 sequential_int_gen: <0.97.0>: 55000 (2%)
2015-11-05 21:25:03.697 [debug] <0.153.0>@basho_bench_keygen:sequential_int_generator:250 sequential_int_gen: <0.102.0>: 55000 (2%)
2015-11-05 21:25:05.307 [debug] <0.154.0>@basho_bench_keygen:sequential_int_generator:250 sequential_int_gen: <0.100.0>: 60000 (2%)
2015-11-05 21:25:05.479 [debug] <0.155.0>@basho_bench_keygen:sequential_int_generator:250 sequential_int_gen: <0.104.0>: 60000 (2%)
2015-11-05 21:25:05.508 [debug] <0.156.0>@basho_bench_keygen:sequential_int_generator:250 sequential_int_gen: <0.97.0>: 60000 (2%)
2015-11-05 21:25:05.556 [debug] <0.157.0>@basho_bench_keygen:sequential_int_generator:250 sequential_int_gen: <0.102.0>: 60000 (2%)
2015-11-05 21:25:07.290 [debug] <0.158.0>@basho_bench_keygen:sequential_int_generator:250 sequential_int_gen: <0.100.0>: 65000 (2%)
2015-11-05 21:25:07.471 [debug] <0.159.0>@basho_bench_keygen:sequential_int_generator:250 sequential_int_gen: <0.104.0>: 65000 (2%)
2015-11-05 21:25:07.507 [debug] <0.160.0>@basho_bench_keygen:sequential_int_generator:250 sequential_int_gen: <0.97.0>: 65000 (2%)
2015-11-05 21:25:07.555 [debug] <0.161.0>@basho_bench_keygen:sequential_int_generator:250 sequential_int_gen: <0.102.0>: 65000 (2%)
2015-11-05 21:25:09.306 [debug] <0.162.0>@basho_bench_keygen:sequential_int_generator:250 sequential_int_gen: <0.100.0>: 70000 (2%)
2015-11-05 21:25:09.493 [debug] <0.163.0>@basho_bench_keygen:sequential_int_generator:250 sequential_int_gen: <0.104.0>: 70000 (2%)
2015-11-05 21:25:09.518 [debug] <0.164.0>@basho_bench_keygen:sequential_int_generator:250 sequential_int_gen: <0.97.0>: 70000 (2%)
2015-11-05 21:25:09.578 [debug] <0.165.0>@basho_bench_keygen:sequential_int_generator:250 sequential_int_gen: <0.102.0>: 70000 (2%)
2015-11-05 21:25:11.315 [debug] <0.166.0>@basho_bench_keygen:sequential_int_generator:250 sequential_int_gen: <0.100.0>: 75000 (3%)
2015-11-05 21:25:11.509 [debug] <0.167.0>@basho_bench_keygen:sequential_int_generator:250 sequential_int_gen: <0.104.0>: 75000 (3%)
2015-11-05 21:25:11.526 [debug] <0.168.0>@basho_bench_keygen:sequential_int_generator:250 sequential_int_gen: <0.97.0>: 75000 (3%)
2015-11-05 21:25:11.596 [debug] <0.169.0>@basho_bench_keygen:sequential_int_generator:250 sequential_int_gen: <0.102.0>: 75000 (3%)
2015-11-05 21:25:13.291 [debug] <0.170.0>@basho_bench_keygen:sequential_int_generator:250 sequential_int_gen: <0.100.0>: 80000 (3%)
2015-11-05 21:25:13.579 [debug] <0.171.0>@basho_bench_keygen:sequential_int_generator:250 sequential_int_gen: <0.104.0>: 80000 (3%)
2015-11-05 21:25:13.631 [debug] <0.172.0>@basho_bench_keygen:sequential_int_generator:250 sequential_int_gen: <0.102.0>: 80000 (3%)
2015-11-05 21:25:13.663 [debug] <0.173.0>@basho_bench_keygen:sequential_int_generator:250 sequential_int_gen: <0.97.0>: 80000 (3%)
2015-11-05 21:25:15.305 [debug] <0.174.0>@basho_bench_keygen:sequential_int_generator:250 sequential_int_gen: <0.100.0>: 85000 (3%)
2015-11-05 21:25:15.606 [debug] <0.175.0>@basho_bench_keygen:sequential_int_generator:250 sequential_int_gen: <0.104.0>: 85000 (3%)
2015-11-05 21:25:15.651 [debug] <0.176.0>@basho_bench_keygen:sequential_int_generator:250 sequential_int_gen: <0.102.0>: 85000 (3%)
2015-11-05 21:25:15.686 [debug] <0.177.0>@basho_bench_keygen:sequential_int_generator:250 sequential_int_gen: <0.97.0>: 85000 (3%)
2015-11-05 21:25:17.305 [debug] <0.178.0>@basho_bench_keygen:sequential_int_generator:250 sequential_int_gen: <0.100.0>: 90000 (3%)
2015-11-05 21:25:17.607 [debug] <0.179.0>@basho_bench_keygen:sequential_int_generator:250 sequential_int_gen: <0.104.0>: 90000 (3%)
2015-11-05 21:25:17.660 [debug] <0.180.0>@basho_bench_keygen:sequential_int_generator:250 sequential_int_gen: <0.102.0>: 90000 (3%)
2015-11-05 21:25:17.697 [debug] <0.181.0>@basho_bench_keygen:sequential_int_generator:250 sequential_int_gen: <0.97.0>: 90000 (3%)
2015-11-05 21:25:19.283 [debug] <0.182.0>@basho_bench_keygen:sequential_int_generator:250 sequential_int_gen: <0.100.0>: 95000 (3%)
2015-11-05 21:25:19.567 [debug] <0.183.0>@basho_bench_keygen:sequential_int_generator:250 sequential_int_gen: <0.104.0>: 95000 (3%)
2015-11-05 21:25:19.619 [debug] <0.184.0>@basho_bench_keygen:sequential_int_generator:250 sequential_int_gen: <0.102.0>: 95000 (3%)
2015-11-05 21:25:19.652 [debug] <0.185.0>@basho_bench_keygen:sequential_int_generator:250 sequential_int_gen: <0.97.0>: 95000 (3%)
2015-11-05 21:25:21.080 [debug] <0.186.0>@basho_bench_keygen:sequential_int_generator:250 sequential_int_gen: <0.100.0>: 100000 (4%)
2015-11-05 21:25:21.392 [debug] <0.187.0>@basho_bench_keygen:sequential_int_generator:250 sequential_int_gen: <0.104.0>: 100000 (4%)
2015-11-05 21:25:21.444 [debug] <0.188.0>@basho_bench_keygen:sequential_int_generator:250 sequential_int_gen: <0.102.0>: 100000 (4%)
2015-11-05 21:25:21.485 [debug] <0.189.0>@basho_bench_keygen:sequential_int_generator:250 sequential_int_gen: <0.97.0>: 100000 (4%)
2015-11-05 21:25:23.069 [debug] <0.190.0>@basho_bench_keygen:sequential_int_generator:250 sequential_int_gen: <0.100.0>: 105000 (4%)
2015-11-05 21:25:23.500 [debug] <0.191.0>@basho_bench_keygen:sequential_int_generator:250 sequential_int_gen: <0.102.0>: 105000 (4%)
2015-11-05 21:25:23.514 [debug] <0.192.0>@basho_bench_keygen:sequential_int_generator:250 sequential_int_gen: <0.104.0>: 105000 (4%)
2015-11-05 21:25:23.573 [debug] <0.193.0>@basho_bench_keygen:sequential_int_generator:250 sequential_int_gen: <0.97.0>: 105000 (4%)
2015-11-05 21:25:25.108 [debug] <0.194.0>@basho_bench_keygen:sequential_int_generator:250 sequential_int_gen: <0.100.0>: 110000 (4%)
2015-11-05 21:25:25.553 [debug] <0.195.0>@basho_bench_keygen:sequential_int_generator:250 sequential_int_gen: <0.102.0>: 110000 (4%)
2015-11-05 21:25:25.555 [debug] <0.196.0>@basho_bench_keygen:sequential_int_generator:250 sequential_int_gen: <0.104.0>: 110000 (4%)
2015-11-05 21:25:25.625 [debug] <0.197.0>@basho_bench_keygen:sequential_int_generator:250 sequential_int_gen: <0.97.0>: 110000 (4%)
2015-11-05 21:25:27.146 [debug] <0.198.0>@basho_bench_keygen:sequential_int_generator:250 sequential_int_gen: <0.100.0>: 115000 (4%)
2015-11-05 21:25:27.550 [debug] <0.199.0>@basho_bench_keygen:sequential_int_generator:250 sequential_int_gen: <0.104.0>: 115000 (4%)
2015-11-05 21:25:27.556 [debug] <0.200.0>@basho_bench_keygen:sequential_int_generator:250 sequential_int_gen: <0.102.0>: 115000 (4%)
2015-11-05 21:25:27.615 [debug] <0.201.0>@basho_bench_keygen:sequential_int_generator:250 sequential_int_gen: <0.97.0>: 115000 (4%)
2015-11-05 21:25:28.977 [debug] <0.202.0>@basho_bench_keygen:sequential_int_generator:250 sequential_int_gen: <0.100.0>: 120000 (4%)
2015-11-05 21:25:29.405 [debug] <0.203.0>@basho_bench_keygen:sequential_int_generator:250 sequential_int_gen: <0.104.0>: 120000 (4%)
2015-11-05 21:25:29.414 [debug] <0.204.0>@basho_bench_keygen:sequential_int_generator:250 sequential_int_gen: <0.102.0>: 120000 (4%)
2015-11-05 21:25:29.475 [debug] <0.205.0>@basho_bench_keygen:sequential_int_generator:250 sequential_int_gen: <0.97.0>: 120000 (4%)
2015-11-05 21:25:30.982 [debug] <0.206.0>@basho_bench_keygen:sequential_int_generator:250 sequential_int_gen: <0.100.0>: 125000 (5%)
2015-11-05 21:25:31.440 [debug] <0.207.0>@basho_bench_keygen:sequential_int_generator:250 sequential_int_gen: <0.104.0>: 125000 (5%)
2015-11-05 21:25:31.469 [debug] <0.208.0>@basho_bench_keygen:sequential_int_generator:250 sequential_int_gen: <0.102.0>: 125000 (5%)
2015-11-05 21:25:31.518 [debug] <0.209.0>@basho_bench_keygen:sequential_int_generator:250 sequential_int_gen: <0.97.0>: 125000 (5%)
2015-11-05 21:25:33.089 [debug] <0.210.0>@basho_bench_keygen:sequential_int_generator:250 sequential_int_gen: <0.100.0>: 130000 (5%)
2015-11-05 21:25:33.582 [debug] <0.211.0>@basho_bench_keygen:sequential_int_generator:250 sequential_int_gen: <0.97.0>: 130000 (5%)
2015-11-05 21:25:33.615 [debug] <0.212.0>@basho_bench_keygen:sequential_int_generator:250 sequential_int_gen: <0.102.0>: 130000 (5%)
2015-11-05 21:25:33.651 [debug] <0.213.0>@basho_bench_keygen:sequential_int_generator:250 sequential_int_gen: <0.104.0>: 130000 (5%)
2015-11-05 21:25:35.236 [debug] <0.214.0>@basho_bench_keygen:sequential_int_generator:250 sequential_int_gen: <0.100.0>: 135000 (5%)
2015-11-05 21:25:35.718 [debug] <0.215.0>@basho_bench_keygen:sequential_int_generator:250 sequential_int_gen: <0.97.0>: 135000 (5%)
2015-11-05 21:25:35.755 [debug] <0.216.0>@basho_bench_keygen:sequential_int_generator:250 sequential_int_gen: <0.102.0>: 135000 (5%)
2015-11-05 21:25:35.791 [debug] <0.217.0>@basho_bench_keygen:sequential_int_generator:250 sequential_int_gen: <0.104.0>: 135000 (5%)
2015-11-05 21:25:37.368 [debug] <0.218.0>@basho_bench_keygen:sequential_int_generator:250 sequential_int_gen: <0.100.0>: 140000 (5%)
2015-11-05 21:25:37.846 [debug] <0.219.0>@basho_bench_keygen:sequential_int_generator:250 sequential_int_gen: <0.97.0>: 140000 (5%)
2015-11-05 21:25:37.886 [debug] <0.220.0>@basho_bench_keygen:sequential_int_generator:250 sequential_int_gen: <0.102.0>: 140000 (5%)
2015-11-05 21:25:37.937 [debug] <0.221.0>@basho_bench_keygen:sequential_int_generator:250 sequential_int_gen: <0.104.0>: 140000 (5%)
2015-11-05 21:25:39.496 [debug] <0.222.0>@basho_bench_keygen:sequential_int_generator:250 sequential_int_gen: <0.100.0>: 145000 (5%)
2015-11-05 21:25:39.969 [debug] <0.223.0>@basho_bench_keygen:sequential_int_generator:250 sequential_int_gen: <0.97.0>: 145000 (5%)
2015-11-05 21:25:40.018 [debug] <0.224.0>@basho_bench_keygen:sequential_int_generator:250 sequential_int_gen: <0.102.0>: 145000 (5%)
2015-11-05 21:25:40.074 [debug] <0.225.0>@basho_bench_keygen:sequential_int_generator:250 sequential_int_gen: <0.104.0>: 145000 (5%)
2015-11-05 21:25:41.616 [debug] <0.226.0>@basho_bench_keygen:sequential_int_generator:250 sequential_int_gen: <0.100.0>: 150000 (6%)
2015-11-05 21:25:42.088 [debug] <0.227.0>@basho_bench_keygen:sequential_int_generator:250 sequential_int_gen: <0.97.0>: 150000 (6%)
2015-11-05 21:25:42.139 [debug] <0.228.0>@basho_bench_keygen:sequential_int_generator:250 sequential_int_gen: <0.102.0>: 150000 (6%)
2015-11-05 21:25:42.288 [debug] <0.229.0>@basho_bench_keygen:sequential_int_generator:250 sequential_int_gen: <0.104.0>: 150000 (6%)
2015-11-05 21:25:43.707 [debug] <0.230.0>@basho_bench_keygen:sequential_int_generator:250 sequential_int_gen: <0.100.0>: 155000 (6%)
2015-11-05 21:25:44.169 [debug] <0.231.0>@basho_bench_keygen:sequential_int_generator:250 sequential_int_gen: <0.97.0>: 155000 (6%)
2015-11-05 21:25:44.343 [debug] <0.232.0>@basho_bench_keygen:sequential_int_generator:250 sequential_int_gen: <0.102.0>: 155000 (6%)
2015-11-05 21:25:44.435 [debug] <0.233.0>@basho_bench_keygen:sequential_int_generator:250 sequential_int_gen: <0.104.0>: 155000 (6%)
2015-11-05 21:25:45.821 [debug] <0.234.0>@basho_bench_keygen:sequential_int_generator:250 sequential_int_gen: <0.100.0>: 160000 (6%)
2015-11-05 21:25:46.283 [debug] <0.235.0>@basho_bench_keygen:sequential_int_generator:250 sequential_int_gen: <0.97.0>: 160000 (6%)
2015-11-05 21:25:46.469 [debug] <0.236.0>@basho_bench_keygen:sequential_int_generator:250 sequential_int_gen: <0.102.0>: 160000 (6%)
2015-11-05 21:25:46.556 [debug] <0.237.0>@basho_bench_keygen:sequential_int_generator:250 sequential_int_gen: <0.104.0>: 160000 (6%)
2015-11-05 21:25:47.956 [debug] <0.238.0>@basho_bench_keygen:sequential_int_generator:250 sequential_int_gen: <0.100.0>: 165000 (6%)
2015-11-05 21:25:48.385 [debug] <0.239.0>@basho_bench_keygen:sequential_int_generator:250 sequential_int_gen: <0.97.0>: 165000 (6%)
2015-11-05 21:25:48.573 [debug] <0.240.0>@basho_bench_keygen:sequential_int_generator:250 sequential_int_gen: <0.102.0>: 165000 (6%)
2015-11-05 21:25:48.640 [debug] <0.241.0>@basho_bench_keygen:sequential_int_generator:250 sequential_int_gen: <0.104.0>: 165000 (6%)
2015-11-05 21:25:49.935 [debug] <0.242.0>@basho_bench_keygen:sequential_int_generator:250 sequential_int_gen: <0.100.0>: 170000 (6%)
2015-11-05 21:25:50.340 [debug] <0.243.0>@basho_bench_keygen:sequential_int_generator:250 sequential_int_gen: <0.97.0>: 170000 (6%)
2015-11-05 21:25:50.525 [debug] <0.244.0>@basho_bench_keygen:sequential_int_generator:250 sequential_int_gen: <0.102.0>: 170000 (6%)
2015-11-05 21:25:50.589 [debug] <0.245.0>@basho_bench_keygen:sequential_int_generator:250 sequential_int_gen: <0.104.0>: 170000 (6%)
2015-11-05 21:25:51.938 [debug] <0.246.0>@basho_bench_keygen:sequential_int_generator:250 sequential_int_gen: <0.100.0>: 175000 (7%)
2015-11-05 21:25:52.335 [debug] <0.247.0>@basho_bench_keygen:sequential_int_generator:250 sequential_int_gen: <0.97.0>: 175000 (7%)
2015-11-05 21:25:52.604 [debug] <0.248.0>@basho_bench_keygen:sequential_int_generator:250 sequential_int_gen: <0.102.0>: 175000 (7%)
2015-11-05 21:25:52.827 [debug] <0.249.0>@basho_bench_keygen:sequential_int_generator:250 sequential_int_gen: <0.104.0>: 175000 (7%)
2015-11-05 21:25:53.901 [debug] <0.250.0>@basho_bench_keygen:sequential_int_generator:250 sequential_int_gen: <0.100.0>: 180000 (7%)
2015-11-05 21:25:54.279 [debug] <0.251.0>@basho_bench_keygen:sequential_int_generator:250 sequential_int_gen: <0.97.0>: 180000 (7%)
2015-11-05 21:25:54.546 [debug] <0.252.0>@basho_bench_keygen:sequential_int_generator:250 sequential_int_gen: <0.102.0>: 180000 (7%)
2015-11-05 21:25:54.750 [debug] <0.253.0>@basho_bench_keygen:sequential_int_generator:250 sequential_int_gen: <0.104.0>: 180000 (7%)
2015-11-05 21:25:55.840 [debug] <0.254.0>@basho_bench_keygen:sequential_int_generator:250 sequential_int_gen: <0.100.0>: 185000 (7%)
2015-11-05 21:25:56.252 [debug] <0.255.0>@basho_bench_keygen:sequential_int_generator:250 sequential_int_gen: <0.97.0>: 185000 (7%)
2015-11-05 21:25:56.557 [debug] <0.256.0>@basho_bench_keygen:sequential_int_generator:250 sequential_int_gen: <0.102.0>: 185000 (7%)
2015-11-05 21:25:56.755 [debug] <0.257.0>@basho_bench_keygen:sequential_int_generator:250 sequential_int_gen: <0.104.0>: 185000 (7%)
2015-11-05 21:25:58.029 [debug] <0.258.0>@basho_bench_keygen:sequential_int_generator:250 sequential_int_gen: <0.100.0>: 190000 (7%)
2015-11-05 21:25:58.328 [debug] <0.259.0>@basho_bench_keygen:sequential_int_generator:250 sequential_int_gen: <0.97.0>: 190000 (7%)
2015-11-05 21:25:58.644 [debug] <0.260.0>@basho_bench_keygen:sequential_int_generator:250 sequential_int_gen: <0.102.0>: 190000 (7%)
2015-11-05 21:25:58.838 [debug] <0.261.0>@basho_bench_keygen:sequential_int_generator:250 sequential_int_gen: <0.104.0>: 190000 (7%)
2015-11-05 21:26:00.079 [debug] <0.262.0>@basho_bench_keygen:sequential_int_generator:250 sequential_int_gen: <0.100.0>: 195000 (7%)
2015-11-05 21:26:00.387 [debug] <0.263.0>@basho_bench_keygen:sequential_int_generator:250 sequential_int_gen: <0.97.0>: 195000 (7%)
2015-11-05 21:26:00.715 [debug] <0.264.0>@basho_bench_keygen:sequential_int_generator:250 sequential_int_gen: <0.102.0>: 195000 (7%)
2015-11-05 21:26:00.910 [debug] <0.265.0>@basho_bench_keygen:sequential_int_generator:250 sequential_int_gen: <0.104.0>: 195000 (7%)
2015-11-05 21:26:02.164 [debug] <0.266.0>@basho_bench_keygen:sequential_int_generator:250 sequential_int_gen: <0.100.0>: 200000 (8%)
2015-11-05 21:26:02.473 [debug] <0.267.0>@basho_bench_keygen:sequential_int_generator:250 sequential_int_gen: <0.97.0>: 200000 (8%)
2015-11-05 21:26:02.867 [debug] <0.268.0>@basho_bench_keygen:sequential_int_generator:250 sequential_int_gen: <0.102.0>: 200000 (8%)
2015-11-05 21:26:02.979 [debug] <0.269.0>@basho_bench_keygen:sequential_int_generator:250 sequential_int_gen: <0.104.0>: 200000 (8%)
2015-11-05 21:26:04.200 [debug] <0.270.0>@basho_bench_keygen:sequential_int_generator:250 sequential_int_gen: <0.100.0>: 205000 (8%)
2015-11-05 21:26:04.522 [debug] <0.271.0>@basho_bench_keygen:sequential_int_generator:250 sequential_int_gen: <0.97.0>: 205000 (8%)
2015-11-05 21:26:04.920 [debug] <0.272.0>@basho_bench_keygen:sequential_int_generator:250 sequential_int_gen: <0.102.0>: 205000 (8%)
2015-11-05 21:26:05.046 [debug] <0.273.0>@basho_bench_keygen:sequential_int_generator:250 sequential_int_gen: <0.104.0>: 205000 (8%)
2015-11-05 21:26:06.273 [debug] <0.274.0>@basho_bench_keygen:sequential_int_generator:250 sequential_int_gen: <0.100.0>: 210000 (8%)
2015-11-05 21:26:06.586 [debug] <0.275.0>@basho_bench_keygen:sequential_int_generator:250 sequential_int_gen: <0.97.0>: 210000 (8%)
2015-11-05 21:26:06.984 [debug] <0.276.0>@basho_bench_keygen:sequential_int_generator:250 sequential_int_gen: <0.102.0>: 210000 (8%)
2015-11-05 21:26:07.112 [debug] <0.277.0>@basho_bench_keygen:sequential_int_generator:250 sequential_int_gen: <0.104.0>: 210000 (8%)
2015-11-05 21:26:08.331 [debug] <0.278.0>@basho_bench_keygen:sequential_int_generator:250 sequential_int_gen: <0.100.0>: 215000 (8%)
2015-11-05 21:26:08.649 [debug] <0.279.0>@basho_bench_keygen:sequential_int_generator:250 sequential_int_gen: <0.97.0>: 215000 (8%)
2015-11-05 21:26:09.050 [debug] <0.280.0>@basho_bench_keygen:sequential_int_generator:250 sequential_int_gen: <0.102.0>: 215000 (8%)
2015-11-05 21:26:09.170 [debug] <0.281.0>@basho_bench_keygen:sequential_int_generator:250 sequential_int_gen: <0.104.0>: 215000 (8%)
2015-11-05 21:26:10.397 [debug] <0.282.0>@basho_bench_keygen:sequential_int_generator:250 sequential_int_gen: <0.100.0>: 220000 (8%)
2015-11-05 21:26:10.710 [debug] <0.283.0>@basho_bench_keygen:sequential_int_generator:250 sequential_int_gen: <0.97.0>: 220000 (8%)
2015-11-05 21:26:11.111 [debug] <0.284.0>@basho_bench_keygen:sequential_int_generator:250 sequential_int_gen: <0.102.0>: 220000 (8%)
2015-11-05 21:26:11.240 [debug] <0.285.0>@basho_bench_keygen:sequential_int_generator:250 sequential_int_gen: <0.104.0>: 220000 (8%)
2015-11-05 21:26:12.405 [debug] <0.286.0>@basho_bench_keygen:sequential_int_generator:250 sequential_int_gen: <0.100.0>: 225000 (9%)
2015-11-05 21:26:12.719 [debug] <0.287.0>@basho_bench_keygen:sequential_int_generator:250 sequential_int_gen: <0.97.0>: 225000 (9%)
2015-11-05 21:26:13.136 [debug] <0.288.0>@basho_bench_keygen:sequential_int_generator:250 sequential_int_gen: <0.104.0>: 225000 (9%)
2015-11-05 21:26:13.213 [debug] <0.289.0>@basho_bench_keygen:sequential_int_generator:250 sequential_int_gen: <0.102.0>: 225000 (9%)
2015-11-05 21:26:14.302 [debug] <0.290.0>@basho_bench_keygen:sequential_int_generator:250 sequential_int_gen: <0.100.0>: 230000 (9%)
2015-11-05 21:26:14.649 [debug] <0.291.0>@basho_bench_keygen:sequential_int_generator:250 sequential_int_gen: <0.97.0>: 230000 (9%)
2015-11-05 21:26:15.120 [debug] <0.292.0>@basho_bench_keygen:sequential_int_generator:250 sequential_int_gen: <0.104.0>: 230000 (9%)
2015-11-05 21:26:15.211 [debug] <0.293.0>@basho_bench_keygen:sequential_int_generator:250 sequential_int_gen: <0.102.0>: 230000 (9%)
2015-11-05 21:26:16.290 [debug] <0.294.0>@basho_bench_keygen:sequential_int_generator:250 sequential_int_gen: <0.100.0>: 235000 (9%)
2015-11-05 21:26:16.610 [debug] <0.295.0>@basho_bench_keygen:sequential_int_generator:250 sequential_int_gen: <0.97.0>: 235000 (9%)
2015-11-05 21:26:17.027 [debug] <0.296.0>@basho_bench_keygen:sequential_int_generator:250 sequential_int_gen: <0.104.0>: 235000 (9%)
2015-11-05 21:26:17.114 [debug] <0.297.0>@basho_bench_keygen:sequential_int_generator:250 sequential_int_gen: <0.102.0>: 235000 (9%)
2015-11-05 21:26:18.101 [debug] <0.298.0>@basho_bench_keygen:sequential_int_generator:250 sequential_int_gen: <0.100.0>: 240000 (9%)
2015-11-05 21:26:18.438 [debug] <0.299.0>@basho_bench_keygen:sequential_int_generator:250 sequential_int_gen: <0.97.0>: 240000 (9%)
2015-11-05 21:26:18.875 [debug] <0.300.0>@basho_bench_keygen:sequential_int_generator:250 sequential_int_gen: <0.104.0>: 240000 (9%)
2015-11-05 21:26:18.969 [debug] <0.301.0>@basho_bench_keygen:sequential_int_generator:250 sequential_int_gen: <0.102.0>: 240000 (9%)
2015-11-05 21:26:20.061 [debug] <0.302.0>@basho_bench_keygen:sequential_int_generator:250 sequential_int_gen: <0.100.0>: 245000 (9%)
2015-11-05 21:26:20.427 [debug] <0.303.0>@basho_bench_keygen:sequential_int_generator:250 sequential_int_gen: <0.97.0>: 245000 (9%)
2015-11-05 21:26:20.866 [debug] <0.304.0>@basho_bench_keygen:sequential_int_generator:250 sequential_int_gen: <0.104.0>: 245000 (9%)
2015-11-05 21:26:20.956 [debug] <0.305.0>@basho_bench_keygen:sequential_int_generator:250 sequential_int_gen: <0.102.0>: 245000 (9%)
2015-11-05 21:26:22.089 [debug] <0.306.0>@basho_bench_keygen:sequential_int_generator:250 sequential_int_gen: <0.100.0>: 250000 (10%)
2015-11-05 21:26:22.515 [debug] <0.307.0>@basho_bench_keygen:sequential_int_generator:250 sequential_int_gen: <0.97.0>: 250000 (10%)
2015-11-05 21:26:22.866 [debug] <0.308.0>@basho_bench_keygen:sequential_int_generator:250 sequential_int_gen: <0.104.0>: 250000 (10%)
2015-11-05 21:26:23.053 [debug] <0.309.0>@basho_bench_keygen:sequential_int_generator:250 sequential_int_gen: <0.102.0>: 250000 (10%)
2015-11-05 21:26:24.195 [debug] <0.310.0>@basho_bench_keygen:sequential_int_generator:250 sequential_int_gen: <0.100.0>: 255000 (10%)
2015-11-05 21:26:24.586 [debug] <0.311.0>@basho_bench_keygen:sequential_int_generator:250 sequential_int_gen: <0.97.0>: 255000 (10%)
2015-11-05 21:26:24.943 [debug] <0.312.0>@basho_bench_keygen:sequential_int_generator:250 sequential_int_gen: <0.104.0>: 255000 (10%)
2015-11-05 21:26:25.139 [debug] <0.313.0>@basho_bench_keygen:sequential_int_generator:250 sequential_int_gen: <0.102.0>: 255000 (10%)
2015-11-05 21:26:26.268 [debug] <0.314.0>@basho_bench_keygen:sequential_int_generator:250 sequential_int_gen: <0.100.0>: 260000 (10%)
2015-11-05 21:26:26.656 [debug] <0.315.0>@basho_bench_keygen:sequential_int_generator:250 sequential_int_gen: <0.97.0>: 260000 (10%)
2015-11-05 21:26:27.011 [debug] <0.316.0>@basho_bench_keygen:sequential_int_generator:250 sequential_int_gen: <0.104.0>: 260000 (10%)
2015-11-05 21:26:27.212 [debug] <0.317.0>@basho_bench_keygen:sequential_int_generator:250 sequential_int_gen: <0.102.0>: 260000 (10%)
2015-11-05 21:26:28.346 [debug] <0.318.0>@basho_bench_keygen:sequential_int_generator:250 sequential_int_gen: <0.100.0>: 265000 (10%)
2015-11-05 21:26:28.733 [debug] <0.319.0>@basho_bench_keygen:sequential_int_generator:250 sequential_int_gen: <0.97.0>: 265000 (10%)
2015-11-05 21:26:29.075 [debug] <0.320.0>@basho_bench_keygen:sequential_int_generator:250 sequential_int_gen: <0.104.0>: 265000 (10%)
2015-11-05 21:26:29.286 [debug] <0.321.0>@basho_bench_keygen:sequential_int_generator:250 sequential_int_gen: <0.102.0>: 265000 (10%)
2015-11-05 21:26:30.411 [debug] <0.322.0>@basho_bench_keygen:sequential_int_generator:250 sequential_int_gen: <0.100.0>: 270000 (10%)
2015-11-05 21:26:30.785 [debug] <0.323.0>@basho_bench_keygen:sequential_int_generator:250 sequential_int_gen: <0.97.0>: 270000 (10%)
2015-11-05 21:26:31.136 [debug] <0.324.0>@basho_bench_keygen:sequential_int_generator:250 sequential_int_gen: <0.104.0>: 270000 (10%)
2015-11-05 21:26:31.359 [debug] <0.325.0>@basho_bench_keygen:sequential_int_generator:250 sequential_int_gen: <0.102.0>: 270000 (10%)
2015-11-05 21:26:32.580 [debug] <0.326.0>@basho_bench_keygen:sequential_int_generator:250 sequential_int_gen: <0.100.0>: 275000 (11%)
2015-11-05 21:26:32.879 [debug] <0.327.0>@basho_bench_keygen:sequential_int_generator:250 sequential_int_gen: <0.97.0>: 275000 (11%)
2015-11-05 21:26:33.160 [debug] <0.328.0>@basho_bench_keygen:sequential_int_generator:250 sequential_int_gen: <0.104.0>: 275000 (11%)
2015-11-05 21:26:33.444 [debug] <0.329.0>@basho_bench_keygen:sequential_int_generator:250 sequential_int_gen: <0.102.0>: 275000 (11%)
2015-11-05 21:26:34.645 [debug] <0.330.0>@basho_bench_keygen:sequential_int_generator:250 sequential_int_gen: <0.100.0>: 280000 (11%)
2015-11-05 21:26:34.933 [debug] <0.331.0>@basho_bench_keygen:sequential_int_generator:250 sequential_int_gen: <0.97.0>: 280000 (11%)
2015-11-05 21:26:35.238 [debug] <0.332.0>@basho_bench_keygen:sequential_int_generator:250 sequential_int_gen: <0.104.0>: 280000 (11%)
2015-11-05 21:26:35.515 [debug] <0.333.0>@basho_bench_keygen:sequential_int_generator:250 sequential_int_gen: <0.102.0>: 280000 (11%)
2015-11-05 21:26:36.714 [debug] <0.334.0>@basho_bench_keygen:sequential_int_generator:250 sequential_int_gen: <0.100.0>: 285000 (11%)
2015-11-05 21:26:36.996 [debug] <0.335.0>@basho_bench_keygen:sequential_int_generator:250 sequential_int_gen: <0.97.0>: 285000 (11%)
2015-11-05 21:26:37.298 [debug] <0.336.0>@basho_bench_keygen:sequential_int_generator:250 sequential_int_gen: <0.104.0>: 285000 (11%)
2015-11-05 21:26:37.582 [debug] <0.337.0>@basho_bench_keygen:sequential_int_generator:250 sequential_int_gen: <0.102.0>: 285000 (11%)
2015-11-05 21:26:38.772 [debug] <0.338.0>@basho_bench_keygen:sequential_int_generator:250 sequential_int_gen: <0.100.0>: 290000 (11%)
2015-11-05 21:26:39.061 [debug] <0.339.0>@basho_bench_keygen:sequential_int_generator:250 sequential_int_gen: <0.97.0>: 290000 (11%)
2015-11-05 21:26:39.354 [debug] <0.340.0>@basho_bench_keygen:sequential_int_generator:250 sequential_int_gen: <0.104.0>: 290000 (11%)
2015-11-05 21:26:39.658 [debug] <0.341.0>@basho_bench_keygen:sequential_int_generator:250 sequential_int_gen: <0.102.0>: 290000 (11%)
2015-11-05 21:26:40.800 [debug] <0.342.0>@basho_bench_keygen:sequential_int_generator:250 sequential_int_gen: <0.100.0>: 295000 (11%)
2015-11-05 21:26:41.065 [debug] <0.343.0>@basho_bench_keygen:sequential_int_generator:250 sequential_int_gen: <0.97.0>: 295000 (11%)
2015-11-05 21:26:41.345 [debug] <0.344.0>@basho_bench_keygen:sequential_int_generator:250 sequential_int_gen: <0.104.0>: 295000 (11%)
2015-11-05 21:26:41.620 [debug] <0.345.0>@basho_bench_keygen:sequential_int_generator:250 sequential_int_gen: <0.102.0>: 295000 (11%)
2015-11-05 21:26:42.857 [debug] <0.346.0>@basho_bench_keygen:sequential_int_generator:250 sequential_int_gen: <0.100.0>: 300000 (12%)
2015-11-05 21:26:42.994 [debug] <0.347.0>@basho_bench_keygen:sequential_int_generator:250 sequential_int_gen: <0.97.0>: 300000 (12%)
2015-11-05 21:26:43.314 [debug] <0.348.0>@basho_bench_keygen:sequential_int_generator:250 sequential_int_gen: <0.104.0>: 300000 (12%)
2015-11-05 21:26:43.567 [debug] <0.349.0>@basho_bench_keygen:sequential_int_generator:250 sequential_int_gen: <0.102.0>: 300000 (12%)
2015-11-05 21:26:44.868 [debug] <0.350.0>@basho_bench_keygen:sequential_int_generator:250 sequential_int_gen: <0.100.0>: 305000 (12%)
2015-11-05 21:26:45.017 [debug] <0.351.0>@basho_bench_keygen:sequential_int_generator:250 sequential_int_gen: <0.97.0>: 305000 (12%)
2015-11-05 21:26:45.335 [debug] <0.352.0>@basho_bench_keygen:sequential_int_generator:250 sequential_int_gen: <0.104.0>: 305000 (12%)
2015-11-05 21:26:45.601 [debug] <0.353.0>@basho_bench_keygen:sequential_int_generator:250 sequential_int_gen: <0.102.0>: 305000 (12%)
2015-11-05 21:26:46.845 [debug] <0.354.0>@basho_bench_keygen:sequential_int_generator:250 sequential_int_gen: <0.100.0>: 310000 (12%)
2015-11-05 21:26:46.980 [debug] <0.355.0>@basho_bench_keygen:sequential_int_generator:250 sequential_int_gen: <0.97.0>: 310000 (12%)
2015-11-05 21:26:47.259 [debug] <0.356.0>@basho_bench_keygen:sequential_int_generator:250 sequential_int_gen: <0.104.0>: 310000 (12%)
2015-11-05 21:26:47.507 [debug] <0.357.0>@basho_bench_keygen:sequential_int_generator:250 sequential_int_gen: <0.102.0>: 310000 (12%)
2015-11-05 21:26:48.698 [debug] <0.358.0>@basho_bench_keygen:sequential_int_generator:250 sequential_int_gen: <0.100.0>: 315000 (12%)
2015-11-05 21:26:48.843 [debug] <0.359.0>@basho_bench_keygen:sequential_int_generator:250 sequential_int_gen: <0.97.0>: 315000 (12%)
2015-11-05 21:26:49.152 [debug] <0.360.0>@basho_bench_keygen:sequential_int_generator:250 sequential_int_gen: <0.104.0>: 315000 (12%)
2015-11-05 21:26:49.427 [debug] <0.361.0>@basho_bench_keygen:sequential_int_generator:250 sequential_int_gen: <0.102.0>: 315000 (12%)
2015-11-05 21:26:50.715 [debug] <0.362.0>@basho_bench_keygen:sequential_int_generator:250 sequential_int_gen: <0.100.0>: 320000 (12%)
2015-11-05 21:26:50.883 [debug] <0.363.0>@basho_bench_keygen:sequential_int_generator:250 sequential_int_gen: <0.97.0>: 320000 (12%)
2015-11-05 21:26:51.179 [debug] <0.364.0>@basho_bench_keygen:sequential_int_generator:250 sequential_int_gen: <0.104.0>: 320000 (12%)
2015-11-05 21:26:51.462 [debug] <0.365.0>@basho_bench_keygen:sequential_int_generator:250 sequential_int_gen: <0.102.0>: 320000 (12%)
2015-11-05 21:26:52.759 [debug] <0.366.0>@basho_bench_keygen:sequential_int_generator:250 sequential_int_gen: <0.100.0>: 325000 (13%)
2015-11-05 21:26:52.879 [debug] <0.367.0>@basho_bench_keygen:sequential_int_generator:250 sequential_int_gen: <0.97.0>: 325000 (13%)
2015-11-05 21:26:53.356 [debug] <0.368.0>@basho_bench_keygen:sequential_int_generator:250 sequential_int_gen: <0.104.0>: 325000 (13%)
2015-11-05 21:26:53.435 [debug] <0.369.0>@basho_bench_keygen:sequential_int_generator:250 sequential_int_gen: <0.102.0>: 325000 (13%)
2015-11-05 21:26:54.767 [debug] <0.370.0>@basho_bench_keygen:sequential_int_generator:250 sequential_int_gen: <0.100.0>: 330000 (13%)
2015-11-05 21:26:54.903 [debug] <0.371.0>@basho_bench_keygen:sequential_int_generator:250 sequential_int_gen: <0.97.0>: 330000 (13%)
2015-11-05 21:26:55.367 [debug] <0.372.0>@basho_bench_keygen:sequential_int_generator:250 sequential_int_gen: <0.104.0>: 330000 (13%)
2015-11-05 21:26:55.464 [debug] <0.373.0>@basho_bench_keygen:sequential_int_generator:250 sequential_int_gen: <0.102.0>: 330000 (13%)
2015-11-05 21:26:56.780 [debug] <0.374.0>@basho_bench_keygen:sequential_int_generator:250 sequential_int_gen: <0.100.0>: 335000 (13%)
2015-11-05 21:26:56.909 [debug] <0.375.0>@basho_bench_keygen:sequential_int_generator:250 sequential_int_gen: <0.97.0>: 335000 (13%)
2015-11-05 21:26:57.368 [debug] <0.376.0>@basho_bench_keygen:sequential_int_generator:250 sequential_int_gen: <0.104.0>: 335000 (13%)
2015-11-05 21:26:57.478 [debug] <0.377.0>@basho_bench_keygen:sequential_int_generator:250 sequential_int_gen: <0.102.0>: 335000 (13%)
2015-11-05 21:26:58.789 [debug] <0.378.0>@basho_bench_keygen:sequential_int_generator:250 sequential_int_gen: <0.100.0>: 340000 (13%)
2015-11-05 21:26:58.921 [debug] <0.379.0>@basho_bench_keygen:sequential_int_generator:250 sequential_int_gen: <0.97.0>: 340000 (13%)
2015-11-05 21:26:59.382 [debug] <0.380.0>@basho_bench_keygen:sequential_int_generator:250 sequential_int_gen: <0.104.0>: 340000 (13%)
2015-11-05 21:26:59.495 [debug] <0.381.0>@basho_bench_keygen:sequential_int_generator:250 sequential_int_gen: <0.102.0>: 340000 (13%)
2015-11-05 21:27:00.794 [debug] <0.382.0>@basho_bench_keygen:sequential_int_generator:250 sequential_int_gen: <0.100.0>: 345000 (13%)
2015-11-05 21:27:00.923 [debug] <0.383.0>@basho_bench_keygen:sequential_int_generator:250 sequential_int_gen: <0.97.0>: 345000 (13%)
2015-11-05 21:27:01.387 [debug] <0.384.0>@basho_bench_keygen:sequential_int_generator:250 sequential_int_gen: <0.104.0>: 345000 (13%)
2015-11-05 21:27:01.509 [debug] <0.385.0>@basho_bench_keygen:sequential_int_generator:250 sequential_int_gen: <0.102.0>: 345000 (13%)
2015-11-05 21:27:02.875 [debug] <0.386.0>@basho_bench_keygen:sequential_int_generator:250 sequential_int_gen: <0.97.0>: 350000 (14%)
2015-11-05 21:27:02.994 [debug] <0.387.0>@basho_bench_keygen:sequential_int_generator:250 sequential_int_gen: <0.100.0>: 350000 (14%)
2015-11-05 21:27:03.396 [debug] <0.388.0>@basho_bench_keygen:sequential_int_generator:250 sequential_int_gen: <0.104.0>: 350000 (14%)
2015-11-05 21:27:03.460 [debug] <0.389.0>@basho_bench_keygen:sequential_int_generator:250 sequential_int_gen: <0.102.0>: 350000 (14%)
2015-11-05 21:27:04.791 [debug] <0.390.0>@basho_bench_keygen:sequential_int_generator:250 sequential_int_gen: <0.97.0>: 355000 (14%)
2015-11-05 21:27:04.899 [debug] <0.391.0>@basho_bench_keygen:sequential_int_generator:250 sequential_int_gen: <0.100.0>: 355000 (14%)
2015-11-05 21:27:05.287 [debug] <0.392.0>@basho_bench_keygen:sequential_int_generator:250 sequential_int_gen: <0.104.0>: 355000 (14%)
2015-11-05 21:27:05.349 [debug] <0.393.0>@basho_bench_keygen:sequential_int_generator:250 sequential_int_gen: <0.102.0>: 355000 (14%)
2015-11-05 21:27:06.800 [debug] <0.394.0>@basho_bench_keygen:sequential_int_generator:250 sequential_int_gen: <0.97.0>: 360000 (14%)
2015-11-05 21:27:06.936 [debug] <0.395.0>@basho_bench_keygen:sequential_int_generator:250 sequential_int_gen: <0.100.0>: 360000 (14%)
2015-11-05 21:27:07.360 [debug] <0.396.0>@basho_bench_keygen:sequential_int_generator:250 sequential_int_gen: <0.104.0>: 360000 (14%)
2015-11-05 21:27:07.442 [debug] <0.397.0>@basho_bench_keygen:sequential_int_generator:250 sequential_int_gen: <0.102.0>: 360000 (14%)
2015-11-05 21:27:08.903 [debug] <0.398.0>@basho_bench_keygen:sequential_int_generator:250 sequential_int_gen: <0.97.0>: 365000 (14%)
2015-11-05 21:27:09.049 [debug] <0.399.0>@basho_bench_keygen:sequential_int_generator:250 sequential_int_gen: <0.100.0>: 365000 (14%)
2015-11-05 21:27:09.466 [debug] <0.400.0>@basho_bench_keygen:sequential_int_generator:250 sequential_int_gen: <0.104.0>: 365000 (14%)
2015-11-05 21:27:09.555 [debug] <0.401.0>@basho_bench_keygen:sequential_int_generator:250 sequential_int_gen: <0.102.0>: 365000 (14%)
2015-11-05 21:27:10.904 [debug] <0.402.0>@basho_bench_keygen:sequential_int_generator:250 sequential_int_gen: <0.97.0>: 370000 (14%)
2015-11-05 21:27:11.041 [debug] <0.403.0>@basho_bench_keygen:sequential_int_generator:250 sequential_int_gen: <0.100.0>: 370000 (14%)
2015-11-05 21:27:11.417 [debug] <0.404.0>@basho_bench_keygen:sequential_int_generator:250 sequential_int_gen: <0.104.0>: 370000 (14%)
2015-11-05 21:27:11.481 [debug] <0.405.0>@basho_bench_keygen:sequential_int_generator:250 sequential_int_gen: <0.102.0>: 370000 (14%)
2015-11-05 21:27:12.772 [debug] <0.406.0>@basho_bench_keygen:sequential_int_generator:250 sequential_int_gen: <0.97.0>: 375000 (15%)
2015-11-05 21:27:12.942 [debug] <0.407.0>@basho_bench_keygen:sequential_int_generator:250 sequential_int_gen: <0.100.0>: 375000 (15%)
2015-11-05 21:27:13.257 [debug] <0.408.0>@basho_bench_keygen:sequential_int_generator:250 sequential_int_gen: <0.104.0>: 375000 (15%)
2015-11-05 21:27:13.467 [debug] <0.409.0>@basho_bench_keygen:sequential_int_generator:250 sequential_int_gen: <0.102.0>: 375000 (15%)
2015-11-05 21:27:14.763 [debug] <0.410.0>@basho_bench_keygen:sequential_int_generator:250 sequential_int_gen: <0.97.0>: 380000 (15%)
2015-11-05 21:27:14.943 [debug] <0.411.0>@basho_bench_keygen:sequential_int_generator:250 sequential_int_gen: <0.100.0>: 380000 (15%)
2015-11-05 21:27:15.285 [debug] <0.412.0>@basho_bench_keygen:sequential_int_generator:250 sequential_int_gen: <0.104.0>: 380000 (15%)
2015-11-05 21:27:15.489 [debug] <0.413.0>@basho_bench_keygen:sequential_int_generator:250 sequential_int_gen: <0.102.0>: 380000 (15%)
2015-11-05 21:27:16.787 [debug] <0.414.0>@basho_bench_keygen:sequential_int_generator:250 sequential_int_gen: <0.97.0>: 385000 (15%)
2015-11-05 21:27:16.969 [debug] <0.415.0>@basho_bench_keygen:sequential_int_generator:250 sequential_int_gen: <0.100.0>: 385000 (15%)
2015-11-05 21:27:17.310 [debug] <0.416.0>@basho_bench_keygen:sequential_int_generator:250 sequential_int_gen: <0.104.0>: 385000 (15%)
2015-11-05 21:27:17.511 [debug] <0.417.0>@basho_bench_keygen:sequential_int_generator:250 sequential_int_gen: <0.102.0>: 385000 (15%)
2015-11-05 21:27:18.778 [debug] <0.418.0>@basho_bench_keygen:sequential_int_generator:250 sequential_int_gen: <0.97.0>: 390000 (15%)
2015-11-05 21:27:18.939 [debug] <0.419.0>@basho_bench_keygen:sequential_int_generator:250 sequential_int_gen: <0.100.0>: 390000 (15%)
2015-11-05 21:27:19.251 [debug] <0.420.0>@basho_bench_keygen:sequential_int_generator:250 sequential_int_gen: <0.104.0>: 390000 (15%)
2015-11-05 21:27:19.423 [debug] <0.421.0>@basho_bench_keygen:sequential_int_generator:250 sequential_int_gen: <0.102.0>: 390000 (15%)
2015-11-05 21:27:20.606 [debug] <0.422.0>@basho_bench_keygen:sequential_int_generator:250 sequential_int_gen: <0.97.0>: 395000 (15%)
2015-11-05 21:27:20.788 [debug] <0.423.0>@basho_bench_keygen:sequential_int_generator:250 sequential_int_gen: <0.100.0>: 395000 (15%)
2015-11-05 21:27:21.101 [debug] <0.424.0>@basho_bench_keygen:sequential_int_generator:250 sequential_int_gen: <0.104.0>: 395000 (15%)
2015-11-05 21:27:21.280 [debug] <0.425.0>@basho_bench_keygen:sequential_int_generator:250 sequential_int_gen: <0.102.0>: 395000 (15%)
2015-11-05 21:27:22.544 [debug] <0.426.0>@basho_bench_keygen:sequential_int_generator:250 sequential_int_gen: <0.97.0>: 400000 (16%)
2015-11-05 21:27:22.672 [debug] <0.427.0>@basho_bench_keygen:sequential_int_generator:250 sequential_int_gen: <0.100.0>: 400000 (16%)
2015-11-05 21:27:23.021 [debug] <0.428.0>@basho_bench_keygen:sequential_int_generator:250 sequential_int_gen: <0.104.0>: 400000 (16%)
2015-11-05 21:27:23.287 [debug] <0.429.0>@basho_bench_keygen:sequential_int_generator:250 sequential_int_gen: <0.102.0>: 400000 (16%)
2015-11-05 21:27:24.432 [debug] <0.430.0>@basho_bench_keygen:sequential_int_generator:250 sequential_int_gen: <0.97.0>: 405000 (16%)
2015-11-05 21:27:24.570 [debug] <0.431.0>@basho_bench_keygen:sequential_int_generator:250 sequential_int_gen: <0.100.0>: 405000 (16%)
2015-11-05 21:27:24.916 [debug] <0.432.0>@basho_bench_keygen:sequential_int_generator:250 sequential_int_gen: <0.104.0>: 405000 (16%)
2015-11-05 21:27:25.185 [debug] <0.433.0>@basho_bench_keygen:sequential_int_generator:250 sequential_int_gen: <0.102.0>: 405000 (16%)
2015-11-05 21:27:26.332 [debug] <0.434.0>@basho_bench_keygen:sequential_int_generator:250 sequential_int_gen: <0.97.0>: 410000 (16%)
2015-11-05 21:27:26.493 [debug] <0.435.0>@basho_bench_keygen:sequential_int_generator:250 sequential_int_gen: <0.100.0>: 410000 (16%)
2015-11-05 21:27:26.809 [debug] <0.436.0>@basho_bench_keygen:sequential_int_generator:250 sequential_int_gen: <0.104.0>: 410000 (16%)
2015-11-05 21:27:27.088 [debug] <0.437.0>@basho_bench_keygen:sequential_int_generator:250 sequential_int_gen: <0.102.0>: 410000 (16%)
2015-11-05 21:27:28.223 [debug] <0.438.0>@basho_bench_keygen:sequential_int_generator:250 sequential_int_gen: <0.97.0>: 415000 (16%)
2015-11-05 21:27:28.390 [debug] <0.439.0>@basho_bench_keygen:sequential_int_generator:250 sequential_int_gen: <0.100.0>: 415000 (16%)
2015-11-05 21:27:28.705 [debug] <0.440.0>@basho_bench_keygen:sequential_int_generator:250 sequential_int_gen: <0.104.0>: 415000 (16%)
2015-11-05 21:27:28.984 [debug] <0.441.0>@basho_bench_keygen:sequential_int_generator:250 sequential_int_gen: <0.102.0>: 415000 (16%)
2015-11-05 21:27:30.179 [debug] <0.442.0>@basho_bench_keygen:sequential_int_generator:250 sequential_int_gen: <0.97.0>: 420000 (16%)
2015-11-05 21:27:30.388 [debug] <0.443.0>@basho_bench_keygen:sequential_int_generator:250 sequential_int_gen: <0.100.0>: 420000 (16%)
2015-11-05 21:27:30.707 [debug] <0.444.0>@basho_bench_keygen:sequential_int_generator:250 sequential_int_gen: <0.104.0>: 420000 (16%)
2015-11-05 21:27:31.012 [debug] <0.445.0>@basho_bench_keygen:sequential_int_generator:250 sequential_int_gen: <0.102.0>: 420000 (16%)
2015-11-05 21:27:32.343 [debug] <0.446.0>@basho_bench_keygen:sequential_int_generator:250 sequential_int_gen: <0.97.0>: 425000 (17%)
2015-11-05 21:27:32.436 [debug] <0.447.0>@basho_bench_keygen:sequential_int_generator:250 sequential_int_gen: <0.100.0>: 425000 (17%)
2015-11-05 21:27:32.782 [debug] <0.448.0>@basho_bench_keygen:sequential_int_generator:250 sequential_int_gen: <0.104.0>: 425000 (17%)
2015-11-05 21:27:33.134 [debug] <0.449.0>@basho_bench_keygen:sequential_int_generator:250 sequential_int_gen: <0.102.0>: 425000 (17%)
2015-11-05 21:27:34.208 [debug] <0.450.0>@basho_bench_keygen:sequential_int_generator:250 sequential_int_gen: <0.97.0>: 430000 (17%)
2015-11-05 21:27:34.306 [debug] <0.451.0>@basho_bench_keygen:sequential_int_generator:250 sequential_int_gen: <0.100.0>: 430000 (17%)
2015-11-05 21:27:34.678 [debug] <0.452.0>@basho_bench_keygen:sequential_int_generator:250 sequential_int_gen: <0.104.0>: 430000 (17%)
2015-11-05 21:27:35.080 [debug] <0.453.0>@basho_bench_keygen:sequential_int_generator:250 sequential_int_gen: <0.102.0>: 430000 (17%)
2015-11-05 21:27:36.333 [debug] <0.454.0>@basho_bench_keygen:sequential_int_generator:250 sequential_int_gen: <0.97.0>: 435000 (17%)
2015-11-05 21:27:36.453 [debug] <0.455.0>@basho_bench_keygen:sequential_int_generator:250 sequential_int_gen: <0.100.0>: 435000 (17%)
2015-11-05 21:27:36.829 [debug] <0.456.0>@basho_bench_keygen:sequential_int_generator:250 sequential_int_gen: <0.104.0>: 435000 (17%)
2015-11-05 21:27:37.225 [debug] <0.457.0>@basho_bench_keygen:sequential_int_generator:250 sequential_int_gen: <0.102.0>: 435000 (17%)
2015-11-05 21:27:38.473 [debug] <0.458.0>@basho_bench_keygen:sequential_int_generator:250 sequential_int_gen: <0.97.0>: 440000 (17%)
2015-11-05 21:27:38.599 [debug] <0.459.0>@basho_bench_keygen:sequential_int_generator:250 sequential_int_gen: <0.100.0>: 440000 (17%)
2015-11-05 21:27:38.979 [debug] <0.460.0>@basho_bench_keygen:sequential_int_generator:250 sequential_int_gen: <0.104.0>: 440000 (17%)
2015-11-05 21:27:39.370 [debug] <0.461.0>@basho_bench_keygen:sequential_int_generator:250 sequential_int_gen: <0.102.0>: 440000 (17%)
2015-11-05 21:27:40.601 [debug] <0.462.0>@basho_bench_keygen:sequential_int_generator:250 sequential_int_gen: <0.97.0>: 445000 (17%)
2015-11-05 21:27:40.702 [debug] <0.463.0>@basho_bench_keygen:sequential_int_generator:250 sequential_int_gen: <0.100.0>: 445000 (17%)
2015-11-05 21:27:41.039 [debug] <0.464.0>@basho_bench_keygen:sequential_int_generator:250 sequential_int_gen: <0.104.0>: 445000 (17%)
2015-11-05 21:27:41.347 [debug] <0.465.0>@basho_bench_keygen:sequential_int_generator:250 sequential_int_gen: <0.102.0>: 445000 (17%)
2015-11-05 21:27:42.547 [debug] <0.466.0>@basho_bench_keygen:sequential_int_generator:250 sequential_int_gen: <0.97.0>: 450000 (18%)
2015-11-05 21:27:42.550 [debug] <0.467.0>@basho_bench_keygen:sequential_int_generator:250 sequential_int_gen: <0.100.0>: 450000 (18%)
2015-11-05 21:27:42.884 [debug] <0.468.0>@basho_bench_keygen:sequential_int_generator:250 sequential_int_gen: <0.104.0>: 450000 (18%)
2015-11-05 21:27:43.273 [debug] <0.469.0>@basho_bench_keygen:sequential_int_generator:250 sequential_int_gen: <0.102.0>: 450000 (18%)
2015-11-05 21:27:44.596 [debug] <0.470.0>@basho_bench_keygen:sequential_int_generator:250 sequential_int_gen: <0.97.0>: 455000 (18%)
2015-11-05 21:27:44.604 [debug] <0.471.0>@basho_bench_keygen:sequential_int_generator:250 sequential_int_gen: <0.100.0>: 455000 (18%)
2015-11-05 21:27:44.943 [debug] <0.472.0>@basho_bench_keygen:sequential_int_generator:250 sequential_int_gen: <0.104.0>: 455000 (18%)
2015-11-05 21:27:45.324 [debug] <0.473.0>@basho_bench_keygen:sequential_int_generator:250 sequential_int_gen: <0.102.0>: 455000 (18%)
2015-11-05 21:27:46.653 [debug] <0.474.0>@basho_bench_keygen:sequential_int_generator:250 sequential_int_gen: <0.97.0>: 460000 (18%)
2015-11-05 21:27:46.666 [debug] <0.475.0>@basho_bench_keygen:sequential_int_generator:250 sequential_int_gen: <0.100.0>: 460000 (18%)
2015-11-05 21:27:47.012 [debug] <0.476.0>@basho_bench_keygen:sequential_int_generator:250 sequential_int_gen: <0.104.0>: 460000 (18%)
2015-11-05 21:27:47.375 [debug] <0.477.0>@basho_bench_keygen:sequential_int_generator:250 sequential_int_gen: <0.102.0>: 460000 (18%)
2015-11-05 21:27:48.692 [debug] <0.478.0>@basho_bench_keygen:sequential_int_generator:250 sequential_int_gen: <0.97.0>: 465000 (18%)
2015-11-05 21:27:48.697 [debug] <0.479.0>@basho_bench_keygen:sequential_int_generator:250 sequential_int_gen: <0.100.0>: 465000 (18%)
2015-11-05 21:27:49.068 [debug] <0.480.0>@basho_bench_keygen:sequential_int_generator:250 sequential_int_gen: <0.104.0>: 465000 (18%)
2015-11-05 21:27:49.410 [debug] <0.481.0>@basho_bench_keygen:sequential_int_generator:250 sequential_int_gen: <0.102.0>: 465000 (18%)
2015-11-05 21:27:50.739 [debug] <0.482.0>@basho_bench_keygen:sequential_int_generator:250 sequential_int_gen: <0.100.0>: 470000 (18%)
2015-11-05 21:27:50.739 [debug] <0.483.0>@basho_bench_keygen:sequential_int_generator:250 sequential_int_gen: <0.97.0>: 470000 (18%)
2015-11-05 21:27:51.127 [debug] <0.484.0>@basho_bench_keygen:sequential_int_generator:250 sequential_int_gen: <0.104.0>: 470000 (18%)
2015-11-05 21:27:51.477 [debug] <0.485.0>@basho_bench_keygen:sequential_int_generator:250 sequential_int_gen: <0.102.0>: 470000 (18%)
2015-11-05 21:27:52.751 [debug] <0.486.0>@basho_bench_keygen:sequential_int_generator:250 sequential_int_gen: <0.100.0>: 475000 (19%)
2015-11-05 21:27:52.892 [debug] <0.487.0>@basho_bench_keygen:sequential_int_generator:250 sequential_int_gen: <0.97.0>: 475000 (19%)
2015-11-05 21:27:53.152 [debug] <0.488.0>@basho_bench_keygen:sequential_int_generator:250 sequential_int_gen: <0.104.0>: 475000 (19%)
2015-11-05 21:27:53.610 [debug] <0.489.0>@basho_bench_keygen:sequential_int_generator:250 sequential_int_gen: <0.102.0>: 475000 (19%)
2015-11-05 21:27:54.735 [debug] <0.490.0>@basho_bench_keygen:sequential_int_generator:250 sequential_int_gen: <0.100.0>: 480000 (19%)
2015-11-05 21:27:54.875 [debug] <0.491.0>@basho_bench_keygen:sequential_int_generator:250 sequential_int_gen: <0.97.0>: 480000 (19%)
2015-11-05 21:27:55.121 [debug] <0.492.0>@basho_bench_keygen:sequential_int_generator:250 sequential_int_gen: <0.104.0>: 480000 (19%)
2015-11-05 21:27:55.557 [debug] <0.493.0>@basho_bench_keygen:sequential_int_generator:250 sequential_int_gen: <0.102.0>: 480000 (19%)
2015-11-05 21:27:56.673 [debug] <0.494.0>@basho_bench_keygen:sequential_int_generator:250 sequential_int_gen: <0.100.0>: 485000 (19%)
2015-11-05 21:27:56.817 [debug] <0.495.0>@basho_bench_keygen:sequential_int_generator:250 sequential_int_gen: <0.97.0>: 485000 (19%)
2015-11-05 21:27:57.052 [debug] <0.496.0>@basho_bench_keygen:sequential_int_generator:250 sequential_int_gen: <0.104.0>: 485000 (19%)
2015-11-05 21:27:57.444 [debug] <0.497.0>@basho_bench_keygen:sequential_int_generator:250 sequential_int_gen: <0.102.0>: 485000 (19%)
2015-11-05 21:27:58.589 [debug] <0.498.0>@basho_bench_keygen:sequential_int_generator:250 sequential_int_gen: <0.100.0>: 490000 (19%)
2015-11-05 21:27:58.755 [debug] <0.499.0>@basho_bench_keygen:sequential_int_generator:250 sequential_int_gen: <0.97.0>: 490000 (19%)
2015-11-05 21:27:59.015 [debug] <0.500.0>@basho_bench_keygen:sequential_int_generator:250 sequential_int_gen: <0.104.0>: 490000 (19%)
2015-11-05 21:27:59.434 [debug] <0.501.0>@basho_bench_keygen:sequential_int_generator:250 sequential_int_gen: <0.102.0>: 490000 (19%)
2015-11-05 21:28:00.595 [debug] <0.502.0>@basho_bench_keygen:sequential_int_generator:250 sequential_int_gen: <0.100.0>: 495000 (19%)
2015-11-05 21:28:00.768 [debug] <0.503.0>@basho_bench_keygen:sequential_int_generator:250 sequential_int_gen: <0.97.0>: 495000 (19%)
2015-11-05 21:28:01.018 [debug] <0.504.0>@basho_bench_keygen:sequential_int_generator:250 sequential_int_gen: <0.104.0>: 495000 (19%)
2015-11-05 21:28:01.432 [debug] <0.505.0>@basho_bench_keygen:sequential_int_generator:250 sequential_int_gen: <0.102.0>: 495000 (19%)
2015-11-05 21:28:02.634 [debug] <0.506.0>@basho_bench_keygen:sequential_int_generator:250 sequential_int_gen: <0.100.0>: 500000 (20%)
2015-11-05 21:28:02.762 [debug] <0.507.0>@basho_bench_keygen:sequential_int_generator:250 sequential_int_gen: <0.97.0>: 500000 (20%)
2015-11-05 21:28:02.993 [debug] <0.508.0>@basho_bench_keygen:sequential_int_generator:250 sequential_int_gen: <0.104.0>: 500000 (20%)
2015-11-05 21:28:03.649 [debug] <0.509.0>@basho_bench_keygen:sequential_int_generator:250 sequential_int_gen: <0.102.0>: 500000 (20%)
2015-11-05 21:28:04.650 [debug] <0.510.0>@basho_bench_keygen:sequential_int_generator:250 sequential_int_gen: <0.100.0>: 505000 (20%)
2015-11-05 21:28:04.785 [debug] <0.511.0>@basho_bench_keygen:sequential_int_generator:250 sequential_int_gen: <0.97.0>: 505000 (20%)
2015-11-05 21:28:05.004 [debug] <0.512.0>@basho_bench_keygen:sequential_int_generator:250 sequential_int_gen: <0.104.0>: 505000 (20%)
2015-11-05 21:28:05.656 [debug] <0.513.0>@basho_bench_keygen:sequential_int_generator:250 sequential_int_gen: <0.102.0>: 505000 (20%)
2015-11-05 21:28:06.671 [debug] <0.514.0>@basho_bench_keygen:sequential_int_generator:250 sequential_int_gen: <0.100.0>: 510000 (20%)
2015-11-05 21:28:06.790 [debug] <0.515.0>@basho_bench_keygen:sequential_int_generator:250 sequential_int_gen: <0.97.0>: 510000 (20%)
2015-11-05 21:28:06.994 [debug] <0.516.0>@basho_bench_keygen:sequential_int_generator:250 sequential_int_gen: <0.104.0>: 510000 (20%)
2015-11-05 21:28:07.586 [debug] <0.517.0>@basho_bench_keygen:sequential_int_generator:250 sequential_int_gen: <0.102.0>: 510000 (20%)
2015-11-05 21:28:08.526 [debug] <0.518.0>@basho_bench_keygen:sequential_int_generator:250 sequential_int_gen: <0.100.0>: 515000 (20%)
2015-11-05 21:28:08.659 [debug] <0.519.0>@basho_bench_keygen:sequential_int_generator:250 sequential_int_gen: <0.97.0>: 515000 (20%)
2015-11-05 21:28:08.867 [debug] <0.520.0>@basho_bench_keygen:sequential_int_generator:250 sequential_int_gen: <0.104.0>: 515000 (20%)
2015-11-05 21:28:09.489 [debug] <0.521.0>@basho_bench_keygen:sequential_int_generator:250 sequential_int_gen: <0.102.0>: 515000 (20%)
2015-11-05 21:28:10.526 [debug] <0.522.0>@basho_bench_keygen:sequential_int_generator:250 sequential_int_gen: <0.100.0>: 520000 (20%)
2015-11-05 21:28:10.676 [debug] <0.523.0>@basho_bench_keygen:sequential_int_generator:250 sequential_int_gen: <0.97.0>: 520000 (20%)
2015-11-05 21:28:10.885 [debug] <0.524.0>@basho_bench_keygen:sequential_int_generator:250 sequential_int_gen: <0.104.0>: 520000 (20%)
2015-11-05 21:28:11.539 [debug] <0.525.0>@basho_bench_keygen:sequential_int_generator:250 sequential_int_gen: <0.102.0>: 520000 (20%)
2015-11-05 21:28:12.647 [debug] <0.526.0>@basho_bench_keygen:sequential_int_generator:250 sequential_int_gen: <0.100.0>: 525000 (21%)
2015-11-05 21:28:12.783 [debug] <0.527.0>@basho_bench_keygen:sequential_int_generator:250 sequential_int_gen: <0.97.0>: 525000 (21%)
2015-11-05 21:28:12.909 [debug] <0.528.0>@basho_bench_keygen:sequential_int_generator:250 sequential_int_gen: <0.104.0>: 525000 (21%)
2015-11-05 21:28:13.673 [debug] <0.529.0>@basho_bench_keygen:sequential_int_generator:250 sequential_int_gen: <0.102.0>: 525000 (21%)
2015-11-05 21:28:14.669 [debug] <0.530.0>@basho_bench_keygen:sequential_int_generator:250 sequential_int_gen: <0.100.0>: 530000 (21%)
2015-11-05 21:28:14.801 [debug] <0.531.0>@basho_bench_keygen:sequential_int_generator:250 sequential_int_gen: <0.97.0>: 530000 (21%)
2015-11-05 21:28:14.933 [debug] <0.532.0>@basho_bench_keygen:sequential_int_generator:250 sequential_int_gen: <0.104.0>: 530000 (21%)
2015-11-05 21:28:15.707 [debug] <0.533.0>@basho_bench_keygen:sequential_int_generator:250 sequential_int_gen: <0.102.0>: 530000 (21%)
2015-11-05 21:28:16.699 [debug] <0.534.0>@basho_bench_keygen:sequential_int_generator:250 sequential_int_gen: <0.100.0>: 535000 (21%)
2015-11-05 21:28:16.811 [debug] <0.535.0>@basho_bench_keygen:sequential_int_generator:250 sequential_int_gen: <0.97.0>: 535000 (21%)
2015-11-05 21:28:16.960 [debug] <0.536.0>@basho_bench_keygen:sequential_int_generator:250 sequential_int_gen: <0.104.0>: 535000 (21%)
2015-11-05 21:28:17.737 [debug] <0.537.0>@basho_bench_keygen:sequential_int_generator:250 sequential_int_gen: <0.102.0>: 535000 (21%)
2015-11-05 21:28:18.717 [debug] <0.538.0>@basho_bench_keygen:sequential_int_generator:250 sequential_int_gen: <0.100.0>: 540000 (21%)
2015-11-05 21:28:18.833 [debug] <0.539.0>@basho_bench_keygen:sequential_int_generator:250 sequential_int_gen: <0.97.0>: 540000 (21%)
2015-11-05 21:28:18.989 [debug] <0.540.0>@basho_bench_keygen:sequential_int_generator:250 sequential_int_gen: <0.104.0>: 540000 (21%)
2015-11-05 21:28:19.772 [debug] <0.541.0>@basho_bench_keygen:sequential_int_generator:250 sequential_int_gen: <0.102.0>: 540000 (21%)
2015-11-05 21:28:20.733 [debug] <0.542.0>@basho_bench_keygen:sequential_int_generator:250 sequential_int_gen: <0.100.0>: 545000 (21%)
2015-11-05 21:28:20.849 [debug] <0.543.0>@basho_bench_keygen:sequential_int_generator:250 sequential_int_gen: <0.97.0>: 545000 (21%)
2015-11-05 21:28:21.015 [debug] <0.544.0>@basho_bench_keygen:sequential_int_generator:250 sequential_int_gen: <0.104.0>: 545000 (21%)
2015-11-05 21:28:21.819 [debug] <0.545.0>@basho_bench_keygen:sequential_int_generator:250 sequential_int_gen: <0.102.0>: 545000 (21%)
2015-11-05 21:28:22.723 [debug] <0.546.0>@basho_bench_keygen:sequential_int_generator:250 sequential_int_gen: <0.100.0>: 550000 (22%)
2015-11-05 21:28:22.976 [debug] <0.547.0>@basho_bench_keygen:sequential_int_generator:250 sequential_int_gen: <0.97.0>: 550000 (22%)
2015-11-05 21:28:23.009 [debug] <0.548.0>@basho_bench_keygen:sequential_int_generator:250 sequential_int_gen: <0.104.0>: 550000 (22%)
2015-11-05 21:28:23.920 [debug] <0.549.0>@basho_bench_keygen:sequential_int_generator:250 sequential_int_gen: <0.102.0>: 550000 (22%)
2015-11-05 21:28:24.727 [debug] <0.550.0>@basho_bench_keygen:sequential_int_generator:250 sequential_int_gen: <0.100.0>: 555000 (22%)
2015-11-05 21:28:24.966 [debug] <0.551.0>@basho_bench_keygen:sequential_int_generator:250 sequential_int_gen: <0.97.0>: 555000 (22%)
2015-11-05 21:28:24.987 [debug] <0.552.0>@basho_bench_keygen:sequential_int_generator:250 sequential_int_gen: <0.104.0>: 555000 (22%)
2015-11-05 21:28:25.832 [debug] <0.553.0>@basho_bench_keygen:sequential_int_generator:250 sequential_int_gen: <0.102.0>: 555000 (22%)
2015-11-05 21:28:26.680 [debug] <0.554.0>@basho_bench_keygen:sequential_int_generator:250 sequential_int_gen: <0.100.0>: 560000 (22%)
2015-11-05 21:28:26.942 [debug] <0.555.0>@basho_bench_keygen:sequential_int_generator:250 sequential_int_gen: <0.97.0>: 560000 (22%)
2015-11-05 21:28:26.964 [debug] <0.556.0>@basho_bench_keygen:sequential_int_generator:250 sequential_int_gen: <0.104.0>: 560000 (22%)
2015-11-05 21:28:27.855 [debug] <0.557.0>@basho_bench_keygen:sequential_int_generator:250 sequential_int_gen: <0.102.0>: 560000 (22%)
2015-11-05 21:28:28.737 [debug] <0.558.0>@basho_bench_keygen:sequential_int_generator:250 sequential_int_gen: <0.100.0>: 565000 (22%)
2015-11-05 21:28:28.996 [debug] <0.559.0>@basho_bench_keygen:sequential_int_generator:250 sequential_int_gen: <0.97.0>: 565000 (22%)
2015-11-05 21:28:29.006 [debug] <0.560.0>@basho_bench_keygen:sequential_int_generator:250 sequential_int_gen: <0.104.0>: 565000 (22%)
2015-11-05 21:28:29.905 [debug] <0.561.0>@basho_bench_keygen:sequential_int_generator:250 sequential_int_gen: <0.102.0>: 565000 (22%)
2015-11-05 21:28:30.805 [debug] <0.562.0>@basho_bench_keygen:sequential_int_generator:250 sequential_int_gen: <0.100.0>: 570000 (22%)
2015-11-05 21:28:31.060 [debug] <0.563.0>@basho_bench_keygen:sequential_int_generator:250 sequential_int_gen: <0.104.0>: 570000 (22%)
2015-11-05 21:28:31.071 [debug] <0.564.0>@basho_bench_keygen:sequential_int_generator:250 sequential_int_gen: <0.97.0>: 570000 (22%)
2015-11-05 21:28:31.917 [debug] <0.565.0>@basho_bench_keygen:sequential_int_generator:250 sequential_int_gen: <0.102.0>: 570000 (22%)
2015-11-05 21:28:32.845 [debug] <0.566.0>@basho_bench_keygen:sequential_int_generator:250 sequential_int_gen: <0.100.0>: 575000 (23%)
2015-11-05 21:28:32.948 [debug] <0.567.0>@basho_bench_keygen:sequential_int_generator:250 sequential_int_gen: <0.104.0>: 575000 (23%)
2015-11-05 21:28:33.063 [debug] <0.568.0>@basho_bench_keygen:sequential_int_generator:250 sequential_int_gen: <0.97.0>: 575000 (23%)
2015-11-05 21:28:33.784 [debug] <0.569.0>@basho_bench_keygen:sequential_int_generator:250 sequential_int_gen: <0.102.0>: 575000 (23%)
2015-11-05 21:28:34.803 [debug] <0.570.0>@basho_bench_keygen:sequential_int_generator:250 sequential_int_gen: <0.100.0>: 580000 (23%)
2015-11-05 21:28:34.903 [debug] <0.571.0>@basho_bench_keygen:sequential_int_generator:250 sequential_int_gen: <0.104.0>: 580000 (23%)
2015-11-05 21:28:35.027 [debug] <0.572.0>@basho_bench_keygen:sequential_int_generator:250 sequential_int_gen: <0.97.0>: 580000 (23%)
2015-11-05 21:28:35.771 [debug] <0.573.0>@basho_bench_keygen:sequential_int_generator:250 sequential_int_gen: <0.102.0>: 580000 (23%)
2015-11-05 21:28:36.820 [debug] <0.574.0>@basho_bench_keygen:sequential_int_generator:250 sequential_int_gen: <0.100.0>: 585000 (23%)
2015-11-05 21:28:36.917 [debug] <0.575.0>@basho_bench_keygen:sequential_int_generator:250 sequential_int_gen: <0.104.0>: 585000 (23%)
2015-11-05 21:28:37.070 [debug] <0.576.0>@basho_bench_keygen:sequential_int_generator:250 sequential_int_gen: <0.97.0>: 585000 (23%)
2015-11-05 21:28:37.776 [debug] <0.577.0>@basho_bench_keygen:sequential_int_generator:250 sequential_int_gen: <0.102.0>: 585000 (23%)
2015-11-05 21:28:38.842 [debug] <0.578.0>@basho_bench_keygen:sequential_int_generator:250 sequential_int_gen: <0.100.0>: 590000 (23%)
2015-11-05 21:28:38.929 [debug] <0.579.0>@basho_bench_keygen:sequential_int_generator:250 sequential_int_gen: <0.104.0>: 590000 (23%)
2015-11-05 21:28:39.085 [debug] <0.580.0>@basho_bench_keygen:sequential_int_generator:250 sequential_int_gen: <0.97.0>: 590000 (23%)
2015-11-05 21:28:39.796 [debug] <0.581.0>@basho_bench_keygen:sequential_int_generator:250 sequential_int_gen: <0.102.0>: 590000 (23%)
2015-11-05 21:28:40.879 [debug] <0.582.0>@basho_bench_keygen:sequential_int_generator:250 sequential_int_gen: <0.100.0>: 595000 (23%)
2015-11-05 21:28:40.969 [debug] <0.583.0>@basho_bench_keygen:sequential_int_generator:250 sequential_int_gen: <0.104.0>: 595000 (23%)
2015-11-05 21:28:41.119 [debug] <0.584.0>@basho_bench_keygen:sequential_int_generator:250 sequential_int_gen: <0.97.0>: 595000 (23%)
2015-11-05 21:28:41.828 [debug] <0.585.0>@basho_bench_keygen:sequential_int_generator:250 sequential_int_gen: <0.102.0>: 595000 (23%)
2015-11-05 21:28:42.858 [debug] <0.586.0>@basho_bench_keygen:sequential_int_generator:250 sequential_int_gen: <0.100.0>: 600000 (24%)
2015-11-05 21:28:43.143 [debug] <0.587.0>@basho_bench_keygen:sequential_int_generator:250 sequential_int_gen: <0.104.0>: 600000 (24%)
2015-11-05 21:28:43.169 [debug] <0.588.0>@basho_bench_keygen:sequential_int_generator:250 sequential_int_gen: <0.97.0>: 600000 (24%)
2015-11-05 21:28:43.812 [debug] <0.589.0>@basho_bench_keygen:sequential_int_generator:250 sequential_int_gen: <0.102.0>: 600000 (24%)
2015-11-05 21:28:44.874 [debug] <0.590.0>@basho_bench_keygen:sequential_int_generator:250 sequential_int_gen: <0.100.0>: 605000 (24%)
2015-11-05 21:28:45.170 [debug] <0.591.0>@basho_bench_keygen:sequential_int_generator:250 sequential_int_gen: <0.104.0>: 605000 (24%)
2015-11-05 21:28:45.187 [debug] <0.592.0>@basho_bench_keygen:sequential_int_generator:250 sequential_int_gen: <0.97.0>: 605000 (24%)
2015-11-05 21:28:45.848 [debug] <0.593.0>@basho_bench_keygen:sequential_int_generator:250 sequential_int_gen: <0.102.0>: 605000 (24%)
2015-11-05 21:28:46.918 [debug] <0.594.0>@basho_bench_keygen:sequential_int_generator:250 sequential_int_gen: <0.100.0>: 610000 (24%)
2015-11-05 21:28:47.218 [debug] <0.595.0>@basho_bench_keygen:sequential_int_generator:250 sequential_int_gen: <0.104.0>: 610000 (24%)
2015-11-05 21:28:47.220 [debug] <0.596.0>@basho_bench_keygen:sequential_int_generator:250 sequential_int_gen: <0.97.0>: 610000 (24%)
2015-11-05 21:28:47.878 [debug] <0.597.0>@basho_bench_keygen:sequential_int_generator:250 sequential_int_gen: <0.102.0>: 610000 (24%)
2015-11-05 21:28:48.934 [debug] <0.598.0>@basho_bench_keygen:sequential_int_generator:250 sequential_int_gen: <0.100.0>: 615000 (24%)
2015-11-05 21:28:49.229 [debug] <0.599.0>@basho_bench_keygen:sequential_int_generator:250 sequential_int_gen: <0.97.0>: 615000 (24%)
2015-11-05 21:28:49.231 [debug] <0.600.0>@basho_bench_keygen:sequential_int_generator:250 sequential_int_gen: <0.104.0>: 615000 (24%)
2015-11-05 21:28:49.858 [debug] <0.601.0>@basho_bench_keygen:sequential_int_generator:250 sequential_int_gen: <0.102.0>: 615000 (24%)
2015-11-05 21:28:50.868 [debug] <0.602.0>@basho_bench_keygen:sequential_int_generator:250 sequential_int_gen: <0.100.0>: 620000 (24%)
2015-11-05 21:28:51.162 [debug] <0.603.0>@basho_bench_keygen:sequential_int_generator:250 sequential_int_gen: <0.97.0>: 620000 (24%)
2015-11-05 21:28:51.164 [debug] <0.604.0>@basho_bench_keygen:sequential_int_generator:250 sequential_int_gen: <0.104.0>: 620000 (24%)
2015-11-05 21:28:51.821 [debug] <0.605.0>@basho_bench_keygen:sequential_int_generator:250 sequential_int_gen: <0.102.0>: 620000 (24%)
2015-11-05 21:28:52.888 [debug] <0.606.0>@basho_bench_keygen:sequential_int_generator:250 sequential_int_gen: <0.100.0>: 625000 (25%)
2015-11-05 21:28:53.248 [debug] <0.607.0>@basho_bench_keygen:sequential_int_generator:250 sequential_int_gen: <0.104.0>: 625000 (25%)
2015-11-05 21:28:53.315 [debug] <0.608.0>@basho_bench_keygen:sequential_int_generator:250 sequential_int_gen: <0.97.0>: 625000 (25%)
2015-11-05 21:28:54.012 [debug] <0.609.0>@basho_bench_keygen:sequential_int_generator:250 sequential_int_gen: <0.102.0>: 625000 (25%)
2015-11-05 21:28:54.998 [debug] <0.610.0>@basho_bench_keygen:sequential_int_generator:250 sequential_int_gen: <0.100.0>: 630000 (25%)
2015-11-05 21:28:55.356 [debug] <0.611.0>@basho_bench_keygen:sequential_int_generator:250 sequential_int_gen: <0.104.0>: 630000 (25%)
2015-11-05 21:28:55.426 [debug] <0.612.0>@basho_bench_keygen:sequential_int_generator:250 sequential_int_gen: <0.97.0>: 630000 (25%)
2015-11-05 21:28:56.107 [debug] <0.613.0>@basho_bench_keygen:sequential_int_generator:250 sequential_int_gen: <0.102.0>: 630000 (25%)
2015-11-05 21:28:57.068 [debug] <0.614.0>@basho_bench_keygen:sequential_int_generator:250 sequential_int_gen: <0.100.0>: 635000 (25%)
2015-11-05 21:28:57.386 [debug] <0.615.0>@basho_bench_keygen:sequential_int_generator:250 sequential_int_gen: <0.104.0>: 635000 (25%)
2015-11-05 21:28:57.442 [debug] <0.616.0>@basho_bench_keygen:sequential_int_generator:250 sequential_int_gen: <0.97.0>: 635000 (25%)
2015-11-05 21:28:58.050 [debug] <0.617.0>@basho_bench_keygen:sequential_int_generator:250 sequential_int_gen: <0.102.0>: 635000 (25%)
2015-11-05 21:28:58.976 [debug] <0.618.0>@basho_bench_keygen:sequential_int_generator:250 sequential_int_gen: <0.100.0>: 640000 (25%)
2015-11-05 21:28:59.309 [debug] <0.619.0>@basho_bench_keygen:sequential_int_generator:250 sequential_int_gen: <0.104.0>: 640000 (25%)
2015-11-05 21:28:59.372 [debug] <0.620.0>@basho_bench_keygen:sequential_int_generator:250 sequential_int_gen: <0.97.0>: 640000 (25%)
2015-11-05 21:29:00.034 [debug] <0.621.0>@basho_bench_keygen:sequential_int_generator:250 sequential_int_gen: <0.102.0>: 640000 (25%)
2015-11-05 21:29:01.059 [debug] <0.622.0>@basho_bench_keygen:sequential_int_generator:250 sequential_int_gen: <0.100.0>: 645000 (25%)
2015-11-05 21:29:01.393 [debug] <0.623.0>@basho_bench_keygen:sequential_int_generator:250 sequential_int_gen: <0.104.0>: 645000 (25%)
2015-11-05 21:29:01.457 [debug] <0.624.0>@basho_bench_keygen:sequential_int_generator:250 sequential_int_gen: <0.97.0>: 645000 (25%)
2015-11-05 21:29:02.138 [debug] <0.625.0>@basho_bench_keygen:sequential_int_generator:250 sequential_int_gen: <0.102.0>: 645000 (25%)
2015-11-05 21:29:03.114 [debug] <0.626.0>@basho_bench_keygen:sequential_int_generator:250 sequential_int_gen: <0.100.0>: 650000 (26%)
2015-11-05 21:29:03.560 [debug] <0.627.0>@basho_bench_keygen:sequential_int_generator:250 sequential_int_gen: <0.97.0>: 650000 (26%)
2015-11-05 21:29:03.625 [debug] <0.628.0>@basho_bench_keygen:sequential_int_generator:250 sequential_int_gen: <0.104.0>: 650000 (26%)
2015-11-05 21:29:04.250 [debug] <0.629.0>@basho_bench_keygen:sequential_int_generator:250 sequential_int_gen: <0.102.0>: 650000 (26%)
2015-11-05 21:29:05.191 [debug] <0.630.0>@basho_bench_keygen:sequential_int_generator:250 sequential_int_gen: <0.100.0>: 655000 (26%)
2015-11-05 21:29:05.631 [debug] <0.631.0>@basho_bench_keygen:sequential_int_generator:250 sequential_int_gen: <0.97.0>: 655000 (26%)
2015-11-05 21:29:05.700 [debug] <0.632.0>@basho_bench_keygen:sequential_int_generator:250 sequential_int_gen: <0.104.0>: 655000 (26%)
2015-11-05 21:29:06.278 [debug] <0.633.0>@basho_bench_keygen:sequential_int_generator:250 sequential_int_gen: <0.102.0>: 655000 (26%)
2015-11-05 21:29:07.179 [debug] <0.634.0>@basho_bench_keygen:sequential_int_generator:250 sequential_int_gen: <0.100.0>: 660000 (26%)
2015-11-05 21:29:07.581 [debug] <0.635.0>@basho_bench_keygen:sequential_int_generator:250 sequential_int_gen: <0.97.0>: 660000 (26%)
2015-11-05 21:29:07.638 [debug] <0.636.0>@basho_bench_keygen:sequential_int_generator:250 sequential_int_gen: <0.104.0>: 660000 (26%)
2015-11-05 21:29:08.218 [debug] <0.637.0>@basho_bench_keygen:sequential_int_generator:250 sequential_int_gen: <0.102.0>: 660000 (26%)
2015-11-05 21:29:09.115 [debug] <0.638.0>@basho_bench_keygen:sequential_int_generator:250 sequential_int_gen: <0.100.0>: 665000 (26%)
2015-11-05 21:29:09.514 [debug] <0.639.0>@basho_bench_keygen:sequential_int_generator:250 sequential_int_gen: <0.97.0>: 665000 (26%)
2015-11-05 21:29:09.572 [debug] <0.640.0>@basho_bench_keygen:sequential_int_generator:250 sequential_int_gen: <0.104.0>: 665000 (26%)
2015-11-05 21:29:10.151 [debug] <0.641.0>@basho_bench_keygen:sequential_int_generator:250 sequential_int_gen: <0.102.0>: 665000 (26%)
2015-11-05 21:29:11.041 [debug] <0.642.0>@basho_bench_keygen:sequential_int_generator:250 sequential_int_gen: <0.100.0>: 670000 (26%)
2015-11-05 21:29:11.437 [debug] <0.643.0>@basho_bench_keygen:sequential_int_generator:250 sequential_int_gen: <0.97.0>: 670000 (26%)
2015-11-05 21:29:11.498 [debug] <0.644.0>@basho_bench_keygen:sequential_int_generator:250 sequential_int_gen: <0.104.0>: 670000 (26%)
2015-11-05 21:29:12.084 [debug] <0.645.0>@basho_bench_keygen:sequential_int_generator:250 sequential_int_gen: <0.102.0>: 670000 (26%)
2015-11-05 21:29:12.920 [debug] <0.646.0>@basho_bench_keygen:sequential_int_generator:250 sequential_int_gen: <0.100.0>: 675000 (27%)
2015-11-05 21:29:13.472 [debug] <0.647.0>@basho_bench_keygen:sequential_int_generator:250 sequential_int_gen: <0.97.0>: 675000 (27%)
2015-11-05 21:29:13.501 [debug] <0.648.0>@basho_bench_keygen:sequential_int_generator:250 sequential_int_gen: <0.104.0>: 675000 (27%)
2015-11-05 21:29:14.012 [debug] <0.649.0>@basho_bench_keygen:sequential_int_generator:250 sequential_int_gen: <0.102.0>: 675000 (27%)
2015-11-05 21:29:14.837 [debug] <0.650.0>@basho_bench_keygen:sequential_int_generator:250 sequential_int_gen: <0.100.0>: 680000 (27%)
2015-11-05 21:29:15.389 [debug] <0.651.0>@basho_bench_keygen:sequential_int_generator:250 sequential_int_gen: <0.97.0>: 680000 (27%)
2015-11-05 21:29:15.419 [debug] <0.652.0>@basho_bench_keygen:sequential_int_generator:250 sequential_int_gen: <0.104.0>: 680000 (27%)
2015-11-05 21:29:15.931 [debug] <0.653.0>@basho_bench_keygen:sequential_int_generator:250 sequential_int_gen: <0.102.0>: 680000 (27%)
2015-11-05 21:29:16.828 [debug] <0.654.0>@basho_bench_keygen:sequential_int_generator:250 sequential_int_gen: <0.100.0>: 685000 (27%)
2015-11-05 21:29:17.419 [debug] <0.655.0>@basho_bench_keygen:sequential_int_generator:250 sequential_int_gen: <0.97.0>: 685000 (27%)
2015-11-05 21:29:17.446 [debug] <0.656.0>@basho_bench_keygen:sequential_int_generator:250 sequential_int_gen: <0.104.0>: 685000 (27%)
2015-11-05 21:29:17.988 [debug] <0.657.0>@basho_bench_keygen:sequential_int_generator:250 sequential_int_gen: <0.102.0>: 685000 (27%)
2015-11-05 21:29:18.874 [debug] <0.658.0>@basho_bench_keygen:sequential_int_generator:250 sequential_int_gen: <0.100.0>: 690000 (27%)
2015-11-05 21:29:19.459 [debug] <0.659.0>@basho_bench_keygen:sequential_int_generator:250 sequential_int_gen: <0.97.0>: 690000 (27%)
2015-11-05 21:29:19.491 [debug] <0.660.0>@basho_bench_keygen:sequential_int_generator:250 sequential_int_gen: <0.104.0>: 690000 (27%)
2015-11-05 21:29:20.021 [debug] <0.661.0>@basho_bench_keygen:sequential_int_generator:250 sequential_int_gen: <0.102.0>: 690000 (27%)
2015-11-05 21:29:20.919 [debug] <0.662.0>@basho_bench_keygen:sequential_int_generator:250 sequential_int_gen: <0.100.0>: 695000 (27%)
2015-11-05 21:29:21.463 [debug] <0.663.0>@basho_bench_keygen:sequential_int_generator:250 sequential_int_gen: <0.97.0>: 695000 (27%)
2015-11-05 21:29:21.493 [debug] <0.664.0>@basho_bench_keygen:sequential_int_generator:250 sequential_int_gen: <0.104.0>: 695000 (27%)
2015-11-05 21:29:21.981 [debug] <0.665.0>@basho_bench_keygen:sequential_int_generator:250 sequential_int_gen: <0.102.0>: 695000 (27%)
2015-11-05 21:29:22.826 [debug] <0.666.0>@basho_bench_keygen:sequential_int_generator:250 sequential_int_gen: <0.100.0>: 700000 (28%)
2015-11-05 21:29:23.313 [debug] <0.667.0>@basho_bench_keygen:sequential_int_generator:250 sequential_int_gen: <0.104.0>: 700000 (28%)
2015-11-05 21:29:23.426 [debug] <0.668.0>@basho_bench_keygen:sequential_int_generator:250 sequential_int_gen: <0.97.0>: 700000 (28%)
2015-11-05 21:29:23.820 [debug] <0.669.0>@basho_bench_keygen:sequential_int_generator:250 sequential_int_gen: <0.102.0>: 700000 (28%)
2015-11-05 21:29:24.680 [debug] <0.670.0>@basho_bench_keygen:sequential_int_generator:250 sequential_int_gen: <0.100.0>: 705000 (28%)
2015-11-05 21:29:25.199 [debug] <0.671.0>@basho_bench_keygen:sequential_int_generator:250 sequential_int_gen: <0.104.0>: 705000 (28%)
2015-11-05 21:29:25.337 [debug] <0.672.0>@basho_bench_keygen:sequential_int_generator:250 sequential_int_gen: <0.97.0>: 705000 (28%)
2015-11-05 21:29:25.763 [debug] <0.673.0>@basho_bench_keygen:sequential_int_generator:250 sequential_int_gen: <0.102.0>: 705000 (28%)
2015-11-05 21:29:26.603 [debug] <0.674.0>@basho_bench_keygen:sequential_int_generator:250 sequential_int_gen: <0.100.0>: 710000 (28%)
2015-11-05 21:29:27.098 [debug] <0.675.0>@basho_bench_keygen:sequential_int_generator:250 sequential_int_gen: <0.104.0>: 710000 (28%)
2015-11-05 21:29:27.237 [debug] <0.676.0>@basho_bench_keygen:sequential_int_generator:250 sequential_int_gen: <0.97.0>: 710000 (28%)
2015-11-05 21:29:27.649 [debug] <0.677.0>@basho_bench_keygen:sequential_int_generator:250 sequential_int_gen: <0.102.0>: 710000 (28%)
2015-11-05 21:29:28.560 [debug] <0.678.0>@basho_bench_keygen:sequential_int_generator:250 sequential_int_gen: <0.100.0>: 715000 (28%)
2015-11-05 21:29:29.087 [debug] <0.679.0>@basho_bench_keygen:sequential_int_generator:250 sequential_int_gen: <0.104.0>: 715000 (28%)
2015-11-05 21:29:29.247 [debug] <0.680.0>@basho_bench_keygen:sequential_int_generator:250 sequential_int_gen: <0.97.0>: 715000 (28%)
2015-11-05 21:29:29.651 [debug] <0.681.0>@basho_bench_keygen:sequential_int_generator:250 sequential_int_gen: <0.102.0>: 715000 (28%)
2015-11-05 21:29:30.585 [debug] <0.682.0>@basho_bench_keygen:sequential_int_generator:250 sequential_int_gen: <0.100.0>: 720000 (28%)
2015-11-05 21:29:31.110 [debug] <0.683.0>@basho_bench_keygen:sequential_int_generator:250 sequential_int_gen: <0.104.0>: 720000 (28%)
2015-11-05 21:29:31.274 [debug] <0.684.0>@basho_bench_keygen:sequential_int_generator:250 sequential_int_gen: <0.97.0>: 720000 (28%)
2015-11-05 21:29:31.687 [debug] <0.685.0>@basho_bench_keygen:sequential_int_generator:250 sequential_int_gen: <0.102.0>: 720000 (28%)
2015-11-05 21:29:32.782 [debug] <0.686.0>@basho_bench_keygen:sequential_int_generator:250 sequential_int_gen: <0.100.0>: 725000 (28%)
2015-11-05 21:29:33.079 [debug] <0.687.0>@basho_bench_keygen:sequential_int_generator:250 sequential_int_gen: <0.104.0>: 725000 (28%)
2015-11-05 21:29:33.338 [debug] <0.688.0>@basho_bench_keygen:sequential_int_generator:250 sequential_int_gen: <0.97.0>: 725000 (28%)
2015-11-05 21:29:33.654 [debug] <0.689.0>@basho_bench_keygen:sequential_int_generator:250 sequential_int_gen: <0.102.0>: 725000 (28%)
2015-11-05 21:29:34.798 [debug] <0.690.0>@basho_bench_keygen:sequential_int_generator:250 sequential_int_gen: <0.100.0>: 730000 (29%)
2015-11-05 21:29:35.090 [debug] <0.691.0>@basho_bench_keygen:sequential_int_generator:250 sequential_int_gen: <0.104.0>: 730000 (29%)
2015-11-05 21:29:35.347 [debug] <0.692.0>@basho_bench_keygen:sequential_int_generator:250 sequential_int_gen: <0.97.0>: 730000 (29%)
2015-11-05 21:29:35.652 [debug] <0.693.0>@basho_bench_keygen:sequential_int_generator:250 sequential_int_gen: <0.102.0>: 730000 (29%)
2015-11-05 21:29:36.797 [debug] <0.694.0>@basho_bench_keygen:sequential_int_generator:250 sequential_int_gen: <0.100.0>: 735000 (29%)
2015-11-05 21:29:37.100 [debug] <0.695.0>@basho_bench_keygen:sequential_int_generator:250 sequential_int_gen: <0.104.0>: 735000 (29%)
2015-11-05 21:29:37.349 [debug] <0.696.0>@basho_bench_keygen:sequential_int_generator:250 sequential_int_gen: <0.97.0>: 735000 (29%)
2015-11-05 21:29:37.653 [debug] <0.697.0>@basho_bench_keygen:sequential_int_generator:250 sequential_int_gen: <0.102.0>: 735000 (29%)
2015-11-05 21:29:38.797 [debug] <0.698.0>@basho_bench_keygen:sequential_int_generator:250 sequential_int_gen: <0.100.0>: 740000 (29%)
2015-11-05 21:29:39.111 [debug] <0.699.0>@basho_bench_keygen:sequential_int_generator:250 sequential_int_gen: <0.104.0>: 740000 (29%)
2015-11-05 21:29:39.358 [debug] <0.700.0>@basho_bench_keygen:sequential_int_generator:250 sequential_int_gen: <0.97.0>: 740000 (29%)
2015-11-05 21:29:39.653 [debug] <0.701.0>@basho_bench_keygen:sequential_int_generator:250 sequential_int_gen: <0.102.0>: 740000 (29%)
2015-11-05 21:29:40.783 [debug] <0.702.0>@basho_bench_keygen:sequential_int_generator:250 sequential_int_gen: <0.100.0>: 745000 (29%)
2015-11-05 21:29:41.119 [debug] <0.703.0>@basho_bench_keygen:sequential_int_generator:250 sequential_int_gen: <0.104.0>: 745000 (29%)
2015-11-05 21:29:41.353 [debug] <0.704.0>@basho_bench_keygen:sequential_int_generator:250 sequential_int_gen: <0.97.0>: 745000 (29%)
2015-11-05 21:29:41.649 [debug] <0.705.0>@basho_bench_keygen:sequential_int_generator:250 sequential_int_gen: <0.102.0>: 745000 (29%)
2015-11-05 21:29:42.883 [debug] <0.706.0>@basho_bench_keygen:sequential_int_generator:250 sequential_int_gen: <0.100.0>: 750000 (30%)
2015-11-05 21:29:43.103 [debug] <0.707.0>@basho_bench_keygen:sequential_int_generator:250 sequential_int_gen: <0.104.0>: 750000 (30%)
2015-11-05 21:29:43.423 [info] <0.86.0>@basho_bench_stats:report_total_errors:285 No Errors.
