2015-11-06 23:02:33.551 [debug] <0.54.0>@lager_handler_watcher:94 Lager installed handler {lager_file_backend,
                            "/home/windkit/basho_bench/tests/20151106_230233/error.log"} into lager_event
2015-11-06 23:02:33.551 [debug] <0.56.0>@lager_handler_watcher:94 Lager installed handler {lager_file_backend,
                            "/home/windkit/basho_bench/tests/20151106_230233/console.log"} into lager_event
2015-11-06 23:02:33.551 [debug] <0.58.0>@lager_handler_watcher:94 Lager installed handler error_logger_lager_h into error_logger
2015-11-06 23:02:33.591 [debug] <0.41.0> Supervisor gr_param_sup started gr_param:start_link(gr_lager_default_tracer_params) at pid <0.60.0>
2015-11-06 23:02:33.591 [debug] <0.40.0> Supervisor gr_counter_sup started gr_counter:start_link(gr_lager_default_tracer_counters) at pid <0.61.0>
2015-11-06 23:02:33.592 [debug] <0.42.0> Supervisor gr_manager_sup started gr_manager:start_link(gr_lager_default_tracer_params_mgr, gr_lager_default_tracer_params, []) at pid <0.62.0>
2015-11-06 23:02:33.592 [debug] <0.42.0> Supervisor gr_manager_sup started gr_manager:start_link(gr_lager_default_tracer_counters_mgr, gr_lager_default_tracer_counters, [{input,0},{filter,0},{output,0}]) at pid <0.63.0>
2015-11-06 23:02:34.024 [debug] <0.50.0>@lager_handler_watcher:94 Lager installed handler lager_backend_throttle into lager_event
2015-11-06 23:02:34.314 [info] <0.7.0> Application lager started on node nonode@nohost
2015-11-06 23:02:34.316 [notice] <0.47.0>@lager_file_backend:127 Changed loglevel of /home/windkit/basho_bench/tests/20151106_230233/console.log to debug
2015-11-06 23:02:34.329 [info] <0.2.0>@basho_bench:log_dimensions:253 Est. data size: 9765.63 GB
2015-11-06 23:02:34.396 [debug] <0.72.0> Supervisor sasl_safe_sup started alarm_handler:start_link() at pid <0.73.0>
2015-11-06 23:02:34.396 [debug] <0.72.0> Supervisor sasl_safe_sup started overload:start_link() at pid <0.74.0>
2015-11-06 23:02:34.397 [debug] <0.71.0> Supervisor sasl_sup started supervisor:start_link({local,sasl_safe_sup}, sasl, safe) at pid <0.72.0>
2015-11-06 23:02:34.410 [debug] <0.71.0> Supervisor sasl_sup started release_handler:start_link() at pid <0.75.0>
2015-11-06 23:02:34.410 [info] <0.7.0> Application sasl started on node nonode@nohost
2015-11-06 23:02:34.477 [debug] <0.80.0> Supervisor crypto_sup started crypto_server:start_link() at pid <0.81.0>
2015-11-06 23:02:34.477 [info] <0.7.0> Application crypto started on node nonode@nohost
2015-11-06 23:02:34.506 [debug] <0.90.0> Supervisor folsom_sup started folsom_sample_slide_sup:start_link() at pid <0.91.0>
2015-11-06 23:02:34.511 [debug] <0.90.0> Supervisor folsom_sup started folsom_meter_timer_server:start_link() at pid <0.92.0>
2015-11-06 23:02:34.515 [debug] <0.90.0> Supervisor folsom_sup started folsom_metrics_histogram_ets:start_link() at pid <0.93.0>
2015-11-06 23:02:34.516 [info] <0.7.0> Application folsom started on node nonode@nohost
2015-11-06 23:02:34.552 [debug] <0.85.0> Supervisor basho_bench_sup started basho_bench_stats:start_link() at pid <0.86.0>
2015-11-06 23:02:34.563 [debug] <0.95.0>@basho_bench_keygen:new:105 ID 1 generating range 0 to 2500000
2015-11-06 23:02:34.563 [info] <0.95.0>@basho_bench_valgen:init_source:88 Random source: calling crypto:rand_bytes(10485760) (override with the 'value_generator_source_size' config option
2015-11-06 23:02:34.809 [info] <0.95.0>@basho_bench_valgen:init_source:95 Random source: finished crypto:rand_bytes(10485760)
2015-11-06 23:02:34.843 [debug] <0.85.0> Supervisor basho_bench_sup started basho_bench_worker:start_link(basho_bench_worker_1, 1) at pid <0.95.0>
2015-11-06 23:02:34.843 [debug] <0.99.0>@basho_bench_keygen:new:105 ID 2 generating range 2500000 to 5000000
2015-11-06 23:02:34.846 [debug] <0.85.0> Supervisor basho_bench_sup started basho_bench_worker:start_link(basho_bench_worker_2, 2) at pid <0.99.0>
2015-11-06 23:02:34.846 [debug] <0.101.0>@basho_bench_keygen:new:105 ID 3 generating range 5000000 to 7500000
2015-11-06 23:02:34.848 [debug] <0.85.0> Supervisor basho_bench_sup started basho_bench_worker:start_link(basho_bench_worker_3, 3) at pid <0.101.0>
2015-11-06 23:02:34.848 [debug] <0.103.0>@basho_bench_keygen:new:105 ID 4 generating range 7500000 to 10000000
2015-11-06 23:02:34.851 [debug] <0.85.0> Supervisor basho_bench_sup started basho_bench_worker:start_link(basho_bench_worker_4, 4) at pid <0.103.0>
2015-11-06 23:02:34.851 [debug] <0.26.0> Supervisor kernel_safe_sup started timer:start_link() at pid <0.105.0>
2015-11-06 23:02:34.857 [info] <0.104.0>@basho_bench_worker:worker_idle_loop:237 Starting max worker: <0.104.0> on nonode@nohost
2015-11-06 23:02:34.858 [info] <0.102.0>@basho_bench_worker:worker_idle_loop:237 Starting max worker: <0.102.0> on nonode@nohost
2015-11-06 23:02:34.858 [debug] <0.106.0>@basho_bench_keygen:sequential_int_generator:250 sequential_int_gen: <0.104.0>: 0 (0%)
2015-11-06 23:02:34.859 [info] <0.100.0>@basho_bench_worker:worker_idle_loop:237 Starting max worker: <0.100.0> on nonode@nohost
2015-11-06 23:02:34.859 [debug] <0.107.0>@basho_bench_keygen:sequential_int_generator:250 sequential_int_gen: <0.102.0>: 0 (0%)
2015-11-06 23:02:34.859 [info] <0.97.0>@basho_bench_worker:worker_idle_loop:237 Starting max worker: <0.97.0> on nonode@nohost
2015-11-06 23:02:34.859 [debug] <0.108.0>@basho_bench_keygen:sequential_int_generator:250 sequential_int_gen: <0.100.0>: 0 (0%)
2015-11-06 23:02:34.859 [debug] <0.109.0>@basho_bench_keygen:sequential_int_generator:250 sequential_int_gen: <0.97.0>: 0 (0%)
2015-11-06 23:02:34.860 [info] <0.7.0> Application basho_bench started on node nonode@nohost
2015-11-06 23:02:37.105 [debug] <0.110.0>@basho_bench_keygen:sequential_int_generator:250 sequential_int_gen: <0.100.0>: 5000 (0%)
2015-11-06 23:02:37.209 [debug] <0.111.0>@basho_bench_keygen:sequential_int_generator:250 sequential_int_gen: <0.104.0>: 5000 (0%)
2015-11-06 23:02:37.215 [debug] <0.112.0>@basho_bench_keygen:sequential_int_generator:250 sequential_int_gen: <0.102.0>: 5000 (0%)
2015-11-06 23:02:37.284 [debug] <0.113.0>@basho_bench_keygen:sequential_int_generator:250 sequential_int_gen: <0.97.0>: 5000 (0%)
2015-11-06 23:02:39.477 [debug] <0.114.0>@basho_bench_keygen:sequential_int_generator:250 sequential_int_gen: <0.100.0>: 10000 (0%)
2015-11-06 23:02:39.488 [debug] <0.115.0>@basho_bench_keygen:sequential_int_generator:250 sequential_int_gen: <0.104.0>: 10000 (0%)
2015-11-06 23:02:39.558 [debug] <0.116.0>@basho_bench_keygen:sequential_int_generator:250 sequential_int_gen: <0.102.0>: 10000 (0%)
2015-11-06 23:02:39.591 [debug] <0.117.0>@basho_bench_keygen:sequential_int_generator:250 sequential_int_gen: <0.97.0>: 10000 (0%)
2015-11-06 23:02:41.734 [debug] <0.118.0>@basho_bench_keygen:sequential_int_generator:250 sequential_int_gen: <0.100.0>: 15000 (0%)
2015-11-06 23:02:41.898 [debug] <0.119.0>@basho_bench_keygen:sequential_int_generator:250 sequential_int_gen: <0.104.0>: 15000 (0%)
2015-11-06 23:02:41.941 [debug] <0.120.0>@basho_bench_keygen:sequential_int_generator:250 sequential_int_gen: <0.102.0>: 15000 (0%)
2015-11-06 23:02:42.025 [debug] <0.121.0>@basho_bench_keygen:sequential_int_generator:250 sequential_int_gen: <0.97.0>: 15000 (0%)
2015-11-06 23:02:44.100 [debug] <0.122.0>@basho_bench_keygen:sequential_int_generator:250 sequential_int_gen: <0.100.0>: 20000 (0%)
2015-11-06 23:02:44.220 [debug] <0.123.0>@basho_bench_keygen:sequential_int_generator:250 sequential_int_gen: <0.104.0>: 20000 (0%)
2015-11-06 23:02:44.261 [debug] <0.124.0>@basho_bench_keygen:sequential_int_generator:250 sequential_int_gen: <0.102.0>: 20000 (0%)
2015-11-06 23:02:44.316 [debug] <0.125.0>@basho_bench_keygen:sequential_int_generator:250 sequential_int_gen: <0.97.0>: 20000 (0%)
2015-11-06 23:02:46.489 [debug] <0.126.0>@basho_bench_keygen:sequential_int_generator:250 sequential_int_gen: <0.100.0>: 25000 (1%)
2015-11-06 23:02:46.591 [debug] <0.127.0>@basho_bench_keygen:sequential_int_generator:250 sequential_int_gen: <0.104.0>: 25000 (1%)
2015-11-06 23:02:46.594 [debug] <0.128.0>@basho_bench_keygen:sequential_int_generator:250 sequential_int_gen: <0.102.0>: 25000 (1%)
2015-11-06 23:02:46.661 [debug] <0.129.0>@basho_bench_keygen:sequential_int_generator:250 sequential_int_gen: <0.97.0>: 25000 (1%)
2015-11-06 23:02:48.820 [debug] <0.130.0>@basho_bench_keygen:sequential_int_generator:250 sequential_int_gen: <0.100.0>: 30000 (1%)
2015-11-06 23:02:48.988 [debug] <0.131.0>@basho_bench_keygen:sequential_int_generator:250 sequential_int_gen: <0.97.0>: 30000 (1%)
2015-11-06 23:02:49.055 [debug] <0.132.0>@basho_bench_keygen:sequential_int_generator:250 sequential_int_gen: <0.104.0>: 30000 (1%)
2015-11-06 23:02:49.067 [debug] <0.133.0>@basho_bench_keygen:sequential_int_generator:250 sequential_int_gen: <0.102.0>: 30000 (1%)
2015-11-06 23:02:51.171 [debug] <0.134.0>@basho_bench_keygen:sequential_int_generator:250 sequential_int_gen: <0.100.0>: 35000 (1%)
2015-11-06 23:02:51.362 [debug] <0.135.0>@basho_bench_keygen:sequential_int_generator:250 sequential_int_gen: <0.97.0>: 35000 (1%)
2015-11-06 23:02:51.456 [debug] <0.136.0>@basho_bench_keygen:sequential_int_generator:250 sequential_int_gen: <0.104.0>: 35000 (1%)
2015-11-06 23:02:51.468 [debug] <0.137.0>@basho_bench_keygen:sequential_int_generator:250 sequential_int_gen: <0.102.0>: 35000 (1%)
2015-11-06 23:02:53.551 [debug] <0.138.0>@basho_bench_keygen:sequential_int_generator:250 sequential_int_gen: <0.100.0>: 40000 (1%)
2015-11-06 23:02:53.724 [debug] <0.139.0>@basho_bench_keygen:sequential_int_generator:250 sequential_int_gen: <0.97.0>: 40000 (1%)
2015-11-06 23:02:53.838 [debug] <0.140.0>@basho_bench_keygen:sequential_int_generator:250 sequential_int_gen: <0.104.0>: 40000 (1%)
2015-11-06 23:02:53.857 [debug] <0.141.0>@basho_bench_keygen:sequential_int_generator:250 sequential_int_gen: <0.102.0>: 40000 (1%)
2015-11-06 23:02:55.839 [debug] <0.142.0>@basho_bench_keygen:sequential_int_generator:250 sequential_int_gen: <0.100.0>: 45000 (1%)
2015-11-06 23:02:56.132 [debug] <0.143.0>@basho_bench_keygen:sequential_int_generator:250 sequential_int_gen: <0.104.0>: 45000 (1%)
2015-11-06 23:02:56.218 [debug] <0.144.0>@basho_bench_keygen:sequential_int_generator:250 sequential_int_gen: <0.97.0>: 45000 (1%)
2015-11-06 23:02:56.300 [debug] <0.145.0>@basho_bench_keygen:sequential_int_generator:250 sequential_int_gen: <0.102.0>: 45000 (1%)
2015-11-06 23:02:58.289 [debug] <0.146.0>@basho_bench_keygen:sequential_int_generator:250 sequential_int_gen: <0.100.0>: 50000 (2%)
2015-11-06 23:02:58.506 [debug] <0.147.0>@basho_bench_keygen:sequential_int_generator:250 sequential_int_gen: <0.104.0>: 50000 (2%)
2015-11-06 23:02:58.616 [debug] <0.148.0>@basho_bench_keygen:sequential_int_generator:250 sequential_int_gen: <0.97.0>: 50000 (2%)
2015-11-06 23:02:58.676 [debug] <0.149.0>@basho_bench_keygen:sequential_int_generator:250 sequential_int_gen: <0.102.0>: 50000 (2%)
2015-11-06 23:03:00.672 [debug] <0.150.0>@basho_bench_keygen:sequential_int_generator:250 sequential_int_gen: <0.100.0>: 55000 (2%)
2015-11-06 23:03:00.889 [debug] <0.151.0>@basho_bench_keygen:sequential_int_generator:250 sequential_int_gen: <0.104.0>: 55000 (2%)
2015-11-06 23:03:01.004 [debug] <0.152.0>@basho_bench_keygen:sequential_int_generator:250 sequential_int_gen: <0.97.0>: 55000 (2%)
2015-11-06 23:03:01.036 [debug] <0.153.0>@basho_bench_keygen:sequential_int_generator:250 sequential_int_gen: <0.102.0>: 55000 (2%)
2015-11-06 23:03:03.090 [debug] <0.154.0>@basho_bench_keygen:sequential_int_generator:250 sequential_int_gen: <0.100.0>: 60000 (2%)
2015-11-06 23:03:03.255 [debug] <0.155.0>@basho_bench_keygen:sequential_int_generator:250 sequential_int_gen: <0.104.0>: 60000 (2%)
2015-11-06 23:03:03.432 [debug] <0.156.0>@basho_bench_keygen:sequential_int_generator:250 sequential_int_gen: <0.97.0>: 60000 (2%)
2015-11-06 23:03:03.463 [debug] <0.157.0>@basho_bench_keygen:sequential_int_generator:250 sequential_int_gen: <0.102.0>: 60000 (2%)
2015-11-06 23:03:05.515 [debug] <0.158.0>@basho_bench_keygen:sequential_int_generator:250 sequential_int_gen: <0.100.0>: 65000 (2%)
2015-11-06 23:03:05.717 [debug] <0.159.0>@basho_bench_keygen:sequential_int_generator:250 sequential_int_gen: <0.104.0>: 65000 (2%)
2015-11-06 23:03:05.802 [debug] <0.160.0>@basho_bench_keygen:sequential_int_generator:250 sequential_int_gen: <0.97.0>: 65000 (2%)
2015-11-06 23:03:05.842 [debug] <0.161.0>@basho_bench_keygen:sequential_int_generator:250 sequential_int_gen: <0.102.0>: 65000 (2%)
2015-11-06 23:03:07.926 [debug] <0.162.0>@basho_bench_keygen:sequential_int_generator:250 sequential_int_gen: <0.100.0>: 70000 (2%)
2015-11-06 23:03:08.123 [debug] <0.163.0>@basho_bench_keygen:sequential_int_generator:250 sequential_int_gen: <0.104.0>: 70000 (2%)
2015-11-06 23:03:08.184 [debug] <0.164.0>@basho_bench_keygen:sequential_int_generator:250 sequential_int_gen: <0.97.0>: 70000 (2%)
2015-11-06 23:03:08.257 [debug] <0.165.0>@basho_bench_keygen:sequential_int_generator:250 sequential_int_gen: <0.102.0>: 70000 (2%)
2015-11-06 23:03:10.292 [debug] <0.166.0>@basho_bench_keygen:sequential_int_generator:250 sequential_int_gen: <0.100.0>: 75000 (3%)
2015-11-06 23:03:10.500 [debug] <0.167.0>@basho_bench_keygen:sequential_int_generator:250 sequential_int_gen: <0.104.0>: 75000 (3%)
2015-11-06 23:03:10.603 [debug] <0.168.0>@basho_bench_keygen:sequential_int_generator:250 sequential_int_gen: <0.97.0>: 75000 (3%)
2015-11-06 23:03:10.670 [debug] <0.169.0>@basho_bench_keygen:sequential_int_generator:250 sequential_int_gen: <0.102.0>: 75000 (3%)
2015-11-06 23:03:12.692 [debug] <0.170.0>@basho_bench_keygen:sequential_int_generator:250 sequential_int_gen: <0.100.0>: 80000 (3%)
2015-11-06 23:03:12.907 [debug] <0.171.0>@basho_bench_keygen:sequential_int_generator:250 sequential_int_gen: <0.104.0>: 80000 (3%)
2015-11-06 23:03:12.990 [debug] <0.172.0>@basho_bench_keygen:sequential_int_generator:250 sequential_int_gen: <0.97.0>: 80000 (3%)
2015-11-06 23:03:13.063 [debug] <0.173.0>@basho_bench_keygen:sequential_int_generator:250 sequential_int_gen: <0.102.0>: 80000 (3%)
2015-11-06 23:03:15.055 [debug] <0.174.0>@basho_bench_keygen:sequential_int_generator:250 sequential_int_gen: <0.100.0>: 85000 (3%)
2015-11-06 23:03:15.282 [debug] <0.175.0>@basho_bench_keygen:sequential_int_generator:250 sequential_int_gen: <0.104.0>: 85000 (3%)
2015-11-06 23:03:15.335 [debug] <0.176.0>@basho_bench_keygen:sequential_int_generator:250 sequential_int_gen: <0.97.0>: 85000 (3%)
2015-11-06 23:03:15.557 [debug] <0.177.0>@basho_bench_keygen:sequential_int_generator:250 sequential_int_gen: <0.102.0>: 85000 (3%)
2015-11-06 23:03:17.488 [debug] <0.178.0>@basho_bench_keygen:sequential_int_generator:250 sequential_int_gen: <0.100.0>: 90000 (3%)
2015-11-06 23:03:17.687 [debug] <0.179.0>@basho_bench_keygen:sequential_int_generator:250 sequential_int_gen: <0.104.0>: 90000 (3%)
2015-11-06 23:03:17.760 [debug] <0.180.0>@basho_bench_keygen:sequential_int_generator:250 sequential_int_gen: <0.97.0>: 90000 (3%)
2015-11-06 23:03:17.954 [debug] <0.181.0>@basho_bench_keygen:sequential_int_generator:250 sequential_int_gen: <0.102.0>: 90000 (3%)
2015-11-06 23:03:19.852 [debug] <0.182.0>@basho_bench_keygen:sequential_int_generator:250 sequential_int_gen: <0.100.0>: 95000 (3%)
2015-11-06 23:03:20.062 [debug] <0.183.0>@basho_bench_keygen:sequential_int_generator:250 sequential_int_gen: <0.104.0>: 95000 (3%)
2015-11-06 23:03:20.165 [debug] <0.184.0>@basho_bench_keygen:sequential_int_generator:250 sequential_int_gen: <0.97.0>: 95000 (3%)
2015-11-06 23:03:20.320 [debug] <0.185.0>@basho_bench_keygen:sequential_int_generator:250 sequential_int_gen: <0.102.0>: 95000 (3%)
2015-11-06 23:03:22.256 [debug] <0.186.0>@basho_bench_keygen:sequential_int_generator:250 sequential_int_gen: <0.100.0>: 100000 (4%)
2015-11-06 23:03:22.489 [debug] <0.187.0>@basho_bench_keygen:sequential_int_generator:250 sequential_int_gen: <0.104.0>: 100000 (4%)
2015-11-06 23:03:22.535 [debug] <0.188.0>@basho_bench_keygen:sequential_int_generator:250 sequential_int_gen: <0.97.0>: 100000 (4%)
2015-11-06 23:03:22.714 [debug] <0.189.0>@basho_bench_keygen:sequential_int_generator:250 sequential_int_gen: <0.102.0>: 100000 (4%)
2015-11-06 23:03:24.618 [debug] <0.190.0>@basho_bench_keygen:sequential_int_generator:250 sequential_int_gen: <0.100.0>: 105000 (4%)
2015-11-06 23:03:24.889 [debug] <0.191.0>@basho_bench_keygen:sequential_int_generator:250 sequential_int_gen: <0.104.0>: 105000 (4%)
2015-11-06 23:03:25.031 [debug] <0.192.0>@basho_bench_keygen:sequential_int_generator:250 sequential_int_gen: <0.97.0>: 105000 (4%)
2015-11-06 23:03:25.088 [debug] <0.193.0>@basho_bench_keygen:sequential_int_generator:250 sequential_int_gen: <0.102.0>: 105000 (4%)
2015-11-06 23:03:27.072 [debug] <0.194.0>@basho_bench_keygen:sequential_int_generator:250 sequential_int_gen: <0.100.0>: 110000 (4%)
2015-11-06 23:03:27.374 [debug] <0.195.0>@basho_bench_keygen:sequential_int_generator:250 sequential_int_gen: <0.104.0>: 110000 (4%)
2015-11-06 23:03:27.429 [debug] <0.196.0>@basho_bench_keygen:sequential_int_generator:250 sequential_int_gen: <0.97.0>: 110000 (4%)
2015-11-06 23:03:27.456 [debug] <0.197.0>@basho_bench_keygen:sequential_int_generator:250 sequential_int_gen: <0.102.0>: 110000 (4%)
2015-11-06 23:03:29.468 [debug] <0.198.0>@basho_bench_keygen:sequential_int_generator:250 sequential_int_gen: <0.100.0>: 115000 (4%)
2015-11-06 23:03:29.795 [debug] <0.199.0>@basho_bench_keygen:sequential_int_generator:250 sequential_int_gen: <0.104.0>: 115000 (4%)
2015-11-06 23:03:29.851 [debug] <0.200.0>@basho_bench_keygen:sequential_int_generator:250 sequential_int_gen: <0.97.0>: 115000 (4%)
2015-11-06 23:03:29.859 [debug] <0.201.0>@basho_bench_keygen:sequential_int_generator:250 sequential_int_gen: <0.102.0>: 115000 (4%)
2015-11-06 23:03:31.881 [debug] <0.202.0>@basho_bench_keygen:sequential_int_generator:250 sequential_int_gen: <0.100.0>: 120000 (4%)
2015-11-06 23:03:32.158 [debug] <0.203.0>@basho_bench_keygen:sequential_int_generator:250 sequential_int_gen: <0.104.0>: 120000 (4%)
2015-11-06 23:03:32.208 [debug] <0.204.0>@basho_bench_keygen:sequential_int_generator:250 sequential_int_gen: <0.97.0>: 120000 (4%)
2015-11-06 23:03:32.264 [debug] <0.205.0>@basho_bench_keygen:sequential_int_generator:250 sequential_int_gen: <0.102.0>: 120000 (4%)
2015-11-06 23:03:34.319 [debug] <0.206.0>@basho_bench_keygen:sequential_int_generator:250 sequential_int_gen: <0.100.0>: 125000 (5%)
2015-11-06 23:03:34.556 [debug] <0.207.0>@basho_bench_keygen:sequential_int_generator:250 sequential_int_gen: <0.104.0>: 125000 (5%)
2015-11-06 23:03:34.613 [debug] <0.208.0>@basho_bench_keygen:sequential_int_generator:250 sequential_int_gen: <0.97.0>: 125000 (5%)
2015-11-06 23:03:34.671 [debug] <0.209.0>@basho_bench_keygen:sequential_int_generator:250 sequential_int_gen: <0.102.0>: 125000 (5%)
2015-11-06 23:03:36.950 [debug] <0.210.0>@basho_bench_keygen:sequential_int_generator:250 sequential_int_gen: <0.104.0>: 130000 (5%)
2015-11-06 23:03:36.990 [debug] <0.211.0>@basho_bench_keygen:sequential_int_generator:250 sequential_int_gen: <0.100.0>: 130000 (5%)
2015-11-06 23:03:37.052 [debug] <0.212.0>@basho_bench_keygen:sequential_int_generator:250 sequential_int_gen: <0.97.0>: 130000 (5%)
2015-11-06 23:03:37.140 [debug] <0.213.0>@basho_bench_keygen:sequential_int_generator:250 sequential_int_gen: <0.102.0>: 130000 (5%)
2015-11-06 23:03:39.461 [debug] <0.214.0>@basho_bench_keygen:sequential_int_generator:250 sequential_int_gen: <0.100.0>: 135000 (5%)
2015-11-06 23:03:39.489 [debug] <0.215.0>@basho_bench_keygen:sequential_int_generator:250 sequential_int_gen: <0.104.0>: 135000 (5%)
2015-11-06 23:03:39.578 [debug] <0.216.0>@basho_bench_keygen:sequential_int_generator:250 sequential_int_gen: <0.97.0>: 135000 (5%)
2015-11-06 23:03:39.639 [debug] <0.217.0>@basho_bench_keygen:sequential_int_generator:250 sequential_int_gen: <0.102.0>: 135000 (5%)
2015-11-06 23:03:41.976 [debug] <0.218.0>@basho_bench_keygen:sequential_int_generator:250 sequential_int_gen: <0.100.0>: 140000 (5%)
2015-11-06 23:03:41.979 [debug] <0.219.0>@basho_bench_keygen:sequential_int_generator:250 sequential_int_gen: <0.104.0>: 140000 (5%)
2015-11-06 23:03:42.094 [debug] <0.220.0>@basho_bench_keygen:sequential_int_generator:250 sequential_int_gen: <0.97.0>: 140000 (5%)
2015-11-06 23:03:42.142 [debug] <0.221.0>@basho_bench_keygen:sequential_int_generator:250 sequential_int_gen: <0.102.0>: 140000 (5%)
2015-11-06 23:03:44.441 [debug] <0.222.0>@basho_bench_keygen:sequential_int_generator:250 sequential_int_gen: <0.100.0>: 145000 (5%)
2015-11-06 23:03:44.476 [debug] <0.223.0>@basho_bench_keygen:sequential_int_generator:250 sequential_int_gen: <0.104.0>: 145000 (5%)
2015-11-06 23:03:44.593 [debug] <0.224.0>@basho_bench_keygen:sequential_int_generator:250 sequential_int_gen: <0.97.0>: 145000 (5%)
2015-11-06 23:03:44.619 [debug] <0.225.0>@basho_bench_keygen:sequential_int_generator:250 sequential_int_gen: <0.102.0>: 145000 (5%)
2015-11-06 23:03:46.900 [debug] <0.226.0>@basho_bench_keygen:sequential_int_generator:250 sequential_int_gen: <0.104.0>: 150000 (6%)
2015-11-06 23:03:47.061 [debug] <0.227.0>@basho_bench_keygen:sequential_int_generator:250 sequential_int_gen: <0.102.0>: 150000 (6%)
2015-11-06 23:03:47.081 [debug] <0.228.0>@basho_bench_keygen:sequential_int_generator:250 sequential_int_gen: <0.97.0>: 150000 (6%)
2015-11-06 23:03:47.103 [debug] <0.229.0>@basho_bench_keygen:sequential_int_generator:250 sequential_int_gen: <0.100.0>: 150000 (6%)
2015-11-06 23:03:49.410 [debug] <0.230.0>@basho_bench_keygen:sequential_int_generator:250 sequential_int_gen: <0.104.0>: 155000 (6%)
2015-11-06 23:03:49.582 [debug] <0.231.0>@basho_bench_keygen:sequential_int_generator:250 sequential_int_gen: <0.97.0>: 155000 (6%)
2015-11-06 23:03:49.589 [debug] <0.232.0>@basho_bench_keygen:sequential_int_generator:250 sequential_int_gen: <0.102.0>: 155000 (6%)
2015-11-06 23:03:49.597 [debug] <0.233.0>@basho_bench_keygen:sequential_int_generator:250 sequential_int_gen: <0.100.0>: 155000 (6%)
2015-11-06 23:03:51.897 [debug] <0.234.0>@basho_bench_keygen:sequential_int_generator:250 sequential_int_gen: <0.104.0>: 160000 (6%)
2015-11-06 23:03:52.069 [debug] <0.235.0>@basho_bench_keygen:sequential_int_generator:250 sequential_int_gen: <0.102.0>: 160000 (6%)
2015-11-06 23:03:52.086 [debug] <0.236.0>@basho_bench_keygen:sequential_int_generator:250 sequential_int_gen: <0.97.0>: 160000 (6%)
2015-11-06 23:03:52.097 [debug] <0.237.0>@basho_bench_keygen:sequential_int_generator:250 sequential_int_gen: <0.100.0>: 160000 (6%)
2015-11-06 23:03:54.411 [debug] <0.238.0>@basho_bench_keygen:sequential_int_generator:250 sequential_int_gen: <0.104.0>: 165000 (6%)
2015-11-06 23:03:54.580 [debug] <0.239.0>@basho_bench_keygen:sequential_int_generator:250 sequential_int_gen: <0.102.0>: 165000 (6%)
2015-11-06 23:03:54.583 [debug] <0.240.0>@basho_bench_keygen:sequential_int_generator:250 sequential_int_gen: <0.100.0>: 165000 (6%)
2015-11-06 23:03:54.597 [debug] <0.241.0>@basho_bench_keygen:sequential_int_generator:250 sequential_int_gen: <0.97.0>: 165000 (6%)
2015-11-06 23:03:56.792 [debug] <0.242.0>@basho_bench_keygen:sequential_int_generator:250 sequential_int_gen: <0.104.0>: 170000 (6%)
2015-11-06 23:03:57.078 [debug] <0.243.0>@basho_bench_keygen:sequential_int_generator:250 sequential_int_gen: <0.102.0>: 170000 (6%)
2015-11-06 23:03:57.087 [debug] <0.244.0>@basho_bench_keygen:sequential_int_generator:250 sequential_int_gen: <0.97.0>: 170000 (6%)
2015-11-06 23:03:57.204 [debug] <0.245.0>@basho_bench_keygen:sequential_int_generator:250 sequential_int_gen: <0.100.0>: 170000 (6%)
2015-11-06 23:03:59.317 [debug] <0.246.0>@basho_bench_keygen:sequential_int_generator:250 sequential_int_gen: <0.104.0>: 175000 (7%)
2015-11-06 23:03:59.527 [debug] <0.247.0>@basho_bench_keygen:sequential_int_generator:250 sequential_int_gen: <0.102.0>: 175000 (7%)
2015-11-06 23:03:59.579 [debug] <0.248.0>@basho_bench_keygen:sequential_int_generator:250 sequential_int_gen: <0.97.0>: 175000 (7%)
2015-11-06 23:03:59.652 [debug] <0.249.0>@basho_bench_keygen:sequential_int_generator:250 sequential_int_gen: <0.100.0>: 175000 (7%)
2015-11-06 23:04:01.859 [debug] <0.250.0>@basho_bench_keygen:sequential_int_generator:250 sequential_int_gen: <0.104.0>: 180000 (7%)
2015-11-06 23:04:02.031 [debug] <0.251.0>@basho_bench_keygen:sequential_int_generator:250 sequential_int_gen: <0.102.0>: 180000 (7%)
2015-11-06 23:04:02.082 [debug] <0.252.0>@basho_bench_keygen:sequential_int_generator:250 sequential_int_gen: <0.97.0>: 180000 (7%)
2015-11-06 23:04:02.098 [debug] <0.253.0>@basho_bench_keygen:sequential_int_generator:250 sequential_int_gen: <0.100.0>: 180000 (7%)
2015-11-06 23:04:04.311 [debug] <0.254.0>@basho_bench_keygen:sequential_int_generator:250 sequential_int_gen: <0.104.0>: 185000 (7%)
2015-11-06 23:04:04.526 [debug] <0.255.0>@basho_bench_keygen:sequential_int_generator:250 sequential_int_gen: <0.97.0>: 185000 (7%)
2015-11-06 23:04:04.548 [debug] <0.256.0>@basho_bench_keygen:sequential_int_generator:250 sequential_int_gen: <0.102.0>: 185000 (7%)
2015-11-06 23:04:04.594 [debug] <0.257.0>@basho_bench_keygen:sequential_int_generator:250 sequential_int_gen: <0.100.0>: 185000 (7%)
2015-11-06 23:04:06.685 [debug] <0.258.0>@basho_bench_keygen:sequential_int_generator:250 sequential_int_gen: <0.104.0>: 190000 (7%)
2015-11-06 23:04:06.962 [debug] <0.259.0>@basho_bench_keygen:sequential_int_generator:250 sequential_int_gen: <0.102.0>: 190000 (7%)
2015-11-06 23:04:07.067 [debug] <0.260.0>@basho_bench_keygen:sequential_int_generator:250 sequential_int_gen: <0.100.0>: 190000 (7%)
2015-11-06 23:04:07.150 [debug] <0.261.0>@basho_bench_keygen:sequential_int_generator:250 sequential_int_gen: <0.97.0>: 190000 (7%)
2015-11-06 23:04:09.165 [debug] <0.262.0>@basho_bench_keygen:sequential_int_generator:250 sequential_int_gen: <0.104.0>: 195000 (7%)
2015-11-06 23:04:09.398 [debug] <0.263.0>@basho_bench_keygen:sequential_int_generator:250 sequential_int_gen: <0.102.0>: 195000 (7%)
2015-11-06 23:04:09.558 [debug] <0.264.0>@basho_bench_keygen:sequential_int_generator:250 sequential_int_gen: <0.100.0>: 195000 (7%)
2015-11-06 23:04:09.683 [debug] <0.265.0>@basho_bench_keygen:sequential_int_generator:250 sequential_int_gen: <0.97.0>: 195000 (7%)
2015-11-06 23:04:11.568 [debug] <0.266.0>@basho_bench_keygen:sequential_int_generator:250 sequential_int_gen: <0.104.0>: 200000 (8%)
2015-11-06 23:04:11.866 [debug] <0.267.0>@basho_bench_keygen:sequential_int_generator:250 sequential_int_gen: <0.102.0>: 200000 (8%)
2015-11-06 23:04:12.108 [debug] <0.268.0>@basho_bench_keygen:sequential_int_generator:250 sequential_int_gen: <0.100.0>: 200000 (8%)
2015-11-06 23:04:12.215 [debug] <0.269.0>@basho_bench_keygen:sequential_int_generator:250 sequential_int_gen: <0.97.0>: 200000 (8%)
2015-11-06 23:04:14.048 [debug] <0.270.0>@basho_bench_keygen:sequential_int_generator:250 sequential_int_gen: <0.104.0>: 205000 (8%)
2015-11-06 23:04:14.325 [debug] <0.271.0>@basho_bench_keygen:sequential_int_generator:250 sequential_int_gen: <0.102.0>: 205000 (8%)
2015-11-06 23:04:14.582 [debug] <0.272.0>@basho_bench_keygen:sequential_int_generator:250 sequential_int_gen: <0.100.0>: 205000 (8%)
2015-11-06 23:04:14.748 [debug] <0.273.0>@basho_bench_keygen:sequential_int_generator:250 sequential_int_gen: <0.97.0>: 205000 (8%)
2015-11-06 23:04:16.464 [debug] <0.274.0>@basho_bench_keygen:sequential_int_generator:250 sequential_int_gen: <0.104.0>: 210000 (8%)
2015-11-06 23:04:16.843 [debug] <0.275.0>@basho_bench_keygen:sequential_int_generator:250 sequential_int_gen: <0.102.0>: 210000 (8%)
2015-11-06 23:04:17.088 [debug] <0.276.0>@basho_bench_keygen:sequential_int_generator:250 sequential_int_gen: <0.100.0>: 210000 (8%)
2015-11-06 23:04:17.216 [debug] <0.277.0>@basho_bench_keygen:sequential_int_generator:250 sequential_int_gen: <0.97.0>: 210000 (8%)
2015-11-06 23:04:18.929 [debug] <0.278.0>@basho_bench_keygen:sequential_int_generator:250 sequential_int_gen: <0.104.0>: 215000 (8%)
2015-11-06 23:04:19.277 [debug] <0.279.0>@basho_bench_keygen:sequential_int_generator:250 sequential_int_gen: <0.102.0>: 215000 (8%)
2015-11-06 23:04:19.615 [debug] <0.280.0>@basho_bench_keygen:sequential_int_generator:250 sequential_int_gen: <0.100.0>: 215000 (8%)
2015-11-06 23:04:19.699 [debug] <0.281.0>@basho_bench_keygen:sequential_int_generator:250 sequential_int_gen: <0.97.0>: 215000 (8%)
2015-11-06 23:04:21.404 [debug] <0.282.0>@basho_bench_keygen:sequential_int_generator:250 sequential_int_gen: <0.104.0>: 220000 (8%)
2015-11-06 23:04:21.756 [debug] <0.283.0>@basho_bench_keygen:sequential_int_generator:250 sequential_int_gen: <0.102.0>: 220000 (8%)
2015-11-06 23:04:22.114 [debug] <0.284.0>@basho_bench_keygen:sequential_int_generator:250 sequential_int_gen: <0.100.0>: 220000 (8%)
2015-11-06 23:04:22.151 [debug] <0.285.0>@basho_bench_keygen:sequential_int_generator:250 sequential_int_gen: <0.97.0>: 220000 (8%)
2015-11-06 23:04:23.885 [debug] <0.286.0>@basho_bench_keygen:sequential_int_generator:250 sequential_int_gen: <0.104.0>: 225000 (9%)
2015-11-06 23:04:24.265 [debug] <0.287.0>@basho_bench_keygen:sequential_int_generator:250 sequential_int_gen: <0.102.0>: 225000 (9%)
2015-11-06 23:04:24.605 [debug] <0.288.0>@basho_bench_keygen:sequential_int_generator:250 sequential_int_gen: <0.100.0>: 225000 (9%)
2015-11-06 23:04:24.652 [debug] <0.289.0>@basho_bench_keygen:sequential_int_generator:250 sequential_int_gen: <0.97.0>: 225000 (9%)
2015-11-06 23:04:26.313 [debug] <0.290.0>@basho_bench_keygen:sequential_int_generator:250 sequential_int_gen: <0.104.0>: 230000 (9%)
2015-11-06 23:04:26.819 [debug] <0.291.0>@basho_bench_keygen:sequential_int_generator:250 sequential_int_gen: <0.102.0>: 230000 (9%)
2015-11-06 23:04:27.054 [debug] <0.292.0>@basho_bench_keygen:sequential_int_generator:250 sequential_int_gen: <0.100.0>: 230000 (9%)
2015-11-06 23:04:27.161 [debug] <0.293.0>@basho_bench_keygen:sequential_int_generator:250 sequential_int_gen: <0.97.0>: 230000 (9%)
2015-11-06 23:04:28.808 [debug] <0.294.0>@basho_bench_keygen:sequential_int_generator:250 sequential_int_gen: <0.104.0>: 235000 (9%)
2015-11-06 23:04:29.276 [debug] <0.295.0>@basho_bench_keygen:sequential_int_generator:250 sequential_int_gen: <0.102.0>: 235000 (9%)
2015-11-06 23:04:29.540 [debug] <0.296.0>@basho_bench_keygen:sequential_int_generator:250 sequential_int_gen: <0.100.0>: 235000 (9%)
2015-11-06 23:04:29.657 [debug] <0.297.0>@basho_bench_keygen:sequential_int_generator:250 sequential_int_gen: <0.97.0>: 235000 (9%)
2015-11-06 23:04:31.280 [debug] <0.298.0>@basho_bench_keygen:sequential_int_generator:250 sequential_int_gen: <0.104.0>: 240000 (9%)
2015-11-06 23:04:31.760 [debug] <0.299.0>@basho_bench_keygen:sequential_int_generator:250 sequential_int_gen: <0.102.0>: 240000 (9%)
2015-11-06 23:04:32.008 [debug] <0.300.0>@basho_bench_keygen:sequential_int_generator:250 sequential_int_gen: <0.100.0>: 240000 (9%)
2015-11-06 23:04:32.179 [debug] <0.301.0>@basho_bench_keygen:sequential_int_generator:250 sequential_int_gen: <0.97.0>: 240000 (9%)
2015-11-06 23:04:33.735 [debug] <0.302.0>@basho_bench_keygen:sequential_int_generator:250 sequential_int_gen: <0.104.0>: 245000 (9%)
2015-11-06 23:04:34.260 [debug] <0.303.0>@basho_bench_keygen:sequential_int_generator:250 sequential_int_gen: <0.102.0>: 245000 (9%)
2015-11-06 23:04:34.527 [debug] <0.304.0>@basho_bench_keygen:sequential_int_generator:250 sequential_int_gen: <0.100.0>: 245000 (9%)
2015-11-06 23:04:34.646 [debug] <0.305.0>@basho_bench_keygen:sequential_int_generator:250 sequential_int_gen: <0.97.0>: 245000 (9%)
2015-11-06 23:04:36.323 [debug] <0.306.0>@basho_bench_keygen:sequential_int_generator:250 sequential_int_gen: <0.104.0>: 250000 (10%)
2015-11-06 23:04:36.644 [debug] <0.307.0>@basho_bench_keygen:sequential_int_generator:250 sequential_int_gen: <0.102.0>: 250000 (10%)
2015-11-06 23:04:37.042 [debug] <0.308.0>@basho_bench_keygen:sequential_int_generator:250 sequential_int_gen: <0.100.0>: 250000 (10%)
2015-11-06 23:04:37.097 [debug] <0.309.0>@basho_bench_keygen:sequential_int_generator:250 sequential_int_gen: <0.97.0>: 250000 (10%)
2015-11-06 23:04:38.789 [debug] <0.310.0>@basho_bench_keygen:sequential_int_generator:250 sequential_int_gen: <0.104.0>: 255000 (10%)
2015-11-06 23:04:39.146 [debug] <0.311.0>@basho_bench_keygen:sequential_int_generator:250 sequential_int_gen: <0.102.0>: 255000 (10%)
2015-11-06 23:04:39.514 [debug] <0.312.0>@basho_bench_keygen:sequential_int_generator:250 sequential_int_gen: <0.100.0>: 255000 (10%)
2015-11-06 23:04:39.573 [debug] <0.313.0>@basho_bench_keygen:sequential_int_generator:250 sequential_int_gen: <0.97.0>: 255000 (10%)
2015-11-06 23:04:41.282 [debug] <0.314.0>@basho_bench_keygen:sequential_int_generator:250 sequential_int_gen: <0.104.0>: 260000 (10%)
2015-11-06 23:04:41.642 [debug] <0.315.0>@basho_bench_keygen:sequential_int_generator:250 sequential_int_gen: <0.102.0>: 260000 (10%)
2015-11-06 23:04:41.986 [debug] <0.316.0>@basho_bench_keygen:sequential_int_generator:250 sequential_int_gen: <0.100.0>: 260000 (10%)
2015-11-06 23:04:42.070 [debug] <0.317.0>@basho_bench_keygen:sequential_int_generator:250 sequential_int_gen: <0.97.0>: 260000 (10%)
2015-11-06 23:04:43.807 [debug] <0.318.0>@basho_bench_keygen:sequential_int_generator:250 sequential_int_gen: <0.104.0>: 265000 (10%)
2015-11-06 23:04:44.120 [debug] <0.319.0>@basho_bench_keygen:sequential_int_generator:250 sequential_int_gen: <0.102.0>: 265000 (10%)
2015-11-06 23:04:44.442 [debug] <0.320.0>@basho_bench_keygen:sequential_int_generator:250 sequential_int_gen: <0.100.0>: 265000 (10%)
2015-11-06 23:04:44.573 [debug] <0.321.0>@basho_bench_keygen:sequential_int_generator:250 sequential_int_gen: <0.97.0>: 265000 (10%)
2015-11-06 23:04:46.271 [debug] <0.322.0>@basho_bench_keygen:sequential_int_generator:250 sequential_int_gen: <0.104.0>: 270000 (10%)
2015-11-06 23:04:46.625 [debug] <0.323.0>@basho_bench_keygen:sequential_int_generator:250 sequential_int_gen: <0.102.0>: 270000 (10%)
2015-11-06 23:04:46.993 [debug] <0.324.0>@basho_bench_keygen:sequential_int_generator:250 sequential_int_gen: <0.100.0>: 270000 (10%)
2015-11-06 23:04:47.200 [debug] <0.325.0>@basho_bench_keygen:sequential_int_generator:250 sequential_int_gen: <0.97.0>: 270000 (10%)
2015-11-06 23:04:48.791 [debug] <0.326.0>@basho_bench_keygen:sequential_int_generator:250 sequential_int_gen: <0.104.0>: 275000 (11%)
2015-11-06 23:04:49.128 [debug] <0.327.0>@basho_bench_keygen:sequential_int_generator:250 sequential_int_gen: <0.102.0>: 275000 (11%)
2015-11-06 23:04:49.537 [debug] <0.328.0>@basho_bench_keygen:sequential_int_generator:250 sequential_int_gen: <0.100.0>: 275000 (11%)
2015-11-06 23:04:49.726 [debug] <0.329.0>@basho_bench_keygen:sequential_int_generator:250 sequential_int_gen: <0.97.0>: 275000 (11%)
2015-11-06 23:04:51.295 [debug] <0.330.0>@basho_bench_keygen:sequential_int_generator:250 sequential_int_gen: <0.104.0>: 280000 (11%)
2015-11-06 23:04:51.678 [debug] <0.331.0>@basho_bench_keygen:sequential_int_generator:250 sequential_int_gen: <0.102.0>: 280000 (11%)
2015-11-06 23:04:52.069 [debug] <0.332.0>@basho_bench_keygen:sequential_int_generator:250 sequential_int_gen: <0.100.0>: 280000 (11%)
2015-11-06 23:04:52.270 [debug] <0.333.0>@basho_bench_keygen:sequential_int_generator:250 sequential_int_gen: <0.97.0>: 280000 (11%)
2015-11-06 23:04:53.859 [debug] <0.334.0>@basho_bench_keygen:sequential_int_generator:250 sequential_int_gen: <0.104.0>: 285000 (11%)
2015-11-06 23:04:54.176 [debug] <0.335.0>@basho_bench_keygen:sequential_int_generator:250 sequential_int_gen: <0.102.0>: 285000 (11%)
2015-11-06 23:04:54.523 [debug] <0.336.0>@basho_bench_keygen:sequential_int_generator:250 sequential_int_gen: <0.100.0>: 285000 (11%)
2015-11-06 23:04:54.786 [debug] <0.337.0>@basho_bench_keygen:sequential_int_generator:250 sequential_int_gen: <0.97.0>: 285000 (11%)
2015-11-06 23:04:56.373 [debug] <0.338.0>@basho_bench_keygen:sequential_int_generator:250 sequential_int_gen: <0.104.0>: 290000 (11%)
2015-11-06 23:04:56.620 [debug] <0.339.0>@basho_bench_keygen:sequential_int_generator:250 sequential_int_gen: <0.102.0>: 290000 (11%)
2015-11-06 23:04:57.209 [debug] <0.340.0>@basho_bench_keygen:sequential_int_generator:250 sequential_int_gen: <0.100.0>: 290000 (11%)
2015-11-06 23:04:57.238 [debug] <0.341.0>@basho_bench_keygen:sequential_int_generator:250 sequential_int_gen: <0.97.0>: 290000 (11%)
2015-11-06 23:04:58.874 [debug] <0.342.0>@basho_bench_keygen:sequential_int_generator:250 sequential_int_gen: <0.104.0>: 295000 (11%)
2015-11-06 23:04:59.121 [debug] <0.343.0>@basho_bench_keygen:sequential_int_generator:250 sequential_int_gen: <0.102.0>: 295000 (11%)
2015-11-06 23:04:59.751 [debug] <0.344.0>@basho_bench_keygen:sequential_int_generator:250 sequential_int_gen: <0.100.0>: 295000 (11%)
2015-11-06 23:04:59.767 [debug] <0.345.0>@basho_bench_keygen:sequential_int_generator:250 sequential_int_gen: <0.97.0>: 295000 (11%)
2015-11-06 23:05:01.339 [debug] <0.346.0>@basho_bench_keygen:sequential_int_generator:250 sequential_int_gen: <0.104.0>: 300000 (12%)
2015-11-06 23:05:01.613 [debug] <0.347.0>@basho_bench_keygen:sequential_int_generator:250 sequential_int_gen: <0.102.0>: 300000 (12%)
2015-11-06 23:05:02.230 [debug] <0.348.0>@basho_bench_keygen:sequential_int_generator:250 sequential_int_gen: <0.100.0>: 300000 (12%)
2015-11-06 23:05:02.313 [debug] <0.349.0>@basho_bench_keygen:sequential_int_generator:250 sequential_int_gen: <0.97.0>: 300000 (12%)
2015-11-06 23:05:03.877 [debug] <0.350.0>@basho_bench_keygen:sequential_int_generator:250 sequential_int_gen: <0.104.0>: 305000 (12%)
2015-11-06 23:05:04.139 [debug] <0.351.0>@basho_bench_keygen:sequential_int_generator:250 sequential_int_gen: <0.102.0>: 305000 (12%)
2015-11-06 23:05:04.800 [debug] <0.352.0>@basho_bench_keygen:sequential_int_generator:250 sequential_int_gen: <0.100.0>: 305000 (12%)
2015-11-06 23:05:04.841 [debug] <0.353.0>@basho_bench_keygen:sequential_int_generator:250 sequential_int_gen: <0.97.0>: 305000 (12%)
2015-11-06 23:05:06.460 [debug] <0.354.0>@basho_bench_keygen:sequential_int_generator:250 sequential_int_gen: <0.104.0>: 310000 (12%)
2015-11-06 23:05:06.658 [debug] <0.355.0>@basho_bench_keygen:sequential_int_generator:250 sequential_int_gen: <0.102.0>: 310000 (12%)
2015-11-06 23:05:07.266 [debug] <0.356.0>@basho_bench_keygen:sequential_int_generator:250 sequential_int_gen: <0.97.0>: 310000 (12%)
2015-11-06 23:05:07.313 [debug] <0.357.0>@basho_bench_keygen:sequential_int_generator:250 sequential_int_gen: <0.100.0>: 310000 (12%)
2015-11-06 23:05:08.984 [debug] <0.358.0>@basho_bench_keygen:sequential_int_generator:250 sequential_int_gen: <0.104.0>: 315000 (12%)
2015-11-06 23:05:09.146 [debug] <0.359.0>@basho_bench_keygen:sequential_int_generator:250 sequential_int_gen: <0.102.0>: 315000 (12%)
2015-11-06 23:05:09.767 [debug] <0.360.0>@basho_bench_keygen:sequential_int_generator:250 sequential_int_gen: <0.97.0>: 315000 (12%)
2015-11-06 23:05:09.847 [debug] <0.361.0>@basho_bench_keygen:sequential_int_generator:250 sequential_int_gen: <0.100.0>: 315000 (12%)
2015-11-06 23:05:11.495 [debug] <0.362.0>@basho_bench_keygen:sequential_int_generator:250 sequential_int_gen: <0.104.0>: 320000 (12%)
2015-11-06 23:05:11.663 [debug] <0.363.0>@basho_bench_keygen:sequential_int_generator:250 sequential_int_gen: <0.102.0>: 320000 (12%)
2015-11-06 23:05:12.285 [debug] <0.364.0>@basho_bench_keygen:sequential_int_generator:250 sequential_int_gen: <0.97.0>: 320000 (12%)
2015-11-06 23:05:12.396 [debug] <0.365.0>@basho_bench_keygen:sequential_int_generator:250 sequential_int_gen: <0.100.0>: 320000 (12%)
2015-11-06 23:05:14.015 [debug] <0.366.0>@basho_bench_keygen:sequential_int_generator:250 sequential_int_gen: <0.104.0>: 325000 (13%)
2015-11-06 23:05:14.199 [debug] <0.367.0>@basho_bench_keygen:sequential_int_generator:250 sequential_int_gen: <0.102.0>: 325000 (13%)
2015-11-06 23:05:14.869 [debug] <0.368.0>@basho_bench_keygen:sequential_int_generator:250 sequential_int_gen: <0.97.0>: 325000 (13%)
2015-11-06 23:05:14.968 [debug] <0.369.0>@basho_bench_keygen:sequential_int_generator:250 sequential_int_gen: <0.100.0>: 325000 (13%)
2015-11-06 23:05:16.451 [debug] <0.370.0>@basho_bench_keygen:sequential_int_generator:250 sequential_int_gen: <0.104.0>: 330000 (13%)
2015-11-06 23:05:16.638 [debug] <0.371.0>@basho_bench_keygen:sequential_int_generator:250 sequential_int_gen: <0.102.0>: 330000 (13%)
2015-11-06 23:05:17.481 [debug] <0.372.0>@basho_bench_keygen:sequential_int_generator:250 sequential_int_gen: <0.97.0>: 330000 (13%)
2015-11-06 23:05:17.518 [debug] <0.373.0>@basho_bench_keygen:sequential_int_generator:250 sequential_int_gen: <0.100.0>: 330000 (13%)
2015-11-06 23:05:18.932 [debug] <0.374.0>@basho_bench_keygen:sequential_int_generator:250 sequential_int_gen: <0.104.0>: 335000 (13%)
2015-11-06 23:05:19.156 [debug] <0.375.0>@basho_bench_keygen:sequential_int_generator:250 sequential_int_gen: <0.102.0>: 335000 (13%)
2015-11-06 23:05:19.987 [debug] <0.376.0>@basho_bench_keygen:sequential_int_generator:250 sequential_int_gen: <0.100.0>: 335000 (13%)
2015-11-06 23:05:20.064 [debug] <0.377.0>@basho_bench_keygen:sequential_int_generator:250 sequential_int_gen: <0.97.0>: 335000 (13%)
2015-11-06 23:05:21.484 [debug] <0.378.0>@basho_bench_keygen:sequential_int_generator:250 sequential_int_gen: <0.104.0>: 340000 (13%)
2015-11-06 23:05:21.671 [debug] <0.379.0>@basho_bench_keygen:sequential_int_generator:250 sequential_int_gen: <0.102.0>: 340000 (13%)
2015-11-06 23:05:22.494 [debug] <0.380.0>@basho_bench_keygen:sequential_int_generator:250 sequential_int_gen: <0.100.0>: 340000 (13%)
2015-11-06 23:05:22.585 [debug] <0.381.0>@basho_bench_keygen:sequential_int_generator:250 sequential_int_gen: <0.97.0>: 340000 (13%)
2015-11-06 23:05:23.980 [debug] <0.382.0>@basho_bench_keygen:sequential_int_generator:250 sequential_int_gen: <0.104.0>: 345000 (13%)
2015-11-06 23:05:24.180 [debug] <0.383.0>@basho_bench_keygen:sequential_int_generator:250 sequential_int_gen: <0.102.0>: 345000 (13%)
2015-11-06 23:05:24.980 [debug] <0.384.0>@basho_bench_keygen:sequential_int_generator:250 sequential_int_gen: <0.100.0>: 345000 (13%)
2015-11-06 23:05:25.105 [debug] <0.385.0>@basho_bench_keygen:sequential_int_generator:250 sequential_int_gen: <0.97.0>: 345000 (13%)
2015-11-06 23:05:26.636 [debug] <0.386.0>@basho_bench_keygen:sequential_int_generator:250 sequential_int_gen: <0.102.0>: 350000 (14%)
2015-11-06 23:05:26.665 [debug] <0.387.0>@basho_bench_keygen:sequential_int_generator:250 sequential_int_gen: <0.104.0>: 350000 (14%)
2015-11-06 23:05:27.485 [debug] <0.388.0>@basho_bench_keygen:sequential_int_generator:250 sequential_int_gen: <0.100.0>: 350000 (14%)
2015-11-06 23:05:27.614 [debug] <0.389.0>@basho_bench_keygen:sequential_int_generator:250 sequential_int_gen: <0.97.0>: 350000 (14%)
2015-11-06 23:05:29.153 [debug] <0.390.0>@basho_bench_keygen:sequential_int_generator:250 sequential_int_gen: <0.102.0>: 355000 (14%)
2015-11-06 23:05:29.213 [debug] <0.391.0>@basho_bench_keygen:sequential_int_generator:250 sequential_int_gen: <0.104.0>: 355000 (14%)
2015-11-06 23:05:30.037 [debug] <0.392.0>@basho_bench_keygen:sequential_int_generator:250 sequential_int_gen: <0.100.0>: 355000 (14%)
2015-11-06 23:05:30.132 [debug] <0.393.0>@basho_bench_keygen:sequential_int_generator:250 sequential_int_gen: <0.97.0>: 355000 (14%)
2015-11-06 23:05:31.675 [debug] <0.394.0>@basho_bench_keygen:sequential_int_generator:250 sequential_int_gen: <0.102.0>: 360000 (14%)
2015-11-06 23:05:31.789 [debug] <0.395.0>@basho_bench_keygen:sequential_int_generator:250 sequential_int_gen: <0.104.0>: 360000 (14%)
2015-11-06 23:05:32.520 [debug] <0.396.0>@basho_bench_keygen:sequential_int_generator:250 sequential_int_gen: <0.100.0>: 360000 (14%)
2015-11-06 23:05:32.673 [debug] <0.397.0>@basho_bench_keygen:sequential_int_generator:250 sequential_int_gen: <0.97.0>: 360000 (14%)
2015-11-06 23:05:34.180 [debug] <0.398.0>@basho_bench_keygen:sequential_int_generator:250 sequential_int_gen: <0.102.0>: 365000 (14%)
2015-11-06 23:05:34.322 [debug] <0.399.0>@basho_bench_keygen:sequential_int_generator:250 sequential_int_gen: <0.104.0>: 365000 (14%)
2015-11-06 23:05:35.125 [debug] <0.400.0>@basho_bench_keygen:sequential_int_generator:250 sequential_int_gen: <0.100.0>: 365000 (14%)
2015-11-06 23:05:35.140 [debug] <0.401.0>@basho_bench_keygen:sequential_int_generator:250 sequential_int_gen: <0.97.0>: 365000 (14%)
2015-11-06 23:05:36.788 [debug] <0.402.0>@basho_bench_keygen:sequential_int_generator:250 sequential_int_gen: <0.102.0>: 370000 (14%)
2015-11-06 23:05:36.804 [debug] <0.403.0>@basho_bench_keygen:sequential_int_generator:250 sequential_int_gen: <0.104.0>: 370000 (14%)
2015-11-06 23:05:37.625 [debug] <0.404.0>@basho_bench_keygen:sequential_int_generator:250 sequential_int_gen: <0.100.0>: 370000 (14%)
2015-11-06 23:05:37.638 [debug] <0.405.0>@basho_bench_keygen:sequential_int_generator:250 sequential_int_gen: <0.97.0>: 370000 (14%)
2015-11-06 23:05:39.274 [debug] <0.406.0>@basho_bench_keygen:sequential_int_generator:250 sequential_int_gen: <0.102.0>: 375000 (15%)
2015-11-06 23:05:39.322 [debug] <0.407.0>@basho_bench_keygen:sequential_int_generator:250 sequential_int_gen: <0.104.0>: 375000 (15%)
2015-11-06 23:05:40.120 [debug] <0.408.0>@basho_bench_keygen:sequential_int_generator:250 sequential_int_gen: <0.97.0>: 375000 (15%)
2015-11-06 23:05:40.132 [debug] <0.409.0>@basho_bench_keygen:sequential_int_generator:250 sequential_int_gen: <0.100.0>: 375000 (15%)
2015-11-06 23:05:41.775 [debug] <0.410.0>@basho_bench_keygen:sequential_int_generator:250 sequential_int_gen: <0.102.0>: 380000 (15%)
2015-11-06 23:05:41.881 [debug] <0.411.0>@basho_bench_keygen:sequential_int_generator:250 sequential_int_gen: <0.104.0>: 380000 (15%)
2015-11-06 23:05:42.605 [debug] <0.412.0>@basho_bench_keygen:sequential_int_generator:250 sequential_int_gen: <0.97.0>: 380000 (15%)
2015-11-06 23:05:42.656 [debug] <0.413.0>@basho_bench_keygen:sequential_int_generator:250 sequential_int_gen: <0.100.0>: 380000 (15%)
2015-11-06 23:05:44.291 [debug] <0.414.0>@basho_bench_keygen:sequential_int_generator:250 sequential_int_gen: <0.102.0>: 385000 (15%)
2015-11-06 23:05:44.381 [debug] <0.415.0>@basho_bench_keygen:sequential_int_generator:250 sequential_int_gen: <0.104.0>: 385000 (15%)
2015-11-06 23:05:45.129 [debug] <0.416.0>@basho_bench_keygen:sequential_int_generator:250 sequential_int_gen: <0.100.0>: 385000 (15%)
2015-11-06 23:05:45.269 [debug] <0.417.0>@basho_bench_keygen:sequential_int_generator:250 sequential_int_gen: <0.97.0>: 385000 (15%)
2015-11-06 23:05:46.666 [debug] <0.418.0>@basho_bench_keygen:sequential_int_generator:250 sequential_int_gen: <0.102.0>: 390000 (15%)
2015-11-06 23:05:46.764 [debug] <0.419.0>@basho_bench_keygen:sequential_int_generator:250 sequential_int_gen: <0.104.0>: 390000 (15%)
2015-11-06 23:05:47.487 [debug] <0.420.0>@basho_bench_keygen:sequential_int_generator:250 sequential_int_gen: <0.100.0>: 390000 (15%)
2015-11-06 23:05:47.632 [debug] <0.421.0>@basho_bench_keygen:sequential_int_generator:250 sequential_int_gen: <0.97.0>: 390000 (15%)
2015-11-06 23:05:49.066 [debug] <0.422.0>@basho_bench_keygen:sequential_int_generator:250 sequential_int_gen: <0.102.0>: 395000 (15%)
2015-11-06 23:05:49.167 [debug] <0.423.0>@basho_bench_keygen:sequential_int_generator:250 sequential_int_gen: <0.104.0>: 395000 (15%)
2015-11-06 23:05:49.894 [debug] <0.424.0>@basho_bench_keygen:sequential_int_generator:250 sequential_int_gen: <0.100.0>: 395000 (15%)
2015-11-06 23:05:49.995 [debug] <0.425.0>@basho_bench_keygen:sequential_int_generator:250 sequential_int_gen: <0.97.0>: 395000 (15%)
2015-11-06 23:05:51.438 [debug] <0.426.0>@basho_bench_keygen:sequential_int_generator:250 sequential_int_gen: <0.102.0>: 400000 (16%)
2015-11-06 23:05:51.586 [debug] <0.427.0>@basho_bench_keygen:sequential_int_generator:250 sequential_int_gen: <0.104.0>: 400000 (16%)
2015-11-06 23:05:52.265 [debug] <0.428.0>@basho_bench_keygen:sequential_int_generator:250 sequential_int_gen: <0.100.0>: 400000 (16%)
2015-11-06 23:05:52.368 [debug] <0.429.0>@basho_bench_keygen:sequential_int_generator:250 sequential_int_gen: <0.97.0>: 400000 (16%)
2015-11-06 23:05:53.792 [debug] <0.430.0>@basho_bench_keygen:sequential_int_generator:250 sequential_int_gen: <0.102.0>: 405000 (16%)
2015-11-06 23:05:53.991 [debug] <0.431.0>@basho_bench_keygen:sequential_int_generator:250 sequential_int_gen: <0.104.0>: 405000 (16%)
2015-11-06 23:05:54.634 [debug] <0.432.0>@basho_bench_keygen:sequential_int_generator:250 sequential_int_gen: <0.100.0>: 405000 (16%)
2015-11-06 23:05:54.734 [debug] <0.433.0>@basho_bench_keygen:sequential_int_generator:250 sequential_int_gen: <0.97.0>: 405000 (16%)
2015-11-06 23:05:56.273 [debug] <0.434.0>@basho_bench_keygen:sequential_int_generator:250 sequential_int_gen: <0.102.0>: 410000 (16%)
2015-11-06 23:05:56.471 [debug] <0.435.0>@basho_bench_keygen:sequential_int_generator:250 sequential_int_gen: <0.104.0>: 410000 (16%)
2015-11-06 23:05:57.007 [debug] <0.436.0>@basho_bench_keygen:sequential_int_generator:250 sequential_int_gen: <0.100.0>: 410000 (16%)
2015-11-06 23:05:57.118 [debug] <0.437.0>@basho_bench_keygen:sequential_int_generator:250 sequential_int_gen: <0.97.0>: 410000 (16%)
2015-11-06 23:05:58.612 [debug] <0.438.0>@basho_bench_keygen:sequential_int_generator:250 sequential_int_gen: <0.102.0>: 415000 (16%)
2015-11-06 23:05:58.904 [debug] <0.439.0>@basho_bench_keygen:sequential_int_generator:250 sequential_int_gen: <0.104.0>: 415000 (16%)
2015-11-06 23:05:59.436 [debug] <0.440.0>@basho_bench_keygen:sequential_int_generator:250 sequential_int_gen: <0.100.0>: 415000 (16%)
2015-11-06 23:05:59.511 [debug] <0.441.0>@basho_bench_keygen:sequential_int_generator:250 sequential_int_gen: <0.97.0>: 415000 (16%)
2015-11-06 23:06:00.985 [debug] <0.442.0>@basho_bench_keygen:sequential_int_generator:250 sequential_int_gen: <0.102.0>: 420000 (16%)
2015-11-06 23:06:01.328 [debug] <0.443.0>@basho_bench_keygen:sequential_int_generator:250 sequential_int_gen: <0.104.0>: 420000 (16%)
2015-11-06 23:06:01.838 [debug] <0.444.0>@basho_bench_keygen:sequential_int_generator:250 sequential_int_gen: <0.100.0>: 420000 (16%)
2015-11-06 23:06:01.927 [debug] <0.445.0>@basho_bench_keygen:sequential_int_generator:250 sequential_int_gen: <0.97.0>: 420000 (16%)
2015-11-06 23:06:03.377 [debug] <0.446.0>@basho_bench_keygen:sequential_int_generator:250 sequential_int_gen: <0.102.0>: 425000 (17%)
2015-11-06 23:06:03.737 [debug] <0.447.0>@basho_bench_keygen:sequential_int_generator:250 sequential_int_gen: <0.104.0>: 425000 (17%)
2015-11-06 23:06:04.267 [debug] <0.448.0>@basho_bench_keygen:sequential_int_generator:250 sequential_int_gen: <0.100.0>: 425000 (17%)
2015-11-06 23:06:04.370 [debug] <0.449.0>@basho_bench_keygen:sequential_int_generator:250 sequential_int_gen: <0.97.0>: 425000 (17%)
2015-11-06 23:06:05.842 [debug] <0.450.0>@basho_bench_keygen:sequential_int_generator:250 sequential_int_gen: <0.102.0>: 430000 (17%)
2015-11-06 23:06:06.240 [debug] <0.451.0>@basho_bench_keygen:sequential_int_generator:250 sequential_int_gen: <0.104.0>: 430000 (17%)
2015-11-06 23:06:06.641 [debug] <0.452.0>@basho_bench_keygen:sequential_int_generator:250 sequential_int_gen: <0.100.0>: 430000 (17%)
2015-11-06 23:06:06.718 [debug] <0.453.0>@basho_bench_keygen:sequential_int_generator:250 sequential_int_gen: <0.97.0>: 430000 (17%)
2015-11-06 23:06:08.267 [debug] <0.454.0>@basho_bench_keygen:sequential_int_generator:250 sequential_int_gen: <0.102.0>: 435000 (17%)
2015-11-06 23:06:08.666 [debug] <0.455.0>@basho_bench_keygen:sequential_int_generator:250 sequential_int_gen: <0.104.0>: 435000 (17%)
2015-11-06 23:06:09.072 [debug] <0.456.0>@basho_bench_keygen:sequential_int_generator:250 sequential_int_gen: <0.100.0>: 435000 (17%)
2015-11-06 23:06:09.133 [debug] <0.457.0>@basho_bench_keygen:sequential_int_generator:250 sequential_int_gen: <0.97.0>: 435000 (17%)
2015-11-06 23:06:10.707 [debug] <0.458.0>@basho_bench_keygen:sequential_int_generator:250 sequential_int_gen: <0.102.0>: 440000 (17%)
2015-11-06 23:06:11.092 [debug] <0.459.0>@basho_bench_keygen:sequential_int_generator:250 sequential_int_gen: <0.104.0>: 440000 (17%)
2015-11-06 23:06:11.509 [debug] <0.460.0>@basho_bench_keygen:sequential_int_generator:250 sequential_int_gen: <0.100.0>: 440000 (17%)
2015-11-06 23:06:11.580 [debug] <0.461.0>@basho_bench_keygen:sequential_int_generator:250 sequential_int_gen: <0.97.0>: 440000 (17%)
2015-11-06 23:06:13.156 [debug] <0.462.0>@basho_bench_keygen:sequential_int_generator:250 sequential_int_gen: <0.102.0>: 445000 (17%)
2015-11-06 23:06:13.490 [debug] <0.463.0>@basho_bench_keygen:sequential_int_generator:250 sequential_int_gen: <0.104.0>: 445000 (17%)
2015-11-06 23:06:13.945 [debug] <0.464.0>@basho_bench_keygen:sequential_int_generator:250 sequential_int_gen: <0.100.0>: 445000 (17%)
2015-11-06 23:06:14.010 [debug] <0.465.0>@basho_bench_keygen:sequential_int_generator:250 sequential_int_gen: <0.97.0>: 445000 (17%)
2015-11-06 23:06:15.568 [debug] <0.466.0>@basho_bench_keygen:sequential_int_generator:250 sequential_int_gen: <0.102.0>: 450000 (18%)
2015-11-06 23:06:16.013 [debug] <0.467.0>@basho_bench_keygen:sequential_int_generator:250 sequential_int_gen: <0.104.0>: 450000 (18%)
2015-11-06 23:06:16.326 [debug] <0.468.0>@basho_bench_keygen:sequential_int_generator:250 sequential_int_gen: <0.100.0>: 450000 (18%)
2015-11-06 23:06:16.497 [debug] <0.469.0>@basho_bench_keygen:sequential_int_generator:250 sequential_int_gen: <0.97.0>: 450000 (18%)
2015-11-06 23:06:18.043 [debug] <0.470.0>@basho_bench_keygen:sequential_int_generator:250 sequential_int_gen: <0.102.0>: 455000 (18%)
2015-11-06 23:06:18.483 [debug] <0.471.0>@basho_bench_keygen:sequential_int_generator:250 sequential_int_gen: <0.104.0>: 455000 (18%)
2015-11-06 23:06:18.794 [debug] <0.472.0>@basho_bench_keygen:sequential_int_generator:250 sequential_int_gen: <0.100.0>: 455000 (18%)
2015-11-06 23:06:18.978 [debug] <0.473.0>@basho_bench_keygen:sequential_int_generator:250 sequential_int_gen: <0.97.0>: 455000 (18%)
2015-11-06 23:06:20.550 [debug] <0.474.0>@basho_bench_keygen:sequential_int_generator:250 sequential_int_gen: <0.102.0>: 460000 (18%)
2015-11-06 23:06:20.933 [debug] <0.475.0>@basho_bench_keygen:sequential_int_generator:250 sequential_int_gen: <0.104.0>: 460000 (18%)
2015-11-06 23:06:21.244 [debug] <0.476.0>@basho_bench_keygen:sequential_int_generator:250 sequential_int_gen: <0.100.0>: 460000 (18%)
2015-11-06 23:06:21.437 [debug] <0.477.0>@basho_bench_keygen:sequential_int_generator:250 sequential_int_gen: <0.97.0>: 460000 (18%)
2015-11-06 23:06:23.012 [debug] <0.478.0>@basho_bench_keygen:sequential_int_generator:250 sequential_int_gen: <0.102.0>: 465000 (18%)
2015-11-06 23:06:23.379 [debug] <0.479.0>@basho_bench_keygen:sequential_int_generator:250 sequential_int_gen: <0.104.0>: 465000 (18%)
2015-11-06 23:06:23.734 [debug] <0.480.0>@basho_bench_keygen:sequential_int_generator:250 sequential_int_gen: <0.100.0>: 465000 (18%)
2015-11-06 23:06:23.874 [debug] <0.481.0>@basho_bench_keygen:sequential_int_generator:250 sequential_int_gen: <0.97.0>: 465000 (18%)
2015-11-06 23:06:25.438 [debug] <0.482.0>@basho_bench_keygen:sequential_int_generator:250 sequential_int_gen: <0.102.0>: 470000 (18%)
2015-11-06 23:06:25.801 [debug] <0.483.0>@basho_bench_keygen:sequential_int_generator:250 sequential_int_gen: <0.104.0>: 470000 (18%)
2015-11-06 23:06:26.266 [debug] <0.484.0>@basho_bench_keygen:sequential_int_generator:250 sequential_int_gen: <0.100.0>: 470000 (18%)
2015-11-06 23:06:26.444 [debug] <0.485.0>@basho_bench_keygen:sequential_int_generator:250 sequential_int_gen: <0.97.0>: 470000 (18%)
2015-11-06 23:06:27.932 [debug] <0.486.0>@basho_bench_keygen:sequential_int_generator:250 sequential_int_gen: <0.102.0>: 475000 (19%)
2015-11-06 23:06:28.285 [debug] <0.487.0>@basho_bench_keygen:sequential_int_generator:250 sequential_int_gen: <0.104.0>: 475000 (19%)
2015-11-06 23:06:28.712 [debug] <0.488.0>@basho_bench_keygen:sequential_int_generator:250 sequential_int_gen: <0.100.0>: 475000 (19%)
2015-11-06 23:06:28.876 [debug] <0.489.0>@basho_bench_keygen:sequential_int_generator:250 sequential_int_gen: <0.97.0>: 475000 (19%)
2015-11-06 23:06:30.402 [debug] <0.490.0>@basho_bench_keygen:sequential_int_generator:250 sequential_int_gen: <0.102.0>: 480000 (19%)
2015-11-06 23:06:30.720 [debug] <0.491.0>@basho_bench_keygen:sequential_int_generator:250 sequential_int_gen: <0.104.0>: 480000 (19%)
2015-11-06 23:06:31.164 [debug] <0.492.0>@basho_bench_keygen:sequential_int_generator:250 sequential_int_gen: <0.100.0>: 480000 (19%)
2015-11-06 23:06:31.359 [debug] <0.493.0>@basho_bench_keygen:sequential_int_generator:250 sequential_int_gen: <0.97.0>: 480000 (19%)
2015-11-06 23:06:32.860 [debug] <0.494.0>@basho_bench_keygen:sequential_int_generator:250 sequential_int_gen: <0.102.0>: 485000 (19%)
2015-11-06 23:06:33.219 [debug] <0.495.0>@basho_bench_keygen:sequential_int_generator:250 sequential_int_gen: <0.104.0>: 485000 (19%)
2015-11-06 23:06:33.711 [debug] <0.496.0>@basho_bench_keygen:sequential_int_generator:250 sequential_int_gen: <0.100.0>: 485000 (19%)
2015-11-06 23:06:33.865 [debug] <0.497.0>@basho_bench_keygen:sequential_int_generator:250 sequential_int_gen: <0.97.0>: 485000 (19%)
2015-11-06 23:06:35.293 [debug] <0.498.0>@basho_bench_keygen:sequential_int_generator:250 sequential_int_gen: <0.102.0>: 490000 (19%)
2015-11-06 23:06:35.723 [debug] <0.499.0>@basho_bench_keygen:sequential_int_generator:250 sequential_int_gen: <0.104.0>: 490000 (19%)
2015-11-06 23:06:36.077 [debug] <0.500.0>@basho_bench_keygen:sequential_int_generator:250 sequential_int_gen: <0.100.0>: 490000 (19%)
2015-11-06 23:06:36.307 [debug] <0.501.0>@basho_bench_keygen:sequential_int_generator:250 sequential_int_gen: <0.97.0>: 490000 (19%)
2015-11-06 23:06:37.608 [debug] <0.502.0>@basho_bench_keygen:sequential_int_generator:250 sequential_int_gen: <0.102.0>: 495000 (19%)
2015-11-06 23:06:38.038 [debug] <0.503.0>@basho_bench_keygen:sequential_int_generator:250 sequential_int_gen: <0.104.0>: 495000 (19%)
2015-11-06 23:06:38.365 [debug] <0.504.0>@basho_bench_keygen:sequential_int_generator:250 sequential_int_gen: <0.100.0>: 495000 (19%)
2015-11-06 23:06:38.559 [debug] <0.505.0>@basho_bench_keygen:sequential_int_generator:250 sequential_int_gen: <0.97.0>: 495000 (19%)
2015-11-06 23:06:39.933 [debug] <0.506.0>@basho_bench_keygen:sequential_int_generator:250 sequential_int_gen: <0.102.0>: 500000 (20%)
2015-11-06 23:06:40.359 [debug] <0.507.0>@basho_bench_keygen:sequential_int_generator:250 sequential_int_gen: <0.104.0>: 500000 (20%)
2015-11-06 23:06:40.661 [debug] <0.508.0>@basho_bench_keygen:sequential_int_generator:250 sequential_int_gen: <0.100.0>: 500000 (20%)
2015-11-06 23:06:40.860 [debug] <0.509.0>@basho_bench_keygen:sequential_int_generator:250 sequential_int_gen: <0.97.0>: 500000 (20%)
2015-11-06 23:06:42.240 [debug] <0.510.0>@basho_bench_keygen:sequential_int_generator:250 sequential_int_gen: <0.102.0>: 505000 (20%)
2015-11-06 23:06:42.696 [debug] <0.511.0>@basho_bench_keygen:sequential_int_generator:250 sequential_int_gen: <0.104.0>: 505000 (20%)
2015-11-06 23:06:42.982 [debug] <0.512.0>@basho_bench_keygen:sequential_int_generator:250 sequential_int_gen: <0.100.0>: 505000 (20%)
2015-11-06 23:06:43.104 [debug] <0.513.0>@basho_bench_keygen:sequential_int_generator:250 sequential_int_gen: <0.97.0>: 505000 (20%)
2015-11-06 23:06:44.559 [debug] <0.514.0>@basho_bench_keygen:sequential_int_generator:250 sequential_int_gen: <0.102.0>: 510000 (20%)
2015-11-06 23:06:45.024 [debug] <0.515.0>@basho_bench_keygen:sequential_int_generator:250 sequential_int_gen: <0.104.0>: 510000 (20%)
2015-11-06 23:06:45.316 [debug] <0.516.0>@basho_bench_keygen:sequential_int_generator:250 sequential_int_gen: <0.100.0>: 510000 (20%)
2015-11-06 23:06:45.498 [debug] <0.517.0>@basho_bench_keygen:sequential_int_generator:250 sequential_int_gen: <0.97.0>: 510000 (20%)
2015-11-06 23:06:46.796 [debug] <0.518.0>@basho_bench_keygen:sequential_int_generator:250 sequential_int_gen: <0.102.0>: 515000 (20%)
2015-11-06 23:06:47.319 [debug] <0.519.0>@basho_bench_keygen:sequential_int_generator:250 sequential_int_gen: <0.104.0>: 515000 (20%)
2015-11-06 23:06:47.621 [debug] <0.520.0>@basho_bench_keygen:sequential_int_generator:250 sequential_int_gen: <0.100.0>: 515000 (20%)
2015-11-06 23:06:47.819 [debug] <0.521.0>@basho_bench_keygen:sequential_int_generator:250 sequential_int_gen: <0.97.0>: 515000 (20%)
2015-11-06 23:06:49.116 [debug] <0.522.0>@basho_bench_keygen:sequential_int_generator:250 sequential_int_gen: <0.102.0>: 520000 (20%)
2015-11-06 23:06:49.655 [debug] <0.523.0>@basho_bench_keygen:sequential_int_generator:250 sequential_int_gen: <0.104.0>: 520000 (20%)
2015-11-06 23:06:49.906 [debug] <0.524.0>@basho_bench_keygen:sequential_int_generator:250 sequential_int_gen: <0.100.0>: 520000 (20%)
2015-11-06 23:06:50.059 [debug] <0.525.0>@basho_bench_keygen:sequential_int_generator:250 sequential_int_gen: <0.97.0>: 520000 (20%)
2015-11-06 23:06:51.452 [debug] <0.526.0>@basho_bench_keygen:sequential_int_generator:250 sequential_int_gen: <0.102.0>: 525000 (21%)
2015-11-06 23:06:51.977 [debug] <0.527.0>@basho_bench_keygen:sequential_int_generator:250 sequential_int_gen: <0.104.0>: 525000 (21%)
2015-11-06 23:06:52.223 [debug] <0.528.0>@basho_bench_keygen:sequential_int_generator:250 sequential_int_gen: <0.100.0>: 525000 (21%)
2015-11-06 23:06:52.377 [debug] <0.529.0>@basho_bench_keygen:sequential_int_generator:250 sequential_int_gen: <0.97.0>: 525000 (21%)
2015-11-06 23:06:53.779 [debug] <0.530.0>@basho_bench_keygen:sequential_int_generator:250 sequential_int_gen: <0.102.0>: 530000 (21%)
2015-11-06 23:06:54.272 [debug] <0.531.0>@basho_bench_keygen:sequential_int_generator:250 sequential_int_gen: <0.104.0>: 530000 (21%)
2015-11-06 23:06:54.519 [debug] <0.532.0>@basho_bench_keygen:sequential_int_generator:250 sequential_int_gen: <0.100.0>: 530000 (21%)
2015-11-06 23:06:54.684 [debug] <0.533.0>@basho_bench_keygen:sequential_int_generator:250 sequential_int_gen: <0.97.0>: 530000 (21%)
2015-11-06 23:06:56.086 [debug] <0.534.0>@basho_bench_keygen:sequential_int_generator:250 sequential_int_gen: <0.102.0>: 535000 (21%)
2015-11-06 23:06:56.626 [debug] <0.535.0>@basho_bench_keygen:sequential_int_generator:250 sequential_int_gen: <0.104.0>: 535000 (21%)
2015-11-06 23:06:56.797 [debug] <0.536.0>@basho_bench_keygen:sequential_int_generator:250 sequential_int_gen: <0.100.0>: 535000 (21%)
2015-11-06 23:06:57.045 [debug] <0.537.0>@basho_bench_keygen:sequential_int_generator:250 sequential_int_gen: <0.97.0>: 535000 (21%)
2015-11-06 23:06:58.403 [debug] <0.538.0>@basho_bench_keygen:sequential_int_generator:250 sequential_int_gen: <0.102.0>: 540000 (21%)
2015-11-06 23:06:58.926 [debug] <0.539.0>@basho_bench_keygen:sequential_int_generator:250 sequential_int_gen: <0.104.0>: 540000 (21%)
2015-11-06 23:06:59.101 [debug] <0.540.0>@basho_bench_keygen:sequential_int_generator:250 sequential_int_gen: <0.100.0>: 540000 (21%)
2015-11-06 23:06:59.337 [debug] <0.541.0>@basho_bench_keygen:sequential_int_generator:250 sequential_int_gen: <0.97.0>: 540000 (21%)
2015-11-06 23:07:00.679 [debug] <0.542.0>@basho_bench_keygen:sequential_int_generator:250 sequential_int_gen: <0.102.0>: 545000 (21%)
2015-11-06 23:07:01.216 [debug] <0.543.0>@basho_bench_keygen:sequential_int_generator:250 sequential_int_gen: <0.104.0>: 545000 (21%)
2015-11-06 23:07:01.387 [debug] <0.544.0>@basho_bench_keygen:sequential_int_generator:250 sequential_int_gen: <0.100.0>: 545000 (21%)
2015-11-06 23:07:01.669 [debug] <0.545.0>@basho_bench_keygen:sequential_int_generator:250 sequential_int_gen: <0.97.0>: 545000 (21%)
2015-11-06 23:07:02.949 [debug] <0.546.0>@basho_bench_keygen:sequential_int_generator:250 sequential_int_gen: <0.102.0>: 550000 (22%)
2015-11-06 23:07:03.470 [debug] <0.547.0>@basho_bench_keygen:sequential_int_generator:250 sequential_int_gen: <0.104.0>: 550000 (22%)
2015-11-06 23:07:03.736 [debug] <0.548.0>@basho_bench_keygen:sequential_int_generator:250 sequential_int_gen: <0.100.0>: 550000 (22%)
2015-11-06 23:07:04.030 [debug] <0.549.0>@basho_bench_keygen:sequential_int_generator:250 sequential_int_gen: <0.97.0>: 550000 (22%)
2015-11-06 23:07:05.327 [debug] <0.550.0>@basho_bench_keygen:sequential_int_generator:250 sequential_int_gen: <0.102.0>: 555000 (22%)
2015-11-06 23:07:05.714 [debug] <0.551.0>@basho_bench_keygen:sequential_int_generator:250 sequential_int_gen: <0.104.0>: 555000 (22%)
2015-11-06 23:07:06.010 [debug] <0.552.0>@basho_bench_keygen:sequential_int_generator:250 sequential_int_gen: <0.100.0>: 555000 (22%)
2015-11-06 23:07:06.362 [debug] <0.553.0>@basho_bench_keygen:sequential_int_generator:250 sequential_int_gen: <0.97.0>: 555000 (22%)
2015-11-06 23:07:07.653 [debug] <0.554.0>@basho_bench_keygen:sequential_int_generator:250 sequential_int_gen: <0.102.0>: 560000 (22%)
2015-11-06 23:07:08.016 [debug] <0.555.0>@basho_bench_keygen:sequential_int_generator:250 sequential_int_gen: <0.104.0>: 560000 (22%)
2015-11-06 23:07:08.281 [debug] <0.556.0>@basho_bench_keygen:sequential_int_generator:250 sequential_int_gen: <0.100.0>: 560000 (22%)
2015-11-06 23:07:08.642 [debug] <0.557.0>@basho_bench_keygen:sequential_int_generator:250 sequential_int_gen: <0.97.0>: 560000 (22%)
2015-11-06 23:07:09.931 [debug] <0.558.0>@basho_bench_keygen:sequential_int_generator:250 sequential_int_gen: <0.102.0>: 565000 (22%)
2015-11-06 23:07:10.384 [debug] <0.559.0>@basho_bench_keygen:sequential_int_generator:250 sequential_int_gen: <0.104.0>: 565000 (22%)
2015-11-06 23:07:10.628 [debug] <0.560.0>@basho_bench_keygen:sequential_int_generator:250 sequential_int_gen: <0.100.0>: 565000 (22%)
2015-11-06 23:07:10.917 [debug] <0.561.0>@basho_bench_keygen:sequential_int_generator:250 sequential_int_gen: <0.97.0>: 565000 (22%)
2015-11-06 23:07:12.270 [debug] <0.562.0>@basho_bench_keygen:sequential_int_generator:250 sequential_int_gen: <0.102.0>: 570000 (22%)
2015-11-06 23:07:12.721 [debug] <0.563.0>@basho_bench_keygen:sequential_int_generator:250 sequential_int_gen: <0.104.0>: 570000 (22%)
2015-11-06 23:07:12.967 [debug] <0.564.0>@basho_bench_keygen:sequential_int_generator:250 sequential_int_gen: <0.100.0>: 570000 (22%)
2015-11-06 23:07:13.199 [debug] <0.565.0>@basho_bench_keygen:sequential_int_generator:250 sequential_int_gen: <0.97.0>: 570000 (22%)
2015-11-06 23:07:14.557 [debug] <0.566.0>@basho_bench_keygen:sequential_int_generator:250 sequential_int_gen: <0.102.0>: 575000 (23%)
2015-11-06 23:07:14.981 [debug] <0.567.0>@basho_bench_keygen:sequential_int_generator:250 sequential_int_gen: <0.104.0>: 575000 (23%)
2015-11-06 23:07:15.199 [debug] <0.568.0>@basho_bench_keygen:sequential_int_generator:250 sequential_int_gen: <0.100.0>: 575000 (23%)
2015-11-06 23:07:15.572 [debug] <0.569.0>@basho_bench_keygen:sequential_int_generator:250 sequential_int_gen: <0.97.0>: 575000 (23%)
2015-11-06 23:07:16.898 [debug] <0.570.0>@basho_bench_keygen:sequential_int_generator:250 sequential_int_gen: <0.102.0>: 580000 (23%)
2015-11-06 23:07:17.246 [debug] <0.571.0>@basho_bench_keygen:sequential_int_generator:250 sequential_int_gen: <0.104.0>: 580000 (23%)
2015-11-06 23:07:17.451 [debug] <0.572.0>@basho_bench_keygen:sequential_int_generator:250 sequential_int_gen: <0.100.0>: 580000 (23%)
2015-11-06 23:07:17.850 [debug] <0.573.0>@basho_bench_keygen:sequential_int_generator:250 sequential_int_gen: <0.97.0>: 580000 (23%)
2015-11-06 23:07:19.164 [debug] <0.574.0>@basho_bench_keygen:sequential_int_generator:250 sequential_int_gen: <0.102.0>: 585000 (23%)
2015-11-06 23:07:19.542 [debug] <0.575.0>@basho_bench_keygen:sequential_int_generator:250 sequential_int_gen: <0.104.0>: 585000 (23%)
2015-11-06 23:07:19.741 [debug] <0.576.0>@basho_bench_keygen:sequential_int_generator:250 sequential_int_gen: <0.100.0>: 585000 (23%)
2015-11-06 23:07:20.116 [debug] <0.577.0>@basho_bench_keygen:sequential_int_generator:250 sequential_int_gen: <0.97.0>: 585000 (23%)
2015-11-06 23:07:21.441 [debug] <0.578.0>@basho_bench_keygen:sequential_int_generator:250 sequential_int_gen: <0.102.0>: 590000 (23%)
2015-11-06 23:07:21.831 [debug] <0.579.0>@basho_bench_keygen:sequential_int_generator:250 sequential_int_gen: <0.104.0>: 590000 (23%)
2015-11-06 23:07:22.045 [debug] <0.580.0>@basho_bench_keygen:sequential_int_generator:250 sequential_int_gen: <0.100.0>: 590000 (23%)
2015-11-06 23:07:22.429 [debug] <0.581.0>@basho_bench_keygen:sequential_int_generator:250 sequential_int_gen: <0.97.0>: 590000 (23%)
2015-11-06 23:07:23.703 [debug] <0.582.0>@basho_bench_keygen:sequential_int_generator:250 sequential_int_gen: <0.102.0>: 595000 (23%)
2015-11-06 23:07:24.115 [debug] <0.583.0>@basho_bench_keygen:sequential_int_generator:250 sequential_int_gen: <0.104.0>: 595000 (23%)
2015-11-06 23:07:24.374 [debug] <0.584.0>@basho_bench_keygen:sequential_int_generator:250 sequential_int_gen: <0.100.0>: 595000 (23%)
2015-11-06 23:07:24.732 [debug] <0.585.0>@basho_bench_keygen:sequential_int_generator:250 sequential_int_gen: <0.97.0>: 595000 (23%)
2015-11-06 23:07:26.073 [debug] <0.586.0>@basho_bench_keygen:sequential_int_generator:250 sequential_int_gen: <0.102.0>: 600000 (24%)
2015-11-06 23:07:26.399 [debug] <0.587.0>@basho_bench_keygen:sequential_int_generator:250 sequential_int_gen: <0.104.0>: 600000 (24%)
2015-11-06 23:07:26.644 [debug] <0.588.0>@basho_bench_keygen:sequential_int_generator:250 sequential_int_gen: <0.100.0>: 600000 (24%)
2015-11-06 23:07:27.016 [debug] <0.589.0>@basho_bench_keygen:sequential_int_generator:250 sequential_int_gen: <0.97.0>: 600000 (24%)
2015-11-06 23:07:28.317 [debug] <0.590.0>@basho_bench_keygen:sequential_int_generator:250 sequential_int_gen: <0.102.0>: 605000 (24%)
2015-11-06 23:07:28.701 [debug] <0.591.0>@basho_bench_keygen:sequential_int_generator:250 sequential_int_gen: <0.104.0>: 605000 (24%)
2015-11-06 23:07:28.949 [debug] <0.592.0>@basho_bench_keygen:sequential_int_generator:250 sequential_int_gen: <0.100.0>: 605000 (24%)
2015-11-06 23:07:29.313 [debug] <0.593.0>@basho_bench_keygen:sequential_int_generator:250 sequential_int_gen: <0.97.0>: 605000 (24%)
2015-11-06 23:07:30.603 [debug] <0.594.0>@basho_bench_keygen:sequential_int_generator:250 sequential_int_gen: <0.102.0>: 610000 (24%)
2015-11-06 23:07:30.964 [debug] <0.595.0>@basho_bench_keygen:sequential_int_generator:250 sequential_int_gen: <0.104.0>: 610000 (24%)
2015-11-06 23:07:31.241 [debug] <0.596.0>@basho_bench_keygen:sequential_int_generator:250 sequential_int_gen: <0.100.0>: 610000 (24%)
2015-11-06 23:07:31.564 [debug] <0.597.0>@basho_bench_keygen:sequential_int_generator:250 sequential_int_gen: <0.97.0>: 610000 (24%)
2015-11-06 23:07:32.869 [debug] <0.598.0>@basho_bench_keygen:sequential_int_generator:250 sequential_int_gen: <0.102.0>: 615000 (24%)
2015-11-06 23:07:33.271 [debug] <0.599.0>@basho_bench_keygen:sequential_int_generator:250 sequential_int_gen: <0.104.0>: 615000 (24%)
2015-11-06 23:07:33.556 [debug] <0.600.0>@basho_bench_keygen:sequential_int_generator:250 sequential_int_gen: <0.100.0>: 615000 (24%)
2015-11-06 23:07:33.861 [debug] <0.601.0>@basho_bench_keygen:sequential_int_generator:250 sequential_int_gen: <0.97.0>: 615000 (24%)
2015-11-06 23:07:35.276 [debug] <0.602.0>@basho_bench_keygen:sequential_int_generator:250 sequential_int_gen: <0.102.0>: 620000 (24%)
2015-11-06 23:07:35.591 [debug] <0.603.0>@basho_bench_keygen:sequential_int_generator:250 sequential_int_gen: <0.104.0>: 620000 (24%)
2015-11-06 23:07:36.062 [info] <0.86.0>@basho_bench_stats:report_total_errors:285 No Errors.
