2015-11-05 20:30:47.064 [debug] <0.54.0>@lager_handler_watcher:94 Lager installed handler {lager_file_backend,
                            "/home/windkit/basho_bench/tests/20151105_203046/error.log"} into lager_event
2015-11-05 20:30:47.064 [debug] <0.56.0>@lager_handler_watcher:94 Lager installed handler {lager_file_backend,
                            "/home/windkit/basho_bench/tests/20151105_203046/console.log"} into lager_event
2015-11-05 20:30:47.064 [debug] <0.58.0>@lager_handler_watcher:94 Lager installed handler error_logger_lager_h into error_logger
2015-11-05 20:30:47.101 [debug] <0.41.0> Supervisor gr_param_sup started gr_param:start_link(gr_lager_default_tracer_params) at pid <0.60.0>
2015-11-05 20:30:47.101 [debug] <0.40.0> Supervisor gr_counter_sup started gr_counter:start_link(gr_lager_default_tracer_counters) at pid <0.61.0>
2015-11-05 20:30:47.101 [debug] <0.42.0> Supervisor gr_manager_sup started gr_manager:start_link(gr_lager_default_tracer_params_mgr, gr_lager_default_tracer_params, []) at pid <0.62.0>
2015-11-05 20:30:47.101 [debug] <0.42.0> Supervisor gr_manager_sup started gr_manager:start_link(gr_lager_default_tracer_counters_mgr, gr_lager_default_tracer_counters, [{input,0},{filter,0},{output,0}]) at pid <0.63.0>
2015-11-05 20:30:47.540 [debug] <0.50.0>@lager_handler_watcher:94 Lager installed handler lager_backend_throttle into lager_event
2015-11-05 20:30:47.737 [info] <0.7.0> Application lager started on node nonode@nohost
2015-11-05 20:30:47.738 [notice] <0.47.0>@lager_file_backend:127 Changed loglevel of /home/windkit/basho_bench/tests/20151105_203046/console.log to debug
2015-11-05 20:30:47.750 [info] <0.2.0>@basho_bench:log_dimensions:253 Est. data size: 9765.63 GB
2015-11-05 20:30:47.809 [debug] <0.72.0> Supervisor sasl_safe_sup started alarm_handler:start_link() at pid <0.73.0>
2015-11-05 20:30:47.809 [debug] <0.72.0> Supervisor sasl_safe_sup started overload:start_link() at pid <0.74.0>
2015-11-05 20:30:47.810 [debug] <0.71.0> Supervisor sasl_sup started supervisor:start_link({local,sasl_safe_sup}, sasl, safe) at pid <0.72.0>
2015-11-05 20:30:47.822 [debug] <0.71.0> Supervisor sasl_sup started release_handler:start_link() at pid <0.75.0>
2015-11-05 20:30:47.822 [info] <0.7.0> Application sasl started on node nonode@nohost
2015-11-05 20:30:47.881 [debug] <0.80.0> Supervisor crypto_sup started crypto_server:start_link() at pid <0.81.0>
2015-11-05 20:30:47.881 [info] <0.7.0> Application crypto started on node nonode@nohost
2015-11-05 20:30:47.907 [debug] <0.90.0> Supervisor folsom_sup started folsom_sample_slide_sup:start_link() at pid <0.91.0>
2015-11-05 20:30:47.911 [debug] <0.90.0> Supervisor folsom_sup started folsom_meter_timer_server:start_link() at pid <0.92.0>
2015-11-05 20:30:47.916 [debug] <0.90.0> Supervisor folsom_sup started folsom_metrics_histogram_ets:start_link() at pid <0.93.0>
2015-11-05 20:30:47.916 [info] <0.7.0> Application folsom started on node nonode@nohost
2015-11-05 20:30:47.949 [debug] <0.85.0> Supervisor basho_bench_sup started basho_bench_stats:start_link() at pid <0.86.0>
2015-11-05 20:30:47.955 [debug] <0.95.0>@basho_bench_keygen:new:105 ID 1 generating range 0 to 2500000
2015-11-05 20:30:47.955 [info] <0.95.0>@basho_bench_valgen:init_source:88 Random source: calling crypto:rand_bytes(10485760) (override with the 'value_generator_source_size' config option
2015-11-05 20:30:48.180 [info] <0.95.0>@basho_bench_valgen:init_source:95 Random source: finished crypto:rand_bytes(10485760)
2015-11-05 20:30:48.214 [debug] <0.85.0> Supervisor basho_bench_sup started basho_bench_worker:start_link(basho_bench_worker_1, 1) at pid <0.95.0>
2015-11-05 20:30:48.214 [debug] <0.99.0>@basho_bench_keygen:new:105 ID 2 generating range 2500000 to 5000000
2015-11-05 20:30:48.216 [debug] <0.85.0> Supervisor basho_bench_sup started basho_bench_worker:start_link(basho_bench_worker_2, 2) at pid <0.99.0>
2015-11-05 20:30:48.216 [debug] <0.101.0>@basho_bench_keygen:new:105 ID 3 generating range 5000000 to 7500000
2015-11-05 20:30:48.219 [debug] <0.85.0> Supervisor basho_bench_sup started basho_bench_worker:start_link(basho_bench_worker_3, 3) at pid <0.101.0>
2015-11-05 20:30:48.219 [debug] <0.103.0>@basho_bench_keygen:new:105 ID 4 generating range 7500000 to 10000000
2015-11-05 20:30:48.222 [debug] <0.85.0> Supervisor basho_bench_sup started basho_bench_worker:start_link(basho_bench_worker_4, 4) at pid <0.103.0>
2015-11-05 20:30:48.222 [debug] <0.26.0> Supervisor kernel_safe_sup started timer:start_link() at pid <0.105.0>
2015-11-05 20:30:48.228 [info] <0.104.0>@basho_bench_worker:worker_idle_loop:237 Starting max worker: <0.104.0> on nonode@nohost
2015-11-05 20:30:48.229 [info] <0.102.0>@basho_bench_worker:worker_idle_loop:237 Starting max worker: <0.102.0> on nonode@nohost
2015-11-05 20:30:48.229 [debug] <0.106.0>@basho_bench_keygen:sequential_int_generator:250 sequential_int_gen: <0.104.0>: 0 (0%)
2015-11-05 20:30:48.229 [info] <0.100.0>@basho_bench_worker:worker_idle_loop:237 Starting max worker: <0.100.0> on nonode@nohost
2015-11-05 20:30:48.229 [debug] <0.107.0>@basho_bench_keygen:sequential_int_generator:250 sequential_int_gen: <0.102.0>: 0 (0%)
2015-11-05 20:30:48.230 [info] <0.97.0>@basho_bench_worker:worker_idle_loop:237 Starting max worker: <0.97.0> on nonode@nohost
2015-11-05 20:30:48.230 [info] <0.7.0> Application basho_bench started on node nonode@nohost
2015-11-05 20:30:48.230 [debug] <0.108.0>@basho_bench_keygen:sequential_int_generator:250 sequential_int_gen: <0.100.0>: 0 (0%)
2015-11-05 20:30:48.230 [debug] <0.109.0>@basho_bench_keygen:sequential_int_generator:250 sequential_int_gen: <0.97.0>: 0 (0%)
2015-11-05 20:30:51.041 [debug] <0.110.0>@basho_bench_keygen:sequential_int_generator:250 sequential_int_gen: <0.102.0>: 5000 (0%)
2015-11-05 20:30:51.140 [debug] <0.111.0>@basho_bench_keygen:sequential_int_generator:250 sequential_int_gen: <0.100.0>: 5000 (0%)
2015-11-05 20:30:51.158 [debug] <0.112.0>@basho_bench_keygen:sequential_int_generator:250 sequential_int_gen: <0.104.0>: 5000 (0%)
2015-11-05 20:30:51.191 [debug] <0.113.0>@basho_bench_keygen:sequential_int_generator:250 sequential_int_gen: <0.97.0>: 5000 (0%)
2015-11-05 20:30:53.868 [debug] <0.114.0>@basho_bench_keygen:sequential_int_generator:250 sequential_int_gen: <0.102.0>: 10000 (0%)
2015-11-05 20:30:53.966 [debug] <0.115.0>@basho_bench_keygen:sequential_int_generator:250 sequential_int_gen: <0.100.0>: 10000 (0%)
2015-11-05 20:30:53.984 [debug] <0.116.0>@basho_bench_keygen:sequential_int_generator:250 sequential_int_gen: <0.104.0>: 10000 (0%)
2015-11-05 20:30:54.016 [debug] <0.117.0>@basho_bench_keygen:sequential_int_generator:250 sequential_int_gen: <0.97.0>: 10000 (0%)
2015-11-05 20:30:56.671 [debug] <0.118.0>@basho_bench_keygen:sequential_int_generator:250 sequential_int_gen: <0.102.0>: 15000 (0%)
2015-11-05 20:30:56.777 [debug] <0.119.0>@basho_bench_keygen:sequential_int_generator:250 sequential_int_gen: <0.100.0>: 15000 (0%)
2015-11-05 20:30:56.801 [debug] <0.120.0>@basho_bench_keygen:sequential_int_generator:250 sequential_int_gen: <0.104.0>: 15000 (0%)
2015-11-05 20:30:56.830 [debug] <0.121.0>@basho_bench_keygen:sequential_int_generator:250 sequential_int_gen: <0.97.0>: 15000 (0%)
2015-11-05 20:30:59.505 [debug] <0.122.0>@basho_bench_keygen:sequential_int_generator:250 sequential_int_gen: <0.102.0>: 20000 (0%)
2015-11-05 20:30:59.607 [debug] <0.123.0>@basho_bench_keygen:sequential_int_generator:250 sequential_int_gen: <0.100.0>: 20000 (0%)
2015-11-05 20:30:59.643 [debug] <0.124.0>@basho_bench_keygen:sequential_int_generator:250 sequential_int_gen: <0.104.0>: 20000 (0%)
2015-11-05 20:30:59.659 [debug] <0.125.0>@basho_bench_keygen:sequential_int_generator:250 sequential_int_gen: <0.97.0>: 20000 (0%)
2015-11-05 20:31:02.327 [debug] <0.126.0>@basho_bench_keygen:sequential_int_generator:250 sequential_int_gen: <0.102.0>: 25000 (1%)
2015-11-05 20:31:02.427 [debug] <0.127.0>@basho_bench_keygen:sequential_int_generator:250 sequential_int_gen: <0.100.0>: 25000 (1%)
2015-11-05 20:31:02.465 [debug] <0.128.0>@basho_bench_keygen:sequential_int_generator:250 sequential_int_gen: <0.104.0>: 25000 (1%)
2015-11-05 20:31:02.481 [debug] <0.129.0>@basho_bench_keygen:sequential_int_generator:250 sequential_int_gen: <0.97.0>: 25000 (1%)
2015-11-05 20:31:05.171 [debug] <0.130.0>@basho_bench_keygen:sequential_int_generator:250 sequential_int_gen: <0.102.0>: 30000 (1%)
2015-11-05 20:31:05.243 [debug] <0.131.0>@basho_bench_keygen:sequential_int_generator:250 sequential_int_gen: <0.100.0>: 30000 (1%)
2015-11-05 20:31:05.292 [debug] <0.132.0>@basho_bench_keygen:sequential_int_generator:250 sequential_int_gen: <0.97.0>: 30000 (1%)
2015-11-05 20:31:05.374 [debug] <0.133.0>@basho_bench_keygen:sequential_int_generator:250 sequential_int_gen: <0.104.0>: 30000 (1%)
2015-11-05 20:31:07.971 [debug] <0.134.0>@basho_bench_keygen:sequential_int_generator:250 sequential_int_gen: <0.102.0>: 35000 (1%)
2015-11-05 20:31:08.046 [debug] <0.135.0>@basho_bench_keygen:sequential_int_generator:250 sequential_int_gen: <0.100.0>: 35000 (1%)
2015-11-05 20:31:08.095 [debug] <0.136.0>@basho_bench_keygen:sequential_int_generator:250 sequential_int_gen: <0.97.0>: 35000 (1%)
2015-11-05 20:31:08.177 [debug] <0.137.0>@basho_bench_keygen:sequential_int_generator:250 sequential_int_gen: <0.104.0>: 35000 (1%)
2015-11-05 20:31:10.827 [debug] <0.138.0>@basho_bench_keygen:sequential_int_generator:250 sequential_int_gen: <0.102.0>: 40000 (1%)
2015-11-05 20:31:10.894 [debug] <0.139.0>@basho_bench_keygen:sequential_int_generator:250 sequential_int_gen: <0.97.0>: 40000 (1%)
2015-11-05 20:31:10.932 [debug] <0.140.0>@basho_bench_keygen:sequential_int_generator:250 sequential_int_gen: <0.100.0>: 40000 (1%)
2015-11-05 20:31:10.972 [debug] <0.141.0>@basho_bench_keygen:sequential_int_generator:250 sequential_int_gen: <0.104.0>: 40000 (1%)
2015-11-05 20:31:13.640 [debug] <0.142.0>@basho_bench_keygen:sequential_int_generator:250 sequential_int_gen: <0.102.0>: 45000 (1%)
2015-11-05 20:31:13.708 [debug] <0.143.0>@basho_bench_keygen:sequential_int_generator:250 sequential_int_gen: <0.97.0>: 45000 (1%)
2015-11-05 20:31:13.742 [debug] <0.144.0>@basho_bench_keygen:sequential_int_generator:250 sequential_int_gen: <0.100.0>: 45000 (1%)
2015-11-05 20:31:13.782 [debug] <0.145.0>@basho_bench_keygen:sequential_int_generator:250 sequential_int_gen: <0.104.0>: 45000 (1%)
2015-11-05 20:31:16.431 [debug] <0.146.0>@basho_bench_keygen:sequential_int_generator:250 sequential_int_gen: <0.102.0>: 50000 (2%)
2015-11-05 20:31:16.503 [debug] <0.147.0>@basho_bench_keygen:sequential_int_generator:250 sequential_int_gen: <0.97.0>: 50000 (2%)
2015-11-05 20:31:16.536 [debug] <0.148.0>@basho_bench_keygen:sequential_int_generator:250 sequential_int_gen: <0.100.0>: 50000 (2%)
2015-11-05 20:31:16.573 [debug] <0.149.0>@basho_bench_keygen:sequential_int_generator:250 sequential_int_gen: <0.104.0>: 50000 (2%)
2015-11-05 20:31:19.286 [debug] <0.150.0>@basho_bench_keygen:sequential_int_generator:250 sequential_int_gen: <0.97.0>: 55000 (2%)
2015-11-05 20:31:19.320 [debug] <0.151.0>@basho_bench_keygen:sequential_int_generator:250 sequential_int_gen: <0.100.0>: 55000 (2%)
2015-11-05 20:31:19.366 [debug] <0.152.0>@basho_bench_keygen:sequential_int_generator:250 sequential_int_gen: <0.104.0>: 55000 (2%)
2015-11-05 20:31:19.393 [debug] <0.153.0>@basho_bench_keygen:sequential_int_generator:250 sequential_int_gen: <0.102.0>: 55000 (2%)
2015-11-05 20:31:22.111 [debug] <0.154.0>@basho_bench_keygen:sequential_int_generator:250 sequential_int_gen: <0.97.0>: 60000 (2%)
2015-11-05 20:31:22.142 [debug] <0.155.0>@basho_bench_keygen:sequential_int_generator:250 sequential_int_gen: <0.100.0>: 60000 (2%)
2015-11-05 20:31:22.190 [debug] <0.156.0>@basho_bench_keygen:sequential_int_generator:250 sequential_int_gen: <0.104.0>: 60000 (2%)
2015-11-05 20:31:22.223 [debug] <0.157.0>@basho_bench_keygen:sequential_int_generator:250 sequential_int_gen: <0.102.0>: 60000 (2%)
2015-11-05 20:31:24.939 [debug] <0.158.0>@basho_bench_keygen:sequential_int_generator:250 sequential_int_gen: <0.97.0>: 65000 (2%)
2015-11-05 20:31:24.956 [debug] <0.159.0>@basho_bench_keygen:sequential_int_generator:250 sequential_int_gen: <0.100.0>: 65000 (2%)
2015-11-05 20:31:25.023 [debug] <0.160.0>@basho_bench_keygen:sequential_int_generator:250 sequential_int_gen: <0.104.0>: 65000 (2%)
2015-11-05 20:31:25.027 [debug] <0.161.0>@basho_bench_keygen:sequential_int_generator:250 sequential_int_gen: <0.102.0>: 65000 (2%)
2015-11-05 20:31:27.762 [debug] <0.162.0>@basho_bench_keygen:sequential_int_generator:250 sequential_int_gen: <0.97.0>: 70000 (2%)
2015-11-05 20:31:27.781 [debug] <0.163.0>@basho_bench_keygen:sequential_int_generator:250 sequential_int_gen: <0.100.0>: 70000 (2%)
2015-11-05 20:31:27.850 [debug] <0.164.0>@basho_bench_keygen:sequential_int_generator:250 sequential_int_gen: <0.104.0>: 70000 (2%)
2015-11-05 20:31:27.851 [debug] <0.165.0>@basho_bench_keygen:sequential_int_generator:250 sequential_int_gen: <0.102.0>: 70000 (2%)
2015-11-05 20:31:30.592 [debug] <0.166.0>@basho_bench_keygen:sequential_int_generator:250 sequential_int_gen: <0.97.0>: 75000 (3%)
2015-11-05 20:31:30.608 [debug] <0.167.0>@basho_bench_keygen:sequential_int_generator:250 sequential_int_gen: <0.100.0>: 75000 (3%)
2015-11-05 20:31:30.697 [debug] <0.168.0>@basho_bench_keygen:sequential_int_generator:250 sequential_int_gen: <0.104.0>: 75000 (3%)
2015-11-05 20:31:30.806 [debug] <0.169.0>@basho_bench_keygen:sequential_int_generator:250 sequential_int_gen: <0.102.0>: 75000 (3%)
2015-11-05 20:31:33.418 [debug] <0.170.0>@basho_bench_keygen:sequential_int_generator:250 sequential_int_gen: <0.97.0>: 80000 (3%)
2015-11-05 20:31:33.435 [debug] <0.171.0>@basho_bench_keygen:sequential_int_generator:250 sequential_int_gen: <0.100.0>: 80000 (3%)
2015-11-05 20:31:33.524 [debug] <0.172.0>@basho_bench_keygen:sequential_int_generator:250 sequential_int_gen: <0.104.0>: 80000 (3%)
2015-11-05 20:31:33.646 [debug] <0.173.0>@basho_bench_keygen:sequential_int_generator:250 sequential_int_gen: <0.102.0>: 80000 (3%)
2015-11-05 20:31:36.247 [debug] <0.174.0>@basho_bench_keygen:sequential_int_generator:250 sequential_int_gen: <0.97.0>: 85000 (3%)
2015-11-05 20:31:36.258 [debug] <0.175.0>@basho_bench_keygen:sequential_int_generator:250 sequential_int_gen: <0.100.0>: 85000 (3%)
2015-11-05 20:31:36.345 [debug] <0.176.0>@basho_bench_keygen:sequential_int_generator:250 sequential_int_gen: <0.104.0>: 85000 (3%)
2015-11-05 20:31:36.459 [debug] <0.177.0>@basho_bench_keygen:sequential_int_generator:250 sequential_int_gen: <0.102.0>: 85000 (3%)
2015-11-05 20:31:39.057 [debug] <0.178.0>@basho_bench_keygen:sequential_int_generator:250 sequential_int_gen: <0.97.0>: 90000 (3%)
2015-11-05 20:31:39.067 [debug] <0.179.0>@basho_bench_keygen:sequential_int_generator:250 sequential_int_gen: <0.100.0>: 90000 (3%)
2015-11-05 20:31:39.299 [debug] <0.180.0>@basho_bench_keygen:sequential_int_generator:250 sequential_int_gen: <0.102.0>: 90000 (3%)
2015-11-05 20:31:39.311 [debug] <0.181.0>@basho_bench_keygen:sequential_int_generator:250 sequential_int_gen: <0.104.0>: 90000 (3%)
2015-11-05 20:31:41.876 [debug] <0.182.0>@basho_bench_keygen:sequential_int_generator:250 sequential_int_gen: <0.97.0>: 95000 (3%)
2015-11-05 20:31:41.886 [debug] <0.183.0>@basho_bench_keygen:sequential_int_generator:250 sequential_int_gen: <0.100.0>: 95000 (3%)
2015-11-05 20:31:42.114 [debug] <0.184.0>@basho_bench_keygen:sequential_int_generator:250 sequential_int_gen: <0.102.0>: 95000 (3%)
2015-11-05 20:31:42.126 [debug] <0.185.0>@basho_bench_keygen:sequential_int_generator:250 sequential_int_gen: <0.104.0>: 95000 (3%)
2015-11-05 20:31:44.690 [debug] <0.186.0>@basho_bench_keygen:sequential_int_generator:250 sequential_int_gen: <0.97.0>: 100000 (4%)
2015-11-05 20:31:44.696 [debug] <0.187.0>@basho_bench_keygen:sequential_int_generator:250 sequential_int_gen: <0.100.0>: 100000 (4%)
2015-11-05 20:31:44.930 [debug] <0.188.0>@basho_bench_keygen:sequential_int_generator:250 sequential_int_gen: <0.102.0>: 100000 (4%)
2015-11-05 20:31:44.949 [debug] <0.189.0>@basho_bench_keygen:sequential_int_generator:250 sequential_int_gen: <0.104.0>: 100000 (4%)
2015-11-05 20:31:47.515 [debug] <0.190.0>@basho_bench_keygen:sequential_int_generator:250 sequential_int_gen: <0.97.0>: 105000 (4%)
2015-11-05 20:31:47.540 [debug] <0.191.0>@basho_bench_keygen:sequential_int_generator:250 sequential_int_gen: <0.100.0>: 105000 (4%)
2015-11-05 20:31:47.764 [debug] <0.192.0>@basho_bench_keygen:sequential_int_generator:250 sequential_int_gen: <0.102.0>: 105000 (4%)
2015-11-05 20:31:47.781 [debug] <0.193.0>@basho_bench_keygen:sequential_int_generator:250 sequential_int_gen: <0.104.0>: 105000 (4%)
2015-11-05 20:31:50.329 [debug] <0.194.0>@basho_bench_keygen:sequential_int_generator:250 sequential_int_gen: <0.100.0>: 110000 (4%)
2015-11-05 20:31:50.344 [debug] <0.195.0>@basho_bench_keygen:sequential_int_generator:250 sequential_int_gen: <0.97.0>: 110000 (4%)
2015-11-05 20:31:50.607 [debug] <0.196.0>@basho_bench_keygen:sequential_int_generator:250 sequential_int_gen: <0.104.0>: 110000 (4%)
2015-11-05 20:31:50.607 [debug] <0.197.0>@basho_bench_keygen:sequential_int_generator:250 sequential_int_gen: <0.102.0>: 110000 (4%)
2015-11-05 20:31:53.128 [debug] <0.198.0>@basho_bench_keygen:sequential_int_generator:250 sequential_int_gen: <0.100.0>: 115000 (4%)
2015-11-05 20:31:53.135 [debug] <0.199.0>@basho_bench_keygen:sequential_int_generator:250 sequential_int_gen: <0.97.0>: 115000 (4%)
2015-11-05 20:31:53.404 [debug] <0.200.0>@basho_bench_keygen:sequential_int_generator:250 sequential_int_gen: <0.102.0>: 115000 (4%)
2015-11-05 20:31:53.405 [debug] <0.201.0>@basho_bench_keygen:sequential_int_generator:250 sequential_int_gen: <0.104.0>: 115000 (4%)
2015-11-05 20:31:55.909 [debug] <0.202.0>@basho_bench_keygen:sequential_int_generator:250 sequential_int_gen: <0.100.0>: 120000 (4%)
2015-11-05 20:31:55.914 [debug] <0.203.0>@basho_bench_keygen:sequential_int_generator:250 sequential_int_gen: <0.97.0>: 120000 (4%)
2015-11-05 20:31:56.189 [debug] <0.204.0>@basho_bench_keygen:sequential_int_generator:250 sequential_int_gen: <0.102.0>: 120000 (4%)
2015-11-05 20:31:56.197 [debug] <0.205.0>@basho_bench_keygen:sequential_int_generator:250 sequential_int_gen: <0.104.0>: 120000 (4%)
2015-11-05 20:31:58.689 [debug] <0.206.0>@basho_bench_keygen:sequential_int_generator:250 sequential_int_gen: <0.100.0>: 125000 (5%)
2015-11-05 20:31:58.835 [debug] <0.207.0>@basho_bench_keygen:sequential_int_generator:250 sequential_int_gen: <0.97.0>: 125000 (5%)
2015-11-05 20:31:58.978 [debug] <0.208.0>@basho_bench_keygen:sequential_int_generator:250 sequential_int_gen: <0.102.0>: 125000 (5%)
2015-11-05 20:31:59.009 [debug] <0.209.0>@basho_bench_keygen:sequential_int_generator:250 sequential_int_gen: <0.104.0>: 125000 (5%)
2015-11-05 20:32:01.542 [debug] <0.210.0>@basho_bench_keygen:sequential_int_generator:250 sequential_int_gen: <0.100.0>: 130000 (5%)
2015-11-05 20:32:01.684 [debug] <0.211.0>@basho_bench_keygen:sequential_int_generator:250 sequential_int_gen: <0.97.0>: 130000 (5%)
2015-11-05 20:32:01.825 [debug] <0.212.0>@basho_bench_keygen:sequential_int_generator:250 sequential_int_gen: <0.102.0>: 130000 (5%)
2015-11-05 20:32:01.857 [debug] <0.213.0>@basho_bench_keygen:sequential_int_generator:250 sequential_int_gen: <0.104.0>: 130000 (5%)
2015-11-05 20:32:04.394 [debug] <0.214.0>@basho_bench_keygen:sequential_int_generator:250 sequential_int_gen: <0.100.0>: 135000 (5%)
2015-11-05 20:32:04.541 [debug] <0.215.0>@basho_bench_keygen:sequential_int_generator:250 sequential_int_gen: <0.97.0>: 135000 (5%)
2015-11-05 20:32:04.683 [debug] <0.216.0>@basho_bench_keygen:sequential_int_generator:250 sequential_int_gen: <0.102.0>: 135000 (5%)
2015-11-05 20:32:04.716 [debug] <0.217.0>@basho_bench_keygen:sequential_int_generator:250 sequential_int_gen: <0.104.0>: 135000 (5%)
2015-11-05 20:32:07.257 [debug] <0.218.0>@basho_bench_keygen:sequential_int_generator:250 sequential_int_gen: <0.100.0>: 140000 (5%)
2015-11-05 20:32:07.418 [debug] <0.219.0>@basho_bench_keygen:sequential_int_generator:250 sequential_int_gen: <0.97.0>: 140000 (5%)
2015-11-05 20:32:07.539 [debug] <0.220.0>@basho_bench_keygen:sequential_int_generator:250 sequential_int_gen: <0.102.0>: 140000 (5%)
2015-11-05 20:32:07.590 [debug] <0.221.0>@basho_bench_keygen:sequential_int_generator:250 sequential_int_gen: <0.104.0>: 140000 (5%)
2015-11-05 20:32:10.094 [debug] <0.222.0>@basho_bench_keygen:sequential_int_generator:250 sequential_int_gen: <0.100.0>: 145000 (5%)
2015-11-05 20:32:10.215 [debug] <0.223.0>@basho_bench_keygen:sequential_int_generator:250 sequential_int_gen: <0.97.0>: 145000 (5%)
2015-11-05 20:32:10.392 [debug] <0.224.0>@basho_bench_keygen:sequential_int_generator:250 sequential_int_gen: <0.104.0>: 145000 (5%)
2015-11-05 20:32:10.515 [debug] <0.225.0>@basho_bench_keygen:sequential_int_generator:250 sequential_int_gen: <0.102.0>: 145000 (5%)
2015-11-05 20:32:12.902 [debug] <0.226.0>@basho_bench_keygen:sequential_int_generator:250 sequential_int_gen: <0.100.0>: 150000 (6%)
2015-11-05 20:32:13.023 [debug] <0.227.0>@basho_bench_keygen:sequential_int_generator:250 sequential_int_gen: <0.97.0>: 150000 (6%)
2015-11-05 20:32:13.198 [debug] <0.228.0>@basho_bench_keygen:sequential_int_generator:250 sequential_int_gen: <0.104.0>: 150000 (6%)
2015-11-05 20:32:13.322 [debug] <0.229.0>@basho_bench_keygen:sequential_int_generator:250 sequential_int_gen: <0.102.0>: 150000 (6%)
2015-11-05 20:32:15.734 [debug] <0.230.0>@basho_bench_keygen:sequential_int_generator:250 sequential_int_gen: <0.100.0>: 155000 (6%)
2015-11-05 20:32:15.846 [debug] <0.231.0>@basho_bench_keygen:sequential_int_generator:250 sequential_int_gen: <0.97.0>: 155000 (6%)
2015-11-05 20:32:16.026 [debug] <0.232.0>@basho_bench_keygen:sequential_int_generator:250 sequential_int_gen: <0.104.0>: 155000 (6%)
2015-11-05 20:32:16.151 [debug] <0.233.0>@basho_bench_keygen:sequential_int_generator:250 sequential_int_gen: <0.102.0>: 155000 (6%)
2015-11-05 20:32:18.650 [debug] <0.234.0>@basho_bench_keygen:sequential_int_generator:250 sequential_int_gen: <0.100.0>: 160000 (6%)
2015-11-05 20:32:18.693 [debug] <0.235.0>@basho_bench_keygen:sequential_int_generator:250 sequential_int_gen: <0.97.0>: 160000 (6%)
2015-11-05 20:32:18.868 [debug] <0.236.0>@basho_bench_keygen:sequential_int_generator:250 sequential_int_gen: <0.104.0>: 160000 (6%)
2015-11-05 20:32:19.077 [debug] <0.237.0>@basho_bench_keygen:sequential_int_generator:250 sequential_int_gen: <0.102.0>: 160000 (6%)
2015-11-05 20:32:21.496 [debug] <0.238.0>@basho_bench_keygen:sequential_int_generator:250 sequential_int_gen: <0.100.0>: 165000 (6%)
2015-11-05 20:32:21.540 [debug] <0.239.0>@basho_bench_keygen:sequential_int_generator:250 sequential_int_gen: <0.97.0>: 165000 (6%)
2015-11-05 20:32:21.713 [debug] <0.240.0>@basho_bench_keygen:sequential_int_generator:250 sequential_int_gen: <0.104.0>: 165000 (6%)
2015-11-05 20:32:21.933 [debug] <0.241.0>@basho_bench_keygen:sequential_int_generator:250 sequential_int_gen: <0.102.0>: 165000 (6%)
2015-11-05 20:32:24.356 [debug] <0.242.0>@basho_bench_keygen:sequential_int_generator:250 sequential_int_gen: <0.100.0>: 170000 (6%)
2015-11-05 20:32:24.393 [debug] <0.243.0>@basho_bench_keygen:sequential_int_generator:250 sequential_int_gen: <0.97.0>: 170000 (6%)
2015-11-05 20:32:24.572 [debug] <0.244.0>@basho_bench_keygen:sequential_int_generator:250 sequential_int_gen: <0.104.0>: 170000 (6%)
2015-11-05 20:32:24.785 [debug] <0.245.0>@basho_bench_keygen:sequential_int_generator:250 sequential_int_gen: <0.102.0>: 170000 (6%)
2015-11-05 20:32:27.202 [debug] <0.246.0>@basho_bench_keygen:sequential_int_generator:250 sequential_int_gen: <0.100.0>: 175000 (7%)
2015-11-05 20:32:27.245 [debug] <0.247.0>@basho_bench_keygen:sequential_int_generator:250 sequential_int_gen: <0.97.0>: 175000 (7%)
2015-11-05 20:32:27.424 [debug] <0.248.0>@basho_bench_keygen:sequential_int_generator:250 sequential_int_gen: <0.104.0>: 175000 (7%)
2015-11-05 20:32:27.640 [debug] <0.249.0>@basho_bench_keygen:sequential_int_generator:250 sequential_int_gen: <0.102.0>: 175000 (7%)
2015-11-05 20:32:30.076 [debug] <0.250.0>@basho_bench_keygen:sequential_int_generator:250 sequential_int_gen: <0.97.0>: 180000 (7%)
2015-11-05 20:32:30.105 [debug] <0.251.0>@basho_bench_keygen:sequential_int_generator:250 sequential_int_gen: <0.100.0>: 180000 (7%)
2015-11-05 20:32:30.216 [debug] <0.252.0>@basho_bench_keygen:sequential_int_generator:250 sequential_int_gen: <0.104.0>: 180000 (7%)
2015-11-05 20:32:30.422 [debug] <0.253.0>@basho_bench_keygen:sequential_int_generator:250 sequential_int_gen: <0.102.0>: 180000 (7%)
2015-11-05 20:32:32.868 [debug] <0.254.0>@basho_bench_keygen:sequential_int_generator:250 sequential_int_gen: <0.97.0>: 185000 (7%)
2015-11-05 20:32:32.884 [debug] <0.255.0>@basho_bench_keygen:sequential_int_generator:250 sequential_int_gen: <0.100.0>: 185000 (7%)
2015-11-05 20:32:33.005 [debug] <0.256.0>@basho_bench_keygen:sequential_int_generator:250 sequential_int_gen: <0.104.0>: 185000 (7%)
2015-11-05 20:32:33.210 [debug] <0.257.0>@basho_bench_keygen:sequential_int_generator:250 sequential_int_gen: <0.102.0>: 185000 (7%)
2015-11-05 20:32:35.669 [debug] <0.258.0>@basho_bench_keygen:sequential_int_generator:250 sequential_int_gen: <0.100.0>: 190000 (7%)
2015-11-05 20:32:35.669 [debug] <0.259.0>@basho_bench_keygen:sequential_int_generator:250 sequential_int_gen: <0.97.0>: 190000 (7%)
2015-11-05 20:32:35.794 [debug] <0.260.0>@basho_bench_keygen:sequential_int_generator:250 sequential_int_gen: <0.104.0>: 190000 (7%)
2015-11-05 20:32:36.001 [debug] <0.261.0>@basho_bench_keygen:sequential_int_generator:250 sequential_int_gen: <0.102.0>: 190000 (7%)
2015-11-05 20:32:38.452 [debug] <0.262.0>@basho_bench_keygen:sequential_int_generator:250 sequential_int_gen: <0.97.0>: 195000 (7%)
2015-11-05 20:32:38.579 [debug] <0.263.0>@basho_bench_keygen:sequential_int_generator:250 sequential_int_gen: <0.104.0>: 195000 (7%)
2015-11-05 20:32:38.604 [debug] <0.264.0>@basho_bench_keygen:sequential_int_generator:250 sequential_int_gen: <0.100.0>: 195000 (7%)
2015-11-05 20:32:38.787 [debug] <0.265.0>@basho_bench_keygen:sequential_int_generator:250 sequential_int_gen: <0.102.0>: 195000 (7%)
2015-11-05 20:32:41.308 [debug] <0.266.0>@basho_bench_keygen:sequential_int_generator:250 sequential_int_gen: <0.97.0>: 200000 (8%)
2015-11-05 20:32:41.423 [debug] <0.267.0>@basho_bench_keygen:sequential_int_generator:250 sequential_int_gen: <0.104.0>: 200000 (8%)
2015-11-05 20:32:41.448 [debug] <0.268.0>@basho_bench_keygen:sequential_int_generator:250 sequential_int_gen: <0.100.0>: 200000 (8%)
2015-11-05 20:32:41.634 [debug] <0.269.0>@basho_bench_keygen:sequential_int_generator:250 sequential_int_gen: <0.102.0>: 200000 (8%)
2015-11-05 20:32:44.162 [debug] <0.270.0>@basho_bench_keygen:sequential_int_generator:250 sequential_int_gen: <0.97.0>: 205000 (8%)
2015-11-05 20:32:44.269 [debug] <0.271.0>@basho_bench_keygen:sequential_int_generator:250 sequential_int_gen: <0.104.0>: 205000 (8%)
2015-11-05 20:32:44.295 [debug] <0.272.0>@basho_bench_keygen:sequential_int_generator:250 sequential_int_gen: <0.100.0>: 205000 (8%)
2015-11-05 20:32:44.478 [debug] <0.273.0>@basho_bench_keygen:sequential_int_generator:250 sequential_int_gen: <0.102.0>: 205000 (8%)
2015-11-05 20:32:47.000 [debug] <0.274.0>@basho_bench_keygen:sequential_int_generator:250 sequential_int_gen: <0.97.0>: 210000 (8%)
2015-11-05 20:32:47.098 [debug] <0.275.0>@basho_bench_keygen:sequential_int_generator:250 sequential_int_gen: <0.104.0>: 210000 (8%)
2015-11-05 20:32:47.131 [debug] <0.276.0>@basho_bench_keygen:sequential_int_generator:250 sequential_int_gen: <0.100.0>: 210000 (8%)
2015-11-05 20:32:47.307 [debug] <0.277.0>@basho_bench_keygen:sequential_int_generator:250 sequential_int_gen: <0.102.0>: 210000 (8%)
2015-11-05 20:32:49.832 [debug] <0.278.0>@basho_bench_keygen:sequential_int_generator:250 sequential_int_gen: <0.97.0>: 215000 (8%)
2015-11-05 20:32:49.903 [debug] <0.279.0>@basho_bench_keygen:sequential_int_generator:250 sequential_int_gen: <0.104.0>: 215000 (8%)
2015-11-05 20:32:50.065 [debug] <0.280.0>@basho_bench_keygen:sequential_int_generator:250 sequential_int_gen: <0.100.0>: 215000 (8%)
2015-11-05 20:32:50.087 [debug] <0.281.0>@basho_bench_keygen:sequential_int_generator:250 sequential_int_gen: <0.102.0>: 215000 (8%)
2015-11-05 20:32:52.600 [debug] <0.282.0>@basho_bench_keygen:sequential_int_generator:250 sequential_int_gen: <0.97.0>: 220000 (8%)
2015-11-05 20:32:52.703 [debug] <0.283.0>@basho_bench_keygen:sequential_int_generator:250 sequential_int_gen: <0.104.0>: 220000 (8%)
2015-11-05 20:32:52.870 [debug] <0.284.0>@basho_bench_keygen:sequential_int_generator:250 sequential_int_gen: <0.100.0>: 220000 (8%)
2015-11-05 20:32:52.871 [debug] <0.285.0>@basho_bench_keygen:sequential_int_generator:250 sequential_int_gen: <0.102.0>: 220000 (8%)
2015-11-05 20:32:55.393 [debug] <0.286.0>@basho_bench_keygen:sequential_int_generator:250 sequential_int_gen: <0.97.0>: 225000 (9%)
2015-11-05 20:32:55.497 [debug] <0.287.0>@basho_bench_keygen:sequential_int_generator:250 sequential_int_gen: <0.104.0>: 225000 (9%)
2015-11-05 20:32:55.671 [debug] <0.288.0>@basho_bench_keygen:sequential_int_generator:250 sequential_int_gen: <0.102.0>: 225000 (9%)
2015-11-05 20:32:55.674 [debug] <0.289.0>@basho_bench_keygen:sequential_int_generator:250 sequential_int_gen: <0.100.0>: 225000 (9%)
2015-11-05 20:32:58.191 [debug] <0.290.0>@basho_bench_keygen:sequential_int_generator:250 sequential_int_gen: <0.97.0>: 230000 (9%)
2015-11-05 20:32:58.296 [debug] <0.291.0>@basho_bench_keygen:sequential_int_generator:250 sequential_int_gen: <0.104.0>: 230000 (9%)
2015-11-05 20:32:58.462 [debug] <0.292.0>@basho_bench_keygen:sequential_int_generator:250 sequential_int_gen: <0.102.0>: 230000 (9%)
2015-11-05 20:32:58.468 [debug] <0.293.0>@basho_bench_keygen:sequential_int_generator:250 sequential_int_gen: <0.100.0>: 230000 (9%)
2015-11-05 20:33:01.129 [debug] <0.294.0>@basho_bench_keygen:sequential_int_generator:250 sequential_int_gen: <0.104.0>: 235000 (9%)
2015-11-05 20:33:01.168 [debug] <0.295.0>@basho_bench_keygen:sequential_int_generator:250 sequential_int_gen: <0.97.0>: 235000 (9%)
2015-11-05 20:33:01.305 [debug] <0.296.0>@basho_bench_keygen:sequential_int_generator:250 sequential_int_gen: <0.102.0>: 235000 (9%)
2015-11-05 20:33:01.308 [debug] <0.297.0>@basho_bench_keygen:sequential_int_generator:250 sequential_int_gen: <0.100.0>: 235000 (9%)
2015-11-05 20:33:03.967 [debug] <0.298.0>@basho_bench_keygen:sequential_int_generator:250 sequential_int_gen: <0.104.0>: 240000 (9%)
2015-11-05 20:33:04.010 [debug] <0.299.0>@basho_bench_keygen:sequential_int_generator:250 sequential_int_gen: <0.97.0>: 240000 (9%)
2015-11-05 20:33:04.144 [debug] <0.300.0>@basho_bench_keygen:sequential_int_generator:250 sequential_int_gen: <0.102.0>: 240000 (9%)
2015-11-05 20:33:04.145 [debug] <0.301.0>@basho_bench_keygen:sequential_int_generator:250 sequential_int_gen: <0.100.0>: 240000 (9%)
2015-11-05 20:33:06.780 [debug] <0.302.0>@basho_bench_keygen:sequential_int_generator:250 sequential_int_gen: <0.104.0>: 245000 (9%)
2015-11-05 20:33:06.831 [debug] <0.303.0>@basho_bench_keygen:sequential_int_generator:250 sequential_int_gen: <0.97.0>: 245000 (9%)
2015-11-05 20:33:06.963 [debug] <0.304.0>@basho_bench_keygen:sequential_int_generator:250 sequential_int_gen: <0.100.0>: 245000 (9%)
2015-11-05 20:33:06.963 [debug] <0.305.0>@basho_bench_keygen:sequential_int_generator:250 sequential_int_gen: <0.102.0>: 245000 (9%)
2015-11-05 20:33:09.588 [debug] <0.306.0>@basho_bench_keygen:sequential_int_generator:250 sequential_int_gen: <0.104.0>: 250000 (10%)
2015-11-05 20:33:09.761 [debug] <0.307.0>@basho_bench_keygen:sequential_int_generator:250 sequential_int_gen: <0.97.0>: 250000 (10%)
2015-11-05 20:33:09.768 [debug] <0.308.0>@basho_bench_keygen:sequential_int_generator:250 sequential_int_gen: <0.102.0>: 250000 (10%)
2015-11-05 20:33:09.816 [debug] <0.309.0>@basho_bench_keygen:sequential_int_generator:250 sequential_int_gen: <0.100.0>: 250000 (10%)
2015-11-05 20:33:12.385 [debug] <0.310.0>@basho_bench_keygen:sequential_int_generator:250 sequential_int_gen: <0.104.0>: 255000 (10%)
2015-11-05 20:33:12.565 [debug] <0.311.0>@basho_bench_keygen:sequential_int_generator:250 sequential_int_gen: <0.97.0>: 255000 (10%)
2015-11-05 20:33:12.567 [debug] <0.312.0>@basho_bench_keygen:sequential_int_generator:250 sequential_int_gen: <0.102.0>: 255000 (10%)
2015-11-05 20:33:12.616 [debug] <0.313.0>@basho_bench_keygen:sequential_int_generator:250 sequential_int_gen: <0.100.0>: 255000 (10%)
2015-11-05 20:33:15.193 [debug] <0.314.0>@basho_bench_keygen:sequential_int_generator:250 sequential_int_gen: <0.104.0>: 260000 (10%)
2015-11-05 20:33:15.369 [debug] <0.315.0>@basho_bench_keygen:sequential_int_generator:250 sequential_int_gen: <0.97.0>: 260000 (10%)
2015-11-05 20:33:15.374 [debug] <0.316.0>@basho_bench_keygen:sequential_int_generator:250 sequential_int_gen: <0.102.0>: 260000 (10%)
2015-11-05 20:33:15.427 [debug] <0.317.0>@basho_bench_keygen:sequential_int_generator:250 sequential_int_gen: <0.100.0>: 260000 (10%)
2015-11-05 20:33:18.009 [debug] <0.318.0>@basho_bench_keygen:sequential_int_generator:250 sequential_int_gen: <0.104.0>: 265000 (10%)
2015-11-05 20:33:18.187 [debug] <0.319.0>@basho_bench_keygen:sequential_int_generator:250 sequential_int_gen: <0.102.0>: 265000 (10%)
2015-11-05 20:33:18.188 [debug] <0.320.0>@basho_bench_keygen:sequential_int_generator:250 sequential_int_gen: <0.97.0>: 265000 (10%)
2015-11-05 20:33:18.240 [debug] <0.321.0>@basho_bench_keygen:sequential_int_generator:250 sequential_int_gen: <0.100.0>: 265000 (10%)
2015-11-05 20:33:20.798 [debug] <0.322.0>@basho_bench_keygen:sequential_int_generator:250 sequential_int_gen: <0.104.0>: 270000 (10%)
2015-11-05 20:33:20.977 [debug] <0.323.0>@basho_bench_keygen:sequential_int_generator:250 sequential_int_gen: <0.102.0>: 270000 (10%)
2015-11-05 20:33:21.032 [debug] <0.324.0>@basho_bench_keygen:sequential_int_generator:250 sequential_int_gen: <0.100.0>: 270000 (10%)
2015-11-05 20:33:21.134 [debug] <0.325.0>@basho_bench_keygen:sequential_int_generator:250 sequential_int_gen: <0.97.0>: 270000 (10%)
2015-11-05 20:33:23.600 [debug] <0.326.0>@basho_bench_keygen:sequential_int_generator:250 sequential_int_gen: <0.104.0>: 275000 (11%)
2015-11-05 20:33:23.794 [debug] <0.327.0>@basho_bench_keygen:sequential_int_generator:250 sequential_int_gen: <0.102.0>: 275000 (11%)
2015-11-05 20:33:23.850 [debug] <0.328.0>@basho_bench_keygen:sequential_int_generator:250 sequential_int_gen: <0.100.0>: 275000 (11%)
2015-11-05 20:33:23.961 [debug] <0.329.0>@basho_bench_keygen:sequential_int_generator:250 sequential_int_gen: <0.97.0>: 275000 (11%)
2015-11-05 20:33:26.423 [debug] <0.330.0>@basho_bench_keygen:sequential_int_generator:250 sequential_int_gen: <0.104.0>: 280000 (11%)
2015-11-05 20:33:26.589 [debug] <0.331.0>@basho_bench_keygen:sequential_int_generator:250 sequential_int_gen: <0.102.0>: 280000 (11%)
2015-11-05 20:33:26.655 [debug] <0.332.0>@basho_bench_keygen:sequential_int_generator:250 sequential_int_gen: <0.100.0>: 280000 (11%)
2015-11-05 20:33:26.769 [debug] <0.333.0>@basho_bench_keygen:sequential_int_generator:250 sequential_int_gen: <0.97.0>: 280000 (11%)
2015-11-05 20:33:29.220 [debug] <0.334.0>@basho_bench_keygen:sequential_int_generator:250 sequential_int_gen: <0.104.0>: 285000 (11%)
2015-11-05 20:33:29.385 [debug] <0.335.0>@basho_bench_keygen:sequential_int_generator:250 sequential_int_gen: <0.102.0>: 285000 (11%)
2015-11-05 20:33:29.451 [debug] <0.336.0>@basho_bench_keygen:sequential_int_generator:250 sequential_int_gen: <0.100.0>: 285000 (11%)
2015-11-05 20:33:29.741 [debug] <0.337.0>@basho_bench_keygen:sequential_int_generator:250 sequential_int_gen: <0.97.0>: 285000 (11%)
2015-11-05 20:33:32.024 [debug] <0.338.0>@basho_bench_keygen:sequential_int_generator:250 sequential_int_gen: <0.104.0>: 290000 (11%)
2015-11-05 20:33:32.204 [debug] <0.339.0>@basho_bench_keygen:sequential_int_generator:250 sequential_int_gen: <0.102.0>: 290000 (11%)
2015-11-05 20:33:32.256 [debug] <0.340.0>@basho_bench_keygen:sequential_int_generator:250 sequential_int_gen: <0.100.0>: 290000 (11%)
2015-11-05 20:33:32.540 [debug] <0.341.0>@basho_bench_keygen:sequential_int_generator:250 sequential_int_gen: <0.97.0>: 290000 (11%)
2015-11-05 20:33:34.824 [debug] <0.342.0>@basho_bench_keygen:sequential_int_generator:250 sequential_int_gen: <0.104.0>: 295000 (11%)
2015-11-05 20:33:35.006 [debug] <0.343.0>@basho_bench_keygen:sequential_int_generator:250 sequential_int_gen: <0.102.0>: 295000 (11%)
2015-11-05 20:33:35.058 [debug] <0.344.0>@basho_bench_keygen:sequential_int_generator:250 sequential_int_gen: <0.100.0>: 295000 (11%)
2015-11-05 20:33:35.336 [debug] <0.345.0>@basho_bench_keygen:sequential_int_generator:250 sequential_int_gen: <0.97.0>: 295000 (11%)
2015-11-05 20:33:37.622 [debug] <0.346.0>@basho_bench_keygen:sequential_int_generator:250 sequential_int_gen: <0.104.0>: 300000 (12%)
2015-11-05 20:33:37.805 [debug] <0.347.0>@basho_bench_keygen:sequential_int_generator:250 sequential_int_gen: <0.102.0>: 300000 (12%)
2015-11-05 20:33:37.868 [debug] <0.348.0>@basho_bench_keygen:sequential_int_generator:250 sequential_int_gen: <0.100.0>: 300000 (12%)
2015-11-05 20:33:38.140 [debug] <0.349.0>@basho_bench_keygen:sequential_int_generator:250 sequential_int_gen: <0.97.0>: 300000 (12%)
2015-11-05 20:33:40.439 [debug] <0.350.0>@basho_bench_keygen:sequential_int_generator:250 sequential_int_gen: <0.104.0>: 305000 (12%)
2015-11-05 20:33:40.658 [debug] <0.351.0>@basho_bench_keygen:sequential_int_generator:250 sequential_int_gen: <0.102.0>: 305000 (12%)
2015-11-05 20:33:40.687 [debug] <0.352.0>@basho_bench_keygen:sequential_int_generator:250 sequential_int_gen: <0.100.0>: 305000 (12%)
2015-11-05 20:33:41.071 [debug] <0.353.0>@basho_bench_keygen:sequential_int_generator:250 sequential_int_gen: <0.97.0>: 305000 (12%)
2015-11-05 20:33:43.267 [debug] <0.354.0>@basho_bench_keygen:sequential_int_generator:250 sequential_int_gen: <0.104.0>: 310000 (12%)
2015-11-05 20:33:43.483 [debug] <0.355.0>@basho_bench_keygen:sequential_int_generator:250 sequential_int_gen: <0.102.0>: 310000 (12%)
2015-11-05 20:33:43.521 [debug] <0.356.0>@basho_bench_keygen:sequential_int_generator:250 sequential_int_gen: <0.100.0>: 310000 (12%)
2015-11-05 20:33:43.913 [debug] <0.357.0>@basho_bench_keygen:sequential_int_generator:250 sequential_int_gen: <0.97.0>: 310000 (12%)
2015-11-05 20:33:46.115 [debug] <0.358.0>@basho_bench_keygen:sequential_int_generator:250 sequential_int_gen: <0.104.0>: 315000 (12%)
2015-11-05 20:33:46.321 [debug] <0.359.0>@basho_bench_keygen:sequential_int_generator:250 sequential_int_gen: <0.102.0>: 315000 (12%)
2015-11-05 20:33:46.356 [debug] <0.360.0>@basho_bench_keygen:sequential_int_generator:250 sequential_int_gen: <0.100.0>: 315000 (12%)
2015-11-05 20:33:46.736 [debug] <0.361.0>@basho_bench_keygen:sequential_int_generator:250 sequential_int_gen: <0.97.0>: 315000 (12%)
2015-11-05 20:33:48.937 [debug] <0.362.0>@basho_bench_keygen:sequential_int_generator:250 sequential_int_gen: <0.104.0>: 320000 (12%)
2015-11-05 20:33:49.207 [debug] <0.363.0>@basho_bench_keygen:sequential_int_generator:250 sequential_int_gen: <0.100.0>: 320000 (12%)
2015-11-05 20:33:49.222 [debug] <0.364.0>@basho_bench_keygen:sequential_int_generator:250 sequential_int_gen: <0.102.0>: 320000 (12%)
2015-11-05 20:33:49.555 [debug] <0.365.0>@basho_bench_keygen:sequential_int_generator:250 sequential_int_gen: <0.97.0>: 320000 (12%)
2015-11-05 20:33:51.741 [debug] <0.366.0>@basho_bench_keygen:sequential_int_generator:250 sequential_int_gen: <0.104.0>: 325000 (13%)
2015-11-05 20:33:52.021 [debug] <0.367.0>@basho_bench_keygen:sequential_int_generator:250 sequential_int_gen: <0.100.0>: 325000 (13%)
2015-11-05 20:33:52.022 [debug] <0.368.0>@basho_bench_keygen:sequential_int_generator:250 sequential_int_gen: <0.102.0>: 325000 (13%)
2015-11-05 20:33:52.366 [debug] <0.369.0>@basho_bench_keygen:sequential_int_generator:250 sequential_int_gen: <0.97.0>: 325000 (13%)
2015-11-05 20:33:54.558 [debug] <0.370.0>@basho_bench_keygen:sequential_int_generator:250 sequential_int_gen: <0.104.0>: 330000 (13%)
2015-11-05 20:33:54.788 [debug] <0.371.0>@basho_bench_keygen:sequential_int_generator:250 sequential_int_gen: <0.102.0>: 330000 (13%)
2015-11-05 20:33:54.820 [debug] <0.372.0>@basho_bench_keygen:sequential_int_generator:250 sequential_int_gen: <0.100.0>: 330000 (13%)
2015-11-05 20:33:55.165 [debug] <0.373.0>@basho_bench_keygen:sequential_int_generator:250 sequential_int_gen: <0.97.0>: 330000 (13%)
2015-11-05 20:33:57.357 [debug] <0.374.0>@basho_bench_keygen:sequential_int_generator:250 sequential_int_gen: <0.104.0>: 335000 (13%)
2015-11-05 20:33:57.584 [debug] <0.375.0>@basho_bench_keygen:sequential_int_generator:250 sequential_int_gen: <0.102.0>: 335000 (13%)
2015-11-05 20:33:57.622 [debug] <0.376.0>@basho_bench_keygen:sequential_int_generator:250 sequential_int_gen: <0.100.0>: 335000 (13%)
2015-11-05 20:33:57.967 [debug] <0.377.0>@basho_bench_keygen:sequential_int_generator:250 sequential_int_gen: <0.97.0>: 335000 (13%)
2015-11-05 20:34:00.152 [debug] <0.378.0>@basho_bench_keygen:sequential_int_generator:250 sequential_int_gen: <0.104.0>: 340000 (13%)
2015-11-05 20:34:00.416 [debug] <0.379.0>@basho_bench_keygen:sequential_int_generator:250 sequential_int_gen: <0.100.0>: 340000 (13%)
2015-11-05 20:34:00.528 [debug] <0.380.0>@basho_bench_keygen:sequential_int_generator:250 sequential_int_gen: <0.102.0>: 340000 (13%)
2015-11-05 20:34:00.765 [debug] <0.381.0>@basho_bench_keygen:sequential_int_generator:250 sequential_int_gen: <0.97.0>: 340000 (13%)
2015-11-05 20:34:02.937 [debug] <0.382.0>@basho_bench_keygen:sequential_int_generator:250 sequential_int_gen: <0.104.0>: 345000 (13%)
2015-11-05 20:34:03.205 [debug] <0.383.0>@basho_bench_keygen:sequential_int_generator:250 sequential_int_gen: <0.100.0>: 345000 (13%)
2015-11-05 20:34:03.313 [debug] <0.384.0>@basho_bench_keygen:sequential_int_generator:250 sequential_int_gen: <0.102.0>: 345000 (13%)
2015-11-05 20:34:03.566 [debug] <0.385.0>@basho_bench_keygen:sequential_int_generator:250 sequential_int_gen: <0.97.0>: 345000 (13%)
2015-11-05 20:34:05.753 [debug] <0.386.0>@basho_bench_keygen:sequential_int_generator:250 sequential_int_gen: <0.104.0>: 350000 (14%)
2015-11-05 20:34:06.026 [debug] <0.387.0>@basho_bench_keygen:sequential_int_generator:250 sequential_int_gen: <0.100.0>: 350000 (14%)
2015-11-05 20:34:06.127 [debug] <0.388.0>@basho_bench_keygen:sequential_int_generator:250 sequential_int_gen: <0.102.0>: 350000 (14%)
2015-11-05 20:34:06.391 [debug] <0.389.0>@basho_bench_keygen:sequential_int_generator:250 sequential_int_gen: <0.97.0>: 350000 (14%)
2015-11-05 20:34:08.604 [debug] <0.390.0>@basho_bench_keygen:sequential_int_generator:250 sequential_int_gen: <0.104.0>: 355000 (14%)
2015-11-05 20:34:08.860 [debug] <0.391.0>@basho_bench_keygen:sequential_int_generator:250 sequential_int_gen: <0.100.0>: 355000 (14%)
2015-11-05 20:34:09.026 [debug] <0.392.0>@basho_bench_keygen:sequential_int_generator:250 sequential_int_gen: <0.102.0>: 355000 (14%)
2015-11-05 20:34:09.269 [debug] <0.393.0>@basho_bench_keygen:sequential_int_generator:250 sequential_int_gen: <0.97.0>: 355000 (14%)
2015-11-05 20:34:11.397 [debug] <0.394.0>@basho_bench_keygen:sequential_int_generator:250 sequential_int_gen: <0.104.0>: 360000 (14%)
2015-11-05 20:34:11.676 [debug] <0.395.0>@basho_bench_keygen:sequential_int_generator:250 sequential_int_gen: <0.100.0>: 360000 (14%)
2015-11-05 20:34:11.822 [debug] <0.396.0>@basho_bench_keygen:sequential_int_generator:250 sequential_int_gen: <0.102.0>: 360000 (14%)
2015-11-05 20:34:12.074 [debug] <0.397.0>@basho_bench_keygen:sequential_int_generator:250 sequential_int_gen: <0.97.0>: 360000 (14%)
2015-11-05 20:34:14.196 [debug] <0.398.0>@basho_bench_keygen:sequential_int_generator:250 sequential_int_gen: <0.104.0>: 365000 (14%)
2015-11-05 20:34:14.484 [debug] <0.399.0>@basho_bench_keygen:sequential_int_generator:250 sequential_int_gen: <0.100.0>: 365000 (14%)
2015-11-05 20:34:14.620 [debug] <0.400.0>@basho_bench_keygen:sequential_int_generator:250 sequential_int_gen: <0.102.0>: 365000 (14%)
2015-11-05 20:34:14.881 [debug] <0.401.0>@basho_bench_keygen:sequential_int_generator:250 sequential_int_gen: <0.97.0>: 365000 (14%)
2015-11-05 20:34:17.066 [debug] <0.402.0>@basho_bench_keygen:sequential_int_generator:250 sequential_int_gen: <0.104.0>: 370000 (14%)
2015-11-05 20:34:17.344 [debug] <0.403.0>@basho_bench_keygen:sequential_int_generator:250 sequential_int_gen: <0.100.0>: 370000 (14%)
2015-11-05 20:34:17.474 [debug] <0.404.0>@basho_bench_keygen:sequential_int_generator:250 sequential_int_gen: <0.102.0>: 370000 (14%)
2015-11-05 20:34:17.756 [debug] <0.405.0>@basho_bench_keygen:sequential_int_generator:250 sequential_int_gen: <0.97.0>: 370000 (14%)
2015-11-05 20:34:19.875 [debug] <0.406.0>@basho_bench_keygen:sequential_int_generator:250 sequential_int_gen: <0.104.0>: 375000 (15%)
2015-11-05 20:34:20.157 [debug] <0.407.0>@basho_bench_keygen:sequential_int_generator:250 sequential_int_gen: <0.100.0>: 375000 (15%)
2015-11-05 20:34:20.365 [debug] <0.408.0>@basho_bench_keygen:sequential_int_generator:250 sequential_int_gen: <0.102.0>: 375000 (15%)
2015-11-05 20:34:20.633 [debug] <0.409.0>@basho_bench_keygen:sequential_int_generator:250 sequential_int_gen: <0.97.0>: 375000 (15%)
2015-11-05 20:34:22.705 [debug] <0.410.0>@basho_bench_keygen:sequential_int_generator:250 sequential_int_gen: <0.104.0>: 380000 (15%)
2015-11-05 20:34:22.987 [debug] <0.411.0>@basho_bench_keygen:sequential_int_generator:250 sequential_int_gen: <0.100.0>: 380000 (15%)
2015-11-05 20:34:23.192 [debug] <0.412.0>@basho_bench_keygen:sequential_int_generator:250 sequential_int_gen: <0.102.0>: 380000 (15%)
2015-11-05 20:34:23.464 [debug] <0.413.0>@basho_bench_keygen:sequential_int_generator:250 sequential_int_gen: <0.97.0>: 380000 (15%)
2015-11-05 20:34:25.524 [debug] <0.414.0>@basho_bench_keygen:sequential_int_generator:250 sequential_int_gen: <0.104.0>: 385000 (15%)
2015-11-05 20:34:25.811 [debug] <0.415.0>@basho_bench_keygen:sequential_int_generator:250 sequential_int_gen: <0.100.0>: 385000 (15%)
2015-11-05 20:34:26.025 [debug] <0.416.0>@basho_bench_keygen:sequential_int_generator:250 sequential_int_gen: <0.102.0>: 385000 (15%)
2015-11-05 20:34:26.303 [debug] <0.417.0>@basho_bench_keygen:sequential_int_generator:250 sequential_int_gen: <0.97.0>: 385000 (15%)
2015-11-05 20:34:28.344 [debug] <0.418.0>@basho_bench_keygen:sequential_int_generator:250 sequential_int_gen: <0.104.0>: 390000 (15%)
2015-11-05 20:34:28.670 [debug] <0.419.0>@basho_bench_keygen:sequential_int_generator:250 sequential_int_gen: <0.100.0>: 390000 (15%)
2015-11-05 20:34:28.933 [debug] <0.420.0>@basho_bench_keygen:sequential_int_generator:250 sequential_int_gen: <0.102.0>: 390000 (15%)
2015-11-05 20:34:29.118 [debug] <0.421.0>@basho_bench_keygen:sequential_int_generator:250 sequential_int_gen: <0.97.0>: 390000 (15%)
2015-11-05 20:34:31.159 [debug] <0.422.0>@basho_bench_keygen:sequential_int_generator:250 sequential_int_gen: <0.104.0>: 395000 (15%)
2015-11-05 20:34:31.486 [debug] <0.423.0>@basho_bench_keygen:sequential_int_generator:250 sequential_int_gen: <0.100.0>: 395000 (15%)
2015-11-05 20:34:31.752 [debug] <0.424.0>@basho_bench_keygen:sequential_int_generator:250 sequential_int_gen: <0.102.0>: 395000 (15%)
2015-11-05 20:34:31.942 [debug] <0.425.0>@basho_bench_keygen:sequential_int_generator:250 sequential_int_gen: <0.97.0>: 395000 (15%)
2015-11-05 20:34:33.978 [debug] <0.426.0>@basho_bench_keygen:sequential_int_generator:250 sequential_int_gen: <0.104.0>: 400000 (16%)
2015-11-05 20:34:34.304 [debug] <0.427.0>@basho_bench_keygen:sequential_int_generator:250 sequential_int_gen: <0.100.0>: 400000 (16%)
2015-11-05 20:34:34.569 [debug] <0.428.0>@basho_bench_keygen:sequential_int_generator:250 sequential_int_gen: <0.102.0>: 400000 (16%)
2015-11-05 20:34:34.767 [debug] <0.429.0>@basho_bench_keygen:sequential_int_generator:250 sequential_int_gen: <0.97.0>: 400000 (16%)
2015-11-05 20:34:36.795 [debug] <0.430.0>@basho_bench_keygen:sequential_int_generator:250 sequential_int_gen: <0.104.0>: 405000 (16%)
2015-11-05 20:34:37.122 [debug] <0.431.0>@basho_bench_keygen:sequential_int_generator:250 sequential_int_gen: <0.100.0>: 405000 (16%)
2015-11-05 20:34:37.391 [debug] <0.432.0>@basho_bench_keygen:sequential_int_generator:250 sequential_int_gen: <0.102.0>: 405000 (16%)
2015-11-05 20:34:37.578 [debug] <0.433.0>@basho_bench_keygen:sequential_int_generator:250 sequential_int_gen: <0.97.0>: 405000 (16%)
2015-11-05 20:34:39.604 [debug] <0.434.0>@basho_bench_keygen:sequential_int_generator:250 sequential_int_gen: <0.104.0>: 410000 (16%)
2015-11-05 20:34:40.046 [debug] <0.435.0>@basho_bench_keygen:sequential_int_generator:250 sequential_int_gen: <0.100.0>: 410000 (16%)
2015-11-05 20:34:40.195 [debug] <0.436.0>@basho_bench_keygen:sequential_int_generator:250 sequential_int_gen: <0.102.0>: 410000 (16%)
2015-11-05 20:34:40.454 [debug] <0.437.0>@basho_bench_keygen:sequential_int_generator:250 sequential_int_gen: <0.97.0>: 410000 (16%)
2015-11-05 20:34:42.431 [debug] <0.438.0>@basho_bench_keygen:sequential_int_generator:250 sequential_int_gen: <0.104.0>: 415000 (16%)
2015-11-05 20:34:42.871 [debug] <0.439.0>@basho_bench_keygen:sequential_int_generator:250 sequential_int_gen: <0.100.0>: 415000 (16%)
2015-11-05 20:34:43.019 [debug] <0.440.0>@basho_bench_keygen:sequential_int_generator:250 sequential_int_gen: <0.102.0>: 415000 (16%)
2015-11-05 20:34:43.278 [debug] <0.441.0>@basho_bench_keygen:sequential_int_generator:250 sequential_int_gen: <0.97.0>: 415000 (16%)
2015-11-05 20:34:45.275 [debug] <0.442.0>@basho_bench_keygen:sequential_int_generator:250 sequential_int_gen: <0.104.0>: 420000 (16%)
2015-11-05 20:34:45.718 [debug] <0.443.0>@basho_bench_keygen:sequential_int_generator:250 sequential_int_gen: <0.100.0>: 420000 (16%)
2015-11-05 20:34:45.866 [debug] <0.444.0>@basho_bench_keygen:sequential_int_generator:250 sequential_int_gen: <0.102.0>: 420000 (16%)
2015-11-05 20:34:46.125 [debug] <0.445.0>@basho_bench_keygen:sequential_int_generator:250 sequential_int_gen: <0.97.0>: 420000 (16%)
2015-11-05 20:34:48.099 [debug] <0.446.0>@basho_bench_keygen:sequential_int_generator:250 sequential_int_gen: <0.104.0>: 425000 (17%)
2015-11-05 20:34:48.529 [debug] <0.447.0>@basho_bench_keygen:sequential_int_generator:250 sequential_int_gen: <0.100.0>: 425000 (17%)
2015-11-05 20:34:48.705 [debug] <0.448.0>@basho_bench_keygen:sequential_int_generator:250 sequential_int_gen: <0.102.0>: 425000 (17%)
2015-11-05 20:34:49.055 [debug] <0.449.0>@basho_bench_keygen:sequential_int_generator:250 sequential_int_gen: <0.97.0>: 425000 (17%)
2015-11-05 20:34:50.958 [debug] <0.450.0>@basho_bench_keygen:sequential_int_generator:250 sequential_int_gen: <0.104.0>: 430000 (17%)
2015-11-05 20:34:51.375 [debug] <0.451.0>@basho_bench_keygen:sequential_int_generator:250 sequential_int_gen: <0.100.0>: 430000 (17%)
2015-11-05 20:34:51.555 [debug] <0.452.0>@basho_bench_keygen:sequential_int_generator:250 sequential_int_gen: <0.102.0>: 430000 (17%)
2015-11-05 20:34:51.908 [debug] <0.453.0>@basho_bench_keygen:sequential_int_generator:250 sequential_int_gen: <0.97.0>: 430000 (17%)
2015-11-05 20:34:53.799 [debug] <0.454.0>@basho_bench_keygen:sequential_int_generator:250 sequential_int_gen: <0.104.0>: 435000 (17%)
2015-11-05 20:34:54.211 [debug] <0.455.0>@basho_bench_keygen:sequential_int_generator:250 sequential_int_gen: <0.100.0>: 435000 (17%)
2015-11-05 20:34:54.386 [debug] <0.456.0>@basho_bench_keygen:sequential_int_generator:250 sequential_int_gen: <0.102.0>: 435000 (17%)
2015-11-05 20:34:54.739 [debug] <0.457.0>@basho_bench_keygen:sequential_int_generator:250 sequential_int_gen: <0.97.0>: 435000 (17%)
2015-11-05 20:34:56.645 [debug] <0.458.0>@basho_bench_keygen:sequential_int_generator:250 sequential_int_gen: <0.104.0>: 440000 (17%)
2015-11-05 20:34:57.054 [debug] <0.459.0>@basho_bench_keygen:sequential_int_generator:250 sequential_int_gen: <0.100.0>: 440000 (17%)
2015-11-05 20:34:57.238 [debug] <0.460.0>@basho_bench_keygen:sequential_int_generator:250 sequential_int_gen: <0.102.0>: 440000 (17%)
2015-11-05 20:34:57.568 [debug] <0.461.0>@basho_bench_keygen:sequential_int_generator:250 sequential_int_gen: <0.97.0>: 440000 (17%)
2015-11-05 20:34:59.540 [debug] <0.462.0>@basho_bench_keygen:sequential_int_generator:250 sequential_int_gen: <0.104.0>: 445000 (17%)
2015-11-05 20:34:59.855 [debug] <0.463.0>@basho_bench_keygen:sequential_int_generator:250 sequential_int_gen: <0.100.0>: 445000 (17%)
2015-11-05 20:35:00.063 [debug] <0.464.0>@basho_bench_keygen:sequential_int_generator:250 sequential_int_gen: <0.102.0>: 445000 (17%)
2015-11-05 20:35:00.489 [debug] <0.465.0>@basho_bench_keygen:sequential_int_generator:250 sequential_int_gen: <0.97.0>: 445000 (17%)
2015-11-05 20:35:02.370 [debug] <0.466.0>@basho_bench_keygen:sequential_int_generator:250 sequential_int_gen: <0.104.0>: 450000 (18%)
2015-11-05 20:35:02.695 [debug] <0.467.0>@basho_bench_keygen:sequential_int_generator:250 sequential_int_gen: <0.100.0>: 450000 (18%)
2015-11-05 20:35:02.889 [debug] <0.468.0>@basho_bench_keygen:sequential_int_generator:250 sequential_int_gen: <0.102.0>: 450000 (18%)
2015-11-05 20:35:03.316 [debug] <0.469.0>@basho_bench_keygen:sequential_int_generator:250 sequential_int_gen: <0.97.0>: 450000 (18%)
2015-11-05 20:35:05.214 [debug] <0.470.0>@basho_bench_keygen:sequential_int_generator:250 sequential_int_gen: <0.104.0>: 455000 (18%)
2015-11-05 20:35:05.541 [debug] <0.471.0>@basho_bench_keygen:sequential_int_generator:250 sequential_int_gen: <0.100.0>: 455000 (18%)
2015-11-05 20:35:05.775 [debug] <0.472.0>@basho_bench_keygen:sequential_int_generator:250 sequential_int_gen: <0.102.0>: 455000 (18%)
2015-11-05 20:35:06.186 [debug] <0.473.0>@basho_bench_keygen:sequential_int_generator:250 sequential_int_gen: <0.97.0>: 455000 (18%)
2015-11-05 20:35:08.067 [debug] <0.474.0>@basho_bench_keygen:sequential_int_generator:250 sequential_int_gen: <0.104.0>: 460000 (18%)
2015-11-05 20:35:08.425 [debug] <0.475.0>@basho_bench_keygen:sequential_int_generator:250 sequential_int_gen: <0.100.0>: 460000 (18%)
2015-11-05 20:35:08.669 [debug] <0.476.0>@basho_bench_keygen:sequential_int_generator:250 sequential_int_gen: <0.102.0>: 460000 (18%)
2015-11-05 20:35:09.084 [debug] <0.477.0>@basho_bench_keygen:sequential_int_generator:250 sequential_int_gen: <0.97.0>: 460000 (18%)
2015-11-05 20:35:10.858 [debug] <0.478.0>@basho_bench_keygen:sequential_int_generator:250 sequential_int_gen: <0.104.0>: 465000 (18%)
2015-11-05 20:35:11.224 [debug] <0.479.0>@basho_bench_keygen:sequential_int_generator:250 sequential_int_gen: <0.100.0>: 465000 (18%)
2015-11-05 20:35:11.460 [debug] <0.480.0>@basho_bench_keygen:sequential_int_generator:250 sequential_int_gen: <0.102.0>: 465000 (18%)
2015-11-05 20:35:11.890 [debug] <0.481.0>@basho_bench_keygen:sequential_int_generator:250 sequential_int_gen: <0.97.0>: 465000 (18%)
2015-11-05 20:35:13.672 [debug] <0.482.0>@basho_bench_keygen:sequential_int_generator:250 sequential_int_gen: <0.104.0>: 470000 (18%)
2015-11-05 20:35:14.028 [debug] <0.483.0>@basho_bench_keygen:sequential_int_generator:250 sequential_int_gen: <0.100.0>: 470000 (18%)
2015-11-05 20:35:14.263 [debug] <0.484.0>@basho_bench_keygen:sequential_int_generator:250 sequential_int_gen: <0.102.0>: 470000 (18%)
2015-11-05 20:35:14.698 [debug] <0.485.0>@basho_bench_keygen:sequential_int_generator:250 sequential_int_gen: <0.97.0>: 470000 (18%)
2015-11-05 20:35:16.490 [debug] <0.486.0>@basho_bench_keygen:sequential_int_generator:250 sequential_int_gen: <0.104.0>: 475000 (19%)
2015-11-05 20:35:16.834 [debug] <0.487.0>@basho_bench_keygen:sequential_int_generator:250 sequential_int_gen: <0.100.0>: 475000 (19%)
2015-11-05 20:35:17.078 [debug] <0.488.0>@basho_bench_keygen:sequential_int_generator:250 sequential_int_gen: <0.102.0>: 475000 (19%)
2015-11-05 20:35:17.510 [debug] <0.489.0>@basho_bench_keygen:sequential_int_generator:250 sequential_int_gen: <0.97.0>: 475000 (19%)
2015-11-05 20:35:19.302 [debug] <0.490.0>@basho_bench_keygen:sequential_int_generator:250 sequential_int_gen: <0.104.0>: 480000 (19%)
2015-11-05 20:35:19.697 [debug] <0.491.0>@basho_bench_keygen:sequential_int_generator:250 sequential_int_gen: <0.100.0>: 480000 (19%)
2015-11-05 20:35:19.884 [debug] <0.492.0>@basho_bench_keygen:sequential_int_generator:250 sequential_int_gen: <0.102.0>: 480000 (19%)
2015-11-05 20:35:20.435 [debug] <0.493.0>@basho_bench_keygen:sequential_int_generator:250 sequential_int_gen: <0.97.0>: 480000 (19%)
2015-11-05 20:35:22.142 [debug] <0.494.0>@basho_bench_keygen:sequential_int_generator:250 sequential_int_gen: <0.104.0>: 485000 (19%)
2015-11-05 20:35:22.543 [debug] <0.495.0>@basho_bench_keygen:sequential_int_generator:250 sequential_int_gen: <0.100.0>: 485000 (19%)
2015-11-05 20:35:22.732 [debug] <0.496.0>@basho_bench_keygen:sequential_int_generator:250 sequential_int_gen: <0.102.0>: 485000 (19%)
2015-11-05 20:35:23.282 [debug] <0.497.0>@basho_bench_keygen:sequential_int_generator:250 sequential_int_gen: <0.97.0>: 485000 (19%)
2015-11-05 20:35:24.998 [debug] <0.498.0>@basho_bench_keygen:sequential_int_generator:250 sequential_int_gen: <0.104.0>: 490000 (19%)
2015-11-05 20:35:25.390 [debug] <0.499.0>@basho_bench_keygen:sequential_int_generator:250 sequential_int_gen: <0.100.0>: 490000 (19%)
2015-11-05 20:35:25.575 [debug] <0.500.0>@basho_bench_keygen:sequential_int_generator:250 sequential_int_gen: <0.102.0>: 490000 (19%)
2015-11-05 20:35:26.138 [debug] <0.501.0>@basho_bench_keygen:sequential_int_generator:250 sequential_int_gen: <0.97.0>: 490000 (19%)
2015-11-05 20:35:27.846 [debug] <0.502.0>@basho_bench_keygen:sequential_int_generator:250 sequential_int_gen: <0.104.0>: 495000 (19%)
2015-11-05 20:35:28.341 [debug] <0.503.0>@basho_bench_keygen:sequential_int_generator:250 sequential_int_gen: <0.100.0>: 495000 (19%)
2015-11-05 20:35:28.444 [debug] <0.504.0>@basho_bench_keygen:sequential_int_generator:250 sequential_int_gen: <0.102.0>: 495000 (19%)
2015-11-05 20:35:29.002 [debug] <0.505.0>@basho_bench_keygen:sequential_int_generator:250 sequential_int_gen: <0.97.0>: 495000 (19%)
2015-11-05 20:35:30.671 [debug] <0.506.0>@basho_bench_keygen:sequential_int_generator:250 sequential_int_gen: <0.104.0>: 500000 (20%)
2015-11-05 20:35:31.175 [debug] <0.507.0>@basho_bench_keygen:sequential_int_generator:250 sequential_int_gen: <0.100.0>: 500000 (20%)
2015-11-05 20:35:31.285 [debug] <0.508.0>@basho_bench_keygen:sequential_int_generator:250 sequential_int_gen: <0.102.0>: 500000 (20%)
2015-11-05 20:35:31.843 [debug] <0.509.0>@basho_bench_keygen:sequential_int_generator:250 sequential_int_gen: <0.97.0>: 500000 (20%)
2015-11-05 20:35:33.516 [debug] <0.510.0>@basho_bench_keygen:sequential_int_generator:250 sequential_int_gen: <0.104.0>: 505000 (20%)
2015-11-05 20:35:34.023 [debug] <0.511.0>@basho_bench_keygen:sequential_int_generator:250 sequential_int_gen: <0.100.0>: 505000 (20%)
2015-11-05 20:35:34.133 [debug] <0.512.0>@basho_bench_keygen:sequential_int_generator:250 sequential_int_gen: <0.102.0>: 505000 (20%)
2015-11-05 20:35:34.695 [debug] <0.513.0>@basho_bench_keygen:sequential_int_generator:250 sequential_int_gen: <0.97.0>: 505000 (20%)
2015-11-05 20:35:36.376 [debug] <0.514.0>@basho_bench_keygen:sequential_int_generator:250 sequential_int_gen: <0.104.0>: 510000 (20%)
2015-11-05 20:35:36.882 [debug] <0.515.0>@basho_bench_keygen:sequential_int_generator:250 sequential_int_gen: <0.100.0>: 510000 (20%)
2015-11-05 20:35:36.988 [debug] <0.516.0>@basho_bench_keygen:sequential_int_generator:250 sequential_int_gen: <0.102.0>: 510000 (20%)
2015-11-05 20:35:37.544 [debug] <0.517.0>@basho_bench_keygen:sequential_int_generator:250 sequential_int_gen: <0.97.0>: 510000 (20%)
2015-11-05 20:35:39.202 [debug] <0.518.0>@basho_bench_keygen:sequential_int_generator:250 sequential_int_gen: <0.104.0>: 515000 (20%)
2015-11-05 20:35:39.770 [debug] <0.519.0>@basho_bench_keygen:sequential_int_generator:250 sequential_int_gen: <0.100.0>: 515000 (20%)
2015-11-05 20:35:39.834 [debug] <0.520.0>@basho_bench_keygen:sequential_int_generator:250 sequential_int_gen: <0.102.0>: 515000 (20%)
2015-11-05 20:35:40.426 [debug] <0.521.0>@basho_bench_keygen:sequential_int_generator:250 sequential_int_gen: <0.97.0>: 515000 (20%)
2015-11-05 20:35:42.041 [debug] <0.522.0>@basho_bench_keygen:sequential_int_generator:250 sequential_int_gen: <0.104.0>: 520000 (20%)
2015-11-05 20:35:42.605 [debug] <0.523.0>@basho_bench_keygen:sequential_int_generator:250 sequential_int_gen: <0.100.0>: 520000 (20%)
2015-11-05 20:35:42.673 [debug] <0.524.0>@basho_bench_keygen:sequential_int_generator:250 sequential_int_gen: <0.102.0>: 520000 (20%)
2015-11-05 20:35:43.266 [debug] <0.525.0>@basho_bench_keygen:sequential_int_generator:250 sequential_int_gen: <0.97.0>: 520000 (20%)
2015-11-05 20:35:44.877 [debug] <0.526.0>@basho_bench_keygen:sequential_int_generator:250 sequential_int_gen: <0.104.0>: 525000 (21%)
2015-11-05 20:35:45.445 [debug] <0.527.0>@basho_bench_keygen:sequential_int_generator:250 sequential_int_gen: <0.100.0>: 525000 (21%)
2015-11-05 20:35:45.512 [debug] <0.528.0>@basho_bench_keygen:sequential_int_generator:250 sequential_int_gen: <0.102.0>: 525000 (21%)
2015-11-05 20:35:46.104 [debug] <0.529.0>@basho_bench_keygen:sequential_int_generator:250 sequential_int_gen: <0.97.0>: 525000 (21%)
2015-11-05 20:35:47.727 [debug] <0.530.0>@basho_bench_keygen:sequential_int_generator:250 sequential_int_gen: <0.104.0>: 530000 (21%)
2015-11-05 20:35:48.274 [debug] <0.531.0>@basho_bench_keygen:sequential_int_generator:250 sequential_int_gen: <0.100.0>: 530000 (21%)
2015-11-05 20:35:48.334 [debug] <0.532.0>@basho_bench_keygen:sequential_int_generator:250 sequential_int_gen: <0.102.0>: 530000 (21%)
2015-11-05 20:35:48.967 [debug] <0.533.0>@basho_bench_keygen:sequential_int_generator:250 sequential_int_gen: <0.97.0>: 530000 (21%)
2015-11-05 20:35:49.469 [info] <0.86.0>@basho_bench_stats:report_total_errors:285 No Errors.
